TN:
SF:lib\server\app-check.ts
FN:9,verifyAppCheck
FNF:1
FNH:0
FNDA:0,verifyAppCheck
DA:1,0
DA:2,0
DA:3,0
DA:9,0
DA:10,0
DA:11,0
DA:14,0
DA:15,0
DA:16,0
DA:19,0
DA:20,0
DA:21,0
DA:30,0
DA:31,0
DA:32,0
DA:34,0
DA:35,0
LF:17
LH:0
BRDA:14,0,0,0
BRDA:19,1,0,0
BRF:2
BRH:0
end_of_record
TN:
SF:lib\server\auth-guard.ts
FN:26,verifyRequest
FN:60,unauthorizedResponse
FN:70,verifyAdminRequest
FNF:3
FNH:0
FNDA:0,verifyRequest
FNDA:0,unauthorizedResponse
FNDA:0,verifyAdminRequest
DA:6,0
DA:8,0
DA:9,0
DA:11,0
DA:26,0
DA:28,0
DA:29,0
DA:30,0
DA:31,0
DA:32,0
DA:33,0
DA:41,0
DA:46,0
DA:47,0
DA:48,0
DA:54,0
DA:60,0
DA:61,0
DA:70,0
DA:71,0
DA:72,0
DA:74,0
DA:75,0
DA:76,0
DA:77,0
DA:78,0
DA:81,0
DA:82,0
DA:85,0
LF:29
LH:0
BRDA:11,0,0,0
BRDA:11,0,1,0
BRDA:29,1,0,0
BRDA:41,2,0,0
BRDA:41,2,1,0
BRDA:47,3,0,0
BRDA:47,4,0,0
BRDA:47,4,1,0
BRDA:60,5,0,0
BRDA:72,6,0,0
BRDA:72,7,0,0
BRDA:72,7,1,0
BRDA:77,8,0,0
BRDA:77,9,0,0
BRDA:77,9,1,0
BRDA:81,10,0,0
BRDA:81,10,1,0
BRF:17
BRH:0
end_of_record
TN:
SF:lib\server\cors.ts
FN:37,applyCors
FN:55,(anonymous_1)
FN:64,isPreflightRequest
FNF:3
FNH:0
FNDA:0,applyCors
FNDA:0,(anonymous_1)
FNDA:0,isPreflightRequest
DA:5,0
DA:7,0
DA:9,0
DA:21,0
DA:26,0
DA:27,0
DA:34,0
DA:35,0
DA:37,0
DA:38,0
DA:39,0
DA:42,0
DA:49,0
DA:50,0
DA:51,0
DA:54,0
DA:55,0
DA:56,0
DA:58,0
DA:61,0
DA:64,0
DA:65,0
LF:22
LH:0
BRDA:10,0,0,0
BRDA:10,0,1,0
BRDA:38,1,0,0
BRDA:38,1,1,0
BRDA:39,2,0,0
BRDA:39,2,1,0
BRDA:49,3,0,0
BRDA:54,4,0,0
BRF:8
BRH:0
end_of_record
TN:
SF:lib\server\env-config.ts
FN:72,validatePublicEnv
FN:84,validateServerEnv
FN:125,getValidationErrors
FN:129,isPropertyFinderConfigured
FN:135,isTwilioConfigured
FN:140,isGoogleSheetsConfigured
FNF:6
FNH:0
FNDA:0,validatePublicEnv
FNDA:0,validateServerEnv
FNDA:0,getValidationErrors
FNDA:0,isPropertyFinderConfigured
FNDA:0,isTwilioConfigured
FNDA:0,isGoogleSheetsConfigured
DA:5,0
DA:7,0
DA:10,0
DA:21,0
DA:68,0
DA:69,0
DA:70,0
DA:72,0
DA:73,0
DA:74,0
DA:75,0
DA:76,0
DA:77,0
DA:78,0
DA:80,0
DA:81,0
DA:84,0
DA:85,0
DA:86,0
DA:87,0
DA:88,0
DA:92,0
DA:93,0
DA:120,0
DA:122,0
DA:125,0
DA:126,0
DA:129,0
DA:130,0
DA:131,0
DA:135,0
DA:136,0
DA:137,0
DA:140,0
DA:141,0
DA:142,0
LF:36
LH:0
BRDA:73,0,0,0
BRDA:75,1,0,0
BRDA:85,2,0,0
BRDA:87,3,0,0
BRDA:87,3,1,0
BRDA:94,4,0,0
BRDA:94,4,1,0
BRDA:99,5,0,0
BRDA:99,5,1,0
BRDA:131,6,0,0
BRDA:131,6,1,0
BRDA:131,7,0,0
BRDA:131,7,1,0
BRDA:132,8,0,0
BRDA:132,8,1,0
BRDA:137,9,0,0
BRDA:137,9,1,0
BRDA:142,10,0,0
BRDA:142,10,1,0
BRF:19
BRH:0
end_of_record
TN:
SF:lib\server\firebase-admin.ts
FN:25,(anonymous_9)
FN:29,(anonymous_10)
FN:32,(anonymous_11)
FNF:3
FNH:0
FNDA:0,(anonymous_9)
FNDA:0,(anonymous_10)
FNDA:0,(anonymous_11)
DA:15,0
DA:16,0
DA:17,0
DA:19,0
DA:25,0
DA:26,0
DA:30,0
DA:31,0
DA:32,0
DA:33,0
DA:35,0
DA:36,0
DA:42,0
DA:43,0
DA:44,0
DA:45,0
DA:46,0
DA:47,0
DA:49,0
DA:50,0
DA:52,0
DA:59,0
DA:60,0
DA:67,0
DA:68,0
DA:69,0
DA:70,0
DA:71,0
DA:72,0
DA:74,0
DA:76,0
DA:83,0
DA:84,0
DA:85,0
DA:86,0
DA:87,0
DA:88,0
LF:37
LH:0
BRDA:30,0,0,0
BRDA:31,1,0,0
BRDA:50,2,0,0
BRDA:52,3,0,0
BRDA:52,3,1,0
BRDA:62,4,0,0
BRDA:62,4,1,0
BRDA:77,5,0,0
BRDA:77,5,1,0
BRF:9
BRH:0
end_of_record
TN:
SF:lib\server\google-ai.ts
FN:34,(anonymous_0)
FN:57,(anonymous_1)
FN:81,(anonymous_2)
FN:95,(anonymous_3)
FN:105,(anonymous_4)
FN:121,(anonymous_5)
FN:130,(anonymous_6)
FNF:7
FNH:0
FNDA:0,(anonymous_0)
FNDA:0,(anonymous_1)
FNDA:0,(anonymous_2)
FNDA:0,(anonymous_3)
FNDA:0,(anonymous_4)
FNDA:0,(anonymous_5)
FNDA:0,(anonymous_6)
DA:1,0
DA:2,0
DA:3,0
DA:10,0
DA:11,0
DA:29,0
DA:40,0
DA:41,0
DA:45,0
DA:47,0
DA:48,0
DA:57,0
DA:58,0
DA:60,0
DA:61,0
DA:62,0
DA:64,0
DA:67,0
DA:70,0
DA:71,0
DA:72,0
DA:74,0
DA:95,0
DA:96,0
DA:98,0
DA:99,0
DA:104,0
DA:105,0
DA:115,0
DA:116,0
DA:117,0
DA:118,0
DA:121,0
DA:123,0
DA:130,0
DA:143,0
DA:144,0
DA:145,0
DA:147,0
LF:39
LH:0
BRDA:10,0,0,0
BRDA:10,0,1,0
BRDA:38,1,0,0
BRDA:40,2,0,0
BRDA:45,3,0,0
BRDA:45,3,1,0
BRDA:51,4,0,0
BRDA:51,4,1,0
BRDA:52,5,0,0
BRDA:52,5,1,0
BRDA:70,6,0,0
BRDA:70,7,0,0
BRDA:70,7,1,0
BRDA:85,8,0,0
BRDA:96,9,0,0
BRDA:96,9,1,0
BRDA:101,10,0,0
BRDA:101,10,1,0
BRDA:106,11,0,0
BRDA:106,11,1,0
BRDA:110,12,0,0
BRDA:110,12,1,0
BRDA:111,13,0,0
BRDA:111,13,1,0
BRDA:144,14,0,0
BRDA:144,15,0,0
BRDA:144,15,1,0
BRF:27
BRH:0
end_of_record
TN:
SF:lib\server\gravity.ts
FN:26,(anonymous_0)
FN:37,(anonymous_1)
FN:45,(anonymous_2)
FNF:3
FNH:0
FNDA:0,(anonymous_0)
FNDA:0,(anonymous_1)
FNDA:0,(anonymous_2)
DA:1,0
DA:21,0
DA:27,0
DA:31,0
DA:39,0
DA:46,0
LF:6
LH:0
BRDA:45,0,0,0
BRF:1
BRH:0
end_of_record
TN:
SF:lib\server\logger.ts
FN:51,(anonymous_1)
FN:61,createLogger
FNF:2
FNH:0
FNDA:0,(anonymous_1)
FNDA:0,createLogger
DA:14,0
DA:16,0
DA:18,0
DA:20,0
DA:27,0
DA:52,0
DA:61,0
DA:62,0
DA:65,0
LF:9
LH:0
BRDA:20,0,0,0
BRDA:20,0,1,0
BRDA:28,1,0,0
BRDA:28,1,1,0
BRDA:28,2,0,0
BRDA:28,2,1,0
BRDA:30,3,0,0
BRDA:30,3,1,0
BRF:8
BRH:0
end_of_record
TN:
SF:lib\server\openclaw.ts
FN:9,(anonymous_0)
FN:11,getOpenClawGatewayConfig
FNF:2
FNH:0
FNDA:0,(anonymous_0)
FNDA:0,getOpenClawGatewayConfig
DA:1,0
DA:9,0
DA:11,0
DA:12,0
DA:13,0
DA:15,0
LF:6
LH:0
BRDA:9,0,0,0
BRDA:9,0,1,0
BRDA:13,1,0,0
BRDA:13,1,1,0
BRDA:18,2,0,0
BRDA:18,2,1,0
BRF:6
BRH:0
end_of_record
TN:
SF:lib\server\pf-sync-engine.ts
FN:73,computeSyncHash
FN:81,sleep
FN:82,(anonymous_11)
FN:89,mapPFTypeToLocal
FN:135,mapFurnishingToFinishing
FN:150,parseBedrooms
FN:159,parseBathrooms
FN:169,extractPrice
FN:194,mapListingToUnit
FN:200,(anonymous_18)
FN:206,(anonymous_19)
FN:273,mapLeadToStakeholder
FN:274,(anonymous_21)
FN:275,(anonymous_22)
FN:324,(anonymous_23)
FN:337,(anonymous_24)
FN:386,(anonymous_25)
FN:437,(anonymous_26)
FN:497,(anonymous_27)
FN:586,(anonymous_28)
FN:701,(anonymous_29)
FN:740,(anonymous_30)
FN:773,runPFSync
FNF:23
FNH:0
FNDA:0,computeSyncHash
FNDA:0,sleep
FNDA:0,(anonymous_11)
FNDA:0,mapPFTypeToLocal
FNDA:0,mapFurnishingToFinishing
FNDA:0,parseBedrooms
FNDA:0,parseBathrooms
FNDA:0,extractPrice
FNDA:0,mapListingToUnit
FNDA:0,(anonymous_18)
FNDA:0,(anonymous_19)
FNDA:0,mapLeadToStakeholder
FNDA:0,(anonymous_21)
FNDA:0,(anonymous_22)
FNDA:0,(anonymous_23)
FNDA:0,(anonymous_24)
FNDA:0,(anonymous_25)
FNDA:0,(anonymous_26)
FNDA:0,(anonymous_27)
FNDA:0,(anonymous_28)
FNDA:0,(anonymous_29)
FNDA:0,(anonymous_30)
FNDA:0,runPFSync
DA:20,0
DA:22,0
DA:23,0
DA:24,0
DA:26,0
DA:27,0
DA:28,0
DA:30,0
DA:74,0
DA:82,0
DA:90,0
DA:126,0
DA:138,0
DA:143,0
DA:151,0
DA:152,0
DA:160,0
DA:161,0
DA:170,0
DA:171,0
DA:173,0
DA:174,0
DA:178,0
DA:179,0
DA:180,0
DA:195,0
DA:196,0
DA:197,0
DA:198,0
DA:199,0
DA:200,0
DA:201,0
DA:205,0
DA:206,0
DA:207,0
DA:208,0
DA:210,0
DA:274,0
DA:275,0
DA:277,0
DA:322,0
DA:341,0
DA:342,0
DA:343,0
DA:345,0
DA:346,0
DA:351,0
DA:352,0
DA:354,0
DA:355,0
DA:357,0
DA:363,0
DA:365,0
DA:368,0
DA:369,0
DA:373,0
DA:390,0
DA:391,0
DA:392,0
DA:394,0
DA:395,0
DA:400,0
DA:401,0
DA:403,0
DA:404,0
DA:406,0
DA:411,0
DA:413,0
DA:415,0
DA:416,0
DA:420,0
DA:441,0
DA:442,0
DA:443,0
DA:444,0
DA:446,0
DA:448,0
DA:449,0
DA:452,0
DA:454,0
DA:456,0
DA:462,0
DA:466,0
DA:467,0
DA:472,0
DA:473,0
DA:474,0
DA:475,0
DA:476,0
DA:479,0
DA:481,0
DA:482,0
DA:501,0
DA:502,0
DA:503,0
DA:506,0
DA:507,0
DA:510,0
DA:511,0
DA:512,0
DA:515,0
DA:517,0
DA:519,0
DA:523,0
DA:529,0
DA:533,0
DA:539,0
DA:542,0
DA:543,0
DA:544,0
DA:547,0
DA:548,0
DA:552,0
DA:553,0
DA:587,0
DA:588,0
DA:589,0
DA:590,0
DA:591,0
DA:593,0
DA:604,0
DA:606,0
DA:607,0
DA:608,0
DA:610,0
DA:612,0
DA:613,0
DA:614,0
DA:615,0
DA:617,0
DA:619,0
DA:620,0
DA:622,0
DA:623,0
DA:625,0
DA:626,0
DA:629,0
DA:630,0
DA:631,0
DA:635,0
DA:636,0
DA:637,0
DA:641,0
DA:642,0
DA:644,0
DA:645,0
DA:646,0
DA:648,0
DA:649,0
DA:650,0
DA:651,0
DA:652,0
DA:653,0
DA:656,0
DA:657,0
DA:658,0
DA:662,0
DA:663,0
DA:664,0
DA:669,0
DA:671,0
DA:679,0
DA:680,0
DA:681,0
DA:688,0
DA:692,0
DA:704,0
DA:705,0
DA:706,0
DA:708,0
DA:709,0
DA:711,0
DA:712,0
DA:714,0
DA:715,0
DA:716,0
DA:717,0
DA:718,0
DA:721,0
DA:722,0
DA:726,0
DA:727,0
DA:730,0
DA:741,0
DA:743,0
DA:748,0
DA:749,0
DA:750,0
DA:753,0
DA:754,0
DA:756,0
DA:757,0
DA:773,0
DA:774,0
LF:194
LH:0
BRDA:126,0,0,0
BRDA:126,0,1,0
BRDA:126,1,0,0
BRDA:126,1,1,0
BRDA:143,2,0,0
BRDA:143,2,1,0
BRDA:143,3,0,0
BRDA:143,3,1,0
BRDA:151,4,0,0
BRDA:151,5,0,0
BRDA:151,5,1,0
BRDA:151,5,2,0
BRDA:152,6,0,0
BRDA:152,6,1,0
BRDA:160,7,0,0
BRDA:160,8,0,0
BRDA:160,8,1,0
BRDA:160,8,2,0
BRDA:161,9,0,0
BRDA:161,9,1,0
BRDA:171,10,0,0
BRDA:173,11,0,0
BRDA:174,12,0,0
BRDA:174,12,1,0
BRDA:178,13,0,0
BRDA:179,14,0,0
BRDA:195,15,0,0
BRDA:195,15,1,0
BRDA:200,16,0,0
BRDA:200,16,1,0
BRDA:201,17,0,0
BRDA:201,17,1,0
BRDA:205,18,0,0
BRDA:205,18,1,0
BRDA:205,18,2,0
BRDA:207,19,0,0
BRDA:207,19,1,0
BRDA:207,19,2,0
BRDA:208,20,0,0
BRDA:208,20,1,0
BRDA:212,21,0,0
BRDA:212,21,1,0
BRDA:213,22,0,0
BRDA:213,22,1,0
BRDA:219,23,0,0
BRDA:219,23,1,0
BRDA:220,24,0,0
BRDA:220,24,1,0
BRDA:227,25,0,0
BRDA:227,25,1,0
BRDA:228,26,0,0
BRDA:228,26,1,0
BRDA:229,27,0,0
BRDA:229,27,1,0
BRDA:231,28,0,0
BRDA:231,28,1,0
BRDA:235,29,0,0
BRDA:235,29,1,0
BRDA:235,30,0,0
BRDA:235,30,1,0
BRDA:239,31,0,0
BRDA:239,31,1,0
BRDA:240,32,0,0
BRDA:240,32,1,0
BRDA:258,33,0,0
BRDA:258,33,1,0
BRDA:259,34,0,0
BRDA:259,34,1,0
BRDA:262,35,0,0
BRDA:262,35,1,0
BRDA:262,36,0,0
BRDA:262,36,1,0
BRDA:263,37,0,0
BRDA:263,37,1,0
BRDA:274,38,0,0
BRDA:274,38,1,0
BRDA:275,39,0,0
BRDA:275,39,1,0
BRDA:279,40,0,0
BRDA:279,40,1,0
BRDA:338,41,0,0
BRDA:339,42,0,0
BRDA:351,43,0,0
BRDA:351,43,1,0
BRDA:352,44,0,0
BRDA:352,44,1,0
BRDA:355,45,0,0
BRDA:355,45,1,0
BRDA:363,46,0,0
BRDA:368,47,0,0
BRDA:387,48,0,0
BRDA:388,49,0,0
BRDA:400,50,0,0
BRDA:400,50,1,0
BRDA:401,51,0,0
BRDA:401,51,1,0
BRDA:404,52,0,0
BRDA:404,52,1,0
BRDA:411,53,0,0
BRDA:415,54,0,0
BRDA:439,55,0,0
BRDA:441,56,0,0
BRDA:441,56,1,0
BRDA:446,57,0,0
BRDA:449,58,0,0
BRDA:449,58,1,0
BRDA:454,59,0,0
BRDA:467,60,0,0
BRDA:467,60,1,0
BRDA:474,61,0,0
BRDA:474,62,0,0
BRDA:474,62,1,0
BRDA:475,63,0,0
BRDA:499,64,0,0
BRDA:506,65,0,0
BRDA:506,66,0,0
BRDA:506,66,1,0
BRDA:510,67,0,0
BRDA:512,68,0,0
BRDA:512,68,1,0
BRDA:517,69,0,0
BRDA:519,70,0,0
BRDA:519,70,1,0
BRDA:525,71,0,0
BRDA:525,71,1,0
BRDA:539,72,0,0
BRDA:539,72,1,0
BRDA:542,73,0,0
BRDA:544,74,0,0
BRDA:544,74,1,0
BRDA:547,75,0,0
BRDA:586,76,0,0
BRDA:588,77,0,0
BRDA:588,77,1,0
BRDA:589,78,0,0
BRDA:589,78,1,0
BRDA:590,79,0,0
BRDA:590,79,1,0
BRDA:591,80,0,0
BRDA:591,80,1,0
BRDA:613,81,0,0
BRDA:613,81,1,0
BRDA:617,82,0,0
BRDA:617,82,1,0
BRDA:617,82,2,0
BRDA:629,83,0,0
BRDA:629,83,1,0
BRDA:635,84,0,0
BRDA:635,84,1,0
BRDA:641,85,0,0
BRDA:652,86,0,0
BRDA:652,87,0,0
BRDA:652,87,1,0
BRDA:656,88,0,0
BRDA:656,88,1,0
BRDA:662,89,0,0
BRDA:662,89,1,0
BRDA:679,90,0,0
BRDA:688,91,0,0
BRDA:688,91,1,0
BRDA:702,92,0,0
BRDA:704,93,0,0
BRDA:704,93,1,0
BRDA:705,94,0,0
BRDA:705,94,1,0
BRDA:706,95,0,0
BRDA:706,95,1,0
BRDA:717,96,0,0
BRDA:717,97,0,0
BRDA:717,97,1,0
BRDA:721,98,0,0
BRDA:721,98,1,0
BRDA:726,99,0,0
BRDA:726,99,1,0
BRDA:748,100,0,0
BRDA:748,100,1,0
BRDA:749,101,0,0
BRDA:756,102,0,0
BRDA:756,102,1,0
BRF:179
BRH:0
end_of_record
TN:
SF:lib\server\rate-limit.ts
FN:55,cleanupExpiredEntries
FN:72,getUpstashRatelimit
FN:91,(anonymous_11)
FN:92,(anonymous_12)
FN:109,getRateLimitKey
FN:117,createRateLimiter
FN:118,memoryLimiter
FN:144,upstashLimiter
FN:187,applyRateLimit
FN:194,applyRateLimitAsync
FNF:10
FNH:0
FNDA:0,cleanupExpiredEntries
FNDA:0,getUpstashRatelimit
FNDA:0,(anonymous_11)
FNDA:0,(anonymous_12)
FNDA:0,getRateLimitKey
FNDA:0,createRateLimiter
FNDA:0,memoryLimiter
FNDA:0,upstashLimiter
FNDA:0,applyRateLimit
FNDA:0,applyRateLimitAsync
DA:33,0
DA:35,0
DA:49,0
DA:52,0
DA:53,0
DA:56,0
DA:57,0
DA:58,0
DA:59,0
DA:60,0
DA:61,0
DA:66,0
DA:69,0
DA:70,0
DA:73,0
DA:74,0
DA:76,0
DA:77,0
DA:79,0
DA:80,0
DA:81,0
DA:85,0
DA:87,0
DA:90,0
DA:91,0
DA:92,0
DA:93,0
DA:94,0
DA:100,0
DA:102,0
DA:104,0
DA:109,0
DA:110,0
DA:111,0
DA:114,0
DA:117,0
DA:119,0
DA:120,0
DA:121,0
DA:123,0
DA:124,0
DA:125,0
DA:126,0
DA:128,0
DA:130,0
DA:131,0
DA:141,0
DA:145,0
DA:146,0
DA:148,0
DA:149,0
DA:150,0
DA:152,0
DA:153,0
DA:154,0
DA:166,0
DA:169,0
DA:175,0
DA:181,0
DA:187,0
DA:191,0
DA:194,0
DA:198,0
LF:63
LH:0
BRDA:57,0,0,0
BRDA:60,1,0,0
BRDA:73,2,0,0
BRDA:79,3,0,0
BRDA:79,4,0,0
BRDA:79,4,1,0
BRDA:80,5,0,0
BRDA:111,6,0,0
BRDA:111,6,1,0
BRDA:113,7,0,0
BRDA:113,7,1,0
BRDA:124,8,0,0
BRDA:124,9,0,0
BRDA:124,9,1,0
BRDA:130,10,0,0
BRDA:146,11,0,0
BRDA:149,12,0,0
BRDA:149,12,1,0
BRDA:152,13,0,0
BRF:19
BRH:0
end_of_record
TN:
SF:lib\server\twilio-client.ts
FN:143,getTodayCairo
FN:150,getCurrentHourCairo
FN:162,nowAsTimestamp
FN:170,nextOpWindowTimestamp
FN:185,(anonymous_5)
FN:185,(anonymous_6)
FN:207,isWithinOperatingHours
FN:222,callTwilioMessagesAPI
FN:270,getSenderStat
FN:302,incrementSenderStat
FN:336,selectSenderNumber
FN:341,(anonymous_12)
FN:348,(anonymous_13)
FN:354,(anonymous_14)
FN:393,sendWhatsAppMessage
FN:498,queueMessage
FN:568,drainOutboundQueue
FN:719,verifyTwilioSignature
FN:735,(anonymous_19)
FN:792,updateMessageStatus
FN:846,logMessage
FN:870,sendTwilioWhatsAppMessage
FN:882,logWhatsAppMessage
FNF:23
FNH:0
FNDA:0,getTodayCairo
FNDA:0,getCurrentHourCairo
FNDA:0,nowAsTimestamp
FNDA:0,nextOpWindowTimestamp
FNDA:0,(anonymous_5)
FNDA:0,(anonymous_6)
FNDA:0,isWithinOperatingHours
FNDA:0,callTwilioMessagesAPI
FNDA:0,getSenderStat
FNDA:0,incrementSenderStat
FNDA:0,selectSenderNumber
FNDA:0,(anonymous_12)
FNDA:0,(anonymous_13)
FNDA:0,(anonymous_14)
FNDA:0,sendWhatsAppMessage
FNDA:0,queueMessage
FNDA:0,drainOutboundQueue
FNDA:0,verifyTwilioSignature
FNDA:0,(anonymous_19)
FNDA:0,updateMessageStatus
FNDA:0,logMessage
FNDA:0,sendTwilioWhatsAppMessage
FNDA:0,logWhatsAppMessage
DA:26,0
DA:28,0
DA:29,0
DA:30,0
DA:31,0
DA:33,0
DA:38,0
DA:41,0
DA:44,0
DA:52,0
DA:57,0
DA:60,0
DA:63,0
DA:66,0
DA:71,0
DA:74,0
DA:79,0
DA:82,0
DA:86,0
DA:87,0
DA:88,0
DA:144,0
DA:151,0
DA:156,0
DA:163,0
DA:171,0
DA:174,0
DA:185,0
DA:187,0
DA:188,0
DA:189,0
DA:192,0
DA:193,0
DA:195,0
DA:197,0
DA:200,0
DA:201,0
DA:208,0
DA:209,0
DA:227,0
DA:228,0
DA:233,0
DA:237,0
DA:243,0
DA:252,0
DA:254,0
DA:255,0
DA:261,0
DA:274,0
DA:275,0
DA:277,0
DA:278,0
DA:282,0
DA:291,0
DA:292,0
DA:303,0
DA:304,0
DA:305,0
DA:307,0
DA:310,0
DA:311,0
DA:314,0
DA:315,0
DA:317,0
DA:327,0
DA:337,0
DA:340,0
DA:342,0
DA:343,0
DA:348,0
DA:349,0
DA:350,0
DA:354,0
DA:356,0
DA:357,0
DA:360,0
DA:361,0
DA:362,0
DA:363,0
DA:365,0
DA:368,0
DA:393,0
DA:399,0
DA:400,0
DA:407,0
DA:408,0
DA:416,0
DA:417,0
DA:421,0
DA:423,0
DA:425,0
DA:429,0
DA:430,0
DA:431,0
DA:435,0
DA:436,0
DA:438,0
DA:439,0
DA:444,0
DA:454,0
DA:463,0
DA:473,0
DA:479,0
DA:480,0
DA:482,0
DA:503,0
DA:504,0
DA:506,0
DA:516,0
DA:518,0
DA:522,0
DA:528,0
DA:529,0
DA:531,0
DA:568,0
DA:574,0
DA:577,0
DA:578,0
DA:579,0
DA:583,0
DA:584,0
DA:585,0
DA:588,0
DA:589,0
DA:591,0
DA:599,0
DA:600,0
DA:603,0
DA:604,0
DA:605,0
DA:608,0
DA:609,0
DA:614,0
DA:615,0
DA:619,0
DA:621,0
DA:623,0
DA:624,0
DA:628,0
DA:629,0
DA:630,0
DA:631,0
DA:635,0
DA:641,0
DA:642,0
DA:644,0
DA:645,0
DA:650,0
DA:652,0
DA:659,0
DA:669,0
DA:672,0
DA:673,0
DA:678,0
DA:682,0
DA:688,0
DA:719,0
DA:724,0
DA:725,0
DA:726,0
DA:732,0
DA:733,0
DA:734,0
DA:735,0
DA:736,0
DA:739,0
DA:743,0
DA:744,0
DA:745,0
DA:746,0
DA:750,0
DA:756,0
DA:757,0
DA:763,0
DA:792,0
DA:796,0
DA:797,0
DA:798,0
DA:801,0
DA:803,0
DA:809,0
DA:811,0
DA:817,0
DA:818,0
DA:822,0
DA:823,0
DA:828,0
DA:830,0
DA:847,0
DA:848,0
DA:854,0
DA:870,0
DA:875,0
DA:882,0
DA:883,0
LF:195
LH:0
BRDA:38,0,0,0
BRDA:38,0,1,0
BRDA:41,1,0,0
BRDA:41,1,1,0
BRDA:45,2,0,0
BRDA:45,2,1,0
BRDA:46,3,0,0
BRDA:46,3,1,0
BRDA:47,4,0,0
BRDA:47,4,1,0
BRDA:48,5,0,0
BRDA:48,5,1,0
BRDA:185,6,0,0
BRDA:185,6,1,0
BRDA:195,7,0,0
BRDA:209,8,0,0
BRDA:209,8,1,0
BRDA:227,9,0,0
BRDA:227,10,0,0
BRDA:227,10,1,0
BRDA:254,11,0,0
BRDA:256,12,0,0
BRDA:256,12,1,0
BRDA:257,13,0,0
BRDA:257,13,1,0
BRDA:277,14,0,0
BRDA:311,15,0,0
BRDA:311,15,1,0
BRDA:314,16,0,0
BRDA:315,17,0,0
BRDA:323,18,0,0
BRDA:323,18,1,0
BRDA:349,19,0,0
BRDA:357,20,0,0
BRDA:362,21,0,0
BRDA:362,21,1,0
BRDA:363,22,0,0
BRDA:399,23,0,0
BRDA:399,24,0,0
BRDA:399,24,1,0
BRDA:407,25,0,0
BRDA:416,26,0,0
BRDA:421,27,0,0
BRDA:421,27,1,0
BRDA:423,28,0,0
BRDA:430,29,0,0
BRDA:438,30,0,0
BRDA:464,31,0,0
BRDA:464,31,1,0
BRDA:479,32,0,0
BRDA:479,32,1,0
BRDA:509,33,0,0
BRDA:509,33,1,0
BRDA:528,34,0,0
BRDA:528,34,1,0
BRDA:577,35,0,0
BRDA:583,36,0,0
BRDA:583,37,0,0
BRDA:583,37,1,0
BRDA:583,37,2,0
BRDA:599,38,0,0
BRDA:608,39,0,0
BRDA:619,40,0,0
BRDA:619,40,1,0
BRDA:621,41,0,0
BRDA:629,42,0,0
BRDA:644,43,0,0
BRDA:644,43,1,0
BRDA:646,44,0,0
BRDA:646,44,1,0
BRDA:660,45,0,0
BRDA:660,45,1,0
BRDA:672,46,0,0
BRDA:672,46,1,0
BRDA:674,47,0,0
BRDA:674,47,1,0
BRDA:683,48,0,0
BRDA:683,48,1,0
BRDA:724,49,0,0
BRDA:732,50,0,0
BRDA:732,50,1,0
BRDA:796,51,0,0
BRDA:809,52,0,0
BRDA:831,53,0,0
BRDA:831,53,1,0
BRDA:855,54,0,0
BRDA:855,54,1,0
BRF:87
BRH:0
end_of_record
TN:
SF:lib\server\whatsapp-queue.ts
FN:90,getCurrentHourCairo
FN:100,isWithinOperatingHours
FN:106,nextOperatingWindowMs
FN:115,(anonymous_12)
FN:115,(anonymous_13)
FN:126,computeBackoffMs
FN:141,getRedis
FN:159,(anonymous_16)
FN:170,getRatelimiter
FN:178,(anonymous_18)
FN:204,memoryRateAllowed
FN:218,consumeSendSlot
FN:229,nextCursor
FN:244,selectSenderNumber
FN:256,getConfiguredSenderNumbers
FN:262,makeJobId
FN:266,pushJob
FN:273,(anonymous_26)
FN:279,popDueJobs
FN:285,(anonymous_28)
FN:307,enqueueWhatsAppMessage
FN:341,dispatch
FN:368,attemptDelivery
FN:388,drainWhatsAppQueue
FNF:24
FNH:20
FNDA:197,getCurrentHourCairo
FNDA:197,isWithinOperatingHours
FNDA:2,nextOperatingWindowMs
FNDA:6,(anonymous_12)
FNDA:18,(anonymous_13)
FNDA:4,computeBackoffMs
FNDA:215,getRedis
FNDA:0,(anonymous_16)
FNDA:196,getRatelimiter
FNDA:0,(anonymous_18)
FNDA:196,memoryRateAllowed
FNDA:196,consumeSendSlot
FNDA:6,nextCursor
FNDA:6,selectSenderNumber
FNDA:1,getConfiguredSenderNumbers
FNDA:185,makeJobId
FNDA:7,pushJob
FNDA:0,(anonymous_26)
FNDA:6,popDueJobs
FNDA:0,(anonymous_28)
FNDA:185,enqueueWhatsAppMessage
FNDA:187,dispatch
FNDA:187,attemptDelivery
FNDA:7,drainWhatsAppQueue
DA:25,13
DA:26,13
DA:31,13
DA:39,13
DA:42,13
DA:43,13
DA:46,13
DA:47,13
DA:48,13
DA:51,13
DA:52,13
DA:53,13
DA:56,13
DA:58,13
DA:59,13
DA:60,13
DA:91,197
DA:96,197
DA:100,13
DA:101,197
DA:102,197
DA:106,13
DA:107,2
DA:115,18
DA:116,2
DA:117,2
DA:118,2
DA:120,2
DA:121,2
DA:123,2
DA:127,4
DA:134,13
DA:136,13
DA:137,13
DA:138,13
DA:142,215
DA:143,7
DA:145,7
DA:146,7
DA:147,7
DA:148,7
DA:149,7
DA:153,7
DA:155,7
DA:158,0
DA:159,0
DA:160,0
DA:161,0
DA:163,0
DA:164,0
DA:166,0
DA:171,196
DA:172,196
DA:174,196
DA:175,196
DA:177,0
DA:178,0
DA:179,0
DA:185,0
DA:186,0
DA:188,0
DA:189,0
DA:200,13
DA:201,13
DA:202,13
DA:205,196
DA:206,196
DA:207,14
DA:208,14
DA:210,182
DA:211,177
DA:212,177
DA:219,196
DA:220,196
DA:221,0
DA:222,0
DA:224,196
DA:230,6
DA:231,6
DA:232,0
DA:233,0
DA:235,6
DA:236,6
DA:244,13
DA:245,6
DA:247,6
DA:248,6
DA:249,9
DA:250,9
DA:252,1
DA:256,13
DA:257,1
DA:263,185
DA:267,7
DA:268,7
DA:269,0
DA:270,0
DA:272,7
DA:273,7
DA:276,7
DA:280,6
DA:281,6
DA:282,0
DA:283,0
DA:284,0
DA:285,0
DA:288,6
DA:289,6
DA:290,5
DA:291,5
DA:292,5
DA:293,5
DA:296,6
DA:307,13
DA:312,185
DA:313,0
DA:316,185
DA:318,185
DA:319,2
DA:323,2
DA:326,183
DA:328,183
DA:332,183
DA:334,1
DA:335,1
DA:338,182
DA:342,187
DA:343,187
DA:345,187
DA:346,5
DA:347,5
DA:348,5
DA:351,182
DA:352,182
DA:354,0
DA:355,0
DA:356,0
DA:369,187
DA:370,187
DA:372,5
DA:373,5
DA:374,1
DA:375,1
DA:378,4
DA:379,4
DA:388,13
DA:389,7
DA:391,7
DA:392,1
DA:393,1
DA:396,6
DA:397,0
DA:398,0
DA:401,6
DA:402,6
DA:404,6
DA:405,5
DA:407,5
DA:411,5
DA:413,0
DA:414,0
DA:415,0
DA:418,5
DA:419,5
DA:420,1
DA:422,4
DA:426,6
LF:167
LH:134
BRDA:32,0,0,13
BRDA:32,0,1,0
BRDA:33,1,0,13
BRDA:33,1,1,0
BRDA:34,2,0,13
BRDA:34,2,1,0
BRDA:35,3,0,13
BRDA:35,3,1,0
BRDA:100,4,0,7
BRDA:102,5,0,197
BRDA:102,5,1,193
BRDA:106,6,0,0
BRDA:115,7,0,6
BRDA:115,7,1,0
BRDA:121,8,0,0
BRDA:142,9,0,208
BRDA:147,10,0,7
BRDA:147,11,0,7
BRDA:147,11,1,0
BRDA:148,12,0,7
BRDA:172,13,0,0
BRDA:175,14,0,196
BRDA:206,15,0,14
BRDA:206,16,0,196
BRDA:206,16,1,183
BRDA:210,17,0,5
BRDA:220,18,0,0
BRDA:231,19,0,0
BRDA:245,20,0,0
BRDA:250,21,0,5
BRDA:268,22,0,0
BRDA:281,23,0,0
BRDA:283,24,0,0
BRDA:289,25,0,11
BRDA:289,25,1,5
BRDA:291,26,0,5
BRDA:291,27,0,5
BRDA:291,27,1,0
BRDA:310,28,0,2
BRDA:312,29,0,0
BRDA:318,30,0,2
BRDA:328,31,0,183
BRDA:328,31,1,0
BRDA:329,32,0,182
BRDA:329,32,1,1
BRDA:332,33,0,1
BRDA:345,34,0,5
BRDA:351,35,0,182
BRDA:351,35,1,0
BRDA:354,36,0,0
BRDA:354,36,1,0
BRDA:370,37,0,182
BRDA:373,38,0,1
BRDA:388,39,0,7
BRDA:391,40,0,1
BRDA:396,41,0,0
BRDA:407,42,0,4
BRDA:407,42,1,1
BRDA:408,43,0,4
BRDA:408,43,1,0
BRDA:411,44,0,0
BRDA:419,45,0,1
BRDA:419,45,1,4
BRF:63
BRH:39
end_of_record
