TN:
SF:app/api/admin/deploy/route.ts
FN:7,POST
FNF:1
FNH:0
FNDA:0,POST
DA:1,0
DA:2,0
DA:3,0
DA:4,0
DA:5,0
DA:7,0
DA:8,0
DA:9,0
DA:10,0
DA:12,0
DA:15,0
DA:32,0
DA:38,0
LF:13
LH:0
BRDA:10,0,0,0
BRDA:12,1,0,0
BRF:2
BRH:0
end_of_record
TN:
SF:app/api/admin/ingest/route.ts
FN:21,computeSyncHash
FN:30,generateSBRCode
FN:31,(anonymous_3)
FN:43,POST
FN:62,(anonymous_5)
FNF:5
FNH:0
FNDA:0,computeSyncHash
FNDA:0,generateSBRCode
FNDA:0,(anonymous_3)
FNDA:0,POST
FNDA:0,(anonymous_5)
DA:1,0
DA:2,0
DA:3,0
DA:4,0
DA:5,0
DA:22,0
DA:23,0
DA:31,0
DA:32,0
DA:33,0
DA:34,0
DA:43,0
DA:44,0
DA:45,0
DA:47,0
DA:48,0
DA:49,0
DA:51,0
DA:52,0
DA:55,0
DA:56,0
DA:57,0
DA:60,0
DA:61,0
DA:62,0
DA:64,0
DA:65,0
DA:68,0
DA:69,0
DA:70,0
DA:73,0
DA:74,0
DA:76,0
DA:107,0
DA:110,0
DA:112,0
DA:119,0
DA:120,0
LF:38
LH:0
BRDA:32,0,0,0
BRDA:32,0,1,0
BRDA:32,1,0,0
BRDA:32,1,1,0
BRDA:45,2,0,0
BRDA:51,3,0,0
BRDA:51,4,0,0
BRDA:51,4,1,0
BRDA:68,5,0,0
BRDA:86,6,0,0
BRDA:86,6,1,0
BRDA:88,7,0,0
BRDA:88,7,1,0
BRDA:100,8,0,0
BRDA:100,8,1,0
BRF:15
BRH:0
end_of_record
TN:
SF:app/api/admin/knowledge-base/route.ts
FN:5,GET
FN:14,(anonymous_1)
FN:33,(anonymous_2)
FNF:3
FNH:0
FNDA:0,GET
FNDA:0,(anonymous_1)
FNDA:0,(anonymous_2)
DA:1,0
DA:2,0
DA:3,0
DA:5,0
DA:6,0
DA:8,0
DA:9,0
DA:11,0
DA:13,0
DA:14,0
DA:15,0
DA:16,0
DA:27,0
DA:28,0
DA:33,0
DA:41,0
DA:43,0
DA:44,0
LF:18
LH:0
BRDA:13,0,0,0
BRDA:13,0,1,0
BRDA:20,1,0,0
BRDA:20,1,1,0
BRDA:21,2,0,0
BRDA:21,2,1,0
BRDA:21,3,0,0
BRDA:21,3,1,0
BRDA:21,4,0,0
BRDA:21,4,1,0
BRDA:22,5,0,0
BRDA:22,5,1,0
BRF:12
BRH:0
end_of_record
TN:
SF:app/api/admin/media/upload/route.ts
FN:5,POST
FNF:1
FNH:0
FNDA:0,POST
DA:1,0
DA:2,0
DA:3,0
DA:5,0
DA:7,0
DA:8,0
DA:9,0
DA:12,0
DA:13,0
DA:14,0
DA:16,0
DA:17,0
DA:20,0
DA:21,0
DA:22,0
DA:25,0
DA:26,0
DA:33,0
DA:39,0
DA:46,0
DA:47,0
LF:21
LH:0
BRDA:8,0,0,0
BRDA:16,1,0,0
BRDA:48,2,0,0
BRDA:48,2,1,0
BRF:4
BRH:0
end_of_record
TN:
SF:app/api/admin/migrate/route.ts
FN:22,POST
FN:62,(anonymous_1)
FN:66,(anonymous_2)
FN:124,GET
FNF:4
FNH:0
FNDA:0,POST
FNDA:0,(anonymous_1)
FNDA:0,(anonymous_2)
FNDA:0,GET
DA:11,0
DA:12,0
DA:13,0
DA:19,0
DA:20,0
DA:22,0
DA:23,0
DA:25,0
DA:26,0
DA:27,0
DA:34,0
DA:35,0
DA:41,0
DA:43,0
DA:44,0
DA:46,0
DA:48,0
DA:50,0
DA:58,0
DA:62,0
DA:66,0
DA:72,0
DA:85,0
DA:86,0
DA:95,0
DA:97,0
DA:99,0
DA:101,0
DA:107,0
DA:113,0
DA:114,0
DA:124,0
DA:125,0
DA:127,0
DA:128,0
DA:129,0
DA:135,0
DA:136,0
DA:138,0
DA:139,0
DA:144,0
DA:145,0
DA:147,0
DA:154,0
DA:160,0
DA:161,0
LF:46
LH:0
BRDA:26,0,0,0
BRDA:34,1,0,0
BRDA:41,2,0,0
BRDA:41,3,0,0
BRDA:43,4,0,0
BRDA:43,4,1,0
BRDA:52,5,0,0
BRDA:52,5,1,0
BRDA:59,6,0,0
BRDA:59,6,1,0
BRDA:60,7,0,0
BRDA:60,7,1,0
BRDA:75,8,0,0
BRDA:75,8,1,0
BRDA:82,9,0,0
BRDA:82,9,1,0
BRDA:90,10,0,0
BRDA:90,10,1,0
BRDA:97,11,0,0
BRDA:97,11,1,0
BRDA:117,12,0,0
BRDA:117,12,1,0
BRDA:128,13,0,0
BRDA:136,14,0,0
BRDA:136,14,1,0
BRDA:138,15,0,0
BRDA:138,15,1,0
BRDA:141,16,0,0
BRDA:141,16,1,0
BRDA:144,17,0,0
BRDA:144,17,1,0
BRDA:164,18,0,0
BRDA:164,18,1,0
BRF:33
BRH:0
end_of_record
TN:
SF:app/api/admin/reports/route.ts
FN:5,GET
FN:67,(anonymous_1)
FN:75,(anonymous_2)
FNF:3
FNH:0
FNDA:0,GET
FNDA:0,(anonymous_1)
FNDA:0,(anonymous_2)
DA:1,0
DA:2,0
DA:3,0
DA:5,0
DA:7,0
DA:8,0
DA:9,0
DA:12,0
DA:13,0
DA:14,0
DA:15,0
DA:18,0
DA:19,0
DA:21,0
DA:23,0
DA:24,0
DA:26,0
DA:27,0
DA:29,0
DA:30,0
DA:32,0
DA:33,0
DA:36,0
DA:38,0
DA:40,0
DA:41,0
DA:42,0
DA:47,0
DA:58,0
DA:60,0
DA:66,0
DA:67,0
DA:68,0
DA:69,0
DA:70,0
DA:73,0
DA:75,0
DA:82,0
DA:84,0
DA:94,0
DA:100,0
DA:101,0
LF:42
LH:0
BRDA:8,0,0,0
BRDA:14,1,0,0
BRDA:14,1,1,0
BRDA:15,2,0,0
BRDA:15,2,1,0
BRDA:21,3,0,0
BRDA:21,3,1,0
BRDA:21,3,2,0
BRDA:21,3,3,0
BRDA:38,4,0,0
BRDA:38,5,0,0
BRDA:38,5,1,0
BRDA:58,6,0,0
BRDA:58,7,0,0
BRDA:58,7,1,0
BRDA:68,8,0,0
BRDA:68,8,1,0
BRDA:68,9,0,0
BRDA:68,9,1,0
BRDA:68,10,0,0
BRDA:68,10,1,0
BRDA:68,11,0,0
BRDA:68,11,1,0
BRDA:68,12,0,0
BRDA:68,12,1,0
BRDA:70,13,0,0
BRDA:70,13,1,0
BRDA:82,14,0,0
BRDA:82,15,0,0
BRDA:82,15,1,0
BRDA:102,16,0,0
BRDA:102,16,1,0
BRF:32
BRH:0
end_of_record
TN:
SF:app/api/admin/schedule-viewing/route.ts
FN:4,POST
FN:22,(anonymous_1)
FNF:2
FNH:0
FNDA:0,POST
FNDA:0,(anonymous_1)
DA:1,0
DA:2,0
DA:4,0
DA:5,0
DA:6,0
DA:8,0
DA:9,0
DA:12,0
DA:13,0
DA:14,0
DA:15,0
DA:18,0
DA:19,0
DA:20,0
DA:22,0
DA:25,0
DA:28,0
DA:30,0
DA:36,0
DA:37,0
LF:20
LH:0
BRF:0
BRH:0
end_of_record
TN:
SF:app/api/admin/team/route.ts
FN:5,GET
FN:14,(anonymous_2)
FN:29,POST
FN:66,PUT
FN:95,DELETE
FNF:5
FNH:0
FNDA:0,GET
FNDA:0,(anonymous_2)
FNDA:0,POST
FNDA:0,PUT
FNDA:0,DELETE
DA:1,0
DA:2,0
DA:3,0
DA:5,0
DA:7,0
DA:8,0
DA:9,0
DA:12,0
DA:13,0
DA:14,0
DA:19,0
DA:21,0
DA:22,0
DA:29,0
DA:31,0
DA:32,0
DA:33,0
DA:36,0
DA:37,0
DA:39,0
DA:40,0
DA:44,0
DA:53,0
DA:58,0
DA:59,0
DA:66,0
DA:68,0
DA:69,0
DA:70,0
DA:73,0
DA:74,0
DA:76,0
DA:77,0
DA:80,0
DA:85,0
DA:87,0
DA:88,0
DA:95,0
DA:97,0
DA:98,0
DA:99,0
DA:102,0
DA:103,0
DA:104,0
DA:106,0
DA:107,0
DA:110,0
DA:112,0
DA:114,0
DA:115,0
LF:50
LH:0
BRDA:8,0,0,0
BRDA:23,1,0,0
BRDA:23,1,1,0
BRDA:32,2,0,0
BRDA:39,3,0,0
BRDA:39,4,0,0
BRDA:39,4,1,0
BRDA:47,5,0,0
BRDA:47,5,1,0
BRDA:48,6,0,0
BRDA:48,6,1,0
BRDA:60,7,0,0
BRDA:60,7,1,0
BRDA:69,8,0,0
BRDA:76,9,0,0
BRDA:89,10,0,0
BRDA:89,10,1,0
BRDA:98,11,0,0
BRDA:106,12,0,0
BRDA:116,13,0,0
BRDA:116,13,1,0
BRF:21
BRH:0
end_of_record
TN:
SF:app/api/agent/hub/route.ts
FN:13,POST
FN:43,handleScribe
FN:87,handleCurator
FN:93,handleMatchmaker
FN:121,handleCloser
FNF:5
FNH:0
FNDA:0,POST
FNDA:0,handleScribe
FNDA:0,handleCurator
FNDA:0,handleMatchmaker
FNDA:0,handleCloser
DA:1,0
DA:2,0
DA:3,0
DA:4,0
DA:5,0
DA:13,0
DA:14,0
DA:15,0
DA:16,0
DA:17,0
DA:19,0
DA:20,0
DA:24,0
DA:27,0
DA:29,0
DA:31,0
DA:33,0
DA:35,0
DA:38,0
DA:39,0
DA:44,0
DA:46,0
DA:47,0
DA:49,0
DA:61,0
DA:70,0
DA:71,0
DA:73,0
DA:79,0
DA:80,0
DA:89,0
DA:90,0
DA:95,0
DA:105,0
DA:106,0
DA:115,0
DA:117,0
DA:123,0
DA:124,0
LF:39
LH:0
BRDA:15,0,0,0
BRDA:19,1,0,0
BRDA:24,2,0,0
BRDA:24,2,1,0
BRDA:24,2,2,0
BRDA:24,2,3,0
BRDA:24,2,4,0
BRDA:24,2,5,0
BRDA:38,3,0,0
BRDA:38,3,1,0
BRF:10
BRH:0
end_of_record
TN:
SF:app/api/chat/route.ts
FN:8,POST
FNF:1
FNH:0
FNDA:0,POST
DA:1,0
DA:2,0
DA:8,0
DA:9,0
DA:10,0
DA:12,0
DA:13,0
DA:16,0
DA:23,0
DA:30,0
DA:31,0
LF:11
LH:0
BRDA:12,0,0,0
BRDA:12,1,0,0
BRDA:12,1,1,0
BRDA:19,2,0,0
BRDA:19,2,1,0
BRF:5
BRH:0
end_of_record
TN:
SF:app/api/closer/initiate/route.ts
FN:12,POST
FNF:1
FNH:0
FNDA:0,POST
DA:1,0
DA:2,0
DA:12,0
DA:13,0
DA:14,0
DA:16,0
DA:17,0
DA:19,0
DA:20,0
DA:24,0
DA:25,0
DA:26,0
DA:27,0
DA:30,0
DA:35,0
DA:36,0
DA:37,0
DA:40,0
DA:79,0
DA:94,0
DA:95,0
LF:21
LH:0
BRDA:14,0,0,0
BRDA:19,1,0,0
BRDA:19,2,0,0
BRDA:19,2,1,0
BRDA:19,2,2,0
BRDA:24,3,0,0
BRDA:24,3,1,0
BRDA:25,4,0,0
BRDA:25,4,1,0
BRDA:26,5,0,0
BRDA:26,5,1,0
BRDA:27,6,0,0
BRDA:27,6,1,0
BRDA:30,7,0,0
BRDA:30,7,1,0
BRDA:64,8,0,0
BRDA:64,8,1,0
BRF:17
BRH:0
end_of_record
TN:
SF:app/api/concierge/[leadId]/route.ts
FN:6,(anonymous_0)
FNF:1
FNH:0
FNDA:0,(anonymous_0)
DA:1,0
DA:2,0
DA:3,0
DA:4,0
DA:6,0
DA:10,0
DA:11,0
DA:13,0
DA:14,0
DA:16,0
DA:17,0
DA:24,0
DA:28,0
DA:29,0
DA:35,0
DA:36,0
DA:38,0
DA:40,0
DA:41,0
LF:19
LH:0
BRDA:11,0,0,0
BRDA:16,1,0,0
BRDA:28,2,0,0
BRF:3
BRH:0
end_of_record
TN:
SF:app/api/concierge/analyze/route.ts
FN:4,POST
FNF:1
FNH:0
FNDA:0,POST
DA:1,0
DA:2,0
DA:4,0
DA:5,0
DA:6,0
DA:7,0
DA:9,0
DA:10,0
DA:13,0
DA:26,0
DA:27,0
DA:28,0
DA:30,0
DA:31,0
DA:33,0
DA:34,0
LF:16
LH:0
BRDA:7,0,0,0
BRDA:27,1,0,0
BRDA:27,1,1,0
BRDA:27,2,0,0
BRDA:27,2,1,0
BRDA:27,3,0,0
BRDA:27,3,1,0
BRDA:27,4,0,0
BRDA:27,4,1,0
BRDA:27,5,0,0
BRDA:27,5,1,0
BRDA:27,6,0,0
BRDA:27,6,1,0
BRDA:28,7,0,0
BRDA:30,8,0,0
BRDA:30,8,1,0
BRDA:30,9,0,0
BRDA:30,9,1,0
BRDA:30,10,0,0
BRDA:30,10,1,0
BRF:20
BRH:0
end_of_record
TN:
SF:app/api/concierge/complete/route.ts
FN:4,POST
FN:17,(anonymous_1)
FNF:2
FNH:0
FNDA:0,POST
FNDA:0,(anonymous_1)
DA:1,0
DA:2,0
DA:4,0
DA:5,0
DA:6,0
DA:7,0
DA:10,0
DA:13,0
DA:14,0
DA:16,0
DA:17,0
DA:19,0
DA:30,0
DA:32,0
DA:33,0
LF:15
LH:0
BRDA:7,0,0,0
BRDA:16,1,0,0
BRDA:16,2,0,0
BRDA:16,2,1,0
BRF:4
BRH:0
end_of_record
TN:
SF:app/api/concierge/send-whatsapp/route.ts
FN:13,(anonymous_0)
FNF:1
FNH:0
FNDA:0,(anonymous_0)
DA:1,0
DA:2,0
DA:3,0
DA:4,0
DA:5,0
DA:6,0
DA:13,0
DA:14,0
DA:15,0
DA:17,0
DA:18,0
DA:19,0
DA:21,0
DA:22,0
DA:29,0
DA:30,0
DA:31,0
DA:37,0
DA:38,0
DA:40,0
DA:41,0
DA:48,0
DA:49,0
DA:51,0
DA:52,0
DA:58,0
DA:59,0
DA:60,0
DA:66,0
DA:69,0
DA:72,0
DA:77,0
DA:82,0
DA:83,0
LF:34
LH:0
BRDA:15,0,0,0
BRDA:21,1,0,0
BRDA:30,2,0,0
BRDA:38,3,0,0
BRDA:38,3,1,0
BRDA:38,3,2,0
BRDA:40,4,0,0
BRDA:49,5,0,0
BRDA:49,5,1,0
BRDA:49,6,0,0
BRDA:49,6,1,0
BRDA:51,7,0,0
BRDA:59,8,0,0
BRF:13
BRH:0
end_of_record
TN:
SF:app/api/crm/leads/route.ts
FN:5,POST
FN:50,(anonymous_1)
FNF:2
FNH:0
FNDA:0,POST
FNDA:0,(anonymous_1)
DA:1,0
DA:2,0
DA:3,0
DA:5,0
DA:6,0
DA:7,0
DA:8,0
DA:10,0
DA:11,0
DA:12,0
DA:13,0
DA:14,0
DA:16,0
DA:17,0
DA:19,0
DA:20,0
DA:21,0
DA:22,0
DA:23,0
DA:26,0
DA:39,0
DA:41,0
DA:42,0
DA:53,0
DA:55,0
LF:25
LH:0
BRDA:11,0,0,0
BRDA:12,1,0,0
BRDA:13,2,0,0
BRDA:13,2,1,0
BRDA:13,3,0,0
BRDA:13,3,1,0
BRDA:17,4,0,0
BRDA:17,4,1,0
BRDA:20,5,0,0
BRDA:20,5,1,0
BRDA:20,6,0,0
BRDA:20,6,1,0
BRDA:22,7,0,0
BRDA:33,8,0,0
BRDA:33,8,1,0
BRDA:41,9,0,0
BRDA:41,10,0,0
BRDA:41,10,1,0
BRF:18
BRH:0
end_of_record
TN:
SF:app/api/crm/property-finder/route.ts
FN:6,POST
FNF:1
FNH:0
FNDA:0,POST
DA:1,0
DA:2,0
DA:3,0
DA:4,0
DA:6,0
DA:7,0
DA:8,0
DA:9,0
DA:10,0
DA:12,0
DA:13,0
DA:15,0
DA:16,0
DA:19,0
DA:21,0
DA:22,0
DA:23,0
DA:24,0
DA:27,0
DA:28,0
DA:29,0
DA:30,0
DA:32,0
DA:33,0
DA:35,0
DA:36,0
DA:39,0
DA:40,0
DA:41,0
DA:42,0
DA:43,0
DA:45,0
DA:65,0
DA:66,0
DA:70,0
DA:72,0
DA:74,0
DA:75,0
DA:82,0
DA:86,0
DA:87,0
DA:88,0
DA:90,0
DA:100,0
DA:102,0
LF:45
LH:0
BRDA:15,0,0,0
BRDA:15,1,0,0
BRDA:15,1,1,0
BRDA:21,2,0,0
BRDA:21,2,1,0
BRDA:22,3,0,0
BRDA:23,4,0,0
BRDA:24,5,0,0
BRDA:24,6,0,0
BRDA:24,6,1,0
BRDA:27,7,0,0
BRDA:27,7,1,0
BRDA:28,8,0,0
BRDA:28,8,1,0
BRDA:29,9,0,0
BRDA:29,9,1,0
BRDA:30,10,0,0
BRDA:30,10,1,0
BRDA:40,11,0,0
BRDA:40,11,1,0
BRDA:40,12,0,0
BRDA:40,12,1,0
BRDA:41,13,0,0
BRDA:41,13,1,0
BRDA:41,14,0,0
BRDA:41,14,1,0
BRDA:42,15,0,0
BRDA:42,15,1,0
BRDA:43,16,0,0
BRDA:43,16,1,0
BRDA:48,17,0,0
BRDA:48,17,1,0
BRDA:50,18,0,0
BRDA:50,18,1,0
BRDA:51,19,0,0
BRDA:51,19,1,0
BRDA:54,20,0,0
BRDA:54,20,1,0
BRDA:54,21,0,0
BRDA:54,21,1,0
BRDA:55,22,0,0
BRDA:55,22,1,0
BRDA:61,23,0,0
BRDA:61,23,1,0
BRDA:65,24,0,0
BRDA:65,24,1,0
BRF:46
BRH:0
end_of_record
TN:
SF:app/api/cron/ingest-from-sheets/route.ts
FN:27,getSheetsClient
FN:47,buildListingDocument
FN:109,GET
FN:180,(anonymous_3)
FN:184,(anonymous_4)
FN:185,(anonymous_5)
FN:206,(anonymous_6)
FNF:7
FNH:1
FNDA:0,getSheetsClient
FNDA:0,buildListingDocument
FNDA:2,GET
FNDA:0,(anonymous_3)
FNDA:0,(anonymous_4)
FNDA:0,(anonymous_5)
FNDA:0,(anonymous_6)
DA:1,1
DA:2,1
DA:3,1
DA:4,1
DA:5,1
DA:6,1
DA:7,1
DA:8,1
DA:9,1
DA:23,1
DA:24,1
DA:25,1
DA:28,0
DA:30,0
DA:31,0
DA:32,0
DA:36,0
DA:40,0
DA:44,0
DA:48,0
DA:50,0
DA:62,0
DA:109,1
DA:111,2
DA:112,2
DA:114,2
DA:115,2
DA:118,0
DA:119,0
DA:120,0
DA:126,0
DA:128,0
DA:129,0
DA:130,0
DA:133,0
DA:138,0
DA:139,0
DA:141,0
DA:142,0
DA:143,0
DA:144,0
DA:145,0
DA:149,0
DA:151,0
DA:152,0
DA:153,0
DA:155,0
DA:157,0
DA:163,0
DA:164,0
DA:167,0
DA:168,0
DA:169,0
DA:170,0
DA:173,0
DA:180,0
DA:183,0
DA:184,0
DA:185,0
DA:188,0
DA:195,0
DA:196,0
DA:198,0
DA:201,0
DA:208,0
DA:213,0
DA:214,0
DA:225,0
DA:227,0
DA:233,0
DA:234,0
LF:71
LH:17
BRDA:30,0,0,0
BRDA:48,1,0,0
BRDA:48,1,1,0
BRDA:48,2,0,0
BRDA:48,2,1,0
BRDA:50,3,0,0
BRDA:50,3,1,0
BRDA:50,4,0,0
BRDA:50,4,1,0
BRDA:50,5,0,0
BRDA:50,5,1,0
BRDA:50,6,0,0
BRDA:50,6,1,0
BRDA:55,7,0,0
BRDA:55,7,1,0
BRDA:57,8,0,0
BRDA:57,8,1,0
BRDA:68,9,0,0
BRDA:68,9,1,0
BRDA:68,10,0,0
BRDA:68,10,1,0
BRDA:69,11,0,0
BRDA:69,11,1,0
BRDA:69,12,0,0
BRDA:69,12,1,0
BRDA:69,13,0,0
BRDA:69,13,1,0
BRDA:69,14,0,0
BRDA:69,14,1,0
BRDA:69,15,0,0
BRDA:69,15,1,0
BRDA:70,16,0,0
BRDA:70,16,1,0
BRDA:70,17,0,0
BRDA:70,17,1,0
BRDA:71,18,0,0
BRDA:71,18,1,0
BRDA:71,19,0,0
BRDA:71,19,1,0
BRDA:72,20,0,0
BRDA:72,20,1,0
BRDA:72,21,0,0
BRDA:72,21,1,0
BRDA:72,22,0,0
BRDA:72,22,1,0
BRDA:73,23,0,0
BRDA:73,23,1,0
BRDA:73,24,0,0
BRDA:73,24,1,0
BRDA:74,25,0,0
BRDA:74,25,1,0
BRDA:74,26,0,0
BRDA:74,26,1,0
BRDA:74,27,0,0
BRDA:74,27,1,0
BRDA:74,28,0,0
BRDA:74,28,1,0
BRDA:74,29,0,0
BRDA:74,29,1,0
BRDA:75,30,0,0
BRDA:75,30,1,0
BRDA:75,31,0,0
BRDA:75,31,1,0
BRDA:75,32,0,0
BRDA:75,32,1,0
BRDA:75,33,0,0
BRDA:75,33,1,0
BRDA:75,34,0,0
BRDA:75,34,1,0
BRDA:76,35,0,0
BRDA:76,35,1,0
BRDA:76,36,0,0
BRDA:76,36,1,0
BRDA:77,37,0,0
BRDA:77,37,1,0
BRDA:77,38,0,0
BRDA:77,38,1,0
BRDA:78,39,0,0
BRDA:78,39,1,0
BRDA:78,40,0,0
BRDA:78,40,1,0
BRDA:79,41,0,0
BRDA:79,41,1,0
BRDA:79,42,0,0
BRDA:79,42,1,0
BRDA:79,43,0,0
BRDA:79,43,1,0
BRDA:80,44,0,0
BRDA:80,44,1,0
BRDA:80,45,0,0
BRDA:80,45,1,0
BRDA:80,46,0,0
BRDA:80,46,1,0
BRDA:81,47,0,0
BRDA:81,47,1,0
BRDA:81,48,0,0
BRDA:81,48,1,0
BRDA:81,49,0,0
BRDA:81,49,1,0
BRDA:81,50,0,0
BRDA:81,50,1,0
BRDA:81,51,0,0
BRDA:81,51,1,0
BRDA:84,52,0,0
BRDA:84,52,1,0
BRDA:84,52,2,0
BRDA:84,53,0,0
BRDA:84,53,1,0
BRDA:84,54,0,0
BRDA:84,54,1,0
BRDA:84,55,0,0
BRDA:84,55,1,0
BRDA:84,56,0,0
BRDA:84,56,1,0
BRDA:85,57,0,0
BRDA:85,57,1,0
BRDA:85,57,2,0
BRDA:85,58,0,0
BRDA:85,58,1,0
BRDA:85,59,0,0
BRDA:85,59,1,0
BRDA:85,60,0,0
BRDA:85,60,1,0
BRDA:85,61,0,0
BRDA:85,61,1,0
BRDA:86,62,0,0
BRDA:86,62,1,0
BRDA:86,63,0,0
BRDA:86,63,1,0
BRDA:86,64,0,0
BRDA:86,64,1,0
BRDA:87,65,0,0
BRDA:87,65,1,0
BRDA:87,65,2,0
BRDA:87,66,0,0
BRDA:87,66,1,0
BRDA:87,67,0,0
BRDA:87,67,1,0
BRDA:87,68,0,0
BRDA:87,68,1,0
BRDA:87,69,0,0
BRDA:87,69,1,0
BRDA:88,70,0,0
BRDA:88,70,1,0
BRDA:88,71,0,0
BRDA:88,71,1,0
BRDA:88,72,0,0
BRDA:88,72,1,0
BRDA:89,73,0,0
BRDA:89,73,1,0
BRDA:89,74,0,0
BRDA:89,74,1,0
BRDA:89,75,0,0
BRDA:89,75,1,0
BRDA:90,76,0,0
BRDA:90,76,1,0
BRDA:90,77,0,0
BRDA:90,77,1,0
BRDA:90,78,0,0
BRDA:90,78,1,0
BRDA:91,79,0,0
BRDA:91,79,1,0
BRDA:91,80,0,0
BRDA:91,80,1,0
BRDA:91,81,0,0
BRDA:91,81,1,0
BRDA:92,82,0,0
BRDA:92,82,1,0
BRDA:92,83,0,0
BRDA:92,83,1,0
BRDA:92,84,0,0
BRDA:92,84,1,0
BRDA:96,85,0,0
BRDA:96,85,1,0
BRDA:101,86,0,0
BRDA:101,86,1,0
BRDA:102,87,0,0
BRDA:102,87,1,0
BRDA:114,88,0,2
BRDA:114,89,0,2
BRDA:114,89,1,2
BRDA:119,90,0,0
BRDA:138,91,0,0
BRDA:138,91,1,0
BRDA:144,92,0,0
BRDA:153,93,0,0
BRDA:153,93,1,0
BRDA:155,94,0,0
BRDA:169,95,0,0
BRDA:169,95,1,0
BRDA:169,96,0,0
BRDA:169,96,1,0
BRDA:175,97,0,0
BRDA:175,97,1,0
BRDA:176,98,0,0
BRDA:176,98,1,0
BRDA:177,99,0,0
BRDA:177,99,1,0
BRDA:177,100,0,0
BRDA:177,100,1,0
BRDA:177,101,0,0
BRDA:177,101,1,0
BRDA:213,102,0,0
BRF:203
BRH:3
end_of_record
TN:
SF:app/api/cron/maintenance/route.ts
FN:12,GET
FNF:1
FNH:0
FNDA:0,GET
DA:1,0
DA:2,0
DA:3,0
DA:4,0
DA:5,0
DA:12,0
DA:13,0
DA:14,0
DA:16,0
DA:17,0
DA:20,0
DA:21,0
DA:23,0
DA:26,0
DA:27,0
DA:38,0
DA:40,0
DA:46,0
DA:48,0
LF:19
LH:0
BRDA:16,0,0,0
BRDA:16,1,0,0
BRDA:16,1,1,0
BRDA:26,2,0,0
BRDA:50,3,0,0
BRDA:50,3,1,0
BRF:6
BRH:0
end_of_record
TN:
SF:app/api/cron/sync-leads/route.ts
FN:13,GET
FNF:1
FNH:0
FNDA:0,GET
DA:1,0
DA:2,0
DA:3,0
DA:4,0
DA:5,0
DA:13,0
DA:15,0
DA:16,0
DA:19,0
DA:20,0
DA:23,0
DA:24,0
DA:26,0
DA:29,0
DA:30,0
DA:41,0
DA:43,0
DA:49,0
DA:51,0
LF:19
LH:0
BRDA:19,0,0,0
BRDA:19,1,0,0
BRDA:19,1,1,0
BRDA:29,2,0,0
BRDA:29,3,0,0
BRDA:29,3,1,0
BRDA:53,4,0,0
BRDA:53,4,1,0
BRF:8
BRH:0
end_of_record
TN:
SF:app/api/cron/sync-listings/route.ts
FN:12,GET
FNF:1
FNH:0
FNDA:0,GET
DA:1,0
DA:2,0
DA:3,0
DA:4,0
DA:5,0
DA:12,0
DA:13,0
DA:14,0
DA:16,0
DA:17,0
DA:20,0
DA:21,0
DA:23,0
DA:25,0
DA:26,0
DA:37,0
DA:39,0
DA:45,0
DA:46,0
LF:19
LH:0
BRDA:16,0,0,0
BRDA:16,1,0,0
BRDA:16,1,1,0
BRDA:25,2,0,0
BRDA:25,3,0,0
BRDA:25,3,1,0
BRDA:48,4,0,0
BRDA:48,4,1,0
BRF:8
BRH:0
end_of_record
TN:
SF:app/api/feeds/property-finder/route.ts
FN:3,GET
FN:30,(anonymous_1)
FN:48,(anonymous_2)
FNF:3
FNH:0
FNDA:0,GET
FNDA:0,(anonymous_1)
FNDA:0,(anonymous_2)
DA:1,0
DA:3,0
DA:5,0
DA:28,0
DA:30,0
DA:31,0
DA:32,0
DA:33,0
DA:34,0
DA:35,0
DA:36,0
DA:37,0
DA:38,0
DA:39,0
DA:40,0
DA:41,0
DA:42,0
DA:43,0
DA:44,0
DA:45,0
DA:46,0
DA:47,0
DA:48,0
DA:49,0
DA:51,0
DA:52,0
DA:55,0
DA:57,0
LF:28
LH:0
BRF:0
BRH:0
end_of_record
TN:
SF:app/api/ingest/whatsapp/route.ts
FN:15,verifyWebhookSecret
FN:21,(anonymous_1)
FN:31,(anonymous_2)
FN:39,(anonymous_3)
FN:47,(anonymous_4)
FN:115,POST
FN:172,(anonymous_6)
FN:173,(anonymous_7)
FN:196,GET
FNF:9
FNH:0
FNDA:0,verifyWebhookSecret
FNDA:0,(anonymous_1)
FNDA:0,(anonymous_2)
FNDA:0,(anonymous_3)
FNDA:0,(anonymous_4)
FNDA:0,POST
FNDA:0,(anonymous_6)
FNDA:0,(anonymous_7)
FNDA:0,GET
DA:1,0
DA:2,0
DA:3,0
DA:5,0
DA:6,0
DA:7,0
DA:8,0
DA:9,0
DA:10,0
DA:11,0
DA:13,0
DA:16,0
DA:17,0
DA:18,0
DA:21,0
DA:22,0
DA:31,0
DA:32,0
DA:39,0
DA:40,0
DA:47,0
DA:53,0
DA:56,0
DA:68,0
DA:115,0
DA:116,0
DA:117,0
DA:120,0
DA:121,0
DA:122,0
DA:123,0
DA:124,0
DA:126,0
DA:127,0
DA:130,0
DA:132,0
DA:133,0
DA:134,0
DA:135,0
DA:144,0
DA:149,0
DA:153,0
DA:154,0
DA:157,0
DA:158,0
DA:167,0
DA:171,0
DA:172,0
DA:173,0
DA:175,0
DA:184,0
DA:185,0
DA:196,0
DA:197,0
LF:54
LH:0
BRDA:13,0,0,0
BRDA:13,0,1,0
BRDA:16,1,0,0
BRDA:22,2,0,0
BRDA:22,2,1,0
BRDA:22,2,2,0
BRDA:22,2,3,0
BRDA:22,2,4,0
BRDA:22,2,5,0
BRDA:22,2,6,0
BRDA:22,2,7,0
BRDA:24,3,0,0
BRDA:24,3,1,0
BRDA:24,4,0,0
BRDA:24,4,1,0
BRDA:24,5,0,0
BRDA:24,5,1,0
BRDA:24,6,0,0
BRDA:24,6,1,0
BRDA:25,7,0,0
BRDA:25,7,1,0
BRDA:25,8,0,0
BRDA:25,8,1,0
BRDA:28,9,0,0
BRDA:28,9,1,0
BRDA:28,10,0,0
BRDA:28,10,1,0
BRDA:32,11,0,0
BRDA:32,11,1,0
BRDA:32,11,2,0
BRDA:32,11,3,0
BRDA:32,11,4,0
BRDA:32,11,5,0
BRDA:36,12,0,0
BRDA:36,12,1,0
BRDA:36,13,0,0
BRDA:36,13,1,0
BRDA:40,14,0,0
BRDA:40,14,1,0
BRDA:40,14,2,0
BRDA:40,14,3,0
BRDA:40,14,4,0
BRDA:40,14,5,0
BRDA:43,15,0,0
BRDA:43,15,1,0
BRDA:43,16,0,0
BRDA:43,16,1,0
BRDA:53,17,0,0
BRDA:53,17,1,0
BRDA:53,18,0,0
BRDA:53,18,1,0
BRDA:56,19,0,0
BRDA:56,19,1,0
BRDA:56,20,0,0
BRDA:56,20,1,0
BRDA:56,21,0,0
BRDA:56,21,1,0
BRDA:56,22,0,0
BRDA:56,22,1,0
BRDA:61,23,0,0
BRDA:61,23,1,0
BRDA:63,24,0,0
BRDA:63,24,1,0
BRDA:74,25,0,0
BRDA:74,25,1,0
BRDA:74,26,0,0
BRDA:74,26,1,0
BRDA:75,27,0,0
BRDA:75,27,1,0
BRDA:75,28,0,0
BRDA:75,28,1,0
BRDA:75,29,0,0
BRDA:75,29,1,0
BRDA:75,30,0,0
BRDA:75,30,1,0
BRDA:75,31,0,0
BRDA:75,31,1,0
BRDA:76,32,0,0
BRDA:76,32,1,0
BRDA:76,33,0,0
BRDA:76,33,1,0
BRDA:77,34,0,0
BRDA:77,34,1,0
BRDA:77,35,0,0
BRDA:77,35,1,0
BRDA:78,36,0,0
BRDA:78,36,1,0
BRDA:78,37,0,0
BRDA:78,37,1,0
BRDA:78,38,0,0
BRDA:78,38,1,0
BRDA:79,39,0,0
BRDA:79,39,1,0
BRDA:79,40,0,0
BRDA:79,40,1,0
BRDA:80,41,0,0
BRDA:80,41,1,0
BRDA:80,42,0,0
BRDA:80,42,1,0
BRDA:80,43,0,0
BRDA:80,43,1,0
BRDA:80,44,0,0
BRDA:80,44,1,0
BRDA:80,45,0,0
BRDA:80,45,1,0
BRDA:81,46,0,0
BRDA:81,46,1,0
BRDA:81,47,0,0
BRDA:81,47,1,0
BRDA:81,48,0,0
BRDA:81,48,1,0
BRDA:81,49,0,0
BRDA:81,49,1,0
BRDA:81,50,0,0
BRDA:81,50,1,0
BRDA:82,51,0,0
BRDA:82,51,1,0
BRDA:82,52,0,0
BRDA:82,52,1,0
BRDA:83,53,0,0
BRDA:83,53,1,0
BRDA:83,54,0,0
BRDA:83,54,1,0
BRDA:84,55,0,0
BRDA:84,55,1,0
BRDA:84,56,0,0
BRDA:84,56,1,0
BRDA:85,57,0,0
BRDA:85,57,1,0
BRDA:85,58,0,0
BRDA:85,58,1,0
BRDA:85,59,0,0
BRDA:85,59,1,0
BRDA:86,60,0,0
BRDA:86,60,1,0
BRDA:86,61,0,0
BRDA:86,61,1,0
BRDA:86,62,0,0
BRDA:86,62,1,0
BRDA:87,63,0,0
BRDA:87,63,1,0
BRDA:87,64,0,0
BRDA:87,64,1,0
BRDA:87,65,0,0
BRDA:87,65,1,0
BRDA:87,66,0,0
BRDA:87,66,1,0
BRDA:87,67,0,0
BRDA:87,67,1,0
BRDA:90,68,0,0
BRDA:90,68,1,0
BRDA:90,68,2,0
BRDA:90,69,0,0
BRDA:90,69,1,0
BRDA:90,70,0,0
BRDA:90,70,1,0
BRDA:90,71,0,0
BRDA:90,71,1,0
BRDA:90,72,0,0
BRDA:90,72,1,0
BRDA:91,73,0,0
BRDA:91,73,1,0
BRDA:91,73,2,0
BRDA:91,74,0,0
BRDA:91,74,1,0
BRDA:91,75,0,0
BRDA:91,75,1,0
BRDA:91,76,0,0
BRDA:91,76,1,0
BRDA:91,77,0,0
BRDA:91,77,1,0
BRDA:92,78,0,0
BRDA:92,78,1,0
BRDA:92,79,0,0
BRDA:92,79,1,0
BRDA:92,80,0,0
BRDA:92,80,1,0
BRDA:93,81,0,0
BRDA:93,81,1,0
BRDA:93,81,2,0
BRDA:93,82,0,0
BRDA:93,82,1,0
BRDA:93,83,0,0
BRDA:93,83,1,0
BRDA:93,84,0,0
BRDA:93,84,1,0
BRDA:93,85,0,0
BRDA:93,85,1,0
BRDA:94,86,0,0
BRDA:94,86,1,0
BRDA:94,87,0,0
BRDA:94,87,1,0
BRDA:94,88,0,0
BRDA:94,88,1,0
BRDA:95,89,0,0
BRDA:95,89,1,0
BRDA:95,90,0,0
BRDA:95,90,1,0
BRDA:95,91,0,0
BRDA:95,91,1,0
BRDA:96,92,0,0
BRDA:96,92,1,0
BRDA:96,93,0,0
BRDA:96,93,1,0
BRDA:96,94,0,0
BRDA:96,94,1,0
BRDA:97,95,0,0
BRDA:97,95,1,0
BRDA:97,96,0,0
BRDA:97,96,1,0
BRDA:97,97,0,0
BRDA:97,97,1,0
BRDA:98,98,0,0
BRDA:98,98,1,0
BRDA:98,99,0,0
BRDA:98,99,1,0
BRDA:98,100,0,0
BRDA:98,100,1,0
BRDA:102,101,0,0
BRDA:102,101,1,0
BRDA:107,102,0,0
BRDA:107,102,1,0
BRDA:108,103,0,0
BRDA:108,103,1,0
BRDA:116,104,0,0
BRDA:126,105,0,0
BRDA:126,106,0,0
BRDA:126,106,1,0
BRDA:133,107,0,0
BRDA:133,108,0,0
BRDA:133,108,1,0
BRDA:162,109,0,0
BRDA:162,109,1,0
BRDA:162,110,0,0
BRDA:162,110,1,0
BRDA:162,111,0,0
BRDA:162,111,1,0
BRDA:178,112,0,0
BRDA:178,112,1,0
BRDA:178,113,0,0
BRDA:178,113,1,0
BRDA:179,114,0,0
BRDA:179,114,1,0
BRDA:179,115,0,0
BRDA:179,115,1,0
BRDA:179,116,0,0
BRDA:179,116,1,0
BRDA:180,117,0,0
BRDA:180,117,1,0
BRDA:180,118,0,0
BRDA:180,118,1,0
BRDA:180,119,0,0
BRDA:180,119,1,0
BRDA:189,120,0,0
BRDA:189,120,1,0
BRDA:189,121,0,0
BRDA:189,121,1,0
BRF:257
BRH:0
end_of_record
TN:
SF:app/api/leads/route.ts
FN:8,POST
FNF:1
FNH:1
FNDA:2,POST
DA:1,1
DA:2,1
DA:3,1
DA:4,1
DA:5,1
DA:6,1
DA:8,1
DA:9,2
DA:10,2
DA:12,2
DA:13,2
DA:14,2
DA:17,2
DA:42,1
DA:52,1
DA:54,1
DA:56,1
DA:57,1
LF:18
LH:18
BRDA:10,0,0,0
BRF:1
BRH:0
end_of_record
TN:
SF:app/api/leads/request-viewing/route.ts
FN:6,POST
FNF:1
FNH:1
FNDA:5,POST
DA:1,1
DA:2,1
DA:3,1
DA:4,1
DA:6,1
DA:7,5
DA:8,5
DA:10,5
DA:11,5
DA:13,5
DA:14,3
DA:21,2
DA:31,2
DA:32,2
DA:34,2
DA:35,2
DA:43,2
DA:44,1
DA:45,1
DA:52,2
DA:58,0
DA:59,0
LF:22
LH:20
BRDA:8,0,0,0
BRDA:13,1,0,3
BRDA:13,2,0,5
BRDA:13,2,1,3
BRDA:24,3,0,2
BRDA:24,3,1,1
BRDA:34,4,0,2
BRDA:43,5,0,1
BRF:8
BRH:7
end_of_record
TN:
SF:app/api/listings/route.ts
FN:20,extractValue
FN:42,queryFirestoreRest
FN:84,transformToListing
FN:107,GET
FNF:4
FNH:0
FNDA:0,extractValue
FNDA:0,queryFirestoreRest
FNDA:0,transformToListing
FNDA:0,GET
DA:1,0
DA:2,0
DA:3,0
DA:5,0
DA:6,0
DA:21,0
DA:22,0
DA:23,0
DA:24,0
DA:25,0
DA:26,0
DA:27,0
DA:29,0
DA:30,0
DA:31,0
DA:32,0
DA:34,0
DA:36,0
DA:47,0
DA:48,0
DA:52,0
DA:53,0
DA:54,0
DA:55,0
DA:57,0
DA:59,0
DA:61,0
DA:62,0
DA:63,0
DA:66,0
DA:68,0
DA:70,0
DA:73,0
DA:76,0
DA:77,0
DA:85,0
DA:87,0
DA:88,0
DA:90,0
DA:107,0
DA:108,0
DA:109,0
DA:111,0
DA:112,0
DA:113,0
DA:115,0
DA:116,0
DA:117,0
DA:118,0
DA:120,0
DA:121,0
DA:124,0
DA:125,0
DA:127,0
DA:128,0
DA:134,0
DA:136,0
DA:138,0
DA:139,0
LF:59
LH:0
BRDA:5,0,0,0
BRDA:5,0,1,0
BRDA:6,1,0,0
BRDA:6,1,1,0
BRDA:21,2,0,0
BRDA:22,3,0,0
BRDA:23,4,0,0
BRDA:24,5,0,0
BRDA:25,6,0,0
BRDA:26,7,0,0
BRDA:26,8,0,0
BRDA:26,8,1,0
BRDA:26,9,0,0
BRDA:26,9,1,0
BRDA:29,10,0,0
BRDA:29,11,0,0
BRDA:29,11,1,0
BRDA:29,12,0,0
BRDA:29,12,1,0
BRDA:52,13,0,0
BRDA:52,13,1,0
BRDA:54,14,0,0
BRDA:61,15,0,0
BRDA:68,16,0,0
BRDA:68,16,1,0
BRDA:73,17,0,0
BRDA:73,17,1,0
BRDA:76,18,0,0
BRDA:76,18,1,0
BRDA:76,19,0,0
BRDA:76,19,1,0
BRDA:76,20,0,0
BRDA:76,20,1,0
BRDA:85,21,0,0
BRDA:85,22,0,0
BRDA:85,22,1,0
BRDA:88,23,0,0
BRDA:88,23,1,0
BRDA:88,24,0,0
BRDA:88,24,1,0
BRDA:88,25,0,0
BRDA:88,25,1,0
BRDA:92,26,0,0
BRDA:92,26,1,0
BRDA:93,27,0,0
BRDA:93,27,1,0
BRDA:94,28,0,0
BRDA:94,28,1,0
BRDA:94,28,2,0
BRDA:94,28,3,0
BRDA:95,29,0,0
BRDA:95,29,1,0
BRDA:96,30,0,0
BRDA:96,30,1,0
BRDA:97,31,0,0
BRDA:97,31,1,0
BRDA:98,32,0,0
BRDA:98,32,1,0
BRDA:98,33,0,0
BRDA:98,33,1,0
BRDA:98,34,0,0
BRDA:98,34,1,0
BRDA:99,35,0,0
BRDA:99,35,1,0
BRDA:100,36,0,0
BRDA:100,36,1,0
BRDA:101,37,0,0
BRDA:101,37,1,0
BRDA:101,37,2,0
BRDA:102,38,0,0
BRDA:102,38,1,0
BRDA:103,39,0,0
BRDA:103,39,1,0
BRDA:109,40,0,0
BRDA:115,41,0,0
BRDA:117,42,0,0
BRDA:117,43,0,0
BRDA:117,43,1,0
BRDA:117,44,0,0
BRDA:117,44,1,0
BRDA:124,45,0,0
BRDA:124,45,1,0
BRDA:127,46,0,0
BRDA:134,47,0,0
BRDA:134,47,1,0
BRDA:138,48,0,0
BRDA:138,48,1,0
BRDA:138,49,0,0
BRDA:138,49,1,0
BRDA:138,50,0,0
BRDA:138,50,1,0
BRDA:140,51,0,0
BRDA:140,51,1,0
BRDA:140,52,0,0
BRDA:140,52,1,0
BRDA:140,53,0,0
BRDA:140,53,1,0
BRF:97
BRH:0
end_of_record
TN:
SF:app/api/matching/route.ts
FN:7,POST
FNF:1
FNH:0
FNDA:0,POST
DA:1,0
DA:2,0
DA:3,0
DA:4,0
DA:5,0
DA:7,0
DA:8,0
DA:9,0
DA:11,0
DA:12,0
DA:13,0
DA:14,0
DA:16,0
DA:18,0
DA:22,0
DA:24,0
DA:25,0
DA:26,0
DA:27,0
DA:29,0
DA:33,0
DA:36,0
DA:37,0
DA:40,0
DA:41,0
DA:44,0
DA:45,0
LF:27
LH:0
BRDA:9,0,0,0
BRDA:16,1,0,0
BRDA:36,2,0,0
BRF:3
BRH:0
end_of_record
TN:
SF:app/api/openclaw/route.ts
FN:30,(anonymous_0)
FN:44,(anonymous_1)
FN:48,(anonymous_2)
FN:50,(anonymous_3)
FN:54,(anonymous_4)
FN:63,(anonymous_5)
FN:64,(anonymous_6)
FN:70,(anonymous_7)
FN:76,POST
FNF:9
FNH:0
FNDA:0,(anonymous_0)
FNDA:0,(anonymous_1)
FNDA:0,(anonymous_2)
FNDA:0,(anonymous_3)
FNDA:0,(anonymous_4)
FNDA:0,(anonymous_5)
FNDA:0,(anonymous_6)
FNDA:0,(anonymous_7)
FNDA:0,POST
DA:1,0
DA:2,0
DA:3,0
DA:30,0
DA:31,0
DA:32,0
DA:35,0
DA:37,0
DA:44,0
DA:48,0
DA:49,0
DA:50,0
DA:54,0
DA:55,0
DA:56,0
DA:57,0
DA:58,0
DA:61,0
DA:62,0
DA:63,0
DA:64,0
DA:70,0
DA:72,0
DA:76,0
DA:78,0
DA:79,0
DA:80,0
DA:83,0
DA:84,0
DA:86,0
DA:87,0
DA:88,0
DA:91,0
DA:92,0
DA:93,0
DA:96,0
DA:97,0
DA:99,0
DA:112,0
DA:121,0
DA:139,0
DA:140,0
DA:141,0
DA:142,0
DA:145,0
DA:146,0
DA:149,0
DA:151,0
DA:153,0
DA:154,0
DA:155,0
LF:51
LH:0
BRDA:31,0,0,0
BRDA:31,1,0,0
BRDA:31,1,1,0
BRDA:38,2,0,0
BRDA:38,2,1,0
BRDA:38,2,2,0
BRDA:38,2,3,0
BRDA:38,2,4,0
BRDA:38,2,5,0
BRDA:38,2,6,0
BRDA:57,3,0,0
BRDA:58,4,0,0
BRDA:58,4,1,0
BRDA:63,5,0,0
BRDA:63,5,1,0
BRDA:63,6,0,0
BRDA:63,6,1,0
BRDA:63,7,0,0
BRDA:63,7,1,0
BRDA:63,8,0,0
BRDA:63,8,1,0
BRDA:63,9,0,0
BRDA:63,9,1,0
BRDA:65,10,0,0
BRDA:65,10,1,0
BRDA:65,11,0,0
BRDA:65,11,1,0
BRDA:67,12,0,0
BRDA:67,12,1,0
BRDA:68,13,0,0
BRDA:68,13,1,0
BRDA:68,14,0,0
BRDA:68,14,1,0
BRDA:79,15,0,0
BRDA:86,16,0,0
BRDA:92,17,0,0
BRDA:117,18,0,0
BRDA:117,18,1,0
BRDA:139,19,0,0
BRDA:146,20,0,0
BRDA:146,20,1,0
BRDA:146,21,0,0
BRDA:146,21,1,0
BRDA:146,22,0,0
BRDA:146,22,1,0
BRDA:146,23,0,0
BRDA:146,23,1,0
BRDA:146,24,0,0
BRDA:146,24,1,0
BRDA:146,25,0,0
BRDA:146,25,1,0
BRDA:146,26,0,0
BRDA:146,26,1,0
BRF:53
BRH:0
end_of_record
TN:
SF:app/api/orchestrate/route.ts
FN:10,POST
FN:30,(anonymous_1)
FN:31,(anonymous_2)
FNF:3
FNH:1
FNDA:2,POST
FNDA:0,(anonymous_1)
FNDA:0,(anonymous_2)
DA:1,1
DA:2,1
DA:3,1
DA:10,1
DA:11,2
DA:12,2
DA:13,2
DA:14,2
DA:17,0
DA:19,0
DA:20,0
DA:23,0
DA:24,0
DA:29,0
DA:30,0
DA:31,0
DA:33,0
DA:39,0
LF:18
LH:8
BRDA:13,0,0,2
BRDA:19,1,0,0
BRDA:19,2,0,0
BRDA:19,2,1,0
BRDA:23,3,0,0
BRF:5
BRH:1
end_of_record
TN:
SF:app/api/properties/sync/route.ts
FN:12,toNumber
FN:21,toDate
FN:34,getListingId
FN:41,getPriceValue
FN:46,getImages
FN:47,(anonymous_5)
FN:50,(anonymous_6)
FN:53,getRentPeriods
FN:63,mapProperty
FN:97,POST
FN:174,GET
FNF:11
FNH:0
FNDA:0,toNumber
FNDA:0,toDate
FNDA:0,getListingId
FNDA:0,getPriceValue
FNDA:0,getImages
FNDA:0,(anonymous_5)
FNDA:0,(anonymous_6)
FNDA:0,getRentPeriods
FNDA:0,mapProperty
FNDA:0,POST
FNDA:0,GET
DA:1,0
DA:2,0
DA:3,0
DA:4,0
DA:5,0
DA:10,0
DA:13,0
DA:14,0
DA:15,0
DA:16,0
DA:18,0
DA:22,0
DA:23,0
DA:26,0
DA:27,0
DA:28,0
DA:31,0
DA:35,0
DA:36,0
DA:37,0
DA:38,0
DA:42,0
DA:43,0
DA:47,0
DA:48,0
DA:50,0
DA:54,0
DA:55,0
DA:57,0
DA:58,0
DA:60,0
DA:64,0
DA:65,0
DA:66,0
DA:68,0
DA:97,0
DA:98,0
DA:99,0
DA:101,0
DA:103,0
DA:104,0
DA:106,0
DA:107,0
DA:113,0
DA:114,0
DA:115,0
DA:126,0
DA:127,0
DA:128,0
DA:129,0
DA:131,0
DA:132,0
DA:133,0
DA:134,0
DA:135,0
DA:136,0
DA:138,0
DA:139,0
DA:140,0
DA:141,0
DA:144,0
DA:145,0
DA:149,0
DA:150,0
DA:153,0
DA:163,0
DA:164,0
DA:174,0
DA:175,0
LF:69
LH:0
BRDA:13,0,0,0
BRDA:13,1,0,0
BRDA:13,1,1,0
BRDA:14,2,0,0
BRDA:14,3,0,0
BRDA:14,3,1,0
BRDA:16,4,0,0
BRDA:16,4,1,0
BRDA:22,5,0,0
BRDA:22,6,0,0
BRDA:22,6,1,0
BRDA:27,7,0,0
BRDA:35,8,0,0
BRDA:35,8,1,0
BRDA:35,9,0,0
BRDA:35,9,1,0
BRDA:36,10,0,0
BRDA:36,11,0,0
BRDA:36,11,1,0
BRDA:37,12,0,0
BRDA:42,13,0,0
BRDA:43,14,0,0
BRDA:43,14,1,0
BRDA:43,15,0,0
BRDA:43,15,1,0
BRDA:43,16,0,0
BRDA:43,16,1,0
BRDA:43,17,0,0
BRDA:43,17,1,0
BRDA:47,18,0,0
BRDA:47,18,1,0
BRDA:47,19,0,0
BRDA:47,19,1,0
BRDA:48,20,0,0
BRDA:48,21,0,0
BRDA:48,21,1,0
BRDA:48,22,0,0
BRDA:48,22,1,0
BRDA:50,23,0,0
BRDA:50,23,1,0
BRDA:50,24,0,0
BRDA:50,24,1,0
BRDA:50,25,0,0
BRDA:50,25,1,0
BRDA:54,26,0,0
BRDA:55,27,0,0
BRDA:55,28,0,0
BRDA:55,28,1,0
BRDA:55,29,0,0
BRDA:55,29,1,0
BRDA:58,30,0,0
BRDA:64,31,0,0
BRDA:64,31,1,0
BRDA:64,32,0,0
BRDA:64,32,1,0
BRDA:64,33,0,0
BRDA:64,33,1,0
BRDA:64,34,0,0
BRDA:64,34,1,0
BRDA:64,35,0,0
BRDA:64,35,1,0
BRDA:64,36,0,0
BRDA:64,36,1,0
BRDA:64,37,0,0
BRDA:64,37,1,0
BRDA:64,38,0,0
BRDA:64,38,1,0
BRDA:64,39,0,0
BRDA:64,39,1,0
BRDA:64,40,0,0
BRDA:64,40,1,0
BRDA:65,41,0,0
BRDA:65,41,1,0
BRDA:65,42,0,0
BRDA:65,42,1,0
BRDA:65,43,0,0
BRDA:65,43,1,0
BRDA:65,44,0,0
BRDA:65,44,1,0
BRDA:65,45,0,0
BRDA:65,45,1,0
BRDA:65,46,0,0
BRDA:65,46,1,0
BRDA:65,47,0,0
BRDA:65,47,1,0
BRDA:65,48,0,0
BRDA:65,48,1,0
BRDA:65,49,0,0
BRDA:65,49,1,0
BRDA:65,50,0,0
BRDA:65,50,1,0
BRDA:69,51,0,0
BRDA:69,51,1,0
BRDA:69,51,2,0
BRDA:70,52,0,0
BRDA:70,52,1,0
BRDA:70,52,2,0
BRDA:71,53,0,0
BRDA:71,53,1,0
BRDA:71,54,0,0
BRDA:71,54,1,0
BRDA:71,55,0,0
BRDA:71,55,1,0
BRDA:72,56,0,0
BRDA:72,56,1,0
BRDA:72,57,0,0
BRDA:72,57,1,0
BRDA:72,58,0,0
BRDA:72,58,1,0
BRDA:74,59,0,0
BRDA:74,59,1,0
BRDA:75,60,0,0
BRDA:75,60,1,0
BRDA:78,61,0,0
BRDA:78,61,1,0
BRDA:80,62,0,0
BRDA:80,62,1,0
BRDA:80,62,2,0
BRDA:80,63,0,0
BRDA:80,63,1,0
BRDA:80,64,0,0
BRDA:80,64,1,0
BRDA:80,65,0,0
BRDA:80,65,1,0
BRDA:80,66,0,0
BRDA:80,66,1,0
BRDA:82,67,0,0
BRDA:82,67,1,0
BRDA:82,68,0,0
BRDA:82,68,1,0
BRDA:82,69,0,0
BRDA:82,69,1,0
BRDA:84,70,0,0
BRDA:84,70,1,0
BRDA:84,71,0,0
BRDA:84,71,1,0
BRDA:84,72,0,0
BRDA:84,72,1,0
BRDA:84,73,0,0
BRDA:84,73,1,0
BRDA:85,74,0,0
BRDA:85,74,1,0
BRDA:86,75,0,0
BRDA:86,75,1,0
BRDA:87,76,0,0
BRDA:87,76,1,0
BRDA:87,77,0,0
BRDA:87,77,1,0
BRDA:87,78,0,0
BRDA:87,78,1,0
BRDA:99,79,0,0
BRDA:104,80,0,0
BRDA:104,80,1,0
BRDA:104,81,0,0
BRDA:104,81,1,0
BRDA:106,82,0,0
BRDA:114,83,0,0
BRDA:138,84,0,0
BRDA:145,85,0,0
BRDA:145,85,1,0
BRDA:145,86,0,0
BRDA:145,86,1,0
BRDA:149,87,0,0
BRDA:167,88,0,0
BRDA:167,88,1,0
BRF:165
BRH:0
end_of_record
TN:
SF:app/api/property-finder/route.ts
FN:5,GET
FN:54,POST
FN:91,PUT
FN:109,DELETE
FNF:4
FNH:0
FNDA:0,GET
FNDA:0,POST
FNDA:0,PUT
FNDA:0,DELETE
DA:1,0
DA:2,0
DA:3,0
DA:5,0
DA:6,0
DA:7,0
DA:9,0
DA:10,0
DA:12,0
DA:13,0
DA:15,0
DA:16,0
DA:17,0
DA:18,0
DA:21,0
DA:22,0
DA:23,0
DA:26,0
DA:27,0
DA:28,0
DA:29,0
DA:32,0
DA:33,0
DA:34,0
DA:35,0
DA:38,0
DA:39,0
DA:42,0
DA:43,0
DA:46,0
DA:49,0
DA:50,0
DA:54,0
DA:55,0
DA:56,0
DA:58,0
DA:59,0
DA:60,0
DA:62,0
DA:64,0
DA:65,0
DA:68,0
DA:69,0
DA:70,0
DA:73,0
DA:74,0
DA:75,0
DA:78,0
DA:79,0
DA:80,0
DA:83,0
DA:86,0
DA:87,0
DA:91,0
DA:92,0
DA:93,0
DA:95,0
DA:96,0
DA:97,0
DA:98,0
DA:100,0
DA:101,0
DA:102,0
DA:104,0
DA:105,0
DA:109,0
DA:110,0
DA:111,0
DA:113,0
DA:114,0
DA:115,0
DA:117,0
DA:118,0
DA:120,0
DA:121,0
LF:75
LH:0
BRDA:7,0,0,0
BRDA:13,1,0,0
BRDA:13,1,1,0
BRDA:13,1,2,0
BRDA:13,1,3,0
BRDA:13,1,4,0
BRDA:13,1,5,0
BRDA:13,1,6,0
BRDA:21,2,0,0
BRDA:21,2,1,0
BRDA:56,3,0,0
BRDA:62,4,0,0
BRDA:62,4,1,0
BRDA:62,4,2,0
BRDA:62,4,3,0
BRDA:62,4,4,0
BRDA:68,5,0,0
BRDA:73,6,0,0
BRDA:78,7,0,0
BRDA:78,8,0,0
BRDA:78,8,1,0
BRDA:93,9,0,0
BRDA:98,10,0,0
BRDA:111,11,0,0
BRDA:115,12,0,0
BRF:25
BRH:0
end_of_record
TN:
SF:app/api/proposals/route.ts
FN:5,POST
FNF:1
FNH:0
FNDA:0,POST
DA:1,0
DA:2,0
DA:3,0
DA:5,0
DA:6,0
DA:7,0
DA:9,0
DA:10,0
DA:12,0
DA:13,0
DA:16,0
DA:18,0
DA:25,0
DA:26,0
LF:14
LH:0
BRDA:7,0,0,0
BRDA:12,1,0,0
BRF:2
BRH:0
end_of_record
TN:
SF:app/api/seed/admin-setup/route.ts
FN:9,POST
FNF:1
FNH:0
FNDA:0,POST
DA:1,0
DA:2,0
DA:3,0
DA:9,0
DA:10,0
DA:11,0
DA:12,0
DA:15,0
DA:16,0
DA:19,0
DA:20,0
DA:21,0
DA:23,0
DA:24,0
DA:25,0
DA:26,0
DA:28,0
DA:32,0
DA:39,0
DA:41,0
DA:42,0
LF:21
LH:0
BRDA:11,0,0,0
BRDA:23,1,0,0
BRDA:23,1,1,0
BRDA:41,2,0,0
BRDA:41,2,1,0
BRF:5
BRH:0
end_of_record
TN:
SF:app/api/seed/listings/route.ts
FN:178,POST
FN:192,(anonymous_1)
FNF:2
FNH:0
FNDA:0,POST
FNDA:0,(anonymous_1)
DA:1,0
DA:2,0
DA:3,0
DA:4,0
DA:6,0
DA:178,0
DA:179,0
DA:180,0
DA:183,0
DA:184,0
DA:185,0
DA:186,0
DA:189,0
DA:190,0
DA:192,0
DA:193,0
DA:194,0
DA:202,0
DA:203,0
DA:209,0
DA:210,0
LF:21
LH:0
BRDA:179,0,0,0
BRDA:185,1,0,0
BRDA:211,2,0,0
BRDA:211,2,1,0
BRF:4
BRH:0
end_of_record
TN:
SF:app/api/seed/test-data/route.ts
FN:178,POST
FNF:1
FNH:0
FNDA:0,POST
DA:1,0
DA:2,0
DA:3,0
DA:4,0
DA:6,0
DA:178,0
DA:179,0
DA:180,0
DA:183,0
DA:184,0
DA:185,0
DA:186,0
DA:189,0
DA:190,0
DA:192,0
DA:193,0
DA:199,0
DA:202,0
DA:208,0
DA:209,0
LF:20
LH:0
BRDA:179,0,0,0
BRDA:185,1,0,0
BRDA:210,2,0,0
BRDA:210,2,1,0
BRF:4
BRH:0
end_of_record
TN:
SF:app/api/sync/route.ts
FN:13,isAdmin
FN:24,GET
FN:53,POST
FNF:3
FNH:0
FNDA:0,isAdmin
FNDA:0,GET
FNDA:0,POST
DA:1,0
DA:2,0
DA:3,0
DA:4,0
DA:5,0
DA:6,0
DA:14,0
DA:15,0
DA:16,0
DA:18,0
DA:19,0
DA:24,0
DA:26,0
DA:27,0
DA:29,0
DA:30,0
DA:31,0
DA:34,0
DA:35,0
DA:37,0
DA:38,0
DA:40,0
DA:41,0
DA:44,0
DA:47,0
DA:48,0
DA:53,0
DA:55,0
DA:56,0
DA:58,0
DA:59,0
DA:60,0
DA:63,0
DA:64,0
DA:65,0
DA:67,0
DA:69,0
DA:70,0
DA:71,0
DA:72,0
DA:75,0
DA:76,0
DA:78,0
DA:86,0
DA:87,0
DA:91,0
DA:92,0
DA:96,0
DA:97,0
DA:98,0
DA:100,0
DA:101,0
DA:105,0
DA:108,0
DA:109,0
LF:55
LH:0
BRDA:16,0,0,0
BRDA:16,0,1,0
BRDA:16,1,0,0
BRDA:16,1,1,0
BRDA:16,2,0,0
BRDA:16,2,1,0
BRDA:27,3,0,0
BRDA:29,4,0,0
BRDA:31,5,0,0
BRDA:38,6,0,0
BRDA:38,6,1,0
BRDA:56,7,0,0
BRDA:58,8,0,0
BRDA:60,9,0,0
BRDA:67,10,0,0
BRDA:67,10,1,0
BRDA:67,10,2,0
BRDA:67,10,3,0
BRDA:67,10,4,0
BRDA:69,11,0,0
BRDA:69,11,1,0
BRDA:71,12,0,0
BRDA:71,12,1,0
BRDA:97,13,0,0
BRDA:97,14,0,0
BRDA:97,14,1,0
BRDA:97,14,2,0
BRF:27
BRH:0
end_of_record
TN:
SF:app/api/sync/airtable/route.ts
FN:17,isAdmin
FN:27,GET
FN:41,POST
FNF:3
FNH:0
FNDA:0,isAdmin
FNDA:0,GET
FNDA:0,POST
DA:1,0
DA:2,0
DA:3,0
DA:4,0
DA:18,0
DA:19,0
DA:20,0
DA:22,0
DA:23,0
DA:27,0
DA:28,0
DA:29,0
DA:30,0
DA:31,0
DA:34,0
DA:35,0
DA:41,0
DA:42,0
DA:43,0
DA:44,0
DA:45,0
DA:48,0
DA:49,0
DA:50,0
DA:52,0
DA:54,0
DA:55,0
LF:27
LH:0
BRDA:20,0,0,0
BRDA:20,0,1,0
BRDA:20,1,0,0
BRDA:20,1,1,0
BRDA:20,2,0,0
BRDA:20,2,1,0
BRDA:29,3,0,0
BRDA:30,4,0,0
BRDA:30,5,0,0
BRDA:30,5,1,0
BRDA:37,6,0,0
BRDA:37,6,1,0
BRDA:37,7,0,0
BRDA:37,7,1,0
BRDA:37,8,0,0
BRDA:37,8,1,0
BRDA:37,9,0,0
BRDA:37,9,1,0
BRDA:43,10,0,0
BRDA:44,11,0,0
BRDA:44,12,0,0
BRDA:44,12,1,0
BRDA:52,13,0,0
BRDA:52,13,1,0
BRDA:54,14,0,0
BRDA:54,14,1,0
BRF:26
BRH:0
end_of_record
TN:
SF:app/api/sync/obsidian/route.ts
FN:6,POST
FNF:1
FNH:0
FNDA:0,POST
DA:1,0
DA:2,0
DA:3,0
DA:4,0
DA:6,0
DA:7,0
DA:8,0
DA:9,0
DA:11,0
DA:12,0
DA:18,0
DA:19,0
DA:21,0
DA:22,0
DA:23,0
DA:33,0
DA:36,0
DA:44,0
DA:50,0
DA:51,0
LF:20
LH:0
BRDA:11,0,0,0
BRF:1
BRH:0
end_of_record
TN:
SF:app/api/sync/publish/route.ts
FN:6,POST
FNF:1
FNH:0
FNDA:0,POST
DA:1,0
DA:2,0
DA:3,0
DA:4,0
DA:6,0
DA:7,0
DA:8,0
DA:10,0
DA:11,0
DA:12,0
DA:13,0
DA:14,0
DA:17,0
DA:21,0
DA:22,0
DA:23,0
DA:24,0
DA:27,0
DA:29,0
DA:35,0
DA:36,0
LF:21
LH:0
BRDA:8,0,0,0
BRDA:10,1,0,0
BRDA:13,2,0,0
BRDA:13,3,0,0
BRDA:13,3,1,0
BRDA:13,4,0,0
BRDA:13,4,1,0
BRDA:13,5,0,0
BRDA:13,5,1,0
BRDA:23,6,0,0
BRDA:32,7,0,0
BRDA:32,7,1,0
BRF:12
BRH:0
end_of_record
TN:
SF:app/api/telegram/setup/route.ts
FN:4,GET
FNF:1
FNH:0
FNDA:0,GET
DA:1,0
DA:2,0
DA:4,0
DA:5,0
DA:6,0
DA:8,0
DA:9,0
DA:10,0
DA:12,0
DA:13,0
DA:15,0
DA:16,0
DA:17,0
DA:18,0
DA:19,0
DA:21,0
LF:16
LH:0
BRDA:6,0,0,0
BRDA:12,1,0,0
BRDA:13,2,0,0
BRF:3
BRH:0
end_of_record
TN:
SF:app/api/telegram/webhook/route.ts
FN:4,POST
FN:20,(anonymous_10)
FN:128,(anonymous_11)
FN:172,(anonymous_12)
FN:189,(anonymous_13)
FNF:5
FNH:0
FNDA:0,POST
FNDA:0,(anonymous_10)
FNDA:0,(anonymous_11)
FNDA:0,(anonymous_12)
FNDA:0,(anonymous_13)
DA:1,0
DA:2,0
DA:4,0
DA:9,0
DA:10,0
DA:11,0
DA:13,0
DA:15,0
DA:16,0
DA:18,0
DA:20,0
DA:21,0
DA:22,0
DA:32,0
DA:36,0
DA:38,0
DA:40,0
DA:41,0
DA:44,0
DA:45,0
DA:58,0
DA:59,0
DA:67,0
DA:68,0
DA:69,0
DA:75,0
DA:77,0
DA:78,0
DA:79,0
DA:81,0
DA:82,0
DA:84,0
DA:91,0
DA:93,0
DA:94,0
DA:95,0
DA:114,0
DA:116,0
DA:117,0
DA:122,0
DA:123,0
DA:124,0
DA:127,0
DA:128,0
DA:129,0
DA:130,0
DA:131,0
DA:133,0
DA:135,0
DA:137,0
DA:138,0
DA:139,0
DA:158,0
DA:160,0
DA:161,0
DA:166,0
DA:167,0
DA:168,0
DA:171,0
DA:172,0
DA:173,0
DA:174,0
DA:176,0
DA:178,0
DA:180,0
DA:181,0
DA:183,0
DA:189,0
DA:190,0
DA:191,0
DA:194,0
DA:196,0
DA:197,0
LF:73
LH:0
BRDA:13,0,0,0
BRDA:13,1,0,0
BRDA:13,1,1,0
BRDA:38,2,0,0
BRDA:38,2,1,0
BRDA:38,3,0,0
BRDA:38,3,1,0
BRDA:40,4,0,0
BRDA:40,5,0,0
BRDA:40,5,1,0
BRDA:40,5,2,0
BRDA:40,5,3,0
BRDA:44,6,0,0
BRDA:44,6,1,0
BRDA:58,7,0,0
BRDA:58,7,1,0
BRDA:61,8,0,0
BRDA:61,8,1,0
BRDA:62,9,0,0
BRDA:62,9,1,0
BRDA:67,10,0,0
BRDA:67,10,1,0
BRDA:68,11,0,0
BRDA:93,12,0,0
BRDA:93,12,1,0
BRDA:94,13,0,0
BRDA:122,14,0,0
BRDA:130,15,0,0
BRDA:130,15,1,0
BRDA:130,16,0,0
BRDA:130,16,1,0
BRDA:130,17,0,0
BRDA:130,17,1,0
BRDA:131,18,0,0
BRDA:131,18,1,0
BRDA:131,19,0,0
BRDA:131,19,1,0
BRDA:137,20,0,0
BRDA:137,20,1,0
BRDA:138,21,0,0
BRDA:166,22,0,0
BRDA:174,23,0,0
BRDA:174,23,1,0
BRDA:174,24,0,0
BRDA:174,24,1,0
BRDA:174,25,0,0
BRDA:174,25,1,0
BRDA:180,26,0,0
BRDA:180,27,0,0
BRDA:180,27,1,0
BRDA:190,28,0,0
BRDA:190,28,1,0
BRF:52
BRH:0
end_of_record
TN:
SF:app/api/viewing-requests/route.ts
FN:6,POST
FN:84,GET
FN:103,(anonymous_2)
FNF:3
FNH:0
FNDA:0,POST
FNDA:0,GET
FNDA:0,(anonymous_2)
DA:1,0
DA:2,0
DA:3,0
DA:4,0
DA:6,0
DA:7,0
DA:8,0
DA:10,0
DA:11,0
DA:21,0
DA:24,0
DA:25,0
DA:32,0
DA:33,0
DA:34,0
DA:41,0
DA:42,0
DA:43,0
DA:45,0
DA:46,0
DA:53,0
DA:67,0
DA:76,0
DA:77,0
DA:84,0
DA:85,0
DA:86,0
DA:88,0
DA:89,0
DA:90,0
DA:91,0
DA:93,0
DA:95,0
DA:96,0
DA:98,0
DA:99,0
DA:102,0
DA:103,0
DA:108,0
DA:114,0
DA:115,0
LF:41
LH:0
BRDA:8,0,0,0
BRDA:24,1,0,0
BRDA:24,2,0,0
BRDA:24,2,1,0
BRDA:24,2,2,0
BRDA:24,2,3,0
BRDA:24,2,4,0
BRDA:33,3,0,0
BRDA:45,4,0,0
BRDA:59,5,0,0
BRDA:59,5,1,0
BRDA:60,6,0,0
BRDA:60,6,1,0
BRDA:61,7,0,0
BRDA:61,7,1,0
BRDA:78,8,0,0
BRDA:78,8,1,0
BRDA:86,9,0,0
BRDA:95,10,0,0
BRDA:98,11,0,0
BRF:20
BRH:0
end_of_record
TN:
SF:app/api/wealth/portfolio/route.ts
FN:5,GET
FNF:1
FNH:1
FNDA:3,GET
DA:1,1
DA:2,1
DA:3,1
DA:5,1
DA:6,3
DA:7,3
DA:9,3
DA:10,3
DA:11,3
DA:13,3
DA:14,3
DA:15,2
DA:17,1
DA:18,1
LF:14
LH:14
BRDA:7,0,0,0
BRDA:10,1,0,3
BRDA:10,1,1,1
BRF:3
BRH:2
end_of_record
TN:
SF:app/api/wealth/roi/route.ts
FN:12,POST
FNF:1
FNH:1
FNDA:4,POST
DA:6,1
DA:7,1
DA:8,1
DA:9,1
DA:10,1
DA:12,1
DA:13,4
DA:14,4
DA:16,4
DA:17,4
DA:19,4
DA:20,1
DA:23,3
DA:24,2
DA:25,1
DA:28,1
DA:29,1
DA:30,1
DA:31,1
DA:34,1
DA:35,3
DA:36,3
DA:37,2
DA:38,2
DA:40,2
DA:48,2
DA:49,2
DA:53,1
DA:54,1
DA:56,1
DA:63,1
DA:69,1
DA:75,1
DA:76,1
LF:34
LH:34
BRDA:14,0,0,0
BRDA:19,1,0,1
BRDA:24,2,0,1
BRDA:36,3,0,2
BRDA:53,4,0,1
BRDA:53,4,1,0
BRDA:54,5,0,1
BRDA:54,5,1,0
BRF:8
BRH:5
end_of_record
TN:
SF:app/api/webhooks/property-finder/route.ts
FN:9,verifySignature
FN:20,POST
FNF:2
FNH:0
FNDA:0,verifySignature
FNDA:0,POST
DA:1,0
DA:2,0
DA:3,0
DA:4,0
DA:5,0
DA:7,0
DA:10,0
DA:11,0
DA:12,0
DA:14,0
DA:15,0
DA:16,0
DA:17,0
DA:20,0
DA:21,0
DA:22,0
DA:24,0
DA:25,0
DA:28,0
DA:29,0
DA:30,0
DA:32,0
DA:36,0
DA:37,0
DA:41,0
DA:54,0
DA:55,0
DA:61,0
DA:63,0
DA:69,0
DA:70,0
DA:71,0
DA:75,0
DA:76,0
DA:82,0
DA:86,0
DA:89,0
DA:91,0
DA:92,0
LF:39
LH:0
BRDA:7,0,0,0
BRDA:7,0,1,0
BRDA:10,1,0,0
BRDA:14,2,0,0
BRDA:16,3,0,0
BRDA:22,4,0,0
BRDA:22,4,1,0
BRDA:24,5,0,0
BRDA:24,6,0,0
BRDA:24,6,1,0
BRDA:30,7,0,0
BRDA:30,7,1,0
BRDA:32,8,0,0
BRDA:32,8,1,0
BRDA:32,8,2,0
BRDA:32,8,3,0
BRDA:32,8,4,0
BRDA:32,8,5,0
BRDA:32,8,6,0
BRDA:36,9,0,0
BRDA:36,9,1,0
BRDA:42,10,0,0
BRDA:42,10,1,0
BRDA:42,10,2,0
BRDA:42,11,0,0
BRDA:42,11,1,0
BRDA:42,12,0,0
BRDA:42,12,1,0
BRDA:43,13,0,0
BRDA:43,13,1,0
BRDA:43,13,2,0
BRDA:43,14,0,0
BRDA:43,14,1,0
BRDA:43,15,0,0
BRDA:43,15,1,0
BRDA:44,16,0,0
BRDA:44,16,1,0
BRDA:44,16,2,0
BRDA:44,17,0,0
BRDA:44,17,1,0
BRDA:44,18,0,0
BRDA:44,18,1,0
BRDA:48,19,0,0
BRDA:48,19,1,0
BRDA:50,20,0,0
BRDA:50,20,1,0
BRDA:50,21,0,0
BRDA:50,21,1,0
BRDA:50,22,0,0
BRDA:50,22,1,0
BRDA:54,23,0,0
BRDA:54,23,1,0
BRDA:69,24,0,0
BRDA:69,24,1,0
BRDA:70,25,0,0
BRDA:70,25,1,0
BRDA:75,26,0,0
BRDA:78,27,0,0
BRDA:78,27,1,0
BRF:59
BRH:0
end_of_record
TN:
SF:app/api/webhooks/whatsapp/route.ts
FN:12,POST
FN:60,GET
FNF:2
FNH:0
FNDA:0,POST
FNDA:0,GET
DA:1,0
DA:2,0
DA:3,0
DA:12,0
DA:14,0
DA:15,0
DA:16,0
DA:17,0
DA:18,0
DA:22,0
DA:23,0
DA:26,0
DA:29,0
DA:33,0
DA:34,0
DA:35,0
DA:37,0
DA:38,0
DA:42,0
DA:44,0
DA:52,0
DA:53,0
DA:60,0
DA:61,0
DA:62,0
DA:63,0
DA:64,0
DA:67,0
DA:68,0
DA:71,0
LF:30
LH:0
BRDA:14,0,0,0
BRDA:14,0,1,0
BRDA:15,1,0,0
BRDA:17,2,0,0
BRDA:17,3,0,0
BRDA:17,3,1,0
BRDA:33,4,0,0
BRDA:33,4,1,0
BRDA:33,4,2,0
BRDA:33,5,0,0
BRDA:33,5,1,0
BRDA:33,6,0,0
BRDA:33,6,1,0
BRDA:34,7,0,0
BRDA:34,7,1,0
BRDA:34,7,2,0
BRDA:35,8,0,0
BRDA:35,8,1,0
BRDA:35,8,2,0
BRDA:37,9,0,0
BRDA:67,10,0,0
BRDA:67,11,0,0
BRDA:67,11,1,0
BRF:23
BRH:0
end_of_record
TN:
SF:app/api/whatsapp/heartbeat/route.ts
FN:9,POST
FN:17,GET
FNF:2
FNH:2
FNDA:1,POST
FNDA:1,GET
DA:1,1
DA:2,1
DA:3,1
DA:9,1
DA:10,1
DA:11,1
DA:13,1
DA:14,1
DA:17,1
DA:18,1
DA:19,1
DA:21,1
LF:12
LH:12
BRDA:11,0,0,0
BRDA:19,1,0,0
BRF:2
BRH:0
end_of_record
TN:
SF:app/api/whatsapp/webhook/route.ts
FN:9,verifyWebhookSecret
FN:15,POST
FN:79,GET
FNF:3
FNH:0
FNDA:0,verifyWebhookSecret
FNDA:0,POST
FNDA:0,GET
DA:1,0
DA:2,0
DA:3,0
DA:4,0
DA:5,0
DA:7,0
DA:10,0
DA:11,0
DA:12,0
DA:15,0
DA:16,0
DA:17,0
DA:20,0
DA:21,0
DA:24,0
DA:25,0
DA:26,0
DA:28,0
DA:29,0
DA:32,0
DA:35,0
DA:38,0
DA:59,0
DA:61,0
DA:69,0
DA:70,0
DA:79,0
DA:80,0
LF:28
LH:0
BRDA:7,0,0,0
BRDA:7,0,1,0
BRDA:10,1,0,0
BRDA:16,2,0,0
BRDA:24,3,0,0
BRDA:24,3,1,0
BRDA:24,3,2,0
BRDA:24,3,3,0
BRDA:24,3,4,0
BRDA:24,4,0,0
BRDA:24,4,1,0
BRDA:24,5,0,0
BRDA:24,5,1,0
BRDA:24,6,0,0
BRDA:24,6,1,0
BRDA:24,7,0,0
BRDA:24,7,1,0
BRDA:25,8,0,0
BRDA:25,8,1,0
BRDA:25,8,2,0
BRDA:25,8,3,0
BRDA:25,8,4,0
BRDA:26,9,0,0
BRDA:26,9,1,0
BRDA:26,9,2,0
BRDA:26,9,3,0
BRDA:28,10,0,0
BRDA:28,11,0,0
BRDA:28,11,1,0
BRDA:44,12,0,0
BRDA:44,12,1,0
BRDA:44,13,0,0
BRDA:44,13,1,0
BRDA:45,14,0,0
BRDA:45,14,1,0
BRDA:45,15,0,0
BRDA:45,15,1,0
BRDA:46,16,0,0
BRDA:46,16,1,0
BRDA:46,17,0,0
BRDA:46,17,1,0
BRDA:47,18,0,0
BRDA:47,18,1,0
BRDA:47,19,0,0
BRDA:47,19,1,0
BRDA:48,20,0,0
BRDA:48,20,1,0
BRDA:48,21,0,0
BRDA:48,21,1,0
BRDA:49,22,0,0
BRDA:49,22,1,0
BRDA:49,23,0,0
BRDA:49,23,1,0
BRDA:50,24,0,0
BRDA:50,24,1,0
BRDA:50,25,0,0
BRDA:50,25,1,0
BRDA:52,26,0,0
BRDA:52,26,1,0
BRDA:52,27,0,0
BRDA:52,27,1,0
BRDA:52,28,0,0
BRDA:52,28,1,0
BRDA:64,29,0,0
BRDA:64,29,1,0
BRDA:64,30,0,0
BRDA:64,30,1,0
BRDA:64,31,0,0
BRDA:64,31,1,0
BRDA:65,32,0,0
BRDA:65,32,1,0
BRDA:65,33,0,0
BRDA:65,33,1,0
BRDA:65,34,0,0
BRDA:65,34,1,0
BRDA:73,35,0,0
BRDA:73,35,1,0
BRDA:73,36,0,0
BRDA:73,36,1,0
BRF:79
BRH:0
end_of_record
TN:
SF:lib/AuthContext.tsx
FN:22,(anonymous_9)
FN:23,(anonymous_10)
FN:29,AuthProvider
FN:36,(anonymous_12)
FN:43,(anonymous_13)
FN:61,(anonymous_14)
FN:68,(anonymous_15)
FN:73,(anonymous_16)
FN:80,(anonymous_17)
FN:86,(anonymous_18)
FN:87,(anonymous_19)
FN:109,(anonymous_20)
FN:115,(anonymous_21)
FN:121,(anonymous_22)
FN:126,(anonymous_23)
FN:127,(anonymous_24)
FN:131,(anonymous_25)
FN:132,(anonymous_26)
FN:154,(anonymous_27)
FNF:19
FNH:0
FNDA:0,(anonymous_9)
FNDA:0,(anonymous_10)
FNDA:0,AuthProvider
FNDA:0,(anonymous_12)
FNDA:0,(anonymous_13)
FNDA:0,(anonymous_14)
FNDA:0,(anonymous_15)
FNDA:0,(anonymous_16)
FNDA:0,(anonymous_17)
FNDA:0,(anonymous_18)
FNDA:0,(anonymous_19)
FNDA:0,(anonymous_20)
FNDA:0,(anonymous_21)
FNDA:0,(anonymous_22)
FNDA:0,(anonymous_23)
FNDA:0,(anonymous_24)
FNDA:0,(anonymous_25)
FNDA:0,(anonymous_26)
FNDA:0,(anonymous_27)
DA:2,0
DA:3,0
DA:4,0
DA:16,0
DA:26,0
DA:27,0
DA:29,0
DA:30,0
DA:31,0
DA:32,0
DA:33,0
DA:34,0
DA:36,0
DA:37,0
DA:38,0
DA:39,0
DA:43,0
DA:44,0
DA:45,0
DA:46,0
DA:47,0
DA:48,0
DA:51,0
DA:52,0
DA:53,0
DA:54,0
DA:55,0
DA:57,0
DA:61,0
DA:62,0
DA:64,0
DA:65,0
DA:68,0
DA:69,0
DA:73,0
DA:74,0
DA:75,0
DA:76,0
DA:77,0
DA:80,0
DA:81,0
DA:82,0
DA:83,0
DA:85,0
DA:86,0
DA:87,0
DA:88,0
DA:89,0
DA:90,0
DA:91,0
DA:93,0
DA:96,0
DA:97,0
DA:100,0
DA:102,0
DA:104,0
DA:105,0
DA:107,0
DA:110,0
DA:111,0
DA:112,0
DA:115,0
DA:116,0
DA:117,0
DA:121,0
DA:122,0
DA:123,0
DA:126,0
DA:127,0
DA:128,0
DA:131,0
DA:132,0
DA:133,0
DA:139,0
DA:154,0
LF:75
LH:0
BRDA:37,0,0,0
BRDA:44,1,0,0
BRDA:64,2,0,0
BRDA:64,3,0,0
BRDA:64,3,1,0
BRDA:64,3,2,0
BRDA:74,4,0,0
BRDA:82,5,0,0
BRDA:82,5,1,0
BRDA:89,6,0,0
BRDA:89,6,1,0
BRDA:91,7,0,0
BRDA:91,7,1,0
BRDA:104,8,0,0
BRDA:104,8,1,0
BRDA:122,9,0,0
BRDA:122,10,0,0
BRDA:122,10,1,0
BRF:18
BRH:0
end_of_record
TN:
SF:lib/I18nContext.tsx
FN:24,I18nProvider
FN:26,(anonymous_11)
FN:34,(anonymous_12)
FN:44,(anonymous_13)
FN:52,(anonymous_14)
FN:86,(anonymous_15)
FN:93,useI18n
FNF:7
FNH:0
FNDA:0,I18nProvider
FNDA:0,(anonymous_11)
FNDA:0,(anonymous_12)
FNDA:0,(anonymous_13)
FNDA:0,(anonymous_14)
FNDA:0,(anonymous_15)
FNDA:0,useI18n
DA:2,0
DA:4,0
DA:5,0
DA:19,0
DA:20,0
DA:22,0
DA:24,0
DA:26,0
DA:27,0
DA:28,0
DA:29,0
DA:31,0
DA:34,0
DA:35,0
DA:36,0
DA:37,0
DA:38,0
DA:39,0
DA:44,0
DA:45,0
DA:46,0
DA:47,0
DA:51,0
DA:56,0
DA:57,0
DA:58,0
DA:60,0
DA:61,0
DA:62,0
DA:63,0
DA:66,0
DA:67,0
DA:69,0
DA:70,0
DA:71,0
DA:72,0
DA:73,0
DA:75,0
DA:78,0
DA:83,0
DA:85,0
DA:86,0
DA:90,0
DA:93,0
DA:94,0
DA:95,0
DA:96,0
LF:47
LH:0
BRDA:27,0,0,0
BRDA:29,1,0,0
BRDA:29,2,0,0
BRDA:29,2,1,0
BRDA:36,3,0,0
BRDA:39,4,0,0
BRDA:39,4,1,0
BRDA:45,5,0,0
BRDA:47,6,0,0
BRDA:47,6,1,0
BRDA:56,7,0,0
BRDA:56,7,1,0
BRDA:61,8,0,0
BRDA:66,9,0,0
BRDA:66,9,1,0
BRDA:66,10,0,0
BRDA:66,10,1,0
BRDA:67,11,0,0
BRDA:72,12,0,0
BRDA:72,12,1,0
BRDA:72,13,0,0
BRDA:72,13,1,0
BRDA:72,13,2,0
BRDA:78,14,0,0
BRDA:78,14,1,0
BRDA:83,15,0,0
BRDA:83,15,1,0
BRDA:95,16,0,0
BRF:28
BRH:0
end_of_record
TN:
SF:lib/NavigationContext.tsx
FN:17,(anonymous_9)
FN:21,NavigationProvider
FN:25,(anonymous_11)
FN:31,(anonymous_12)
FN:42,(anonymous_13)
FNF:5
FNH:0
FNDA:0,(anonymous_9)
FNDA:0,NavigationProvider
FNDA:0,(anonymous_11)
FNDA:0,(anonymous_12)
FNDA:0,(anonymous_13)
DA:2,0
DA:15,0
DA:21,0
DA:22,0
DA:23,0
DA:25,0
DA:26,0
DA:27,0
DA:30,0
DA:31,0
DA:35,0
DA:42,0
LF:12
LH:0
BRF:0
BRH:0
end_of_record
TN:
SF:lib/animations.ts
FNF:0
FNH:0
DA:9,0
DA:24,0
DA:42,0
DA:56,0
LF:4
LH:0
BRF:0
BRH:0
end_of_record
TN:
SF:lib/arize.ts
FN:6,instrumentAgent
FN:20,getTracer
FN:22,(anonymous_2)
FN:25,(anonymous_3)
FN:26,(anonymous_4)
FN:27,(anonymous_5)
FN:28,(anonymous_6)
FN:35,initializeArize
FN:40,(anonymous_8)
FNF:9
FNH:0
FNDA:0,instrumentAgent
FNDA:0,getTracer
FNDA:0,(anonymous_2)
FNDA:0,(anonymous_3)
FNDA:0,(anonymous_4)
FNDA:0,(anonymous_5)
FNDA:0,(anonymous_6)
FNDA:0,initializeArize
FNDA:0,(anonymous_8)
DA:1,0
DA:6,0
DA:13,0
DA:14,0
DA:15,0
DA:17,0
DA:20,0
DA:21,0
DA:24,0
DA:30,0
DA:35,0
DA:37,0
DA:40,0
DA:41,0
DA:42,0
LF:15
LH:0
BRDA:14,0,0,0
BRDA:41,1,0,0
BRF:2
BRH:0
end_of_record
TN:
SF:lib/audit.ts
FN:25,(anonymous_0)
FNF:1
FNH:0
FNDA:0,(anonymous_0)
DA:1,0
DA:2,0
DA:25,0
DA:26,0
DA:27,0
DA:32,0
LF:6
LH:0
BRF:0
BRH:0
end_of_record
TN:
SF:lib/auth-guard.ts
FN:27,verifyRequest
FN:70,unauthorizedResponse
FNF:2
FNH:0
FNDA:0,verifyRequest
FNDA:0,unauthorizedResponse
DA:11,0
DA:12,0
DA:15,0
DA:27,0
DA:29,0
DA:30,0
DA:31,0
DA:34,0
DA:35,0
DA:39,0
DA:40,0
DA:41,0
DA:53,0
DA:54,0
DA:55,0
DA:59,0
DA:60,0
DA:61,0
DA:64,0
DA:70,0
DA:71,0
LF:21
LH:0
BRDA:15,0,0,0
BRDA:15,0,1,0
BRDA:15,0,2,0
BRDA:30,1,0,0
BRDA:30,2,0,0
BRDA:30,2,1,0
BRDA:30,3,0,0
BRDA:30,3,1,0
BRDA:34,4,0,0
BRDA:34,5,0,0
BRDA:34,5,1,0
BRDA:54,6,0,0
BRDA:54,7,0,0
BRDA:54,7,1,0
BRDA:60,8,0,0
BRDA:60,9,0,0
BRDA:60,9,1,0
BRDA:70,10,0,0
BRF:18
BRH:0
end_of_record
TN:
SF:lib/business-rules.ts
FN:14,formatPrice
FN:46,generateSBRCode
FN:67,isValueHunterDeal
FN:91,getNextStage
FNF:4
FNH:0
FNDA:0,formatPrice
FNDA:0,generateSBRCode
FNDA:0,isValueHunterDeal
FNDA:0,getNextStage
DA:11,0
DA:12,0
DA:14,0
DA:15,0
DA:16,0
DA:17,0
DA:19,0
DA:27,0
DA:33,0
DA:46,0
DA:52,0
DA:54,0
DA:55,0
DA:57,0
DA:59,0
DA:67,0
DA:68,0
DA:69,0
DA:76,0
DA:91,0
DA:92,0
DA:93,0
DA:94,0
DA:95,0
DA:102,0
LF:25
LH:0
BRDA:15,0,0,0
BRDA:16,1,0,0
BRDA:52,2,0,0
BRDA:52,2,1,0
BRDA:54,3,0,0
BRDA:54,3,1,0
BRDA:68,4,0,0
BRDA:93,5,0,0
BRDA:94,6,0,0
BRF:9
BRH:0
end_of_record
TN:
SF:lib/config.ts
FNF:0
FNH:0
DA:7,0
DA:37,0
LF:2
LH:0
BRF:0
BRH:0
end_of_record
TN:
SF:lib/database-protocol.ts
FN:45,fetchPropertiesFromDB
FN:57,(anonymous_1)
FN:73,fetchAllMapProperties
FN:85,(anonymous_3)
FN:91,(anonymous_4)
FN:101,fetchPropertiesByCompound
FN:112,(anonymous_6)
FNF:7
FNH:0
FNDA:0,fetchPropertiesFromDB
FNDA:0,(anonymous_1)
FNDA:0,fetchAllMapProperties
FNDA:0,(anonymous_3)
FNDA:0,(anonymous_4)
FNDA:0,fetchPropertiesByCompound
FNDA:0,(anonymous_6)
DA:1,0
DA:2,0
DA:45,0
DA:48,0
DA:49,0
DA:54,0
DA:55,0
DA:57,0
DA:64,0
DA:65,0
DA:73,0
DA:74,0
DA:75,0
DA:81,0
DA:82,0
DA:84,0
DA:85,0
DA:91,0
DA:93,0
DA:94,0
DA:101,0
DA:104,0
DA:105,0
DA:111,0
DA:112,0
DA:119,0
DA:120,0
LF:27
LH:0
BRDA:60,0,0,0
BRDA:60,0,1,0
BRDA:60,1,0,0
BRDA:60,1,1,0
BRDA:60,2,0,0
BRDA:60,2,1,0
BRDA:60,3,0,0
BRDA:60,3,1,0
BRDA:60,4,0,0
BRDA:60,4,1,0
BRDA:61,5,0,0
BRDA:61,5,1,0
BRDA:61,6,0,0
BRDA:61,6,1,0
BRDA:61,7,0,0
BRDA:61,7,1,0
BRDA:61,8,0,0
BRDA:61,8,1,0
BRDA:61,9,0,0
BRDA:61,9,1,0
BRDA:88,10,0,0
BRDA:88,10,1,0
BRDA:88,11,0,0
BRDA:88,11,1,0
BRDA:88,12,0,0
BRDA:88,12,1,0
BRDA:88,13,0,0
BRDA:88,13,1,0
BRDA:88,14,0,0
BRDA:88,14,1,0
BRDA:89,15,0,0
BRDA:89,15,1,0
BRDA:89,16,0,0
BRDA:89,16,1,0
BRDA:89,17,0,0
BRDA:89,17,1,0
BRDA:89,18,0,0
BRDA:89,18,1,0
BRDA:89,19,0,0
BRDA:89,19,1,0
BRDA:91,20,0,0
BRDA:91,20,1,0
BRDA:115,21,0,0
BRDA:115,21,1,0
BRDA:115,22,0,0
BRDA:115,22,1,0
BRDA:115,23,0,0
BRDA:115,23,1,0
BRDA:115,24,0,0
BRDA:115,24,1,0
BRDA:115,25,0,0
BRDA:115,25,1,0
BRDA:116,26,0,0
BRDA:116,26,1,0
BRDA:116,27,0,0
BRDA:116,27,1,0
BRDA:116,28,0,0
BRDA:116,28,1,0
BRDA:116,29,0,0
BRDA:116,29,1,0
BRDA:116,30,0,0
BRDA:116,30,1,0
BRF:62
BRH:0
end_of_record
TN:
SF:lib/design-tokens.ts
FNF:0
FNH:0
DA:8,0
DA:88,0
LF:2
LH:0
BRF:0
BRH:0
end_of_record
TN:
SF:lib/financial-engine.ts
FN:41,calcPricePerSqm
FN:49,calcGrossYield
FN:57,calcNetYield
FN:66,calcCapitalAppreciation
FN:75,calcROI
FN:99,computeFullMetrics
FN:137,calcAppraisedValue
FN:153,calcPaybackPeriod
FN:160,formatEGP
FN:169,formatCompactEGP
FN:179,formatPercent
FNF:11
FNH:0
FNDA:0,calcPricePerSqm
FNDA:0,calcGrossYield
FNDA:0,calcNetYield
FNDA:0,calcCapitalAppreciation
FNDA:0,calcROI
FNDA:0,computeFullMetrics
FNDA:0,calcAppraisedValue
FNDA:0,calcPaybackPeriod
FNDA:0,formatEGP
FNDA:0,formatCompactEGP
FNDA:0,formatPercent
DA:41,0
DA:42,0
DA:43,0
DA:49,0
DA:50,0
DA:51,0
DA:57,0
DA:58,0
DA:59,0
DA:60,0
DA:66,0
DA:67,0
DA:68,0
DA:75,0
DA:83,0
DA:85,0
DA:87,0
DA:88,0
DA:89,0
DA:90,0
DA:91,0
DA:93,0
DA:99,0
DA:104,0
DA:105,0
DA:106,0
DA:109,0
DA:113,0
DA:114,0
DA:115,0
DA:116,0
DA:118,0
DA:137,0
DA:138,0
DA:143,0
DA:144,0
DA:145,0
DA:147,0
DA:153,0
DA:154,0
DA:155,0
DA:160,0
DA:161,0
DA:169,0
DA:170,0
DA:171,0
DA:173,0
DA:174,0
DA:176,0
DA:179,0
DA:180,0
LF:51
LH:0
BRDA:42,0,0,0
BRDA:50,1,0,0
BRDA:58,2,0,0
BRDA:67,3,0,0
BRDA:79,4,0,0
BRDA:80,5,0,0
BRDA:81,6,0,0
BRDA:82,7,0,0
BRDA:85,8,0,0
BRDA:104,9,0,0
BRDA:104,9,1,0
BRDA:105,10,0,0
BRDA:105,10,1,0
BRDA:109,11,0,0
BRDA:109,11,1,0
BRDA:115,12,0,0
BRDA:116,13,0,0
BRDA:143,14,0,0
BRDA:143,14,1,0
BRDA:144,15,0,0
BRDA:144,15,1,0
BRDA:154,16,0,0
BRDA:160,17,0,0
BRDA:161,18,0,0
BRDA:161,18,1,0
BRDA:163,19,0,0
BRDA:163,19,1,0
BRDA:170,20,0,0
BRDA:173,21,0,0
BRDA:180,22,0,0
BRDA:180,22,1,0
BRF:31
BRH:0
end_of_record
TN:
SF:lib/firebase-config.ts
FN:4,(anonymous_0)
FN:28,addLead
FN:38,addViewingRequest
FNF:3
FNH:0
FNDA:0,(anonymous_0)
FNDA:0,addLead
FNDA:0,addViewingRequest
DA:1,0
DA:2,0
DA:4,0
DA:28,0
DA:29,0
DA:35,0
DA:38,0
DA:39,0
DA:45,0
LF:9
LH:0
BRF:0
BRH:0
end_of_record
TN:
SF:lib/firebase.ts
FN:11,(anonymous_9)
FN:58,(anonymous_10)
FN:60,(anonymous_11)
FN:63,(anonymous_12)
FN:68,(anonymous_13)
FN:72,(anonymous_14)
FN:92,getAnalyticsInstance
FN:96,(anonymous_16)
FNF:8
FNH:0
FNDA:0,(anonymous_9)
FNDA:0,(anonymous_10)
FNDA:0,(anonymous_11)
FNDA:0,(anonymous_12)
FNDA:0,(anonymous_13)
FNDA:0,(anonymous_14)
FNDA:0,getAnalyticsInstance
FNDA:0,(anonymous_16)
DA:6,0
DA:7,0
DA:8,0
DA:9,0
DA:11,0
DA:12,0
DA:13,0
DA:16,0
DA:24,0
DA:26,0
DA:27,0
DA:30,0
DA:49,0
DA:50,0
DA:52,0
DA:53,0
DA:56,0
DA:58,0
DA:59,0
DA:61,0
DA:62,0
DA:63,0
DA:68,0
DA:69,0
DA:73,0
DA:80,0
DA:84,0
DA:88,0
DA:92,0
DA:93,0
DA:94,0
DA:95,0
DA:96,0
DA:97,0
DA:99,0
DA:103,0
LF:36
LH:0
BRDA:12,0,0,0
BRDA:13,1,0,0
BRDA:13,1,1,0
BRDA:17,2,0,0
BRDA:17,2,1,0
BRDA:17,2,2,0
BRDA:17,2,3,0
BRDA:17,2,4,0
BRDA:24,3,0,0
BRDA:24,3,1,0
BRDA:26,4,0,0
BRDA:26,5,0,0
BRDA:26,5,1,0
BRDA:26,5,2,0
BRDA:30,6,0,0
BRDA:30,6,1,0
BRDA:50,7,0,0
BRDA:50,7,1,0
BRDA:61,8,0,0
BRDA:62,9,0,0
BRDA:80,10,0,0
BRDA:80,10,1,0
BRDA:84,11,0,0
BRDA:84,11,1,0
BRDA:88,12,0,0
BRDA:88,12,1,0
BRDA:93,13,0,0
BRDA:94,14,0,0
BRF:28
BRH:0
end_of_record
TN:
SF:lib/gravity-warp.ts
FN:9,(anonymous_0)
FN:12,(anonymous_1)
FN:47,(anonymous_2)
FNF:3
FNH:0
FNDA:0,(anonymous_0)
FNDA:0,(anonymous_1)
FNDA:0,(anonymous_2)
DA:1,0
DA:9,0
DA:10,0
DA:12,0
DA:13,0
DA:15,0
DA:16,0
DA:18,0
DA:19,0
DA:22,0
DA:28,0
DA:36,0
DA:39,0
DA:47,0
DA:48,0
DA:51,0
DA:53,0
DA:54,0
DA:55,0
DA:56,0
DA:57,0
DA:58,0
DA:59,0
DA:60,0
DA:61,0
DA:62,0
DA:63,0
DA:65,0
LF:28
LH:0
BRDA:13,0,0,0
BRDA:16,1,0,0
BRDA:18,2,0,0
BRDA:18,2,1,0
BRDA:48,3,0,0
BRF:5
BRH:0
end_of_record
TN:
SF:lib/i18n.ts
FN:9,(anonymous_9)
FN:15,(anonymous_10)
FNF:2
FNH:0
FNDA:0,(anonymous_9)
FNDA:0,(anonymous_10)
DA:1,0
DA:2,0
DA:4,0
DA:5,0
DA:9,0
DA:10,0
DA:11,0
DA:13,0
DA:15,0
LF:9
LH:0
BRDA:11,0,0,0
BRDA:11,0,1,0
BRF:2
BRH:0
end_of_record
TN:
SF:lib/mcp-registry.ts
FN:32,(anonymous_0)
FN:36,(anonymous_1)
FN:49,(anonymous_2)
FN:67,(anonymous_3)
FN:71,(anonymous_4)
FN:79,(anonymous_5)
FN:81,(anonymous_6)
FN:83,(anonymous_7)
FN:84,(anonymous_8)
FN:93,initializeMCPServers
FN:103,(anonymous_10)
FN:107,(anonymous_11)
FN:112,(anonymous_12)
FNF:13
FNH:0
FNDA:0,(anonymous_0)
FNDA:0,(anonymous_1)
FNDA:0,(anonymous_2)
FNDA:0,(anonymous_3)
FNDA:0,(anonymous_4)
FNDA:0,(anonymous_5)
FNDA:0,(anonymous_6)
FNDA:0,(anonymous_7)
FNDA:0,(anonymous_8)
FNDA:0,initializeMCPServers
FNDA:0,(anonymous_10)
FNDA:0,(anonymous_11)
FNDA:0,(anonymous_12)
DA:7,0
DA:8,0
DA:9,0
DA:10,0
DA:33,0
DA:34,0
DA:37,0
DA:38,0
DA:41,0
DA:42,0
DA:43,0
DA:44,0
DA:46,0
DA:54,0
DA:55,0
DA:56,0
DA:59,0
DA:60,0
DA:61,0
DA:64,0
DA:68,0
DA:72,0
DA:73,0
DA:74,0
DA:76,0
DA:80,0
DA:82,0
DA:83,0
DA:84,0
DA:90,0
DA:93,0
DA:94,0
DA:96,0
DA:103,0
DA:104,0
DA:106,0
DA:107,0
DA:108,0
DA:109,0
DA:112,0
DA:121,0
DA:130,0
DA:132,0
DA:136,0
DA:138,0
LF:45
LH:0
BRDA:37,0,0,0
BRDA:55,1,0,0
BRDA:60,2,0,0
BRDA:73,3,0,0
BRDA:108,4,0,0
BRDA:108,4,1,0
BRDA:108,5,0,0
BRDA:108,5,1,0
BRF:8
BRH:0
end_of_record
TN:
SF:lib/prompts.ts
FNF:0
FNH:0
DA:1,0
LF:1
LH:0
BRF:0
BRH:0
end_of_record
TN:
SF:lib/property-finder-client.ts
FN:28,(anonymous_0)
FN:34,(anonymous_1)
FN:41,(anonymous_2)
FN:64,(anonymous_3)
FN:81,(anonymous_4)
FN:90,(anonymous_5)
FN:99,(anonymous_6)
FN:107,(anonymous_7)
FN:113,(anonymous_8)
FN:117,(anonymous_9)
FN:121,(anonymous_10)
FN:125,(anonymous_11)
FN:129,(anonymous_12)
FN:135,(anonymous_13)
FN:143,(anonymous_14)
FN:149,(anonymous_15)
FN:153,(anonymous_16)
FN:160,(anonymous_17)
FN:167,(anonymous_18)
FN:174,(anonymous_19)
FN:180,(anonymous_20)
FNF:21
FNH:0
FNDA:0,(anonymous_0)
FNDA:0,(anonymous_1)
FNDA:0,(anonymous_2)
FNDA:0,(anonymous_3)
FNDA:0,(anonymous_4)
FNDA:0,(anonymous_5)
FNDA:0,(anonymous_6)
FNDA:0,(anonymous_7)
FNDA:0,(anonymous_8)
FNDA:0,(anonymous_9)
FNDA:0,(anonymous_10)
FNDA:0,(anonymous_11)
FNDA:0,(anonymous_12)
FNDA:0,(anonymous_13)
FNDA:0,(anonymous_14)
FNDA:0,(anonymous_15)
FNDA:0,(anonymous_16)
FNDA:0,(anonymous_17)
FNDA:0,(anonymous_18)
FNDA:0,(anonymous_19)
FNDA:0,(anonymous_20)
DA:15,0
DA:25,0
DA:26,0
DA:29,0
DA:30,0
DA:31,0
DA:35,0
DA:36,0
DA:38,0
DA:42,0
DA:43,0
DA:44,0
DA:47,0
DA:53,0
DA:54,0
DA:55,0
DA:58,0
DA:59,0
DA:60,0
DA:61,0
DA:65,0
DA:66,0
DA:68,0
DA:78,0
DA:80,0
DA:81,0
DA:82,0
DA:85,0
DA:91,0
DA:92,0
DA:93,0
DA:100,0
DA:101,0
DA:102,0
DA:104,0
DA:109,0
DA:114,0
DA:118,0
DA:122,0
DA:126,0
DA:130,0
DA:136,0
DA:137,0
DA:144,0
DA:150,0
DA:154,0
DA:155,0
DA:161,0
DA:162,0
DA:168,0
DA:175,0
DA:181,0
DA:185,0
DA:186,0
LF:54
LH:0
BRDA:29,0,0,0
BRDA:29,0,1,0
BRDA:30,1,0,0
BRDA:30,1,1,0
BRDA:31,2,0,0
BRDA:31,2,1,0
BRDA:35,3,0,0
BRDA:43,4,0,0
BRDA:43,5,0,0
BRDA:43,5,1,0
BRDA:43,5,2,0
BRDA:53,6,0,0
BRDA:64,7,0,0
BRDA:78,8,0,0
BRDA:80,9,0,0
BRDA:82,10,0,0
BRDA:82,10,1,0
BRDA:82,10,2,0
BRDA:90,11,0,0
BRDA:92,12,0,0
BRDA:92,12,1,0
BRDA:94,13,0,0
BRDA:94,13,1,0
BRDA:95,14,0,0
BRDA:95,14,1,0
BRDA:101,15,0,0
BRDA:135,16,0,0
BRDA:137,17,0,0
BRDA:137,17,1,0
BRDA:143,18,0,0
BRDA:153,19,0,0
BRDA:155,20,0,0
BRDA:155,20,1,0
BRDA:160,21,0,0
BRDA:162,22,0,0
BRDA:162,22,1,0
BRDA:170,23,0,0
BRDA:170,23,1,0
BRF:38
BRH:0
end_of_record
TN:
SF:lib/propertyFinder-service.ts
FN:63,(anonymous_0)
FN:75,(anonymous_1)
FN:79,(anonymous_2)
FN:87,(anonymous_3)
FN:150,(anonymous_4)
FN:174,(anonymous_5)
FN:190,(anonymous_6)
FNF:7
FNH:0
FNDA:0,(anonymous_0)
FNDA:0,(anonymous_1)
FNDA:0,(anonymous_2)
FNDA:0,(anonymous_3)
FNDA:0,(anonymous_4)
FNDA:0,(anonymous_5)
FNDA:0,(anonymous_6)
DA:64,0
DA:65,0
DA:66,0
DA:68,0
DA:69,0
DA:70,0
DA:71,0
DA:72,0
DA:73,0
DA:76,0
DA:80,0
DA:81,0
DA:84,0
DA:88,0
DA:90,0
DA:91,0
DA:94,0
DA:95,0
DA:98,0
DA:99,0
DA:102,0
DA:104,0
DA:112,0
DA:121,0
DA:122,0
DA:123,0
DA:126,0
DA:133,0
DA:134,0
DA:135,0
DA:138,0
DA:139,0
DA:147,0
DA:151,0
DA:152,0
DA:162,0
DA:163,0
DA:166,0
DA:167,0
DA:168,0
DA:171,0
DA:175,0
DA:191,0
DA:196,0
DA:197,0
DA:201,0
LF:46
LH:0
BRDA:67,0,0,0
BRDA:67,0,1,0
BRDA:68,1,0,0
BRDA:68,1,1,0
BRDA:69,2,0,0
BRDA:69,2,1,0
BRDA:70,3,0,0
BRDA:70,3,1,0
BRDA:71,4,0,0
BRDA:71,4,1,0
BRDA:76,5,0,0
BRDA:76,5,1,0
BRDA:76,5,2,0
BRDA:76,5,3,0
BRDA:80,6,0,0
BRDA:90,7,0,0
BRDA:90,8,0,0
BRDA:90,8,1,0
BRDA:90,8,2,0
BRDA:94,9,0,0
BRDA:94,10,0,0
BRDA:94,10,1,0
BRDA:94,10,2,0
BRDA:98,11,0,0
BRDA:98,12,0,0
BRDA:98,12,1,0
BRDA:98,12,2,0
BRDA:104,13,0,0
BRDA:104,13,1,0
BRDA:121,14,0,0
BRDA:133,15,0,0
BRDA:133,15,1,0
BRDA:133,15,2,0
BRDA:134,16,0,0
BRDA:138,17,0,0
BRDA:138,17,1,0
BRDA:138,18,0,0
BRDA:138,18,1,0
BRDA:138,19,0,0
BRDA:138,19,1,0
BRDA:138,20,0,0
BRDA:138,20,1,0
BRDA:150,21,0,0
BRDA:162,22,0,0
BRDA:166,23,0,0
BRDA:184,24,0,0
BRDA:184,24,1,0
BRDA:197,25,0,0
BRDA:197,25,1,0
BRDA:197,25,2,0
BRF:50
BRH:0
end_of_record
TN:
SF:lib/sierra-blue-view-configs.ts
FN:224,(anonymous_0)
FN:225,(anonymous_1)
FN:226,(anonymous_2)
FN:227,(anonymous_3)
FN:230,(anonymous_4)
FN:231,(anonymous_5)
FN:232,(anonymous_6)
FN:233,(anonymous_7)
FN:236,getViewsByRole
FN:244,(anonymous_9)
FNF:10
FNH:0
FNDA:0,(anonymous_0)
FNDA:0,(anonymous_1)
FNDA:0,(anonymous_2)
FNDA:0,(anonymous_3)
FNDA:0,(anonymous_4)
FNDA:0,(anonymous_5)
FNDA:0,(anonymous_6)
FNDA:0,(anonymous_7)
FNDA:0,getViewsByRole
FNDA:0,(anonymous_9)
DA:17,0
DA:224,0
DA:225,0
DA:226,0
DA:227,0
DA:229,0
DA:230,0
DA:231,0
DA:232,0
DA:233,0
DA:236,0
DA:237,0
DA:243,0
DA:244,0
LF:14
LH:0
BRDA:243,0,0,0
BRDA:243,0,1,0
BRDA:243,1,0,0
BRDA:243,1,1,0
BRF:4
BRH:0
end_of_record
TN:
SF:lib/telegram.ts
FN:1,sendTelegramMessage
FNF:1
FNH:0
FNDA:0,sendTelegramMessage
DA:1,0
DA:2,0
DA:3,0
DA:5,0
DA:6,0
DA:7,0
DA:10,0
DA:11,0
DA:21,0
DA:22,0
DA:23,0
DA:26,0
LF:12
LH:0
BRDA:5,0,0,0
BRDA:5,1,0,0
BRDA:5,1,1,0
BRDA:21,2,0,0
BRF:4
BRH:0
end_of_record
TN:
SF:lib/agents/antigravity-agent.ts
FN:22,processAgentCommand
FN:61,detectIntent
FN:91,handleAnalyzeLead
FN:117,handleGenerateProposal
FN:137,(anonymous_13)
FN:140,(anonymous_14)
FN:161,handleCheckListing
FN:184,handleGeneralQuery
FN:214,handleStakeholderInterview
FN:244,(anonymous_18)
FN:268,(anonymous_19)
FNF:11
FNH:0
FNDA:0,processAgentCommand
FNDA:0,detectIntent
FNDA:0,handleAnalyzeLead
FNDA:0,handleGenerateProposal
FNDA:0,(anonymous_13)
FNDA:0,(anonymous_14)
FNDA:0,handleCheckListing
FNDA:0,handleGeneralQuery
FNDA:0,handleStakeholderInterview
FNDA:0,(anonymous_18)
FNDA:0,(anonymous_19)
DA:6,0
DA:7,0
DA:8,0
DA:9,0
DA:10,0
DA:11,0
DA:12,0
DA:13,0
DA:14,0
DA:22,0
DA:23,0
DA:26,0
DA:28,0
DA:30,0
DA:31,0
DA:34,0
DA:35,0
DA:37,0
DA:39,0
DA:41,0
DA:43,0
DA:45,0
DA:48,0
DA:49,0
DA:55,0
DA:62,0
DA:72,0
DA:73,0
DA:82,0
DA:83,0
DA:84,0
DA:86,0
DA:87,0
DA:92,0
DA:93,0
DA:94,0
DA:96,0
DA:99,0
DA:102,0
DA:103,0
DA:105,0
DA:114,0
DA:118,0
DA:119,0
DA:120,0
DA:123,0
DA:124,0
DA:125,0
DA:126,0
DA:134,0
DA:135,0
DA:136,0
DA:137,0
DA:138,0
DA:139,0
DA:140,0
DA:146,0
DA:147,0
DA:149,0
DA:163,0
DA:164,0
DA:165,0
DA:167,0
DA:168,0
DA:169,0
DA:171,0
DA:185,0
DA:186,0
DA:204,0
DA:206,0
DA:207,0
DA:216,0
DA:217,0
DA:220,0
DA:222,0
DA:224,0
DA:225,0
DA:226,0
DA:236,0
DA:237,0
DA:241,0
DA:244,0
DA:245,0
DA:248,0
DA:249,0
DA:263,0
DA:264,0
DA:265,0
DA:267,0
DA:268,0
DA:273,0
DA:274,0
DA:281,0
DA:284,0
DA:300,0
DA:314,0
DA:316,0
LF:97
LH:0
BRDA:23,0,0,0
BRDA:23,0,1,0
BRDA:26,1,0,0
BRDA:30,2,0,0
BRDA:30,3,0,0
BRDA:30,3,1,0
BRDA:35,4,0,0
BRDA:35,4,1,0
BRDA:35,4,2,0
BRDA:35,4,3,0
BRDA:35,4,4,0
BRDA:84,5,0,0
BRDA:84,5,1,0
BRDA:94,6,0,0
BRDA:108,7,0,0
BRDA:108,7,1,0
BRDA:108,8,0,0
BRDA:108,8,1,0
BRDA:108,9,0,0
BRDA:108,9,1,0
BRDA:108,10,0,0
BRDA:108,10,1,0
BRDA:108,11,0,0
BRDA:108,11,1,0
BRDA:109,12,0,0
BRDA:109,12,1,0
BRDA:109,13,0,0
BRDA:109,13,1,0
BRDA:109,14,0,0
BRDA:109,14,1,0
BRDA:109,15,0,0
BRDA:109,15,1,0
BRDA:109,16,0,0
BRDA:109,16,1,0
BRDA:120,17,0,0
BRDA:123,18,0,0
BRDA:124,19,0,0
BRDA:124,19,1,0
BRDA:124,20,0,0
BRDA:124,20,1,0
BRDA:125,21,0,0
BRDA:134,22,0,0
BRDA:135,23,0,0
BRDA:135,23,1,0
BRDA:135,24,0,0
BRDA:135,24,1,0
BRDA:136,25,0,0
BRDA:165,26,0,0
BRDA:222,27,0,0
BRDA:222,27,1,0
BRDA:251,28,0,0
BRDA:251,28,1,0
BRDA:251,29,0,0
BRDA:251,29,1,0
BRDA:251,30,0,0
BRDA:251,30,1,0
BRDA:252,31,0,0
BRDA:252,31,1,0
BRDA:252,32,0,0
BRDA:252,32,1,0
BRDA:252,33,0,0
BRDA:252,33,1,0
BRDA:252,34,0,0
BRDA:252,34,1,0
BRDA:252,35,0,0
BRDA:252,35,1,0
BRDA:253,36,0,0
BRDA:253,36,1,0
BRDA:253,37,0,0
BRDA:253,37,1,0
BRDA:253,38,0,0
BRDA:253,38,1,0
BRDA:253,39,0,0
BRDA:253,39,1,0
BRDA:253,40,0,0
BRDA:253,40,1,0
BRDA:254,41,0,0
BRDA:254,41,1,0
BRDA:254,42,0,0
BRDA:254,42,1,0
BRDA:254,43,0,0
BRDA:254,43,1,0
BRDA:254,44,0,0
BRDA:254,44,1,0
BRDA:254,45,0,0
BRDA:254,45,1,0
BRDA:255,46,0,0
BRDA:255,46,1,0
BRDA:255,47,0,0
BRDA:255,47,1,0
BRDA:255,48,0,0
BRDA:255,48,1,0
BRDA:255,49,0,0
BRDA:255,49,1,0
BRDA:255,50,0,0
BRDA:255,50,1,0
BRDA:256,51,0,0
BRDA:256,51,1,0
BRDA:256,52,0,0
BRDA:256,52,1,0
BRDA:256,53,0,0
BRDA:256,53,1,0
BRDA:256,54,0,0
BRDA:256,54,1,0
BRDA:256,55,0,0
BRDA:256,55,1,0
BRDA:258,56,0,0
BRDA:258,56,1,0
BRDA:263,57,0,0
BRDA:263,58,0,0
BRDA:263,58,1,0
BRDA:263,58,2,0
BRDA:263,59,0,0
BRDA:263,59,1,0
BRDA:263,60,0,0
BRDA:263,60,1,0
BRDA:263,61,0,0
BRDA:263,61,1,0
BRDA:263,62,0,0
BRDA:263,62,1,0
BRDA:264,63,0,0
BRDA:264,64,0,0
BRDA:264,64,1,0
BRDA:264,65,0,0
BRDA:264,65,1,0
BRDA:267,66,0,0
BRDA:267,67,0,0
BRDA:267,67,1,0
BRDA:267,68,0,0
BRDA:267,68,1,0
BRDA:273,69,0,0
BRDA:275,70,0,0
BRDA:275,70,1,0
BRDA:275,71,0,0
BRDA:275,71,1,0
BRDA:275,72,0,0
BRDA:275,72,1,0
BRDA:293,73,0,0
BRDA:293,73,1,0
BRDA:294,74,0,0
BRDA:294,74,1,0
BRDA:295,75,0,0
BRDA:295,75,1,0
BRDA:296,76,0,0
BRDA:296,76,1,0
BRF:145
BRH:0
end_of_record
TN:
SF:lib/agents/closer.ts
FN:14,(anonymous_0)
FN:19,(anonymous_1)
FNF:2
FNH:0
FNDA:0,(anonymous_0)
FNDA:0,(anonymous_1)
DA:1,0
DA:3,0
DA:5,0
DA:6,0
DA:14,0
DA:19,0
DA:20,0
DA:21,0
DA:22,0
DA:27,0
DA:28,0
DA:30,0
DA:31,0
DA:32,0
DA:33,0
DA:35,0
DA:39,0
LF:17
LH:0
BRDA:20,0,0,0
BRDA:27,1,0,0
BRDA:30,2,0,0
BRDA:30,2,1,0
BRDA:32,3,0,0
BRDA:32,3,1,0
BRDA:32,4,0,0
BRDA:32,4,1,0
BRDA:32,5,0,0
BRDA:32,5,1,0
BRF:10
BRH:0
end_of_record
TN:
SF:lib/agents/curator.ts
FN:15,(anonymous_0)
FN:20,(anonymous_1)
FN:45,(anonymous_2)
FN:46,(anonymous_3)
FN:47,(anonymous_4)
FN:69,(anonymous_5)
FNF:6
FNH:0
FNDA:0,(anonymous_0)
FNDA:0,(anonymous_1)
FNDA:0,(anonymous_2)
FNDA:0,(anonymous_3)
FNDA:0,(anonymous_4)
FNDA:0,(anonymous_5)
DA:1,0
DA:3,0
DA:5,0
DA:6,0
DA:7,0
DA:15,0
DA:20,0
DA:22,0
DA:23,0
DA:25,0
DA:26,0
DA:28,0
DA:30,0
DA:38,0
DA:45,0
DA:46,0
DA:47,0
DA:56,0
DA:57,0
DA:64,0
DA:65,0
DA:66,0
DA:67,0
DA:68,0
DA:70,0
DA:75,0
DA:82,0
DA:84,0
DA:85,0
DA:89,0
DA:90,0
DA:92,0
DA:98,0
DA:100,0
DA:101,0
DA:107,0
DA:114,0
DA:115,0
DA:119,0
DA:120,0
DA:121,0
DA:126,0
LF:42
LH:0
BRDA:23,0,0,0
BRDA:25,1,0,0
BRDA:28,2,0,0
BRDA:28,2,1,0
BRDA:28,3,0,0
BRDA:28,3,1,0
BRDA:28,4,0,0
BRDA:28,4,1,0
BRDA:40,5,0,0
BRDA:40,5,1,0
BRDA:53,6,0,0
BRDA:53,6,1,0
BRDA:53,6,2,0
BRDA:53,7,0,0
BRDA:53,7,1,0
BRDA:53,8,0,0
BRDA:53,8,1,0
BRDA:53,9,0,0
BRDA:53,9,1,0
BRDA:53,10,0,0
BRDA:53,10,1,0
BRDA:60,11,0,0
BRDA:60,11,1,0
BRDA:65,12,0,0
BRDA:70,13,0,0
BRDA:70,13,1,0
BRDA:70,14,0,0
BRDA:70,14,1,0
BRDA:70,15,0,0
BRDA:70,15,1,0
BRDA:89,16,0,0
BRDA:98,17,0,0
BRDA:98,17,1,0
BRDA:98,17,2,0
BRDA:98,18,0,0
BRDA:98,18,1,0
BRDA:98,19,0,0
BRDA:98,19,1,0
BRDA:98,20,0,0
BRDA:98,20,1,0
BRDA:98,21,0,0
BRDA:98,21,1,0
BRDA:119,22,0,0
BRF:43
BRH:0
end_of_record
TN:
SF:lib/agents/index.ts
FNF:0
FNH:0
DA:1,0
DA:2,0
DA:3,0
DA:4,0
LF:4
LH:0
BRF:0
BRH:0
end_of_record
TN:
SF:lib/agents/leila-agent.ts
FN:21,(anonymous_0)
FN:28,(anonymous_1)
FN:36,(anonymous_2)
FN:40,(anonymous_3)
FN:41,(anonymous_4)
FN:58,(anonymous_5)
FN:70,(anonymous_6)
FNF:7
FNH:0
FNDA:0,(anonymous_0)
FNDA:0,(anonymous_1)
FNDA:0,(anonymous_2)
FNDA:0,(anonymous_3)
FNDA:0,(anonymous_4)
FNDA:0,(anonymous_5)
FNDA:0,(anonymous_6)
DA:1,0
DA:18,0
DA:22,0
DA:32,0
DA:35,0
DA:36,0
DA:39,0
DA:40,0
DA:42,0
DA:43,0
DA:45,0
DA:46,0
DA:47,0
DA:50,0
DA:58,0
DA:61,0
DA:72,0
DA:74,0
LF:18
LH:0
BRDA:36,0,0,0
BRDA:36,0,1,0
BRDA:36,1,0,0
BRDA:36,1,1,0
BRDA:40,2,0,0
BRDA:40,2,1,0
BRDA:43,3,0,0
BRDA:46,4,0,0
BRDA:46,5,0,0
BRDA:46,5,1,0
BRDA:46,5,2,0
BRF:11
BRH:0
end_of_record
TN:
SF:lib/agents/matchmaker.ts
FN:17,(anonymous_0)
FN:22,(anonymous_1)
FNF:2
FNH:0
FNDA:0,(anonymous_0)
FNDA:0,(anonymous_1)
DA:1,0
DA:3,0
DA:5,0
DA:6,0
DA:7,0
DA:8,0
DA:9,0
DA:17,0
DA:22,0
DA:23,0
DA:24,0
DA:26,0
DA:27,0
DA:29,0
DA:30,0
DA:32,0
DA:33,0
DA:39,0
DA:40,0
DA:42,0
DA:44,0
DA:45,0
DA:48,0
DA:56,0
DA:57,0
DA:59,0
DA:60,0
DA:62,0
DA:63,0
DA:65,0
DA:68,0
LF:31
LH:0
BRDA:23,0,0,0
BRDA:27,1,0,0
BRDA:27,1,1,0
BRDA:27,1,2,0
BRDA:27,2,0,0
BRDA:27,2,1,0
BRDA:27,3,0,0
BRDA:27,3,1,0
BRDA:27,4,0,0
BRDA:27,4,1,0
BRDA:27,5,0,0
BRDA:27,5,1,0
BRDA:29,6,0,0
BRDA:29,6,1,0
BRDA:39,7,0,0
BRDA:56,8,0,0
BRF:16
BRH:0
end_of_record
TN:
SF:lib/agents/nexus-agent.ts
FN:23,(anonymous_0)
FN:99,(anonymous_1)
FNF:2
FNH:0
FNDA:0,(anonymous_0)
FNDA:0,(anonymous_1)
DA:6,0
DA:7,0
DA:8,0
DA:9,0
DA:10,0
DA:18,0
DA:24,0
DA:25,0
DA:28,0
DA:29,0
DA:31,0
DA:33,0
DA:53,0
DA:56,0
DA:57,0
DA:59,0
DA:60,0
DA:61,0
DA:62,0
DA:63,0
DA:64,0
DA:65,0
DA:69,0
DA:78,0
DA:85,0
DA:91,0
DA:92,0
DA:100,0
DA:101,0
DA:102,0
DA:103,0
LF:31
LH:0
BRDA:29,0,0,0
BRDA:29,0,1,0
BRDA:29,1,0,0
BRDA:29,1,1,0
BRDA:29,2,0,0
BRDA:29,2,1,0
BRDA:56,3,0,0
BRDA:56,4,0,0
BRDA:56,4,1,0
BRDA:60,5,0,0
BRDA:60,5,1,0
BRDA:60,6,0,0
BRDA:60,6,1,0
BRDA:61,7,0,0
BRDA:61,7,1,0
BRDA:61,8,0,0
BRDA:61,8,1,0
BRDA:102,9,0,0
BRF:18
BRH:0
end_of_record
TN:
SF:lib/agents/scribe.ts
FN:15,(anonymous_0)
FN:20,(anonymous_1)
FNF:2
FNH:0
FNDA:0,(anonymous_0)
FNDA:0,(anonymous_1)
DA:1,0
DA:3,0
DA:5,0
DA:6,0
DA:7,0
DA:15,0
DA:20,0
DA:22,0
DA:23,0
DA:25,0
DA:26,0
DA:28,0
DA:31,0
DA:32,0
DA:34,0
DA:36,0
DA:47,0
DA:50,0
DA:51,0
DA:58,0
DA:59,0
DA:61,0
DA:73,0
DA:74,0
DA:83,0
LF:25
LH:0
BRDA:23,0,0,0
BRDA:25,1,0,0
BRDA:31,2,0,0
BRDA:34,3,0,0
BRDA:34,3,1,0
BRDA:34,3,2,0
BRDA:34,4,0,0
BRDA:34,4,1,0
BRDA:34,5,0,0
BRDA:34,5,1,0
BRDA:34,6,0,0
BRDA:34,6,1,0
BRDA:34,7,0,0
BRDA:34,7,1,0
BRDA:34,8,0,0
BRDA:34,8,1,0
BRDA:58,9,0,0
BRDA:58,9,1,0
BRDA:58,10,0,0
BRDA:58,10,1,0
BRDA:63,11,0,0
BRDA:63,11,1,0
BRDA:63,11,2,0
BRDA:63,12,0,0
BRDA:63,12,1,0
BRDA:63,13,0,0
BRDA:63,13,1,0
BRDA:63,14,0,0
BRDA:63,14,1,0
BRDA:63,15,0,0
BRDA:63,15,1,0
BRDA:64,16,0,0
BRDA:64,16,1,0
BRDA:64,16,2,0
BRDA:64,17,0,0
BRDA:64,17,1,0
BRDA:64,18,0,0
BRDA:64,18,1,0
BRDA:64,19,0,0
BRDA:64,19,1,0
BRDA:64,20,0,0
BRDA:64,20,1,0
BRDA:65,21,0,0
BRDA:65,21,1,0
BRDA:65,21,2,0
BRDA:65,22,0,0
BRDA:65,22,1,0
BRDA:65,23,0,0
BRDA:65,23,1,0
BRDA:65,24,0,0
BRDA:65,24,1,0
BRDA:65,25,0,0
BRDA:65,25,1,0
BRDA:66,26,0,0
BRDA:66,26,1,0
BRDA:67,27,0,0
BRDA:67,27,1,0
BRDA:69,28,0,0
BRDA:69,28,1,0
BRDA:69,28,2,0
BRDA:69,29,0,0
BRDA:69,29,1,0
BRDA:69,30,0,0
BRDA:69,30,1,0
BRDA:70,31,0,0
BRDA:70,31,1,0
BRDA:70,31,2,0
BRDA:70,32,0,0
BRDA:70,32,1,0
BRDA:70,33,0,0
BRDA:70,33,1,0
BRF:71
BRH:0
end_of_record
TN:
SF:lib/agents/skill-loader.ts
FN:28,(anonymous_0)
FN:32,(anonymous_1)
FN:47,(anonymous_2)
FN:84,(anonymous_3)
FN:92,(anonymous_4)
FN:110,(anonymous_5)
FN:143,(anonymous_6)
FN:174,(anonymous_7)
FN:201,(anonymous_8)
FN:240,(anonymous_9)
FN:271,(anonymous_10)
FN:275,(anonymous_11)
FN:276,(anonymous_12)
FN:279,(anonymous_13)
FNF:14
FNH:0
FNDA:0,(anonymous_0)
FNDA:0,(anonymous_1)
FNDA:0,(anonymous_2)
FNDA:0,(anonymous_3)
FNDA:0,(anonymous_4)
FNDA:0,(anonymous_5)
FNDA:0,(anonymous_6)
FNDA:0,(anonymous_7)
FNDA:0,(anonymous_8)
FNDA:0,(anonymous_9)
FNDA:0,(anonymous_10)
FNDA:0,(anonymous_11)
FNDA:0,(anonymous_12)
FNDA:0,(anonymous_13)
DA:6,0
DA:7,0
DA:8,0
DA:26,0
DA:29,0
DA:35,0
DA:48,0
DA:49,0
DA:53,0
DA:54,0
DA:55,0
DA:64,0
DA:70,0
DA:85,0
DA:86,0
DA:87,0
DA:88,0
DA:89,0
DA:90,0
DA:91,0
DA:92,0
DA:93,0
DA:94,0
DA:96,0
DA:98,0
DA:104,0
DA:111,0
DA:112,0
DA:117,0
DA:124,0
DA:130,0
DA:144,0
DA:145,0
DA:146,0
DA:147,0
DA:152,0
DA:153,0
DA:155,0
DA:161,0
DA:175,0
DA:176,0
DA:181,0
DA:183,0
DA:189,0
DA:202,0
DA:203,0
DA:204,0
DA:205,0
DA:206,0
DA:207,0
DA:208,0
DA:209,0
DA:210,0
DA:211,0
DA:221,0
DA:227,0
DA:241,0
DA:242,0
DA:243,0
DA:244,0
DA:245,0
DA:247,0
DA:260,0
DA:261,0
DA:265,0
DA:272,0
DA:276,0
DA:280,0
DA:281,0
DA:282,0
DA:286,0
LF:71
LH:0
BRDA:53,0,0,0
BRDA:57,1,0,0
BRDA:57,1,1,0
BRDA:58,2,0,0
BRDA:58,2,1,0
BRDA:58,3,0,0
BRDA:58,3,1,0
BRDA:59,4,0,0
BRDA:59,4,1,0
BRDA:59,5,0,0
BRDA:59,5,1,0
BRDA:59,6,0,0
BRDA:59,6,1,0
BRDA:59,7,0,0
BRDA:59,7,1,0
BRDA:59,8,0,0
BRDA:59,8,1,0
BRDA:60,9,0,0
BRDA:60,9,1,0
BRDA:60,10,0,0
BRDA:60,10,1,0
BRDA:60,11,0,0
BRDA:60,11,1,0
BRDA:61,12,0,0
BRDA:61,12,1,0
BRDA:61,13,0,0
BRDA:61,13,1,0
BRDA:61,14,0,0
BRDA:61,14,1,0
BRDA:61,15,0,0
BRDA:61,15,1,0
BRDA:61,16,0,0
BRDA:61,16,1,0
BRDA:87,17,0,0
BRDA:88,18,0,0
BRDA:90,19,0,0
BRDA:94,20,0,0
BRDA:94,20,1,0
BRDA:94,21,0,0
BRDA:94,21,1,0
BRDA:94,22,0,0
BRDA:94,22,1,0
BRDA:94,23,0,0
BRDA:94,23,1,0
BRDA:94,24,0,0
BRDA:94,24,1,0
BRDA:146,25,0,0
BRDA:153,26,0,0
BRDA:153,26,1,0
BRDA:204,27,0,0
BRDA:206,28,0,0
BRDA:206,28,1,0
BRDA:207,29,0,0
BRDA:207,29,1,0
BRDA:208,30,0,0
BRDA:208,30,1,0
BRDA:212,31,0,0
BRDA:212,31,1,0
BRDA:217,32,0,0
BRDA:217,32,1,0
BRDA:217,33,0,0
BRDA:217,33,1,0
BRDA:217,34,0,0
BRDA:217,34,1,0
BRDA:218,35,0,0
BRDA:218,35,1,0
BRDA:218,36,0,0
BRDA:218,36,1,0
BRDA:218,37,0,0
BRDA:218,37,1,0
BRDA:244,38,0,0
BRDA:244,39,0,0
BRDA:244,39,1,0
BRDA:261,40,0,0
BRDA:261,40,1,0
BRDA:261,41,0,0
BRDA:261,41,1,0
BRDA:261,42,0,0
BRDA:261,42,1,0
BRDA:261,43,0,0
BRDA:261,43,1,0
BRDA:261,44,0,0
BRDA:261,44,1,0
BRDA:263,45,0,0
BRDA:263,45,1,0
BRDA:281,46,0,0
BRF:86
BRH:0
end_of_record
TN:
SF:lib/ai/GoogleAIServiceImpl.ts
FN:9,(anonymous_0)
FN:28,(anonymous_1)
FN:47,(anonymous_2)
FN:78,(anonymous_3)
FN:95,(anonymous_4)
FNF:5
FNH:0
FNDA:0,(anonymous_0)
FNDA:0,(anonymous_1)
FNDA:0,(anonymous_2)
FNDA:0,(anonymous_3)
FNDA:0,(anonymous_4)
DA:1,0
DA:3,0
DA:8,0
DA:15,0
DA:17,0
DA:34,0
DA:39,0
DA:40,0
DA:42,0
DA:43,0
DA:53,0
DA:54,0
DA:55,0
DA:57,0
DA:59,0
DA:79,0
DA:80,0
DA:89,0
DA:91,0
DA:100,0
DA:101,0
DA:104,0
DA:108,0
LF:23
LH:0
BRDA:15,0,0,0
BRDA:15,0,1,0
BRDA:15,1,0,0
BRDA:15,1,1,0
BRDA:15,2,0,0
BRDA:15,2,1,0
BRDA:23,3,0,0
BRDA:23,3,1,0
BRDA:23,4,0,0
BRDA:23,4,1,0
BRDA:23,5,0,0
BRDA:23,5,1,0
BRDA:57,6,0,0
BRDA:57,6,1,0
BRDA:57,7,0,0
BRDA:57,7,1,0
BRDA:57,8,0,0
BRDA:57,8,1,0
BRDA:74,9,0,0
BRDA:74,9,1,0
BRDA:74,10,0,0
BRDA:74,10,1,0
BRDA:74,11,0,0
BRDA:74,11,1,0
BRDA:100,12,0,0
BRDA:100,13,0,0
BRDA:100,13,1,0
BRDA:104,14,0,0
BRDA:104,14,1,0
BRF:29
BRH:0
end_of_record
TN:
SF:lib/ai/MockAIService.ts
FN:7,(anonymous_0)
FN:10,(anonymous_1)
FN:56,(anonymous_2)
FN:66,(anonymous_3)
FN:86,(anonymous_4)
FN:93,(anonymous_5)
FN:100,(anonymous_6)
FNF:7
FNH:0
FNDA:0,(anonymous_0)
FNDA:0,(anonymous_1)
FNDA:0,(anonymous_2)
FNDA:0,(anonymous_3)
FNDA:0,(anonymous_4)
FNDA:0,(anonymous_5)
FNDA:0,(anonymous_6)
DA:7,0
DA:8,0
DA:16,0
DA:19,0
DA:20,0
DA:31,0
DA:32,0
DA:39,0
DA:40,0
DA:48,0
DA:62,0
DA:63,0
DA:71,0
DA:77,0
DA:87,0
DA:94,0
DA:101,0
DA:105,0
LF:18
LH:0
BRDA:19,0,0,0
BRDA:19,1,0,0
BRDA:19,1,1,0
BRDA:31,2,0,0
BRDA:31,3,0,0
BRDA:31,3,1,0
BRDA:39,4,0,0
BRDA:39,5,0,0
BRDA:39,5,1,0
BRF:9
BRH:0
end_of_record
TN:
SF:lib/auth/admin.ts
FN:21,verifyAdminRequest
FN:73,verifyAdminUser
FN:87,setAdminRole
FNF:3
FNH:0
FNDA:0,verifyAdminRequest
FNDA:0,verifyAdminUser
FNDA:0,setAdminRole
DA:7,0
DA:21,0
DA:22,0
DA:23,0
DA:24,0
DA:31,0
DA:32,0
DA:33,0
DA:39,0
DA:42,0
DA:45,0
DA:47,0
DA:48,0
DA:56,0
DA:63,0
DA:73,0
DA:74,0
DA:75,0
DA:77,0
DA:78,0
DA:80,0
DA:87,0
DA:88,0
DA:89,0
DA:91,0
DA:92,0
DA:94,0
LF:27
LH:0
BRDA:23,0,0,0
BRDA:32,1,0,0
BRDA:32,2,0,0
BRDA:32,2,1,0
BRDA:32,3,0,0
BRDA:32,3,1,0
BRDA:45,4,0,0
BRDA:45,4,1,0
BRDA:47,5,0,0
BRDA:65,6,0,0
BRDA:65,6,1,0
BRDA:75,7,0,0
BRDA:78,8,0,0
BRDA:78,8,1,0
BRDA:78,9,0,0
BRDA:78,9,1,0
BRDA:78,10,0,0
BRDA:78,10,1,0
BRDA:78,11,0,0
BRDA:78,11,1,0
BRDA:78,12,0,0
BRDA:78,12,1,0
BRDA:89,13,0,0
BRDA:91,14,0,0
BRDA:91,14,1,0
BRF:25
BRH:0
end_of_record
TN:
SF:lib/config/playbook.ts
FNF:0
FNH:0
DA:1,0
LF:1
LH:0
BRF:0
BRH:0
end_of_record
TN:
SF:lib/db/repositories.ts
FNF:0
FNH:0
DA:6,0
DA:41,0
DA:42,0
DA:43,0
LF:4
LH:0
BRF:0
BRH:0
end_of_record
TN:
SF:lib/db/repository.ts
FN:23,(anonymous_0)
FN:25,(anonymous_1)
FN:32,(anonymous_2)
FN:42,(anonymous_3)
FN:49,(anonymous_4)
FN:56,(anonymous_5)
FN:71,(anonymous_6)
FN:85,(anonymous_7)
FN:100,(anonymous_8)
FNF:9
FNH:0
FNDA:0,(anonymous_0)
FNDA:0,(anonymous_1)
FNDA:0,(anonymous_2)
FNDA:0,(anonymous_3)
FNDA:0,(anonymous_4)
FNDA:0,(anonymous_5)
FNDA:0,(anonymous_6)
FNDA:0,(anonymous_7)
FNDA:0,(anonymous_8)
DA:7,0
DA:22,0
DA:23,0
DA:26,0
DA:27,0
DA:29,0
DA:33,0
DA:34,0
DA:35,0
DA:37,0
DA:38,0
DA:43,0
DA:44,0
DA:45,0
DA:46,0
DA:48,0
DA:49,0
DA:51,0
DA:52,0
DA:57,0
DA:58,0
DA:59,0
DA:60,0
DA:62,0
DA:63,0
DA:64,0
DA:66,0
DA:67,0
DA:72,0
DA:73,0
DA:78,0
DA:80,0
DA:81,0
DA:86,0
DA:87,0
DA:91,0
DA:92,0
DA:93,0
DA:95,0
DA:96,0
DA:101,0
DA:102,0
DA:104,0
DA:105,0
LF:44
LH:0
BRDA:26,0,0,0
BRDA:35,1,0,0
BRDA:35,1,1,0
BRDA:42,2,0,0
BRDA:64,3,0,0
BRDA:64,3,1,0
BRDA:92,4,0,0
BRF:7
BRH:0
end_of_record
TN:
SF:lib/dsl/parser.ts
FN:90,lex
FN:93,(anonymous_1)
FN:94,(anonymous_2)
FN:101,extractQuoted
FN:102,(anonymous_4)
FN:105,coerce
FN:119,parseFilterLine
FN:181,parseDSL
FN:318,buildFirestoreQuery
FN:362,applyFieldVisibility
FN:384,groupDocuments
FN:398,computeComparisonDelta
FNF:12
FNH:0
FNDA:0,lex
FNDA:0,(anonymous_1)
FNDA:0,(anonymous_2)
FNDA:0,extractQuoted
FNDA:0,(anonymous_4)
FNDA:0,coerce
FNDA:0,parseFilterLine
FNDA:0,parseDSL
FNDA:0,buildFirestoreQuery
FNDA:0,applyFieldVisibility
FNDA:0,groupDocuments
FNDA:0,computeComparisonDelta
DA:9,0
DA:91,0
DA:93,0
DA:94,0
DA:102,0
DA:106,0
DA:107,0
DA:108,0
DA:109,0
DA:110,0
DA:111,0
DA:112,0
DA:122,0
DA:123,0
DA:124,0
DA:133,0
DA:134,0
DA:135,0
DA:143,0
DA:144,0
DA:147,0
DA:148,0
DA:151,0
DA:152,0
DA:153,0
DA:157,0
DA:158,0
DA:159,0
DA:163,0
DA:164,0
DA:165,0
DA:169,0
DA:170,0
DA:171,0
DA:174,0
DA:181,0
DA:182,0
DA:184,0
DA:200,0
DA:201,0
DA:204,0
DA:205,0
DA:209,0
DA:210,0
DA:211,0
DA:212,0
DA:216,0
DA:217,0
DA:218,0
DA:222,0
DA:223,0
DA:227,0
DA:228,0
DA:229,0
DA:233,0
DA:234,0
DA:235,0
DA:236,0
DA:237,0
DA:238,0
DA:247,0
DA:248,0
DA:252,0
DA:253,0
DA:257,0
DA:258,0
DA:259,0
DA:263,0
DA:264,0
DA:268,0
DA:269,0
DA:273,0
DA:274,0
DA:278,0
DA:279,0
DA:280,0
DA:281,0
DA:290,0
DA:291,0
DA:292,0
DA:293,0
DA:294,0
DA:295,0
DA:296,0
DA:297,0
DA:298,0
DA:311,0
DA:318,0
DA:323,0
DA:326,0
DA:327,0
DA:328,0
DA:329,0
DA:330,0
DA:332,0
DA:333,0
DA:334,0
DA:335,0
DA:340,0
DA:341,0
DA:347,0
DA:348,0
DA:352,0
DA:354,0
DA:362,0
DA:366,0
DA:368,0
DA:370,0
DA:374,0
DA:375,0
DA:376,0
DA:380,0
DA:384,0
DA:388,0
DA:389,0
DA:390,0
DA:391,0
DA:392,0
DA:394,0
DA:398,0
DA:402,0
DA:403,0
DA:404,0
DA:405,0
LF:124
LH:0
BRDA:94,0,0,0
BRDA:94,0,1,0
BRDA:94,0,2,0
BRDA:102,1,0,0
BRDA:102,1,1,0
BRDA:102,2,0,0
BRDA:102,2,1,0
BRDA:102,3,0,0
BRDA:102,3,1,0
BRDA:102,4,0,0
BRDA:102,4,1,0
BRDA:107,5,0,0
BRDA:107,6,0,0
BRDA:107,6,1,0
BRDA:108,7,0,0
BRDA:109,8,0,0
BRDA:111,9,0,0
BRDA:111,10,0,0
BRDA:111,10,1,0
BRDA:123,11,0,0
BRDA:134,12,0,0
BRDA:144,13,0,0
BRDA:148,14,0,0
BRDA:152,15,0,0
BRDA:158,16,0,0
BRDA:164,17,0,0
BRDA:170,18,0,0
BRDA:181,19,0,0
BRDA:204,20,0,0
BRDA:204,20,1,0
BRDA:205,21,0,0
BRDA:205,21,1,0
BRDA:205,22,0,0
BRDA:205,22,1,0
BRDA:205,23,0,0
BRDA:205,23,1,0
BRDA:205,24,0,0
BRDA:205,24,1,0
BRDA:209,25,0,0
BRDA:209,25,1,0
BRDA:209,26,0,0
BRDA:209,26,1,0
BRDA:216,27,0,0
BRDA:216,27,1,0
BRDA:216,28,0,0
BRDA:216,28,1,0
BRDA:218,29,0,0
BRDA:222,30,0,0
BRDA:222,30,1,0
BRDA:227,31,0,0
BRDA:227,31,1,0
BRDA:229,32,0,0
BRDA:233,33,0,0
BRDA:233,33,1,0
BRDA:237,34,0,0
BRDA:240,35,0,0
BRDA:240,35,1,0
BRDA:240,36,0,0
BRDA:240,36,1,0
BRDA:240,37,0,0
BRDA:240,37,1,0
BRDA:240,38,0,0
BRDA:240,38,1,0
BRDA:247,39,0,0
BRDA:247,39,1,0
BRDA:252,40,0,0
BRDA:252,40,1,0
BRDA:257,41,0,0
BRDA:257,41,1,0
BRDA:259,42,0,0
BRDA:263,43,0,0
BRDA:263,43,1,0
BRDA:268,44,0,0
BRDA:268,44,1,0
BRDA:273,45,0,0
BRDA:273,45,1,0
BRDA:274,46,0,0
BRDA:274,46,1,0
BRDA:274,47,0,0
BRDA:274,47,1,0
BRDA:274,48,0,0
BRDA:274,48,1,0
BRDA:278,49,0,0
BRDA:278,49,1,0
BRDA:280,50,0,0
BRDA:290,51,0,0
BRDA:297,52,0,0
BRDA:300,53,0,0
BRDA:300,53,1,0
BRDA:300,54,0,0
BRDA:300,54,1,0
BRDA:300,55,0,0
BRDA:300,55,1,0
BRDA:300,56,0,0
BRDA:300,56,1,0
BRDA:301,57,0,0
BRDA:301,57,1,0
BRDA:301,58,0,0
BRDA:301,58,1,0
BRDA:302,59,0,0
BRDA:302,59,1,0
BRDA:302,60,0,0
BRDA:302,60,1,0
BRDA:303,61,0,0
BRDA:303,61,1,0
BRDA:303,62,0,0
BRDA:303,62,1,0
BRDA:304,63,0,0
BRDA:304,63,1,0
BRDA:304,64,0,0
BRDA:304,64,1,0
BRDA:305,65,0,0
BRDA:305,65,1,0
BRDA:305,66,0,0
BRDA:305,66,1,0
BRDA:321,67,0,0
BRDA:327,68,0,0
BRDA:327,68,1,0
BRDA:327,69,0,0
BRDA:327,69,1,0
BRDA:330,70,0,0
BRDA:330,70,1,0
BRDA:330,71,0,0
BRDA:330,71,1,0
BRDA:332,72,0,0
BRDA:332,72,1,0
BRDA:334,73,0,0
BRDA:340,74,0,0
BRDA:366,75,0,0
BRDA:366,76,0,0
BRDA:366,76,1,0
BRDA:370,77,0,0
BRDA:370,77,1,0
BRDA:375,78,0,0
BRDA:390,79,0,0
BRDA:390,79,1,0
BRDA:390,80,0,0
BRDA:390,80,1,0
BRDA:391,81,0,0
BRDA:402,82,0,0
BRDA:407,83,0,0
BRDA:407,83,1,0
BRDA:408,84,0,0
BRDA:408,84,1,0
BRDA:408,85,0,0
BRDA:408,85,1,0
BRF:146
BRH:0
end_of_record
TN:
SF:lib/firebase/index.ts
FN:33,(anonymous_0)
FN:36,(anonymous_1)
FNF:2
FNH:0
FNDA:0,(anonymous_0)
FNDA:0,(anonymous_1)
DA:1,0
DA:2,0
DA:3,0
DA:4,0
DA:5,0
DA:6,0
DA:8,0
DA:18,0
DA:19,0
DA:20,0
DA:21,0
DA:24,0
DA:25,0
DA:31,0
DA:32,0
DA:33,0
DA:36,0
DA:38,0
LF:18
LH:0
BRDA:18,0,0,0
BRDA:18,0,1,0
BRDA:24,1,0,0
BRDA:24,2,0,0
BRDA:24,2,1,0
BRDA:32,3,0,0
BRDA:33,4,0,0
BRDA:33,4,1,0
BRF:8
BRH:0
end_of_record
TN:
SF:lib/firebase/inventory.ts
FN:132,generateUnitCode
FN:160,generateNormalizedKey
FN:169,addProperty
FN:194,updateProperty
FN:205,deleteProperty
FN:212,getProperties
FN:224,(anonymous_6)
FN:230,getPropertyById
FN:241,markStaleProperties
FN:265,parseRawTextToProperty
FNF:10
FNH:0
FNDA:0,generateUnitCode
FNDA:0,generateNormalizedKey
FNDA:0,addProperty
FNDA:0,updateProperty
FNDA:0,deleteProperty
FNDA:0,getProperties
FNDA:0,(anonymous_6)
FNDA:0,getPropertyById
FNDA:0,markStaleProperties
FNDA:0,parseRawTextToProperty
DA:1,0
DA:16,0
DA:111,0
DA:132,0
DA:133,0
DA:134,0
DA:136,0
DA:137,0
DA:138,0
DA:140,0
DA:141,0
DA:142,0
DA:143,0
DA:145,0
DA:146,0
DA:148,0
DA:153,0
DA:160,0
DA:161,0
DA:162,0
DA:163,0
DA:169,0
DA:170,0
DA:173,0
DA:174,0
DA:176,0
DA:177,0
DA:180,0
DA:188,0
DA:194,0
DA:195,0
DA:196,0
DA:205,0
DA:206,0
DA:212,0
DA:213,0
DA:215,0
DA:216,0
DA:217,0
DA:218,0
DA:219,0
DA:220,0
DA:223,0
DA:224,0
DA:230,0
DA:231,0
DA:232,0
DA:233,0
DA:235,0
DA:241,0
DA:242,0
DA:243,0
DA:245,0
DA:251,0
DA:252,0
DA:254,0
DA:255,0
DA:256,0
DA:259,0
DA:265,0
DA:266,0
DA:267,0
DA:278,0
DA:279,0
DA:280,0
DA:281,0
DA:282,0
DA:287,0
DA:288,0
DA:291,0
DA:292,0
DA:295,0
DA:296,0
DA:299,0
DA:300,0
DA:301,0
DA:302,0
DA:304,0
DA:305,0
DA:307,0
DA:308,0
DA:309,0
DA:313,0
DA:314,0
DA:315,0
DA:317,0
DA:318,0
DA:319,0
DA:321,0
LF:89
LH:0
BRDA:133,0,0,0
BRDA:133,0,1,0
BRDA:133,1,0,0
BRDA:133,1,1,0
BRDA:134,2,0,0
BRDA:134,2,1,0
BRDA:137,3,0,0
BRDA:137,3,1,0
BRDA:138,4,0,0
BRDA:141,5,0,0
BRDA:142,6,0,0
BRDA:142,6,1,0
BRDA:145,7,0,0
BRDA:145,7,1,0
BRDA:146,8,0,0
BRDA:146,8,1,0
BRDA:148,9,0,0
BRDA:148,9,1,0
BRDA:161,10,0,0
BRDA:161,10,1,0
BRDA:162,11,0,0
BRDA:162,11,1,0
BRDA:163,12,0,0
BRDA:163,12,1,0
BRDA:163,13,0,0
BRDA:163,13,1,0
BRDA:176,14,0,0
BRDA:215,15,0,0
BRDA:216,16,0,0
BRDA:217,17,0,0
BRDA:218,18,0,0
BRDA:219,19,0,0
BRDA:220,20,0,0
BRDA:232,21,0,0
BRDA:279,22,0,0
BRDA:287,23,0,0
BRDA:287,23,1,0
BRDA:287,24,0,0
BRDA:287,24,1,0
BRDA:288,25,0,0
BRDA:288,26,0,0
BRDA:288,26,1,0
BRDA:292,27,0,0
BRDA:296,28,0,0
BRDA:300,29,0,0
BRDA:304,30,0,0
BRDA:304,30,1,0
BRDA:304,31,0,0
BRDA:304,31,1,0
BRDA:305,32,0,0
BRDA:305,33,0,0
BRDA:305,33,1,0
BRDA:308,34,0,0
BRDA:308,34,1,0
BRDA:308,35,0,0
BRDA:308,35,1,0
BRDA:309,36,0,0
BRDA:309,36,1,0
BRDA:313,37,0,0
BRDA:313,37,1,0
BRDA:313,38,0,0
BRDA:313,38,1,0
BRDA:314,39,0,0
BRDA:314,39,1,0
BRDA:314,40,0,0
BRDA:314,40,1,0
BRDA:317,41,0,0
BRDA:317,41,1,0
BRDA:317,42,0,0
BRDA:317,42,1,0
BRDA:318,43,0,0
BRDA:318,43,1,0
BRDA:318,44,0,0
BRDA:318,44,1,0
BRDA:319,45,0,0
BRDA:319,46,0,0
BRDA:319,46,1,0
BRF:77
BRH:0
end_of_record
TN:
SF:lib/hooks/useAdmin.ts
FN:16,useAdmin
FN:18,(anonymous_1)
FN:38,(anonymous_2)
FN:53,(anonymous_3)
FN:62,(anonymous_4)
FN:77,(anonymous_5)
[...]
FN:145,(anonymous_14)
FN:160,(anonymous_15)
FNF:7
FNH:0
FNDA:0,notifyTelegram
FNDA:0,(anonymous_10)
FNDA:0,(anonymous_11)
FNDA:0,(anonymous_12)
FNDA:0,(anonymous_13)
FNDA:0,(anonymous_14)
FNDA:0,(anonymous_15)
DA:1,0
DA:2,0
DA:3,0
DA:4,0
DA:5,0
DA:6,0
DA:7,0
DA:8,0
DA:9,0
DA:10,0
DA:14,0
DA:15,0
DA:16,0
DA:17,0
DA:18,0
DA:30,0
DA:36,0
DA:38,0
DA:40,0
DA:41,0
DA:43,0
DA:44,0
DA:46,0
DA:48,0
DA:49,0
DA:51,0
DA:52,0
DA:54,0
DA:55,0
DA:56,0
DA:58,0
DA:59,0
DA:63,0
DA:64,0
DA:65,0
DA:67,0
DA:68,0
DA:72,0
DA:74,0
DA:75,0
DA:76,0
DA:77,0
DA:80,0
DA:81,0
DA:83,0
DA:84,0
DA:88,0
DA:89,0
DA:90,0
DA:92,0
DA:93,0
DA:96,0
DA:97,0
DA:100,0
DA:102,0
DA:103,0
DA:104,0
DA:105,0
DA:109,0
DA:112,0
DA:113,0
DA:116,0
DA:117,0
DA:125,0
DA:130,0
DA:135,0
DA:137,0
DA:146,0
DA:147,0
DA:148,0
DA:150,0
DA:151,0
DA:152,0
DA:156,0
DA:157,0
DA:167,0
DA:169,0
DA:177,0
DA:179,0
LF:79
LH:0
BRDA:16,0,0,0
BRDA:16,1,0,0
BRDA:16,1,1,0
BRDA:41,2,0,0
BRDA:43,3,0,0
BRDA:43,3,1,0
BRDA:43,3,2,0
BRDA:43,4,0,0
BRDA:43,4,1,0
BRDA:43,5,0,0
BRDA:43,5,1,0
BRDA:43,6,0,0
BRDA:43,6,1,0
BRDA:43,7,0,0
BRDA:43,7,1,0
BRDA:54,8,0,0
BRDA:54,9,0,0
BRDA:54,9,1,0
BRDA:59,10,0,0
BRDA:59,10,1,0
BRDA:59,11,0,0
BRDA:59,11,1,0
BRDA:59,12,0,0
BRDA:59,12,1,0
BRDA:59,13,0,0
BRDA:59,13,1,0
BRDA:59,14,0,0
BRDA:59,14,1,0
BRDA:63,15,0,0
BRDA:68,16,0,0
BRDA:68,16,1,0
BRDA:68,17,0,0
BRDA:68,17,1,0
BRDA:68,18,0,0
BRDA:68,18,1,0
BRDA:68,19,0,0
BRDA:68,19,1,0
BRDA:68,20,0,0
BRDA:68,20,1,0
BRDA:72,21,0,0
BRDA:75,22,0,0
BRDA:75,23,0,0
BRDA:75,23,1,0
BRDA:75,24,0,0
BRDA:75,24,1,0
BRDA:75,25,0,0
BRDA:75,25,1,0
BRDA:75,26,0,0
BRDA:75,26,1,0
BRDA:75,27,0,0
BRDA:75,27,1,0
BRDA:84,28,0,0
BRDA:84,28,1,0
BRDA:84,29,0,0
BRDA:84,29,1,0
BRDA:84,30,0,0
BRDA:84,30,1,0
BRDA:84,31,0,0
BRDA:84,31,1,0
BRDA:84,32,0,0
BRDA:84,32,1,0
BRDA:88,33,0,0
BRDA:93,34,0,0
BRDA:93,34,1,0
BRDA:93,35,0,0
BRDA:93,35,1,0
BRDA:93,36,0,0
BRDA:93,36,1,0
BRDA:93,37,0,0
BRDA:93,37,1,0
BRDA:93,38,0,0
BRDA:93,38,1,0
BRDA:96,39,0,0
BRDA:104,40,0,0
BRDA:121,41,0,0
BRDA:121,41,1,0
BRDA:148,42,0,0
BRDA:150,43,0,0
BRDA:150,43,1,0
BRDA:150,44,0,0
BRDA:150,44,1,0
BRDA:151,45,0,0
BRDA:151,46,0,0
BRDA:151,46,1,0
BRDA:151,47,0,0
BRDA:151,47,1,0
BRDA:152,48,0,0
BRDA:152,48,1,0
BRDA:152,49,0,0
BRDA:152,49,1,0
BRDA:174,50,0,0
BRDA:174,50,1,0
BRDA:185,51,0,0
BRDA:185,51,1,0
BRF:94
BRH:0
end_of_record
TN:
SF:lib/services/portfolio-engine.ts
FN:51,curateConciergePortfolio
FN:63,(anonymous_1)
FN:148,generateLuxuryDescription
FN:168,generateSierraNoteFromTemplate
FN:169,(anonymous_4)
FN:195,sendPortfolioViaWhatsApp
FN:207,(anonymous_6)
FN:238,trackPortfolioEngagement
FNF:8
FNH:0
FNDA:0,curateConciergePortfolio
FNDA:0,(anonymous_1)
FNDA:0,generateLuxuryDescription
FNDA:0,generateSierraNoteFromTemplate
FNDA:0,(anonymous_4)
FNDA:0,sendPortfolioViaWhatsApp
FNDA:0,(anonymous_6)
FNDA:0,trackPortfolioEngagement
DA:9,0
DA:10,0
DA:19,0
DA:20,0
DA:21,0
DA:51,0
DA:53,0
DA:54,0
DA:55,0
DA:57,0
DA:58,0
DA:62,0
DA:63,0
DA:67,0
DA:68,0
DA:69,0
DA:71,0
DA:72,0
DA:73,0
DA:75,0
DA:76,0
DA:79,0
DA:81,0
DA:93,0
DA:94,0
DA:98,0
DA:99,0
DA:101,0
DA:102,0
DA:106,0
DA:109,0
DA:121,0
DA:134,0
DA:140,0
DA:142,0
DA:149,0
DA:161,0
DA:162,0
DA:169,0
DA:171,0
DA:187,0
DA:188,0
DA:195,0
DA:200,0
DA:207,0
DA:226,0
DA:229,0
DA:238,0
DA:243,0
DA:247,0
LF:50
LH:0
BRDA:54,0,0,0
BRDA:57,1,0,0
BRDA:57,2,0,0
BRDA:57,2,1,0
BRDA:57,3,0,0
BRDA:57,3,1,0
BRDA:57,4,0,0
BRDA:57,4,1,0
BRDA:73,5,0,0
BRDA:82,6,0,0
BRDA:82,6,1,0
BRDA:82,7,0,0
BRDA:82,7,1,0
BRDA:88,8,0,0
BRDA:88,8,1,0
BRDA:88,9,0,0
BRDA:88,9,1,0
BRDA:98,10,0,0
BRDA:101,11,0,0
BRDA:156,12,0,0
BRDA:156,12,1,0
BRDA:156,13,0,0
BRDA:156,13,1,0
BRDA:157,14,0,0
BRDA:157,14,1,0
BRDA:157,15,0,0
BRDA:157,15,1,0
BRDA:176,16,0,0
BRDA:176,16,1,0
BRF:29
BRH:0
end_of_record
TN:
SF:lib/services/profiling-service.ts
FN:22,extractProfileFromChat
FN:77,calculateSierraScore
FN:102,(anonymous_11)
FN:117,getNextInterviewQuestion
FN:135,extractFeedbackAndSentiment
FN:177,conductPrecisionInterview
FN:181,(anonymous_15)
FN:182,(anonymous_16)
FN:184,(anonymous_17)
FNF:9
FNH:0
FNDA:0,extractProfileFromChat
FNDA:0,calculateSierraScore
FNDA:0,(anonymous_11)
FNDA:0,getNextInterviewQuestion
FNDA:0,extractFeedbackAndSentiment
FNDA:0,conductPrecisionInterview
FNDA:0,(anonymous_15)
FNDA:0,(anonymous_16)
FNDA:0,(anonymous_17)
DA:6,0
DA:22,0
DA:23,0
DA:42,0
DA:43,0
DA:52,0
DA:53,0
DA:54,0
DA:56,0
DA:59,0
DA:60,0
DA:62,0
DA:64,0
DA:65,0
DA:77,0
DA:78,0
DA:82,0
DA:83,0
DA:84,0
DA:88,0
DA:91,0
DA:92,0
DA:93,0
DA:94,0
DA:99,0
DA:102,0
DA:103,0
DA:106,0
DA:107,0
DA:110,0
DA:117,0
DA:119,0
DA:120,0
DA:123,0
DA:124,0
DA:125,0
DA:126,0
DA:128,0
DA:135,0
DA:136,0
DA:153,0
DA:154,0
DA:163,0
DA:164,0
DA:165,0
DA:166,0
DA:168,0
DA:169,0
DA:177,0
DA:178,0
DA:181,0
DA:182,0
DA:184,0
DA:185,0
DA:186,0
DA:203,0
DA:204,0
DA:207,0
LF:58
LH:0
BRDA:54,0,0,0
BRDA:82,1,0,0
BRDA:82,1,1,0
BRDA:82,2,0,0
BRDA:82,2,1,0
BRDA:83,3,0,0
BRDA:83,3,1,0
BRDA:83,4,0,0
BRDA:83,4,1,0
BRDA:84,5,0,0
BRDA:84,6,0,0
BRDA:84,6,1,0
BRDA:91,7,0,0
BRDA:91,7,1,0
BRDA:91,8,0,0
BRDA:91,8,1,0
BRDA:93,9,0,0
BRDA:102,10,0,0
BRDA:102,10,1,0
BRDA:103,11,0,0
BRDA:103,11,1,0
BRDA:103,12,0,0
BRDA:103,12,1,0
BRDA:106,13,0,0
BRDA:119,14,0,0
BRDA:119,15,0,0
BRDA:119,15,1,0
BRDA:119,15,2,0
BRDA:123,16,0,0
BRDA:124,17,0,0
BRDA:125,18,0,0
BRDA:126,19,0,0
BRDA:165,20,0,0
BRDA:197,21,0,0
BRDA:197,21,1,0
BRDA:197,22,0,0
BRDA:197,22,1,0
BRDA:203,23,0,0
BRDA:203,24,0,0
BRDA:203,24,1,0
BRF:40
BRH:0
end_of_record
TN:
SF:lib/services/roi-service.ts
FN:32,analyzeAssetFinancials
FN:76,generateValuationReasoning
FNF:2
FNH:0
FNDA:0,analyzeAssetFinancials
FNDA:0,generateValuationReasoning
DA:7,0
DA:8,0
DA:18,0
DA:32,0
DA:33,0
DA:36,0
DA:37,0
DA:40,0
DA:41,0
DA:44,0
DA:45,0
DA:47,0
DA:48,0
DA:49,0
DA:50,0
DA:53,0
DA:57,0
DA:58,0
DA:59,0
DA:61,0
DA:64,0
DA:66,0
DA:77,0
DA:90,0
DA:91,0
DA:100,0
DA:102,0
LF:27
LH:0
BRDA:33,0,0,0
BRDA:33,0,1,0
BRDA:33,1,0,0
BRDA:33,1,1,0
BRDA:36,2,0,0
BRDA:36,2,1,0
BRDA:36,3,0,0
BRDA:36,3,1,0
BRDA:36,4,0,0
BRDA:36,4,1,0
BRDA:37,5,0,0
BRDA:37,5,1,0
BRDA:37,6,0,0
BRDA:37,6,1,0
BRDA:37,7,0,0
BRDA:37,7,1,0
BRDA:41,8,0,0
BRDA:41,8,1,0
BRDA:45,9,0,0
BRDA:45,9,1,0
BRDA:45,10,0,0
BRDA:45,10,1,0
BRDA:45,11,0,0
BRDA:45,11,1,0
BRDA:47,12,0,0
BRDA:48,13,0,0
BRDA:49,14,0,0
BRDA:50,15,0,0
BRDA:57,16,0,0
BRDA:57,16,1,0
BRDA:58,17,0,0
BRDA:58,18,0,0
BRDA:58,18,1,0
BRDA:58,19,0,0
BRDA:58,19,1,0
BRDA:59,20,0,0
BRDA:100,21,0,0
BRDA:100,21,1,0
BRF:38
BRH:0
end_of_record
TN:
SF:lib/services/sales-engine.ts
FN:23,generateOptionsPackage
FN:73,(anonymous_1)
FN:93,(anonymous_2)
FN:105,generateConciergeSelection
FN:133,generateAIPackageSummary
FN:142,(anonymous_5)
FN:166,triggerIncentive
FNF:7
FNH:0
FNDA:0,generateOptionsPackage
FNDA:0,(anonymous_1)
FNDA:0,(anonymous_2)
FNDA:0,generateConciergeSelection
FNDA:0,generateAIPackageSummary
FNDA:0,(anonymous_5)
FNDA:0,triggerIncentive
DA:6,0
DA:7,0
DA:16,0
DA:17,0
DA:18,0
DA:23,0
DA:25,0
DA:26,0
DA:27,0
DA:29,0
DA:30,0
DA:34,0
DA:35,0
DA:36,0
DA:38,0
DA:39,0
DA:40,0
DA:41,0
DA:42,0
DA:44,0
DA:56,0
DA:57,0
DA:61,0
DA:62,0
DA:65,0
DA:68,0
DA:70,0
DA:73,0
DA:86,0
DA:89,0
DA:90,0
DA:93,0
DA:94,0
DA:95,0
DA:98,0
DA:105,0
DA:106,0
DA:107,0
DA:108,0
DA:111,0
DA:112,0
DA:116,0
DA:117,0
DA:120,0
DA:127,0
DA:134,0
DA:142,0
DA:146,0
DA:147,0
DA:156,0
DA:158,0
DA:159,0
DA:167,0
DA:169,0
DA:181,0
DA:184,0
LF:56
LH:0
BRDA:26,0,0,0
BRDA:29,1,0,0
BRDA:29,2,0,0
BRDA:29,2,1,0
BRDA:29,3,0,0
BRDA:29,3,1,0
BRDA:29,4,0,0
BRDA:29,4,1,0
BRDA:40,5,0,0
BRDA:61,6,0,0
BRDA:61,6,1,0
BRDA:62,7,0,0
BRDA:62,7,1,0
BRDA:68,8,0,0
BRDA:68,8,1,0
BRDA:94,9,0,0
BRDA:107,10,0,0
BRDA:111,11,0,0
BRDA:111,12,0,0
BRDA:111,12,1,0
BRDA:111,13,0,0
BRDA:111,13,1,0
BRDA:111,14,0,0
BRDA:111,14,1,0
BRDA:116,15,0,0
BRDA:116,15,1,0
BRDA:141,16,0,0
BRDA:141,16,1,0
BRDA:141,17,0,0
BRDA:141,17,1,0
BRDA:141,18,0,0
BRDA:141,18,1,0
BRDA:156,19,0,0
BRDA:156,19,1,0
BRF:34
BRH:0
end_of_record
TN:
SF:lib/services/sheets-sync.ts
FN:10,(anonymous_0)
FNF:1
FNH:0
FNDA:0,(anonymous_0)
DA:1,0
DA:6,0
DA:11,0
DA:13,0
DA:14,0
DA:19,0
DA:20,0
DA:22,0
DA:23,0
DA:26,0
DA:28,0
DA:35,0
DA:40,0
DA:41,0
LF:14
LH:0
BRDA:22,0,0,0
BRF:1
BRH:0
end_of_record
TN:
SF:lib/services/skill-loader.ts
FN:28,(anonymous_0)
FN:32,(anonymous_1)
FN:47,(anonymous_2)
FN:84,(anonymous_3)
FN:92,(anonymous_4)
FN:110,(anonymous_5)
FN:143,(anonymous_6)
FN:174,(anonymous_7)
FN:201,(anonymous_8)
FN:240,(anonymous_9)
FN:271,(anonymous_10)
FN:275,(anonymous_11)
FN:276,(anonymous_12)
FN:279,(anonymous_13)
FNF:14
FNH:0
FNDA:0,(anonymous_0)
FNDA:0,(anonymous_1)
FNDA:0,(anonymous_2)
FNDA:0,(anonymous_3)
FNDA:0,(anonymous_4)
FNDA:0,(anonymous_5)
FNDA:0,(anonymous_6)
FNDA:0,(anonymous_7)
FNDA:0,(anonymous_8)
FNDA:0,(anonymous_9)
FNDA:0,(anonymous_10)
FNDA:0,(anonymous_11)
FNDA:0,(anonymous_12)
FNDA:0,(anonymous_13)
DA:6,0
DA:7,0
DA:8,0
DA:26,0
DA:29,0
DA:35,0
DA:48,0
DA:49,0
DA:53,0
DA:54,0
DA:55,0
DA:64,0
DA:70,0
DA:85,0
DA:86,0
DA:87,0
DA:88,0
DA:89,0
DA:90,0
DA:91,0
DA:92,0
DA:93,0
DA:94,0
DA:96,0
DA:98,0
DA:104,0
DA:111,0
DA:112,0
DA:117,0
DA:124,0
DA:130,0
DA:144,0
DA:145,0
DA:146,0
DA:147,0
DA:152,0
DA:153,0
DA:155,0
DA:161,0
DA:175,0
DA:176,0
DA:181,0
DA:183,0
DA:189,0
DA:202,0
DA:203,0
DA:204,0
DA:205,0
DA:206,0
DA:207,0
DA:208,0
DA:209,0
DA:210,0
DA:211,0
DA:221,0
DA:227,0
DA:241,0
DA:242,0
DA:243,0
DA:244,0
DA:245,0
DA:247,0
DA:260,0
DA:261,0
DA:265,0
DA:272,0
DA:276,0
DA:280,0
DA:281,0
DA:282,0
DA:286,0
LF:71
LH:0
BRDA:53,0,0,0
BRDA:57,1,0,0
BRDA:57,1,1,0
BRDA:58,2,0,0
BRDA:58,2,1,0
BRDA:58,3,0,0
BRDA:58,3,1,0
BRDA:59,4,0,0
BRDA:59,4,1,0
BRDA:59,5,0,0
BRDA:59,5,1,0
BRDA:59,6,0,0
BRDA:59,6,1,0
BRDA:59,7,0,0
BRDA:59,7,1,0
BRDA:59,8,0,0
BRDA:59,8,1,0
BRDA:60,9,0,0
BRDA:60,9,1,0
BRDA:60,10,0,0
BRDA:60,10,1,0
BRDA:60,11,0,0
BRDA:60,11,1,0
BRDA:61,12,0,0
BRDA:61,12,1,0
BRDA:61,13,0,0
BRDA:61,13,1,0
BRDA:61,14,0,0
BRDA:61,14,1,0
BRDA:61,15,0,0
BRDA:61,15,1,0
BRDA:61,16,0,0
BRDA:61,16,1,0
BRDA:87,17,0,0
BRDA:88,18,0,0
BRDA:90,19,0,0
BRDA:94,20,0,0
BRDA:94,20,1,0
BRDA:94,21,0,0
BRDA:94,21,1,0
BRDA:94,22,0,0
BRDA:94,22,1,0
BRDA:94,23,0,0
BRDA:94,23,1,0
BRDA:94,24,0,0
BRDA:94,24,1,0
BRDA:146,25,0,0
BRDA:153,26,0,0
BRDA:153,26,1,0
BRDA:204,27,0,0
BRDA:206,28,0,0
BRDA:206,28,1,0
BRDA:207,29,0,0
BRDA:207,29,1,0
BRDA:208,30,0,0
BRDA:208,30,1,0
BRDA:212,31,0,0
BRDA:212,31,1,0
BRDA:217,32,0,0
BRDA:217,32,1,0
BRDA:217,33,0,0
BRDA:217,33,1,0
BRDA:217,34,0,0
BRDA:217,34,1,0
BRDA:218,35,0,0
BRDA:218,35,1,0
BRDA:218,36,0,0
BRDA:218,36,1,0
BRDA:218,37,0,0
BRDA:218,37,1,0
BRDA:244,38,0,0
BRDA:244,39,0,0
BRDA:244,39,1,0
BRDA:261,40,0,0
BRDA:261,40,1,0
BRDA:261,41,0,0
BRDA:261,41,1,0
BRDA:261,42,0,0
BRDA:261,42,1,0
BRDA:261,43,0,0
BRDA:261,43,1,0
BRDA:261,44,0,0
BRDA:261,44,1,0
BRDA:263,45,0,0
BRDA:263,45,1,0
BRDA:281,46,0,0
BRF:86
BRH:0
end_of_record
TN:
SF:lib/services/sync-engine.ts
FN:65,calculateMatchConfidence
FN:126,getProtectedFields
FN:135,mergeWithProtection
FN:168,addToDedupeQueue
FN:180,getPendingDedupeItems
FN:186,(anonymous_5)
FN:192,resolveDedupeItem
FN:247,normalizePFData
FN:263,(anonymous_8)
FN:277,syncBatch
FNF:10
FNH:0
FNDA:0,calculateMatchConfidence
FNDA:0,getProtectedFields
FNDA:0,mergeWithProtection
FNDA:0,addToDedupeQueue
FNDA:0,getPendingDedupeItems
FNDA:0,(anonymous_5)
FNDA:0,resolveDedupeItem
FNDA:0,normalizePFData
FNDA:0,(anonymous_8)
FNDA:0,syncBatch
DA:9,0
DA:10,0
DA:51,0
DA:52,0
DA:53,0
DA:65,0
DA:69,0
DA:70,0
DA:73,0
DA:74,0
DA:75,0
DA:79,0
DA:80,0
DA:81,0
DA:82,0
DA:83,0
DA:84,0
DA:85,0
DA:86,0
DA:91,0
DA:92,0
DA:93,0
DA:94,0
DA:95,0
DA:96,0
DA:97,0
DA:101,0
DA:102,0
DA:103,0
DA:104,0
DA:105,0
DA:109,0
DA:110,0
DA:111,0
DA:112,0
DA:113,0
DA:114,0
DA:117,0
DA:126,0
DA:127,0
DA:128,0
DA:135,0
DA:140,0
DA:141,0
DA:143,0
DA:144,0
DA:146,0
DA:148,0
DA:149,0
DA:151,0
DA:154,0
DA:157,0
DA:158,0
DA:160,0
DA:168,0
DA:169,0
DA:174,0
DA:180,0
DA:181,0
DA:185,0
DA:186,0
DA:192,0
DA:198,0
DA:199,0
DA:201,0
DA:202,0
DA:205,0
DA:207,0
DA:209,0
DA:210,0
DA:212,0
DA:213,0
DA:214,0
DA:215,0
DA:216,0
DA:221,0
DA:223,0
DA:232,0
DA:247,0
DA:248,0
DA:263,0
DA:268,0
DA:277,0
DA:280,0
DA:289,0
DA:290,0
DA:291,0
DA:292,0
DA:293,0
DA:294,0
DA:297,0
DA:301,0
DA:303,0
DA:305,0
DA:306,0
DA:307,0
DA:308,0
DA:310,0
DA:312,0
DA:321,0
DA:324,0
DA:325,0
DA:327,0
DA:331,0
DA:332,0
DA:334,0
DA:335,0
DA:336,0
DA:337,0
DA:341,0
DA:343,0
DA:344,0
DA:345,0
DA:346,0
DA:347,0
DA:349,0
DA:357,0
DA:360,0
DA:366,0
DA:369,0
DA:374,0
DA:379,0
LF:122
LH:0
BRDA:74,0,0,0
BRDA:74,1,0,0
BRDA:74,1,1,0
BRDA:80,2,0,0
BRDA:80,2,1,0
BRDA:81,3,0,0
BRDA:81,3,1,0
BRDA:82,4,0,0
BRDA:82,5,0,0
BRDA:82,5,1,0
BRDA:83,6,0,0
BRDA:83,6,1,0
BRDA:85,7,0,0
BRDA:85,8,0,0
BRDA:85,8,1,0
BRDA:92,9,0,0
BRDA:92,9,1,0
BRDA:93,10,0,0
BRDA:93,10,1,0
BRDA:94,11,0,0
BRDA:94,12,0,0
BRDA:94,12,1,0
BRDA:96,13,0,0
BRDA:96,13,1,0
BRDA:97,14,0,0
BRDA:102,15,0,0
BRDA:102,15,1,0
BRDA:102,15,2,0
BRDA:103,16,0,0
BRDA:103,16,1,0
BRDA:103,16,2,0
BRDA:104,17,0,0
BRDA:104,18,0,0
BRDA:104,18,1,0
BRDA:104,18,2,0
BRDA:110,19,0,0
BRDA:110,19,1,0
BRDA:111,20,0,0
BRDA:111,20,1,0
BRDA:112,21,0,0
BRDA:112,22,0,0
BRDA:112,22,1,0
BRDA:114,23,0,0
BRDA:117,24,0,0
BRDA:117,24,1,0
BRDA:128,25,0,0
BRDA:128,25,1,0
BRDA:144,26,0,0
BRDA:144,27,0,0
BRDA:144,27,1,0
BRDA:144,27,2,0
BRDA:146,28,0,0
BRDA:148,29,0,0
BRDA:201,30,0,0
BRDA:207,31,0,0
BRDA:207,31,1,0
BRDA:207,32,0,0
BRDA:207,32,1,0
BRDA:212,33,0,0
BRDA:221,34,0,0
BRDA:233,35,0,0
BRDA:233,35,1,0
BRDA:234,36,0,0
BRDA:234,36,1,0
BRDA:234,36,2,0
BRDA:249,37,0,0
BRDA:249,37,1,0
BRDA:249,37,2,0
BRDA:250,38,0,0
BRDA:250,38,1,0
BRDA:251,39,0,0
BRDA:251,39,1,0
BRDA:252,40,0,0
BRDA:252,40,1,0
BRDA:253,41,0,0
BRDA:253,41,1,0
BRDA:254,42,0,0
BRDA:254,42,1,0
BRDA:255,43,0,0
BRDA:255,43,1,0
BRDA:255,44,0,0
BRDA:255,44,1,0
BRDA:256,45,0,0
BRDA:256,45,1,0
BRDA:257,46,0,0
BRDA:257,46,1,0
BRDA:257,46,2,0
BRDA:258,47,0,0
BRDA:258,47,1,0
BRDA:259,48,0,0
BRDA:259,48,1,0
BRDA:260,49,0,0
BRDA:260,49,1,0
BRDA:260,50,0,0
BRDA:260,50,1,0
BRDA:261,51,0,0
BRDA:261,51,1,0
BRDA:261,52,0,0
BRDA:261,52,1,0
BRDA:262,53,0,0
BRDA:262,53,1,0
BRDA:263,54,0,0
BRDA:263,54,1,0
BRDA:263,55,0,0
BRDA:263,55,1,0
BRDA:264,56,0,0
BRDA:264,56,1,0
BRDA:265,57,0,0
BRDA:265,57,1,0
BRDA:265,57,2,0
BRDA:303,58,0,0
BRDA:310,59,0,0
BRDA:310,59,1,0
BRDA:336,60,0,0
BRDA:336,61,0,0
BRDA:336,61,1,0
BRDA:341,62,0,0
BRDA:341,62,1,0
BRDA:341,63,0,0
BRDA:341,63,1,0
BRDA:347,64,0,0
BRDA:347,64,1,0
BRDA:347,65,0,0
BRDA:347,65,1,0
BRF:124
BRH:0
end_of_record
TN:
SF:lib/services/telegram-alert-service.ts
FN:14,(anonymous_1)
FN:59,(anonymous_2)
FNF:2
FNH:0
FNDA:0,(anonymous_1)
FNDA:0,(anonymous_2)
DA:1,0
DA:7,0
DA:8,0
DA:9,0
DA:22,0
DA:23,0
DA:24,0
DA:27,0
DA:28,0
DA:42,0
DA:43,0
DA:49,0
DA:51,0
DA:52,0
DA:60,0
DA:61,0
DA:62,0
DA:67,0
DA:69,0
LF:19
LH:0
BRDA:22,0,0,0
BRDA:22,1,0,0
BRDA:22,1,1,0
BRDA:27,2,0,0
BRDA:27,2,1,0
BRF:5
BRH:0
end_of_record
TN:
SF:lib/services/telegram-controller.ts
FN:21,sendTelegramMessage
FN:45,handleTelegramCommand
FN:62,cmdMaintenance
FN:72,cmdScore
FN:92,cmdMatches
FN:106,(anonymous_5)
FN:107,(anonymous_6)
FN:107,(anonymous_7)
FN:114,(anonymous_8)
FN:115,(anonymous_9)
FN:122,cmdApprove
FNF:11
FNH:0
FNDA:0,sendTelegramMessage
FNDA:0,handleTelegramCommand
FNDA:0,cmdMaintenance
FNDA:0,cmdScore
FNDA:0,cmdMatches
FNDA:0,(anonymous_5)
FNDA:0,(anonymous_6)
FNDA:0,(anonymous_7)
FNDA:0,(anonymous_8)
FNDA:0,(anonymous_9)
FNDA:0,cmdApprove
DA:6,0
DA:7,0
DA:8,0
DA:9,0
DA:10,0
DA:12,0
DA:13,0
DA:15,0
DA:16,0
DA:21,0
DA:22,0
DA:24,0
DA:25,0
DA:27,0
DA:28,0
DA:38,0
DA:45,0
DA:46,0
DA:48,0
DA:50,0
DA:52,0
DA:54,0
DA:56,0
DA:58,0
DA:63,0
DA:64,0
DA:65,0
DA:66,0
DA:68,0
DA:73,0
DA:75,0
DA:76,0
DA:78,0
DA:79,0
DA:80,0
DA:82,0
DA:89,0
DA:93,0
DA:96,0
DA:104,0
DA:105,0
DA:106,0
DA:107,0
DA:109,0
DA:110,0
DA:113,0
DA:114,0
DA:115,0
DA:116,0
DA:119,0
DA:123,0
DA:125,0
DA:126,0
DA:127,0
DA:130,0
DA:133,0
DA:137,0
DA:139,0
LF:58
LH:0
BRDA:22,0,0,0
BRDA:24,1,0,0
BRDA:24,1,1,0
BRDA:25,2,0,0
BRDA:46,3,0,0
BRDA:46,3,1,0
BRDA:46,3,2,0
BRDA:46,3,3,0
BRDA:46,3,4,0
BRDA:46,3,5,0
BRDA:73,4,0,0
BRDA:76,5,0,0
BRDA:84,6,0,0
BRDA:84,6,1,0
BRDA:84,7,0,0
BRDA:84,7,1,0
BRDA:84,8,0,0
BRDA:84,8,1,0
BRDA:93,9,0,0
BRDA:107,10,0,0
BRDA:107,10,1,0
BRDA:107,11,0,0
BRDA:107,11,1,0
BRDA:107,12,0,0
BRDA:107,12,1,0
BRDA:107,13,0,0
BRDA:107,13,1,0
BRDA:109,14,0,0
BRDA:115,15,0,0
BRDA:115,15,1,0
BRDA:115,16,0,0
BRDA:115,16,1,0
BRDA:115,17,0,0
BRDA:115,17,1,0
BRDA:115,18,0,0
BRDA:115,18,1,0
BRDA:116,19,0,0
BRDA:116,19,1,0
BRDA:116,20,0,0
BRDA:116,20,1,0
BRDA:123,21,0,0
BRDA:127,22,0,0
BRF:42
BRH:0
end_of_record
TN:
SF:lib/services/vector-service.ts
FN:15,generateEmbedding
FN:34,createSemanticString
FN:37,(anonymous_2)
FN:38,(anonymous_3)
FNF:4
FNH:0
FNDA:0,generateEmbedding
FNDA:0,createSemanticString
FNDA:0,(anonymous_2)
FNDA:0,(anonymous_3)
DA:6,0
DA:8,0
DA:9,0
DA:15,0
DA:16,0
DA:17,0
DA:18,0
DA:21,0
DA:22,0
DA:23,0
DA:24,0
DA:26,0
DA:27,0
DA:34,0
DA:36,0
DA:37,0
DA:38,0
LF:17
LH:0
BRDA:8,0,0,0
BRDA:8,0,1,0
BRDA:16,1,0,0
BRDA:37,2,0,0
BRDA:37,2,1,0
BRDA:37,2,2,0
BRF:6
BRH:0
end_of_record
TN:
SF:lib/services/viewing-engine.ts
FN:14,scheduleViewing
FN:50,completeViewing
FNF:2
FNH:0
FNDA:0,scheduleViewing
FNDA:0,completeViewing
DA:6,0
DA:7,0
DA:8,0
DA:9,0
DA:14,0
DA:20,0
DA:31,0
DA:34,0
DA:40,0
DA:44,0
DA:50,0
DA:51,0
DA:52,0
DA:54,0
DA:55,0
DA:57,0
DA:64,0
DA:68,0
LF:18
LH:0
BRDA:54,0,0,0
BRDA:59,1,0,0
BRDA:59,1,1,0
BRF:3
BRH:0
end_of_record
TN:
SF:lib/services/voice-service.ts
FN:16,(anonymous_0)
FNF:1
FNH:0
FNDA:0,(anonymous_0)
DA:1,0
DA:2,0
DA:9,0
DA:10,0
DA:11,0
DA:17,0
DA:18,0
DA:19,0
DA:22,0
DA:23,0
DA:25,0
DA:45,0
DA:46,0
DA:51,0
DA:53,0
DA:61,0
DA:64,0
DA:65,0
LF:18
LH:0
BRDA:17,0,0,0
BRDA:45,1,0,0
BRDA:11,2,0,0
BRDA:11,2,1,0
BRF:4
BRH:0
end_of_record
TN:
SF:lib/types/result.ts
FN:12,(anonymous_0)
FN:14,(anonymous_1)
FN:18,(anonymous_2)
FN:24,(anonymous_3)
FN:26,(anonymous_4)
FN:30,(anonymous_5)
FN:36,ok
FN:40,err
FN:45,map
FN:52,flatMap
FN:60,tryCatch
FN:71,match
FNF:12
FNH:0
FNDA:0,(anonymous_0)
FNDA:0,(anonymous_1)
FNDA:0,(anonymous_2)
FNDA:0,(anonymous_3)
FNDA:0,(anonymous_4)
FNDA:0,(anonymous_5)
FNDA:0,ok
FNDA:0,err
FNDA:0,map
FNDA:0,flatMap
FNDA:0,tryCatch
FNDA:0,match
DA:11,0
DA:12,0
DA:15,0
DA:19,0
DA:23,0
DA:24,0
DA:27,0
DA:31,0
DA:36,0
DA:37,0
DA:40,0
DA:41,0
DA:45,0
DA:49,0
DA:52,0
DA:56,0
DA:60,0
DA:63,0
DA:64,0
DA:66,0
DA:71,0
DA:78,0
LF:22
LH:0
BRDA:49,0,0,0
BRDA:49,0,1,0
BRDA:56,1,0,0
BRDA:56,1,1,0
BRDA:66,2,0,0
BRDA:66,2,1,0
BRDA:78,3,0,0
BRDA:78,3,1,0
BRF:8
BRH:0
end_of_record
TN:
SF:lib/validation/matching-engine.test.ts
FN:163,runMatchingValidationSuite
FN:196,(anonymous_1)
FN:237,generateSBRCode
FNF:3
FNH:0
FNDA:0,runMatchingValidationSuite
FNDA:0,(anonymous_1)
FNDA:0,generateSBRCode
DA:8,0
DA:9,0
DA:10,0
DA:16,0
DA:72,0
DA:163,0
DA:164,0
DA:166,0
DA:167,0
DA:169,0
DA:171,0
DA:172,0
DA:173,0
DA:179,0
DA:181,0
DA:184,0
DA:185,0
DA:186,0
DA:191,0
DA:193,0
DA:194,0
DA:195,0
DA:196,0
DA:199,0
DA:200,0
DA:201,0
DA:202,0
DA:204,0
DA:209,0
DA:210,0
DA:211,0
DA:212,0
DA:213,0
DA:214,0
DA:216,0
DA:218,0
DA:221,0
DA:223,0
DA:224,0
DA:226,0
DA:227,0
DA:230,0
DA:238,0
DA:246,0
DA:247,0
DA:251,0
LF:46
LH:0
BRDA:195,0,0,0
BRDA:195,0,1,0
BRDA:246,1,0,0
BRDA:246,1,1,0
BRDA:246,2,0,0
BRDA:246,2,1,0
BRDA:247,3,0,0
BRDA:247,3,1,0
BRF:8
BRH:0
end_of_record
TN:
SF:lib/validation/roi-projections.test.ts
FN:134,(anonymous_0)
FN:19,validateROIProjections
FN:31,(anonymous_2)
FN:120,(anonymous_3)
FNF:4
FNH:0
FNDA:0,(anonymous_0)
FNDA:0,validateROIProjections
FNDA:0,(anonymous_2)
FNDA:0,(anonymous_3)
DA:11,0
DA:12,0
DA:13,0
DA:19,0
DA:20,0
DA:22,0
DA:24,0
DA:30,0
DA:31,0
DA:33,0
DA:34,0
DA:35,0
DA:38,0
DA:40,0
DA:51,0
DA:52,0
DA:54,0
DA:55,0
DA:57,0
DA:65,0
DA:66,0
DA:68,0
DA:69,0
DA:71,0
DA:72,0
DA:75,0
DA:76,0
DA:79,0
DA:80,0
DA:90,0
DA:91,0
DA:92,0
DA:93,0
DA:97,0
DA:98,0
DA:99,0
DA:100,0
DA:102,0
DA:103,0
DA:104,0
DA:106,0
DA:107,0
DA:108,0
DA:111,0
DA:112,0
DA:113,0
DA:115,0
DA:116,0
DA:119,0
DA:120,0
DA:121,0
DA:122,0
DA:124,0
DA:128,0
DA:130,0
DA:134,0
LF:56
LH:0
BRDA:33,0,0,0
BRDA:75,1,0,0
BRDA:83,2,0,0
BRDA:83,2,1,0
BRDA:91,3,0,0
BRDA:112,4,0,0
BRDA:112,4,1,0
BRDA:113,5,0,0
BRDA:113,5,1,0
BRDA:115,6,0,0
BRDA:115,6,1,0
BRDA:116,7,0,0
BRDA:116,7,1,0
BRDA:121,8,0,0
BRDA:121,8,1,0
BRF:15
BRH:0
end_of_record
