TN:
SF:app/api/admin/agents/route.ts
FN:22,getWhatsappScraperAgent
FN:43,GET
FN:51,(anonymous_2)
FN:66,POST
FNF:4
FNH:0
FNDA:0,getWhatsappScraperAgent
FNDA:0,GET
FNDA:0,(anonymous_2)
FNDA:0,POST
DA:1,0
DA:2,0
DA:3,0
DA:4,0
DA:5,0
DA:6,0
DA:8,0
DA:15,0
DA:23,0
DA:24,0
DA:26,0
DA:27,0
DA:43,0
DA:44,0
DA:45,0
DA:46,0
DA:49,0
DA:50,0
DA:51,0
DA:53,0
DA:54,0
DA:56,0
DA:58,0
DA:59,0
DA:66,0
DA:67,0
DA:68,0
DA:69,0
DA:72,0
DA:73,0
DA:74,0
DA:75,0
DA:77,0
DA:79,0
DA:90,0
DA:92,0
DA:93,0
LF:37
LH:0
BRDA:24,0,0,0
BRDA:26,1,0,0
BRDA:26,1,1,0
BRDA:32,2,0,0
BRDA:32,2,1,0
BRDA:33,3,0,0
BRDA:33,3,1,0
BRDA:34,4,0,0
BRDA:34,4,1,0
BRDA:36,5,0,0
BRDA:36,5,1,0
BRDA:36,6,0,0
BRDA:36,6,1,0
BRDA:36,7,0,0
BRDA:36,7,1,0
BRDA:36,8,0,0
BRDA:36,8,1,0
BRDA:36,9,0,0
BRDA:36,9,1,0
BRDA:36,10,0,0
BRDA:36,10,1,0
BRDA:37,11,0,0
BRDA:37,11,1,0
BRDA:37,12,0,0
BRDA:37,12,1,0
BRDA:38,13,0,0
BRDA:38,13,1,0
BRDA:38,14,0,0
BRDA:38,14,1,0
BRDA:38,15,0,0
BRDA:38,15,1,0
BRDA:38,16,0,0
BRDA:38,16,1,0
BRDA:38,17,0,0
BRDA:38,17,1,0
BRDA:38,18,0,0
BRDA:38,18,1,0
BRDA:45,19,0,0
BRDA:54,20,0,0
BRDA:60,21,0,0
BRDA:60,21,1,0
BRDA:68,22,0,0
BRDA:74,23,0,0
BRDA:81,24,0,0
BRDA:81,24,1,0
BRDA:82,25,0,0
BRDA:82,25,1,0
BRDA:83,26,0,0
BRDA:83,26,1,0
BRDA:94,27,0,0
BRDA:94,27,1,0
BRF:51
BRH:0
end_of_record
TN:
SF:app/api/admin/agents/[id]/route.ts
FN:25,PATCH
FN:56,DELETE
FNF:2
FNH:0
FNDA:0,PATCH
FNDA:0,DELETE
DA:1,0
DA:2,0
DA:3,0
DA:4,0
DA:5,0
DA:6,0
DA:8,0
DA:12,0
DA:25,0
DA:26,0
DA:27,0
DA:28,0
DA:31,0
DA:32,0
DA:33,0
DA:34,0
DA:35,0
DA:41,0
DA:46,0
DA:48,0
DA:49,0
DA:56,0
DA:57,0
DA:58,0
DA:59,0
DA:62,0
DA:63,0
DA:64,0
DA:65,0
DA:67,0
DA:68,0
LF:31
LH:0
BRDA:27,0,0,0
BRDA:34,1,0,0
BRDA:50,2,0,0
BRDA:50,2,1,0
BRDA:58,3,0,0
BRDA:69,4,0,0
BRDA:69,4,1,0
BRF:7
BRH:0
end_of_record
TN:
SF:app/api/admin/auth/verify/route.ts
FN:14,GET
FNF:1
FNH:0
FNDA:0,GET
DA:1,0
DA:2,0
DA:3,0
DA:4,0
DA:5,0
DA:8,0
DA:14,0
DA:15,0
DA:16,0
DA:17,0
DA:20,0
DA:21,0
DA:22,0
DA:23,0
DA:25,0
DA:33,0
DA:34,0
LF:17
LH:0
BRDA:16,0,0,0
BRDA:16,1,0,0
BRDA:16,1,1,0
BRDA:22,2,0,0
BRDA:22,2,1,0
BRDA:22,3,0,0
BRDA:22,3,1,0
BRDA:22,4,0,0
BRDA:22,4,1,0
BRDA:22,5,0,0
BRDA:22,5,1,0
BRDA:22,6,0,0
BRDA:22,6,1,0
BRDA:23,7,0,0
BRDA:23,7,1,0
BRF:15
BRH:0
end_of_record
TN:
SF:app/api/admin/bots/route.ts
FN:48,GET
FN:56,(anonymous_1)
FN:83,POST
FNF:3
FNH:0
FNDA:0,GET
FNDA:0,(anonymous_1)
FNDA:0,POST
DA:26,0
DA:27,0
DA:28,0
DA:29,0
DA:30,0
DA:31,0
DA:34,0
DA:43,0
DA:48,0
DA:49,0
DA:50,0
DA:51,0
DA:54,0
DA:56,0
DA:57,0
DA:58,0
DA:67,0
DA:69,0
DA:75,0
DA:76,0
DA:83,0
DA:84,0
DA:85,0
DA:86,0
DA:89,0
DA:90,0
DA:91,0
DA:92,0
DA:93,0
DA:99,0
DA:102,0
DA:111,0
DA:112,0
DA:113,0
DA:119,0
DA:120,0
DA:121,0
DA:122,0
DA:124,0
DA:125,0
DA:127,0
DA:134,0
DA:142,0
DA:143,0
LF:44
LH:0
BRDA:50,0,0,0
BRDA:62,1,0,0
BRDA:62,1,1,0
BRDA:62,2,0,0
BRDA:62,2,1,0
BRDA:62,3,0,0
BRDA:62,3,1,0
BRDA:62,4,0,0
BRDA:62,4,1,0
BRDA:62,5,0,0
BRDA:62,5,1,0
BRDA:63,6,0,0
BRDA:63,6,1,0
BRDA:63,7,0,0
BRDA:63,7,1,0
BRDA:63,8,0,0
BRDA:63,8,1,0
BRDA:63,9,0,0
BRDA:63,9,1,0
BRDA:77,10,0,0
BRDA:77,10,1,0
BRDA:85,11,0,0
BRDA:92,12,0,0
BRDA:106,13,0,0
BRDA:106,13,1,0
BRDA:106,14,0,0
BRDA:106,14,1,0
BRDA:116,15,0,0
BRDA:116,15,1,0
BRDA:116,16,0,0
BRDA:116,16,1,0
BRDA:119,17,0,0
BRDA:120,18,0,0
BRDA:121,19,0,0
BRDA:122,20,0,0
BRDA:124,21,0,0
BRDA:124,21,1,0
BRDA:144,22,0,0
BRDA:144,22,1,0
BRF:39
BRH:0
end_of_record
TN:
SF:app/api/admin/db/[collection]/route.ts
FN:37,callerIsSuperadmin
FN:44,GET
FN:95,(anonymous_11)
FN:134,POST
FN:150,(anonymous_13)
FNF:5
FNH:0
FNDA:0,callerIsSuperadmin
FNDA:0,GET
FNDA:0,(anonymous_11)
FNDA:0,POST
FNDA:0,(anonymous_13)
DA:25,0
DA:26,0
DA:27,0
DA:28,0
DA:31,0
DA:38,0
DA:39,0
DA:40,0
DA:41,0
DA:44,0
DA:45,0
DA:46,0
DA:47,0
DA:50,0
DA:51,0
DA:57,0
DA:58,0
DA:59,0
DA:65,0
DA:66,0
DA:67,0
DA:68,0
DA:69,0
DA:71,0
DA:74,0
DA:75,0
DA:76,0
DA:77,0
DA:79,0
DA:80,0
DA:81,0
DA:82,0
DA:83,0
DA:88,0
DA:89,0
DA:90,0
DA:93,0
DA:95,0
DA:96,0
DA:98,0
DA:99,0
DA:100,0
DA:101,0
DA:102,0
DA:104,0
DA:106,0
DA:109,0
DA:112,0
DA:119,0
DA:120,0
DA:134,0
DA:135,0
DA:136,0
DA:137,0
DA:139,0
DA:140,0
DA:143,0
DA:144,0
DA:145,0
DA:148,0
DA:149,0
DA:150,0
DA:151,0
DA:156,0
DA:158,0
DA:159,0
LF:66
LH:0
BRDA:38,0,0,0
BRDA:39,1,0,0
BRDA:41,2,0,0
BRDA:41,2,1,0
BRDA:41,3,0,0
BRDA:41,3,1,0
BRDA:46,4,0,0
BRDA:50,5,0,0
BRDA:58,6,0,0
BRDA:67,7,0,0
BRDA:67,7,1,0
BRDA:74,8,0,0
BRDA:76,9,0,0
BRDA:80,10,0,0
BRDA:80,10,1,0
BRDA:81,11,0,0
BRDA:81,11,1,0
BRDA:82,12,0,0
BRDA:88,13,0,0
BRDA:90,14,0,0
BRDA:90,14,1,0
BRDA:100,15,0,0
BRDA:100,15,1,0
BRDA:100,16,0,0
BRDA:100,16,1,0
BRDA:100,16,2,0
BRDA:102,17,0,0
BRDA:102,17,1,0
BRDA:102,18,0,0
BRDA:102,18,1,0
BRDA:102,18,2,0
BRDA:123,19,0,0
BRDA:123,19,1,0
BRDA:136,20,0,0
BRDA:139,21,0,0
BRDA:144,22,0,0
BRDA:160,23,0,0
BRDA:160,23,1,0
BRF:38
BRH:0
end_of_record
TN:
SF:app/api/admin/db/[collection]/[id]/route.ts
FN:22,callerIsSuperadmin
FN:29,serialize
FN:41,GET
FN:69,PATCH
FN:110,DELETE
FNF:5
FNH:0
FNDA:0,callerIsSuperadmin
FNDA:0,serialize
FNDA:0,GET
FNDA:0,PATCH
FNDA:0,DELETE
DA:10,0
DA:11,0
DA:12,0
DA:13,0
DA:14,0
DA:16,0
DA:23,0
DA:24,0
DA:25,0
DA:26,0
DA:30,0
DA:31,0
DA:32,0
DA:33,0
DA:35,0
DA:38,0
DA:41,0
DA:45,0
DA:46,0
DA:47,0
DA:49,0
DA:50,0
DA:53,0
DA:54,0
DA:55,0
DA:56,0
DA:57,0
DA:59,0
DA:61,0
DA:62,0
DA:69,0
DA:73,0
DA:74,0
DA:75,0
DA:77,0
DA:78,0
DA:81,0
DA:82,0
DA:83,0
DA:86,0
DA:87,0
DA:88,0
DA:89,0
DA:90,0
DA:91,0
DA:94,0
DA:99,0
DA:100,0
DA:102,0
DA:103,0
DA:110,0
DA:114,0
DA:115,0
DA:116,0
DA:118,0
DA:119,0
DA:122,0
DA:123,0
DA:124,0
DA:127,0
DA:128,0
DA:129,0
DA:131,0
DA:132,0
LF:64
LH:0
BRDA:23,0,0,0
BRDA:24,1,0,0
BRDA:26,2,0,0
BRDA:26,2,1,0
BRDA:26,3,0,0
BRDA:26,3,1,0
BRDA:32,4,0,0
BRDA:32,4,1,0
BRDA:32,5,0,0
BRDA:32,5,1,0
BRDA:32,5,2,0
BRDA:46,6,0,0
BRDA:49,7,0,0
BRDA:56,8,0,0
BRDA:63,9,0,0
BRDA:63,9,1,0
BRDA:74,10,0,0
BRDA:77,11,0,0
BRDA:82,12,0,0
BRDA:90,13,0,0
BRDA:104,14,0,0
BRDA:104,14,1,0
BRDA:115,15,0,0
BRDA:118,16,0,0
BRDA:123,17,0,0
BRDA:133,18,0,0
BRDA:133,18,1,0
BRF:27
BRH:0
end_of_record
TN:
SF:app/api/admin/deploy/route.ts
FN:7,POST
FNF:1
FNH:0
FNDA:0,POST
DA:1,0
DA:2,0
DA:3,0
DA:4,0
DA:5,0
DA:7,0
DA:8,0
DA:9,0
DA:10,0
DA:12,0
DA:15,0
DA:32,0
DA:38,0
LF:13
LH:0
BRDA:10,0,0,0
BRDA:12,1,0,0
BRF:2
BRH:0
end_of_record
TN:
SF:app/api/admin/followups/route.ts
FN:35,(anonymous_0)
FN:39,GET
FN:71,(anonymous_2)
FN:86,POST
FNF:4
FNH:0
FNDA:0,(anonymous_0)
FNDA:0,GET
FNDA:0,(anonymous_2)
FNDA:0,POST
DA:22,0
DA:23,0
DA:24,0
DA:25,0
DA:26,0
DA:27,0
DA:29,0
DA:35,0
DA:39,0
DA:40,0
DA:41,0
DA:42,0
DA:45,0
DA:46,0
DA:47,0
DA:48,0
DA:49,0
DA:50,0
DA:52,0
DA:55,0
DA:56,0
DA:57,0
DA:58,0
DA:59,0
DA:63,0
DA:64,0
DA:65,0
DA:66,0
DA:68,0
DA:70,0
DA:71,0
DA:76,0
DA:78,0
DA:79,0
DA:86,0
DA:87,0
DA:88,0
DA:89,0
DA:92,0
DA:93,0
DA:94,0
DA:95,0
DA:96,0
DA:103,0
DA:105,0
DA:115,0
DA:117,0
DA:118,0
LF:48
LH:0
BRDA:41,0,0,0
BRDA:55,1,0,0
BRDA:55,2,0,0
BRDA:55,2,1,0
BRDA:57,3,0,0
BRDA:57,3,1,0
BRDA:57,4,0,0
BRDA:57,4,1,0
BRDA:58,5,0,0
BRDA:58,6,0,0
BRDA:58,6,1,0
BRDA:63,7,0,0
BRDA:64,8,0,0
BRDA:65,9,0,0
BRDA:66,10,0,0
BRDA:80,11,0,0
BRDA:80,11,1,0
BRDA:88,12,0,0
BRDA:95,13,0,0
BRDA:103,14,0,0
BRDA:103,14,1,0
BRDA:103,15,0,0
BRDA:103,15,1,0
BRDA:103,16,0,0
BRDA:103,16,1,0
BRDA:103,17,0,0
BRDA:103,17,1,0
BRDA:112,18,0,0
BRDA:112,18,1,0
BRDA:112,19,0,0
BRDA:112,19,1,0
BRDA:119,20,0,0
BRDA:119,20,1,0
BRF:33
BRH:0
end_of_record
TN:
SF:app/api/admin/followups/[id]/route.ts
FN:13,GET
FN:38,PATCH
FN:80,DELETE
FNF:3
FNH:0
FNDA:0,GET
FNDA:0,PATCH
FNDA:0,DELETE
DA:7,0
DA:8,0
DA:9,0
DA:10,0
DA:11,0
DA:13,0
DA:17,0
DA:18,0
DA:19,0
DA:22,0
DA:23,0
DA:24,0
DA:25,0
DA:26,0
DA:28,0
DA:30,0
DA:31,0
DA:38,0
DA:42,0
DA:43,0
DA:44,0
DA:47,0
DA:48,0
DA:49,0
DA:50,0
DA:51,0
DA:52,0
DA:53,0
DA:56,0
DA:59,0
DA:60,0
DA:64,0
DA:65,0
DA:68,0
DA:69,0
DA:70,0
DA:72,0
DA:73,0
DA:80,0
DA:84,0
DA:85,0
DA:86,0
DA:89,0
DA:90,0
DA:91,0
DA:92,0
DA:94,0
DA:95,0
LF:48
LH:0
BRDA:18,0,0,0
BRDA:25,1,0,0
BRDA:43,2,0,0
BRDA:52,3,0,0
BRDA:59,4,0,0
BRDA:59,5,0,0
BRDA:59,5,1,0
BRDA:59,6,0,0
BRDA:59,6,1,0
BRDA:59,7,0,0
BRDA:59,7,1,0
BRDA:64,8,0,0
BRDA:74,9,0,0
BRDA:74,9,1,0
BRDA:85,10,0,0
BRF:15
BRH:0
end_of_record
TN:
SF:app/api/admin/ingest/route.ts
FN:22,computeSyncHash
FN:31,generateSBRCode
FN:32,(anonymous_3)
FN:44,POST
FN:63,(anonymous_5)
FNF:5
FNH:0
FNDA:0,computeSyncHash
FNDA:0,generateSBRCode
FNDA:0,(anonymous_3)
FNDA:0,POST
FNDA:0,(anonymous_5)
DA:1,0
DA:2,0
DA:3,0
DA:4,0
DA:5,0
DA:6,0
DA:23,0
DA:24,0
DA:32,0
DA:33,0
DA:34,0
DA:35,0
DA:44,0
DA:45,0
DA:46,0
DA:48,0
DA:49,0
DA:50,0
DA:52,0
DA:53,0
DA:56,0
DA:57,0
DA:58,0
DA:61,0
DA:62,0
DA:63,0
DA:65,0
DA:66,0
DA:69,0
DA:70,0
DA:71,0
DA:74,0
DA:75,0
DA:77,0
DA:108,0
DA:111,0
DA:113,0
DA:120,0
DA:121,0
LF:39
LH:0
BRDA:33,0,0,0
BRDA:33,0,1,0
BRDA:33,1,0,0
BRDA:33,1,1,0
BRDA:46,2,0,0
BRDA:52,3,0,0
BRDA:52,4,0,0
BRDA:52,4,1,0
BRDA:69,5,0,0
BRDA:87,6,0,0
BRDA:87,6,1,0
BRDA:89,7,0,0
BRDA:89,7,1,0
BRDA:101,8,0,0
BRDA:101,8,1,0
BRF:15
BRH:0
end_of_record
TN:
SF:app/api/admin/knowledge-base/route.ts
FN:5,GET
FN:17,(anonymous_1)
FN:36,(anonymous_2)
FNF:3
FNH:0
FNDA:0,GET
FNDA:0,(anonymous_1)
FNDA:0,(anonymous_2)
DA:1,0
DA:2,0
DA:3,0
DA:4,0
DA:5,0
DA:6,0
DA:7,0
DA:9,0
DA:11,0
DA:12,0
DA:14,0
DA:16,0
DA:17,0
DA:18,0
DA:19,0
DA:36,0
DA:44,0
DA:46,0
DA:47,0
LF:19
LH:0
BRDA:7,0,0,0
BRDA:16,1,0,0
BRDA:16,1,1,0
BRDA:23,2,0,0
BRDA:23,2,1,0
BRDA:24,3,0,0
BRDA:24,3,1,0
BRDA:24,4,0,0
BRDA:24,4,1,0
BRDA:24,5,0,0
BRDA:24,5,1,0
BRDA:25,6,0,0
BRDA:25,6,1,0
BRF:13
BRH:0
end_of_record
TN:
SF:app/api/admin/leads/route.ts
FN:24,GET
FN:33,(anonymous_1)
FN:45,POST
FNF:3
FNH:0
FNDA:0,GET
FNDA:0,(anonymous_1)
FNDA:0,POST
DA:1,0
DA:2,0
DA:3,0
DA:4,0
DA:5,0
DA:6,0
DA:7,0
DA:8,0
DA:11,0
DA:24,0
DA:25,0
DA:26,0
DA:27,0
DA:30,0
DA:31,0
DA:32,0
DA:33,0
DA:35,0
DA:37,0
DA:38,0
DA:45,0
DA:46,0
DA:47,0
DA:48,0
DA:51,0
DA:52,0
DA:53,0
DA:54,0
DA:57,0
DA:58,0
DA:66,0
DA:67,0
DA:69,0
DA:70,0
LF:34
LH:0
BRDA:26,0,0,0
BRDA:31,1,0,0
BRDA:31,1,1,0
BRDA:39,2,0,0
BRDA:39,2,1,0
BRDA:47,3,0,0
BRDA:53,4,0,0
BRDA:60,5,0,0
BRDA:60,5,1,0
BRDA:71,6,0,0
BRDA:71,6,1,0
BRF:11
BRH:0
end_of_record
TN:
SF:app/api/admin/leads/[id]/route.ts
FN:12,PATCH
FN:41,DELETE
FNF:2
FNH:0
FNDA:0,PATCH
FNDA:0,DELETE
DA:1,0
DA:2,0
DA:3,0
DA:4,0
DA:5,0
DA:6,0
DA:7,0
DA:10,0
DA:12,0
DA:13,0
DA:14,0
DA:15,0
DA:18,0
DA:19,0
DA:20,0
DA:21,0
DA:23,0
DA:24,0
DA:26,0
DA:27,0
DA:28,0
DA:31,0
DA:33,0
DA:34,0
DA:41,0
DA:42,0
DA:43,0
DA:44,0
DA:47,0
DA:48,0
DA:49,0
DA:50,0
DA:52,0
DA:53,0
LF:34
LH:0
BRDA:14,0,0,0
BRDA:27,1,0,0
BRDA:35,2,0,0
BRDA:35,2,1,0
BRDA:43,3,0,0
BRDA:54,4,0,0
BRDA:54,4,1,0
BRF:7
BRH:0
end_of_record
TN:
SF:app/api/admin/leads/bulk/route.ts
FN:13,POST
FN:29,(anonymous_1)
FN:32,(anonymous_2)
FNF:3
FNH:0
FNDA:0,POST
FNDA:0,(anonymous_1)
FNDA:0,(anonymous_2)
DA:1,0
DA:2,0
DA:3,0
DA:4,0
DA:5,0
DA:6,0
DA:7,0
DA:10,0
DA:13,0
DA:14,0
DA:15,0
DA:16,0
DA:19,0
DA:20,0
DA:21,0
DA:22,0
DA:25,0
DA:26,0
DA:28,0
DA:29,0
DA:30,0
DA:31,0
DA:32,0
DA:34,0
DA:37,0
DA:38,0
DA:40,0
DA:41,0
LF:28
LH:0
BRDA:15,0,0,0
BRDA:21,1,0,0
BRDA:21,2,0,0
BRDA:21,2,1,0
BRDA:28,3,0,0
BRDA:28,3,1,0
BRDA:30,4,0,0
BRDA:30,4,1,0
BRDA:31,5,0,0
BRDA:31,5,1,0
BRDA:42,6,0,0
BRDA:42,6,1,0
BRF:12
BRH:0
end_of_record
TN:
SF:app/api/admin/listings/route.ts
FN:26,GET
FN:35,(anonymous_1)
FN:47,POST
FNF:3
FNH:0
FNDA:0,GET
FNDA:0,(anonymous_1)
FNDA:0,POST
DA:1,0
DA:2,0
DA:3,0
DA:4,0
DA:5,0
DA:6,0
DA:7,0
DA:8,0
DA:11,0
DA:26,0
DA:27,0
DA:28,0
DA:29,0
DA:32,0
DA:33,0
DA:34,0
DA:35,0
DA:37,0
DA:39,0
DA:40,0
DA:47,0
DA:48,0
DA:49,0
DA:50,0
DA:53,0
DA:54,0
DA:55,0
DA:56,0
DA:58,0
DA:60,0
DA:61,0
DA:64,0
DA:73,0
DA:74,0
DA:76,0
DA:77,0
LF:36
LH:0
BRDA:28,0,0,0
BRDA:33,1,0,0
BRDA:33,1,1,0
BRDA:41,2,0,0
BRDA:41,2,1,0
BRDA:49,3,0,0
BRDA:55,4,0,0
BRDA:60,5,0,0
BRDA:60,6,0,0
BRDA:60,6,1,0
BRDA:66,7,0,0
BRDA:66,7,1,0
BRDA:78,8,0,0
BRDA:78,8,1,0
BRF:14
BRH:0
end_of_record
TN:
SF:app/api/admin/listings/[id]/route.ts
FN:12,PATCH
FN:41,DELETE
FNF:2
FNH:0
FNDA:0,PATCH
FNDA:0,DELETE
DA:1,0
DA:2,0
DA:3,0
DA:4,0
DA:5,0
DA:6,0
DA:7,0
DA:10,0
DA:12,0
DA:13,0
DA:14,0
DA:15,0
DA:18,0
DA:19,0
DA:20,0
DA:21,0
DA:23,0
DA:24,0
DA:26,0
DA:27,0
DA:28,0
DA:31,0
DA:33,0
DA:34,0
DA:41,0
DA:42,0
DA:43,0
DA:44,0
DA:47,0
DA:48,0
DA:49,0
DA:50,0
DA:52,0
DA:53,0
LF:34
LH:0
BRDA:14,0,0,0
BRDA:27,1,0,0
BRDA:35,2,0,0
BRDA:35,2,1,0
BRDA:43,3,0,0
BRDA:54,4,0,0
BRDA:54,4,1,0
BRF:7
BRH:0
end_of_record
TN:
SF:app/api/admin/media/upload/route.ts
FN:6,POST
FNF:1
FNH:0
FNDA:0,POST
DA:1,0
DA:2,0
DA:3,0
DA:4,0
DA:6,0
DA:8,0
DA:9,0
DA:10,0
DA:13,0
DA:14,0
DA:15,0
DA:17,0
DA:18,0
DA:21,0
DA:22,0
DA:23,0
DA:26,0
DA:27,0
DA:34,0
DA:40,0
DA:47,0
DA:48,0
LF:22
LH:0
BRDA:9,0,0,0
BRDA:17,1,0,0
BRDA:49,2,0,0
BRDA:49,2,1,0
BRF:4
BRH:0
end_of_record
TN:
SF:app/api/admin/migrate/route.ts
FN:22,POST
FN:62,(anonymous_1)
FN:66,(anonymous_2)
FN:124,GET
FNF:4
FNH:0
FNDA:0,POST
FNDA:0,(anonymous_1)
FNDA:0,(anonymous_2)
FNDA:0,GET
DA:11,0
DA:12,0
DA:13,0
DA:19,0
DA:20,0
DA:22,0
DA:23,0
DA:25,0
DA:26,0
DA:27,0
DA:34,0
DA:35,0
DA:41,0
DA:43,0
DA:44,0
DA:46,0
DA:48,0
DA:50,0
DA:58,0
DA:62,0
DA:66,0
DA:72,0
DA:85,0
DA:86,0
DA:95,0
DA:97,0
DA:99,0
DA:101,0
DA:107,0
DA:113,0
DA:114,0
DA:124,0
DA:125,0
DA:127,0
DA:128,0
DA:129,0
DA:135,0
DA:136,0
DA:138,0
DA:139,0
DA:144,0
DA:145,0
DA:147,0
DA:154,0
DA:160,0
DA:161,0
LF:46
LH:0
BRDA:26,0,0,0
BRDA:34,1,0,0
BRDA:41,2,0,0
BRDA:41,3,0,0
BRDA:43,4,0,0
BRDA:43,4,1,0
BRDA:52,5,0,0
BRDA:52,5,1,0
BRDA:59,6,0,0
BRDA:59,6,1,0
BRDA:60,7,0,0
BRDA:60,7,1,0
BRDA:75,8,0,0
BRDA:75,8,1,0
BRDA:82,9,0,0
BRDA:82,9,1,0
BRDA:90,10,0,0
BRDA:90,10,1,0
BRDA:97,11,0,0
BRDA:97,11,1,0
BRDA:117,12,0,0
BRDA:117,12,1,0
BRDA:128,13,0,0
BRDA:136,14,0,0
BRDA:136,14,1,0
BRDA:138,15,0,0
BRDA:138,15,1,0
BRDA:141,16,0,0
BRDA:141,16,1,0
BRDA:144,17,0,0
BRDA:144,17,1,0
BRDA:164,18,0,0
BRDA:164,18,1,0
BRF:33
BRH:0
end_of_record
TN:
SF:app/api/admin/owner-negotiations/route.ts
FN:28,GET
FN:41,(anonymous_1)
FN:53,POST
FNF:3
FNH:0
FNDA:0,GET
FNDA:0,(anonymous_1)
FNDA:0,POST
DA:1,0
DA:2,0
DA:3,0
DA:4,0
DA:5,0
DA:6,0
DA:7,0
DA:17,0
DA:28,0
DA:29,0
DA:30,0
DA:32,0
DA:33,0
DA:34,0
DA:36,0
DA:37,0
DA:38,0
DA:40,0
DA:41,0
DA:43,0
DA:45,0
DA:46,0
DA:53,0
DA:54,0
DA:55,0
DA:57,0
DA:58,0
DA:59,0
DA:60,0
DA:63,0
DA:65,0
DA:67,0
DA:68,0
LF:33
LH:0
BRDA:30,0,0,0
BRDA:37,1,0,0
BRDA:47,2,0,0
BRDA:47,2,1,0
BRDA:55,3,0,0
BRDA:59,4,0,0
BRDA:69,5,0,0
BRDA:69,5,1,0
BRF:8
BRH:0
end_of_record
TN:
SF:app/api/admin/owner-negotiations/[id]/route.ts
FN:20,GET
FN:40,PATCH
FNF:2
FNH:0
FNDA:0,GET
FNDA:0,PATCH
DA:1,0
DA:2,0
DA:3,0
DA:4,0
DA:5,0
DA:6,0
DA:7,0
DA:9,0
DA:20,0
DA:21,0
DA:22,0
DA:24,0
DA:25,0
DA:26,0
DA:27,0
DA:28,0
DA:30,0
DA:32,0
DA:33,0
DA:40,0
DA:41,0
DA:42,0
DA:44,0
DA:45,0
DA:46,0
DA:47,0
DA:48,0
DA:50,0
DA:51,0
DA:54,0
DA:55,0
DA:56,0
DA:57,0
DA:61,0
DA:62,0
DA:63,0
DA:64,0
DA:66,0
DA:67,0
LF:39
LH:0
BRDA:22,0,0,0
BRDA:27,1,0,0
BRDA:34,2,0,0
BRDA:34,2,1,0
BRDA:42,3,0,0
BRDA:47,4,0,0
BRDA:50,5,0,0
BRDA:56,6,0,0
BRDA:68,7,0,0
BRDA:68,7,1,0
BRF:10
BRH:0
end_of_record
TN:
SF:app/api/admin/owner-negotiations/[id]/messages/route.ts
FN:18,POST
FNF:1
FNH:0
FNDA:0,POST
DA:1,0
DA:2,0
DA:3,0
DA:4,0
DA:5,0
DA:7,0
DA:18,0
DA:19,0
DA:20,0
DA:22,0
DA:23,0
DA:24,0
DA:25,0
DA:26,0
DA:29,0
DA:30,0
DA:32,0
DA:33,0
DA:34,0
LF:19
LH:0
BRDA:20,0,0,0
BRDA:25,1,0,0
BRDA:33,2,0,0
BRDA:33,2,1,0
BRDA:35,3,0,0
BRDA:35,3,1,0
BRDA:36,4,0,0
BRDA:36,4,1,0
BRF:8
BRH:0
end_of_record
TN:
SF:app/api/admin/pages/route.ts
FN:48,GET
FN:64,(anonymous_1)
FN:79,POST
FNF:3
FNH:0
FNDA:0,GET
FNDA:0,(anonymous_1)
FNDA:0,POST
DA:26,0
DA:27,0
DA:28,0
DA:29,0
DA:30,0
DA:31,0
DA:33,0
DA:39,0
DA:41,0
DA:48,0
DA:49,0
DA:50,0
DA:51,0
DA:54,0
DA:55,0
DA:56,0
DA:57,0
DA:59,0
DA:60,0
DA:61,0
DA:63,0
DA:64,0
DA:69,0
DA:71,0
DA:72,0
DA:79,0
DA:80,0
DA:81,0
DA:82,0
DA:85,0
DA:86,0
DA:87,0
DA:88,0
DA:89,0
DA:96,0
DA:103,0
DA:109,0
DA:110,0
DA:111,0
DA:112,0
DA:115,0
DA:119,0
DA:121,0
DA:122,0
LF:44
LH:0
BRDA:50,0,0,0
BRDA:60,1,0,0
BRDA:61,2,0,0
BRDA:73,3,0,0
BRDA:73,3,1,0
BRDA:81,4,0,0
BRDA:88,5,0,0
BRDA:106,6,0,0
BRDA:106,6,1,0
BRDA:106,7,0,0
BRDA:106,7,1,0
BRDA:109,8,0,0
BRDA:123,9,0,0
BRDA:123,9,1,0
BRF:14
BRH:0
end_of_record
TN:
SF:app/api/admin/pages/[id]/route.ts
FN:13,callerIsSuperadmin
FN:20,GET
FN:45,PATCH
FN:80,DELETE
FNF:4
FNH:0
FNDA:0,callerIsSuperadmin
FNDA:0,GET
FNDA:0,PATCH
FNDA:0,DELETE
DA:7,0
DA:8,0
DA:9,0
DA:10,0
DA:11,0
DA:14,0
DA:15,0
DA:16,0
DA:17,0
DA:20,0
DA:24,0
DA:25,0
DA:26,0
DA:29,0
DA:30,0
DA:31,0
DA:32,0
DA:33,0
DA:35,0
DA:37,0
DA:38,0
DA:45,0
DA:49,0
DA:50,0
DA:51,0
DA:54,0
DA:55,0
DA:56,0
DA:57,0
DA:58,0
DA:59,0
DA:60,0
DA:63,0
DA:69,0
DA:70,0
DA:72,0
DA:73,0
DA:80,0
DA:84,0
DA:85,0
DA:86,0
DA:88,0
DA:89,0
DA:92,0
DA:93,0
DA:94,0
DA:95,0
DA:97,0
DA:98,0
LF:49
LH:0
BRDA:14,0,0,0
BRDA:15,1,0,0
BRDA:17,2,0,0
BRDA:17,2,1,0
BRDA:17,3,0,0
BRDA:17,3,1,0
BRDA:25,4,0,0
BRDA:32,5,0,0
BRDA:39,6,0,0
BRDA:39,6,1,0
BRDA:50,7,0,0
BRDA:59,8,0,0
BRDA:66,9,0,0
BRDA:66,9,1,0
BRDA:66,10,0,0
BRDA:66,10,1,0
BRDA:74,11,0,0
BRDA:74,11,1,0
BRDA:85,12,0,0
BRDA:88,13,0,0
BRDA:99,14,0,0
BRDA:99,14,1,0
BRF:22
BRH:0
end_of_record
TN:
SF:app/api/admin/python-service/health/route.ts
FN:10,GET
FNF:1
FNH:1
FNDA:3,GET
DA:6,1
DA:7,1
DA:8,1
DA:10,1
DA:11,3
DA:12,3
DA:14,2
DA:15,2
LF:8
LH:8
BRDA:12,0,0,1
BRDA:15,1,0,1
BRDA:15,1,1,1
BRF:3
BRH:3
end_of_record
TN:
SF:app/api/admin/reports/route.ts
FN:8,GET
FN:42,(anonymous_1)
FN:66,(anonymous_2)
FN:74,(anonymous_3)
FN:90,(anonymous_4)
FN:99,(anonymous_5)
FN:105,(anonymous_6)
FNF:7
FNH:0
FNDA:0,GET
FNDA:0,(anonymous_1)
FNDA:0,(anonymous_2)
FNDA:0,(anonymous_3)
FNDA:0,(anonymous_4)
FNDA:0,(anonymous_5)
FNDA:0,(anonymous_6)
DA:1,0
DA:2,0
DA:3,0
DA:4,0
DA:5,0
DA:6,0
DA:8,0
DA:9,0
DA:10,0
DA:11,0
DA:14,0
DA:15,0
DA:16,0
DA:17,0
DA:19,0
DA:20,0
DA:21,0
DA:22,0
DA:23,0
DA:24,0
DA:25,0
DA:27,0
DA:29,0
DA:31,0
DA:32,0
DA:41,0
DA:42,0
DA:45,0
DA:47,0
DA:58,0
DA:59,0
DA:65,0
DA:66,0
DA:67,0
DA:68,0
DA:69,0
DA:72,0
DA:74,0
DA:78,0
DA:79,0
DA:89,0
DA:90,0
DA:91,0
DA:92,0
DA:93,0
DA:94,0
DA:95,0
DA:99,0
DA:100,0
DA:101,0
DA:104,0
DA:105,0
DA:108,0
DA:111,0
DA:113,0
DA:114,0
LF:56
LH:0
BRDA:10,0,0,0
BRDA:16,1,0,0
BRDA:16,1,1,0
BRDA:17,2,0,0
BRDA:17,2,1,0
BRDA:21,3,0,0
BRDA:21,3,1,0
BRDA:21,3,2,0
BRDA:21,3,3,0
BRDA:31,4,0,0
BRDA:31,5,0,0
BRDA:31,5,1,0
BRDA:42,6,0,0
BRDA:42,6,1,0
BRDA:53,7,0,0
BRDA:53,7,1,0
BRDA:58,8,0,0
BRDA:58,9,0,0
BRDA:58,9,1,0
BRDA:67,10,0,0
BRDA:67,10,1,0
BRDA:67,11,0,0
BRDA:67,11,1,0
BRDA:67,12,0,0
BRDA:67,12,1,0
BRDA:67,13,0,0
BRDA:67,13,1,0
BRDA:67,14,0,0
BRDA:67,14,1,0
BRDA:67,15,0,0
BRDA:67,15,1,0
BRDA:69,16,0,0
BRDA:69,16,1,0
BRDA:78,17,0,0
BRDA:78,18,0,0
BRDA:78,18,1,0
BRDA:92,19,0,0
BRDA:93,20,0,0
BRDA:93,21,0,0
BRDA:93,21,1,0
BRDA:95,22,0,0
BRDA:95,22,1,0
BRDA:101,23,0,0
BRDA:101,24,0,0
BRDA:101,24,1,0
BRDA:115,25,0,0
BRDA:115,25,1,0
BRF:47
BRH:0
end_of_record
TN:
SF:app/api/admin/schedule-viewing/route.ts
FN:10,POST
FN:33,(anonymous_1)
FNF:2
FNH:0
FNDA:0,POST
FNDA:0,(anonymous_1)
DA:1,0
DA:2,0
DA:3,0
DA:10,0
DA:11,0
DA:12,0
DA:13,0
DA:16,0
DA:17,0
DA:23,0
DA:24,0
DA:25,0
DA:26,0
DA:29,0
DA:30,0
DA:31,0
DA:33,0
DA:36,0
DA:41,0
DA:47,0
DA:48,0
LF:21
LH:0
BRDA:12,0,0,0
BRF:1
BRH:0
end_of_record
TN:
SF:app/api/admin/search-insights/route.ts
FN:41,GET
FN:62,(anonymous_1)
FN:102,(anonymous_2)
FN:103,(anonymous_3)
FN:107,(anonymous_4)
FN:108,(anonymous_5)
FN:112,(anonymous_6)
FN:113,(anonymous_7)
FN:117,(anonymous_8)
FN:118,(anonymous_9)
FN:122,(anonymous_10)
FN:123,(anonymous_11)
FN:128,(anonymous_12)
FN:132,(anonymous_13)
FNF:14
FNH:0
FNDA:0,GET
FNDA:0,(anonymous_1)
FNDA:0,(anonymous_2)
FNDA:0,(anonymous_3)
FNDA:0,(anonymous_4)
FNDA:0,(anonymous_5)
FNDA:0,(anonymous_6)
FNDA:0,(anonymous_7)
FNDA:0,(anonymous_8)
FNDA:0,(anonymous_9)
FNDA:0,(anonymous_10)
FNDA:0,(anonymous_11)
FNDA:0,(anonymous_12)
FNDA:0,(anonymous_13)
DA:17,0
DA:18,0
DA:19,0
DA:20,0
DA:21,0
DA:41,0
DA:42,0
DA:43,0
DA:44,0
DA:47,0
DA:48,0
DA:49,0
DA:50,0
DA:51,0
DA:52,0
DA:54,0
DA:61,0
DA:62,0
DA:66,0
DA:67,0
DA:68,0
DA:69,0
DA:70,0
DA:71,0
DA:72,0
DA:73,0
DA:74,0
DA:76,0
DA:77,0
DA:78,0
DA:79,0
DA:80,0
DA:81,0
DA:83,0
DA:84,0
DA:86,0
DA:87,0
DA:90,0
DA:91,0
DA:93,0
DA:94,0
DA:97,0
DA:98,0
DA:101,0
DA:102,0
DA:103,0
DA:106,0
DA:107,0
DA:108,0
DA:111,0
DA:112,0
DA:113,0
DA:116,0
DA:117,0
DA:118,0
DA:121,0
DA:122,0
DA:123,0
DA:127,0
DA:128,0
DA:131,0
DA:132,0
DA:135,0
DA:153,0
DA:154,0
LF:65
LH:0
BRDA:43,0,0,0
BRDA:49,1,0,0
BRDA:49,1,1,0
BRDA:77,2,0,0
BRDA:77,2,1,0
BRDA:79,3,0,0
BRDA:79,3,1,0
BRDA:79,4,0,0
BRDA:79,4,1,0
BRDA:79,5,0,0
BRDA:79,5,1,0
BRDA:79,6,0,0
BRDA:79,6,1,0
BRDA:80,7,0,0
BRDA:80,7,1,0
BRDA:80,8,0,0
BRDA:80,8,1,0
BRDA:81,9,0,0
BRDA:81,9,1,0
BRDA:81,10,0,0
BRDA:81,10,1,0
BRDA:84,11,0,0
BRDA:84,11,1,0
BRDA:84,12,0,0
BRDA:84,12,1,0
BRDA:86,13,0,0
BRDA:87,14,0,0
BRDA:87,14,1,0
BRDA:87,15,0,0
BRDA:87,15,1,0
BRDA:90,16,0,0
BRDA:90,16,1,0
BRDA:90,17,0,0
BRDA:90,17,1,0
BRDA:90,18,0,0
BRDA:90,18,1,0
BRDA:90,19,0,0
BRDA:90,19,1,0
BRDA:91,20,0,0
BRDA:91,20,1,0
BRDA:91,21,0,0
BRDA:91,21,1,0
BRDA:93,22,0,0
BRDA:93,22,1,0
BRDA:93,23,0,0
BRDA:93,23,1,0
BRDA:93,24,0,0
BRDA:93,24,1,0
BRDA:93,25,0,0
BRDA:93,25,1,0
BRDA:94,26,0,0
BRDA:94,26,1,0
BRDA:94,27,0,0
BRDA:94,27,1,0
BRDA:98,28,0,0
BRDA:98,28,1,0
BRDA:98,29,0,0
BRDA:98,29,1,0
BRDA:127,30,0,0
BRDA:127,30,1,0
BRDA:128,31,0,0
BRDA:128,31,1,0
BRDA:128,32,0,0
BRDA:128,32,1,0
BRDA:131,33,0,0
BRDA:131,33,1,0
BRDA:155,34,0,0
BRDA:155,34,1,0
BRF:68
BRH:0
end_of_record
TN:
SF:app/api/admin/team/route.ts
FN:6,GET
FN:15,(anonymous_2)
FN:30,POST
FN:67,PUT
FN:96,DELETE
FNF:5
FNH:0
FNDA:0,GET
FNDA:0,(anonymous_2)
FNDA:0,POST
FNDA:0,PUT
FNDA:0,DELETE
DA:1,0
DA:2,0
DA:3,0
DA:4,0
DA:6,0
DA:8,0
DA:9,0
DA:10,0
DA:13,0
DA:14,0
DA:15,0
DA:20,0
DA:22,0
DA:23,0
DA:30,0
DA:32,0
DA:33,0
DA:34,0
DA:37,0
DA:38,0
DA:40,0
DA:41,0
DA:45,0
DA:54,0
DA:59,0
DA:60,0
DA:67,0
DA:69,0
DA:70,0
DA:71,0
DA:74,0
DA:75,0
DA:77,0
DA:78,0
DA:81,0
DA:86,0
DA:88,0
DA:89,0
DA:96,0
DA:98,0
DA:99,0
DA:100,0
DA:103,0
DA:104,0
DA:105,0
DA:107,0
DA:108,0
DA:111,0
DA:113,0
DA:115,0
DA:116,0
LF:51
LH:0
BRDA:9,0,0,0
BRDA:24,1,0,0
BRDA:24,1,1,0
BRDA:33,2,0,0
BRDA:40,3,0,0
BRDA:40,4,0,0
BRDA:40,4,1,0
BRDA:48,5,0,0
BRDA:48,5,1,0
BRDA:49,6,0,0
BRDA:49,6,1,0
BRDA:61,7,0,0
BRDA:61,7,1,0
BRDA:70,8,0,0
BRDA:77,9,0,0
BRDA:90,10,0,0
BRDA:90,10,1,0
BRDA:99,11,0,0
BRDA:107,12,0,0
BRDA:117,13,0,0
BRDA:117,13,1,0
BRF:21
BRH:0
end_of_record
TN:
SF:app/api/admin/whatsapp/send/route.ts
FN:11,POST
FNF:1
FNH:0
FNDA:0,POST
DA:1,0
DA:2,0
DA:3,0
DA:4,0
DA:5,0
DA:6,0
DA:9,0
DA:11,0
DA:12,0
DA:13,0
DA:16,0
DA:17,0
DA:18,0
DA:19,0
DA:20,0
DA:21,0
DA:24,0
DA:28,0
DA:29,0
DA:30,0
DA:31,0
DA:35,0
DA:36,0
DA:37,0
DA:38,0
DA:39,0
DA:40,0
DA:48,0
DA:49,0
DA:53,0
DA:56,0
DA:57,0
DA:60,0
DA:71,0
DA:78,0
DA:83,0
DA:84,0
LF:37
LH:0
BRDA:13,0,0,0
BRDA:16,1,0,0
BRDA:19,2,0,0
BRDA:19,2,1,0
BRDA:19,3,0,0
BRDA:19,3,1,0
BRDA:20,4,0,0
BRDA:20,5,0,0
BRDA:20,5,1,0
BRDA:20,5,2,0
BRDA:30,6,0,0
BRDA:30,7,0,0
BRDA:30,7,1,0
BRDA:30,7,2,0
BRDA:38,8,0,0
BRDA:43,9,0,0
BRDA:43,9,1,0
BRDA:48,10,0,0
BRDA:57,11,0,0
BRDA:57,11,1,0
BRDA:62,12,0,0
BRDA:62,12,1,0
BRF:22
BRH:0
end_of_record
TN:
SF:app/api/admin/workflows/route.ts
FN:16,GET
FN:24,(anonymous_1)
FN:36,POST
FNF:3
FNH:0
FNDA:0,GET
FNDA:0,(anonymous_1)
FNDA:0,POST
DA:1,0
DA:2,0
DA:3,0
DA:4,0
DA:5,0
DA:6,0
DA:8,0
DA:16,0
DA:17,0
DA:18,0
DA:19,0
DA:22,0
DA:23,0
DA:24,0
DA:26,0
DA:28,0
DA:29,0
DA:36,0
DA:37,0
DA:38,0
DA:39,0
DA:42,0
DA:43,0
DA:44,0
DA:45,0
DA:47,0
DA:49,0
DA:61,0
DA:63,0
DA:64,0
LF:30
LH:0
BRDA:18,0,0,0
BRDA:30,1,0,0
BRDA:30,1,1,0
BRDA:38,2,0,0
BRDA:44,3,0,0
BRDA:51,4,0,0
BRDA:51,4,1,0
BRDA:52,5,0,0
BRDA:52,5,1,0
BRDA:53,6,0,0
BRDA:53,6,1,0
BRDA:54,7,0,0
BRDA:54,7,1,0
BRDA:65,8,0,0
BRDA:65,8,1,0
BRF:15
BRH:0
end_of_record
TN:
SF:app/api/admin/workflows/[id]/route.ts
FN:23,PATCH
FN:54,DELETE
FNF:2
FNH:0
FNDA:0,PATCH
FNDA:0,DELETE
DA:1,0
DA:2,0
DA:3,0
DA:4,0
DA:5,0
DA:6,0
DA:8,0
DA:12,0
DA:23,0
DA:24,0
DA:25,0
DA:26,0
DA:29,0
DA:30,0
DA:31,0
DA:32,0
DA:33,0
DA:39,0
DA:44,0
DA:46,0
DA:47,0
DA:54,0
DA:55,0
DA:56,0
DA:57,0
DA:60,0
DA:61,0
DA:62,0
DA:63,0
DA:65,0
DA:66,0
LF:31
LH:0
BRDA:25,0,0,0
BRDA:32,1,0,0
BRDA:48,2,0,0
BRDA:48,2,1,0
BRDA:56,3,0,0
BRDA:67,4,0,0
BRDA:67,4,1,0
BRF:7
BRH:0
end_of_record
TN:
SF:app/api/agent/hub/route.ts
FN:13,POST
FN:43,handleScribe
FN:87,handleCurator
FN:93,handleMatchmaker
FN:121,handleCloser
FNF:5
FNH:0
FNDA:0,POST
FNDA:0,handleScribe
FNDA:0,handleCurator
FNDA:0,handleMatchmaker
FNDA:0,handleCloser
DA:1,0
DA:2,0
DA:3,0
DA:4,0
DA:5,0
DA:13,0
DA:14,0
DA:15,0
DA:16,0
DA:17,0
DA:19,0
DA:20,0
DA:24,0
DA:27,0
DA:29,0
DA:31,0
DA:33,0
DA:35,0
DA:38,0
DA:39,0
DA:44,0
DA:46,0
DA:47,0
DA:49,0
DA:61,0
DA:70,0
DA:71,0
DA:73,0
DA:79,0
DA:80,0
DA:89,0
DA:90,0
DA:95,0
DA:105,0
DA:106,0
DA:115,0
DA:117,0
DA:123,0
DA:124,0
LF:39
LH:0
BRDA:15,0,0,0
BRDA:19,1,0,0
BRDA:24,2,0,0
BRDA:24,2,1,0
BRDA:24,2,2,0
BRDA:24,2,3,0
BRDA:24,2,4,0
BRDA:24,2,5,0
BRDA:38,3,0,0
BRDA:38,3,1,0
BRF:10
BRH:0
end_of_record
TN:
SF:app/api/chat/route.ts
FN:8,POST
FNF:1
FNH:0
FNDA:0,POST
DA:1,0
DA:2,0
DA:8,0
DA:9,0
DA:10,0
DA:12,0
DA:13,0
DA:16,0
DA:23,0
DA:30,0
DA:31,0
LF:11
LH:0
BRDA:12,0,0,0
BRDA:12,1,0,0
BRDA:12,1,1,0
BRDA:19,2,0,0
BRDA:19,2,1,0
BRF:5
BRH:0
end_of_record
TN:
SF:app/api/closer/initiate/route.ts
FN:12,POST
FNF:1
FNH:0
FNDA:0,POST
DA:1,0
DA:2,0
DA:12,0
DA:13,0
DA:14,0
DA:16,0
DA:17,0
DA:19,0
DA:20,0
DA:24,0
DA:25,0
DA:26,0
DA:27,0
DA:30,0
DA:35,0
DA:36,0
DA:37,0
DA:40,0
DA:79,0
DA:94,0
DA:95,0
LF:21
LH:0
BRDA:14,0,0,0
BRDA:19,1,0,0
BRDA:19,2,0,0
BRDA:19,2,1,0
BRDA:19,2,2,0
BRDA:24,3,0,0
BRDA:24,3,1,0
BRDA:25,4,0,0
BRDA:25,4,1,0
BRDA:26,5,0,0
BRDA:26,5,1,0
BRDA:27,6,0,0
BRDA:27,6,1,0
BRDA:30,7,0,0
BRDA:30,7,1,0
BRDA:64,8,0,0
BRDA:64,8,1,0
BRF:17
BRH:0
end_of_record
TN:
SF:app/api/concierge/[leadId]/route.ts
FN:12,(anonymous_0)
FNF:1
FNH:0
FNDA:0,(anonymous_0)
DA:1,0
DA:2,0
DA:3,0
DA:4,0
DA:5,0
DA:6,0
DA:8,0
DA:12,0
DA:16,0
DA:17,0
DA:19,0
DA:20,0
DA:22,0
DA:23,0
DA:29,0
DA:32,0
DA:36,0
DA:37,0
DA:43,0
DA:44,0
DA:46,0
DA:48,0
DA:49,0
LF:23
LH:0
BRDA:17,0,0,0
BRDA:22,1,0,0
BRDA:36,2,0,0
BRF:3
BRH:0
end_of_record
TN:
SF:app/api/concierge/analyze/route.ts
FN:4,POST
FNF:1
FNH:0
FNDA:0,POST
DA:1,0
DA:2,0
DA:4,0
DA:5,0
DA:6,0
DA:7,0
DA:9,0
DA:10,0
DA:13,0
DA:26,0
DA:27,0
DA:28,0
DA:30,0
DA:31,0
DA:33,0
DA:34,0
LF:16
LH:0
BRDA:7,0,0,0
BRDA:27,1,0,0
BRDA:27,1,1,0
BRDA:27,2,0,0
BRDA:27,2,1,0
BRDA:27,3,0,0
BRDA:27,3,1,0
BRDA:27,4,0,0
BRDA:27,4,1,0
BRDA:27,5,0,0
BRDA:27,5,1,0
BRDA:27,6,0,0
BRDA:27,6,1,0
BRDA:28,7,0,0
BRDA:30,8,0,0
BRDA:30,8,1,0
BRDA:30,9,0,0
BRDA:30,9,1,0
BRDA:30,10,0,0
BRDA:30,10,1,0
BRF:20
BRH:0
end_of_record
TN:
SF:app/api/concierge/complete/route.ts
FN:4,POST
FN:17,(anonymous_1)
FNF:2
FNH:0
FNDA:0,POST
FNDA:0,(anonymous_1)
DA:1,0
DA:2,0
DA:4,0
DA:5,0
DA:6,0
DA:7,0
DA:10,0
DA:13,0
DA:14,0
DA:16,0
DA:17,0
DA:19,0
DA:30,0
DA:32,0
DA:33,0
LF:15
LH:0
BRDA:7,0,0,0
BRDA:16,1,0,0
BRDA:16,2,0,0
BRDA:16,2,1,0
BRF:4
BRH:0
end_of_record
TN:
SF:app/api/concierge/send-whatsapp/route.ts
FN:15,(anonymous_0)
FNF:1
FNH:0
FNDA:0,(anonymous_0)
DA:1,0
DA:2,0
DA:3,0
DA:4,0
DA:5,0
DA:6,0
DA:7,0
DA:8,0
DA:15,0
DA:16,0
DA:17,0
DA:19,0
DA:20,0
DA:21,0
DA:23,0
DA:24,0
DA:31,0
DA:32,0
DA:33,0
DA:39,0
DA:40,0
DA:42,0
DA:43,0
DA:50,0
DA:51,0
DA:53,0
DA:54,0
DA:60,0
DA:61,0
DA:62,0
DA:68,0
DA:72,0
DA:80,0
DA:85,0
DA:91,0
DA:92,0
LF:36
LH:0
BRDA:17,0,0,0
BRDA:23,1,0,0
BRDA:32,2,0,0
BRDA:40,3,0,0
BRDA:40,3,1,0
BRDA:40,3,2,0
BRDA:42,4,0,0
BRDA:51,5,0,0
BRDA:51,5,1,0
BRDA:51,6,0,0
BRDA:51,6,1,0
BRDA:53,7,0,0
BRDA:61,8,0,0
BRF:13
BRH:0
end_of_record
TN:
SF:app/api/crm/leads/route.ts
FN:5,POST
FN:61,(anonymous_1)
FNF:2
FNH:1
FNDA:6,POST
FNDA:0,(anonymous_1)
DA:1,1
DA:2,1
DA:3,1
DA:5,1
DA:6,6
DA:7,6
DA:9,5
DA:10,5
DA:11,4
DA:12,4
DA:14,4
DA:15,1
DA:21,3
DA:22,3
DA:23,3
DA:24,3
DA:25,2
DA:27,3
DA:28,3
DA:30,3
DA:31,3
DA:32,1
DA:33,2
DA:34,1
DA:37,3
DA:50,3
DA:52,2
DA:53,0
DA:64,2
DA:66,2
LF:30
LH:29
BRDA:7,0,0,1
BRDA:12,1,0,2
BRDA:12,1,1,2
BRDA:12,2,0,4
BRDA:12,2,1,4
BRDA:14,3,0,1
BRDA:14,4,0,4
BRDA:14,4,1,4
BRDA:22,5,0,1
BRDA:22,6,0,3
BRDA:22,6,1,1
BRDA:23,7,0,1
BRDA:24,8,0,1
BRDA:24,8,1,2
BRDA:24,9,0,3
BRDA:24,9,1,1
BRDA:28,10,0,3
BRDA:28,10,1,1
BRDA:31,11,0,1
BRDA:31,11,1,2
BRDA:31,12,0,3
BRDA:31,12,1,2
BRDA:33,13,0,1
BRDA:44,14,0,1
BRDA:44,14,1,2
BRDA:52,15,0,0
BRDA:52,16,0,2
BRDA:52,16,1,1
BRF:28
BRH:27
end_of_record
TN:
SF:app/api/crm/property-finder/route.ts
FN:9,POST
FNF:1
FNH:0
FNDA:0,POST
DA:1,0
DA:2,0
DA:3,0
DA:4,0
DA:5,0
DA:6,0
DA:7,0
DA:9,0
DA:10,0
DA:11,0
DA:13,0
DA:14,0
DA:15,0
DA:17,0
DA:18,0
DA:21,0
DA:23,0
DA:25,0
DA:26,0
DA:27,0
DA:28,0
DA:31,0
DA:32,0
DA:33,0
DA:34,0
DA:36,0
DA:37,0
DA:39,0
DA:40,0
DA:43,0
DA:45,0
DA:47,0
DA:51,0
DA:54,0
DA:56,0
DA:58,0
DA:78,0
DA:79,0
DA:80,0
DA:82,0
DA:85,0
DA:86,0
DA:96,0
DA:100,0
DA:101,0
DA:102,0
DA:112,0
DA:114,0
DA:115,0
LF:49
LH:0
BRDA:11,0,0,0
BRDA:17,1,0,0
BRDA:17,2,0,0
BRDA:17,2,1,0
BRDA:25,3,0,0
BRDA:25,3,1,0
BRDA:26,4,0,0
BRDA:27,5,0,0
BRDA:28,6,0,0
BRDA:28,7,0,0
BRDA:28,7,1,0
BRDA:31,8,0,0
BRDA:31,8,1,0
BRDA:32,9,0,0
BRDA:32,9,1,0
BRDA:33,10,0,0
BRDA:33,10,1,0
BRDA:34,11,0,0
BRDA:34,11,1,0
BRDA:45,12,0,0
BRDA:45,12,1,0
BRDA:45,13,0,0
BRDA:45,13,1,0
BRDA:47,14,0,0
BRDA:47,14,1,0
BRDA:49,15,0,0
BRDA:49,15,1,0
BRDA:51,16,0,0
BRDA:51,16,1,0
BRDA:54,17,0,0
BRDA:54,17,1,0
BRDA:61,18,0,0
BRDA:61,18,1,0
BRDA:63,19,0,0
BRDA:63,19,1,0
BRDA:66,20,0,0
BRDA:66,20,1,0
BRDA:66,21,0,0
BRDA:66,21,1,0
BRDA:67,22,0,0
BRDA:67,22,1,0
BRDA:71,23,0,0
BRDA:71,23,1,0
BRDA:73,24,0,0
BRDA:73,24,1,0
BRDA:78,25,0,0
BRDA:78,25,1,0
BRDA:85,26,0,0
BRF:48
BRH:0
end_of_record
TN:
SF:app/api/cron/ingest-from-sheets/route.ts
FN:28,getSheetsClient
FN:48,buildListingDocument
FN:110,GET
FN:181,(anonymous_3)
FN:185,(anonymous_4)
FN:186,(anonymous_5)
FN:207,(anonymous_6)
FNF:7
FNH:1
FNDA:0,getSheetsClient
FNDA:0,buildListingDocument
FNDA:2,GET
FNDA:0,(anonymous_3)
FNDA:0,(anonymous_4)
FNDA:0,(anonymous_5)
FNDA:0,(anonymous_6)
DA:1,1
DA:2,1
DA:3,1
DA:4,1
DA:5,1
DA:6,1
DA:7,1
DA:8,1
DA:9,1
DA:10,1
DA:24,1
DA:25,1
DA:26,1
DA:29,0
DA:31,0
DA:32,0
DA:33,0
DA:37,0
DA:41,0
DA:45,0
DA:49,0
DA:51,0
DA:63,0
DA:110,1
DA:112,2
DA:113,2
DA:115,2
DA:116,2
DA:119,0
DA:120,0
DA:121,0
DA:127,0
DA:129,0
DA:130,0
DA:131,0
DA:134,0
DA:139,0
DA:140,0
DA:142,0
DA:143,0
DA:144,0
DA:145,0
DA:146,0
DA:150,0
DA:152,0
DA:153,0
DA:154,0
DA:156,0
DA:158,0
DA:164,0
DA:165,0
DA:168,0
DA:169,0
DA:170,0
DA:171,0
DA:174,0
DA:181,0
DA:184,0
DA:185,0
DA:186,0
DA:189,0
DA:196,0
DA:197,0
DA:199,0
DA:202,0
DA:209,0
DA:214,0
DA:215,0
DA:226,0
DA:228,0
DA:234,0
DA:235,0
LF:72
LH:18
BRDA:31,0,0,0
BRDA:49,1,0,0
BRDA:49,1,1,0
BRDA:49,2,0,0
BRDA:49,2,1,0
BRDA:51,3,0,0
BRDA:51,3,1,0
BRDA:51,4,0,0
BRDA:51,4,1,0
BRDA:51,5,0,0
BRDA:51,5,1,0
BRDA:51,6,0,0
BRDA:51,6,1,0
BRDA:56,7,0,0
BRDA:56,7,1,0
BRDA:58,8,0,0
BRDA:58,8,1,0
BRDA:69,9,0,0
BRDA:69,9,1,0
BRDA:69,10,0,0
BRDA:69,10,1,0
BRDA:70,11,0,0
BRDA:70,11,1,0
BRDA:70,12,0,0
BRDA:70,12,1,0
BRDA:70,13,0,0
BRDA:70,13,1,0
BRDA:70,14,0,0
BRDA:70,14,1,0
BRDA:70,15,0,0
BRDA:70,15,1,0
BRDA:71,16,0,0
BRDA:71,16,1,0
BRDA:71,17,0,0
BRDA:71,17,1,0
BRDA:72,18,0,0
BRDA:72,18,1,0
BRDA:72,19,0,0
BRDA:72,19,1,0
BRDA:73,20,0,0
BRDA:73,20,1,0
BRDA:73,21,0,0
BRDA:73,21,1,0
BRDA:73,22,0,0
BRDA:73,22,1,0
BRDA:74,23,0,0
BRDA:74,23,1,0
BRDA:74,24,0,0
BRDA:74,24,1,0
BRDA:75,25,0,0
BRDA:75,25,1,0
BRDA:75,26,0,0
BRDA:75,26,1,0
BRDA:75,27,0,0
BRDA:75,27,1,0
BRDA:75,28,0,0
BRDA:75,28,1,0
BRDA:75,29,0,0
BRDA:75,29,1,0
BRDA:76,30,0,0
BRDA:76,30,1,0
BRDA:76,31,0,0
BRDA:76,31,1,0
BRDA:76,32,0,0
BRDA:76,32,1,0
BRDA:76,33,0,0
BRDA:76,33,1,0
BRDA:76,34,0,0
BRDA:76,34,1,0
BRDA:77,35,0,0
BRDA:77,35,1,0
BRDA:77,36,0,0
BRDA:77,36,1,0
BRDA:78,37,0,0
BRDA:78,37,1,0
BRDA:78,38,0,0
BRDA:78,38,1,0
BRDA:79,39,0,0
BRDA:79,39,1,0
BRDA:79,40,0,0
BRDA:79,40,1,0
BRDA:80,41,0,0
BRDA:80,41,1,0
BRDA:80,42,0,0
BRDA:80,42,1,0
BRDA:80,43,0,0
BRDA:80,43,1,0
BRDA:81,44,0,0
BRDA:81,44,1,0
BRDA:81,45,0,0
BRDA:81,45,1,0
BRDA:81,46,0,0
BRDA:81,46,1,0
BRDA:82,47,0,0
BRDA:82,47,1,0
BRDA:82,48,0,0
BRDA:82,48,1,0
BRDA:82,49,0,0
BRDA:82,49,1,0
BRDA:82,50,0,0
BRDA:82,50,1,0
BRDA:82,51,0,0
BRDA:82,51,1,0
BRDA:85,52,0,0
BRDA:85,52,1,0
BRDA:85,52,2,0
BRDA:85,53,0,0
BRDA:85,53,1,0
BRDA:85,54,0,0
BRDA:85,54,1,0
BRDA:85,55,0,0
BRDA:85,55,1,0
BRDA:85,56,0,0
BRDA:85,56,1,0
BRDA:86,57,0,0
BRDA:86,57,1,0
BRDA:86,57,2,0
BRDA:86,58,0,0
BRDA:86,58,1,0
BRDA:86,59,0,0
BRDA:86,59,1,0
BRDA:86,60,0,0
BRDA:86,60,1,0
BRDA:86,61,0,0
BRDA:86,61,1,0
BRDA:87,62,0,0
BRDA:87,62,1,0
BRDA:87,63,0,0
BRDA:87,63,1,0
BRDA:87,64,0,0
BRDA:87,64,1,0
BRDA:88,65,0,0
BRDA:88,65,1,0
BRDA:88,65,2,0
BRDA:88,66,0,0
BRDA:88,66,1,0
BRDA:88,67,0,0
BRDA:88,67,1,0
BRDA:88,68,0,0
BRDA:88,68,1,0
BRDA:88,69,0,0
BRDA:88,69,1,0
BRDA:89,70,0,0
BRDA:89,70,1,0
BRDA:89,71,0,0
BRDA:89,71,1,0
BRDA:89,72,0,0
BRDA:89,72,1,0
BRDA:90,73,0,0
BRDA:90,73,1,0
BRDA:90,74,0,0
BRDA:90,74,1,0
BRDA:90,75,0,0
BRDA:90,75,1,0
BRDA:91,76,0,0
BRDA:91,76,1,0
BRDA:91,77,0,0
BRDA:91,77,1,0
BRDA:91,78,0,0
BRDA:91,78,1,0
BRDA:92,79,0,0
BRDA:92,79,1,0
BRDA:92,80,0,0
BRDA:92,80,1,0
BRDA:92,81,0,0
BRDA:92,81,1,0
BRDA:93,82,0,0
BRDA:93,82,1,0
BRDA:93,83,0,0
BRDA:93,83,1,0
BRDA:93,84,0,0
BRDA:93,84,1,0
BRDA:97,85,0,0
BRDA:97,85,1,0
BRDA:102,86,0,0
BRDA:102,86,1,0
BRDA:103,87,0,0
BRDA:103,87,1,0
BRDA:115,88,0,2
BRDA:115,89,0,2
BRDA:115,89,1,2
BRDA:120,90,0,0
BRDA:139,91,0,0
BRDA:139,91,1,0
BRDA:145,92,0,0
BRDA:154,93,0,0
BRDA:154,93,1,0
BRDA:156,94,0,0
BRDA:170,95,0,0
BRDA:170,95,1,0
BRDA:170,96,0,0
BRDA:170,96,1,0
BRDA:176,97,0,0
BRDA:176,97,1,0
BRDA:177,98,0,0
BRDA:177,98,1,0
BRDA:178,99,0,0
BRDA:178,99,1,0
BRDA:178,100,0,0
BRDA:178,100,1,0
BRDA:178,101,0,0
BRDA:178,101,1,0
BRDA:214,102,0,0
BRF:203
BRH:3
end_of_record
TN:
SF:app/api/cron/maintenance/route.ts
FN:13,GET
FNF:1
FNH:0
FNDA:0,GET
DA:1,0
DA:2,0
DA:3,0
DA:4,0
DA:5,0
DA:6,0
DA:13,0
DA:14,0
DA:15,0
DA:17,0
DA:18,0
DA:21,0
DA:22,0
DA:24,0
DA:27,0
DA:28,0
DA:39,0
DA:41,0
DA:47,0
DA:49,0
LF:20
LH:0
BRDA:17,0,0,0
BRDA:17,1,0,0
BRDA:17,1,1,0
BRDA:27,2,0,0
BRDA:51,3,0,0
BRDA:51,3,1,0
BRF:6
BRH:0
end_of_record
TN:
SF:app/api/cron/sync-leads/route.ts
FN:14,GET
FNF:1
FNH:0
FNDA:0,GET
DA:1,0
DA:2,0
DA:3,0
DA:4,0
DA:5,0
DA:6,0
DA:14,0
DA:16,0
DA:17,0
DA:20,0
DA:21,0
DA:24,0
DA:25,0
DA:27,0
DA:30,0
DA:31,0
DA:42,0
DA:44,0
DA:50,0
DA:52,0
LF:20
LH:0
BRDA:20,0,0,0
BRDA:20,1,0,0
BRDA:20,1,1,0
BRDA:30,2,0,0
BRDA:30,3,0,0
BRDA:30,3,1,0
BRDA:54,4,0,0
BRDA:54,4,1,0
BRF:8
BRH:0
end_of_record
TN:
SF:app/api/cron/sync-listings/route.ts
FN:13,GET
FNF:1
FNH:0
FNDA:0,GET
DA:1,0
DA:2,0
DA:3,0
DA:4,0
DA:5,0
DA:6,0
DA:13,0
DA:14,0
DA:15,0
DA:17,0
DA:18,0
DA:21,0
DA:22,0
DA:24,0
DA:26,0
DA:27,0
DA:38,0
DA:40,0
DA:46,0
DA:47,0
LF:20
LH:0
BRDA:17,0,0,0
BRDA:17,1,0,0
BRDA:17,1,1,0
BRDA:26,2,0,0
BRDA:26,3,0,0
BRDA:26,3,1,0
BRDA:49,4,0,0
BRDA:49,4,1,0
BRF:8
BRH:0
end_of_record
TN:
SF:app/api/cron/whatsapp-dispatch/route.ts
FN:23,GET
FNF:1
FNH:0
FNDA:0,GET
DA:1,0
DA:2,0
DA:3,0
DA:4,0
DA:5,0
DA:6,0
DA:12,0
DA:21,0
DA:23,0
DA:24,0
DA:25,0
DA:26,0
DA:27,0
DA:30,0
DA:31,0
DA:33,0
DA:34,0
DA:37,0
DA:39,0
DA:41,0
DA:47,0
DA:48,0
DA:49,0
DA:51,0
DA:52,0
DA:54,0
DA:55,0
DA:57,0
DA:58,0
DA:61,0
DA:67,0
DA:68,0
DA:69,0
DA:76,0
DA:78,0
DA:84,0
DA:85,0
DA:89,0
DA:98,0
DA:99,0
LF:40
LH:0
BRDA:26,0,0,0
BRDA:26,1,0,0
BRDA:26,1,1,0
BRDA:33,2,0,0
BRDA:55,3,0,0
BRDA:73,4,0,0
BRDA:73,4,1,0
BRDA:73,5,0,0
BRDA:73,5,1,0
BRDA:80,6,0,0
BRDA:80,6,1,0
BRDA:80,7,0,0
BRDA:80,7,1,0
BRDA:80,8,0,0
BRDA:80,8,1,0
BRDA:81,9,0,0
BRDA:81,9,1,0
BRDA:81,10,0,0
BRDA:81,10,1,0
BRDA:100,11,0,0
BRDA:100,11,1,0
BRDA:100,12,0,0
BRDA:100,12,1,0
BRDA:100,13,0,0
BRDA:100,13,1,0
BRF:25
BRH:0
end_of_record
TN:
SF:app/api/feeds/property-finder/route.ts
FN:3,GET
FN:30,(anonymous_1)
FN:48,(anonymous_2)
FNF:3
FNH:0
FNDA:0,GET
FNDA:0,(anonymous_1)
FNDA:0,(anonymous_2)
DA:1,0
DA:3,0
DA:5,0
DA:28,0
DA:30,0
DA:31,0
DA:32,0
DA:33,0
DA:34,0
DA:35,0
DA:36,0
DA:37,0
DA:38,0
DA:39,0
DA:40,0
DA:41,0
DA:42,0
DA:43,0
DA:44,0
DA:45,0
DA:46,0
DA:47,0
DA:48,0
DA:49,0
DA:51,0
DA:52,0
DA:55,0
DA:57,0
LF:28
LH:0
BRF:0
BRH:0
end_of_record
TN:
SF:app/api/ingest/whatsapp/route.ts
FN:17,verifyWebhookSecret
FN:23,(anonymous_1)
FN:33,(anonymous_2)
FN:41,(anonymous_3)
FN:49,(anonymous_4)
FN:117,POST
FN:192,(anonymous_6)
FN:193,(anonymous_7)
FN:216,GET
FNF:9
FNH:0
FNDA:0,verifyWebhookSecret
FNDA:0,(anonymous_1)
FNDA:0,(anonymous_2)
FNDA:0,(anonymous_3)
FNDA:0,(anonymous_4)
FNDA:0,POST
FNDA:0,(anonymous_6)
FNDA:0,(anonymous_7)
FNDA:0,GET
DA:1,0
DA:2,0
DA:3,0
DA:4,0
DA:6,0
DA:7,0
DA:8,0
DA:9,0
DA:10,0
DA:11,0
DA:12,0
DA:13,0
DA:15,0
DA:18,0
DA:19,0
DA:20,0
DA:23,0
DA:24,0
DA:33,0
DA:34,0
DA:41,0
DA:42,0
DA:49,0
DA:55,0
DA:58,0
DA:70,0
DA:117,0
DA:118,0
DA:119,0
DA:122,0
DA:123,0
DA:124,0
DA:125,0
DA:126,0
DA:128,0
DA:129,0
DA:135,0
DA:136,0
DA:141,0
DA:142,0
DA:150,0
DA:152,0
DA:153,0
DA:154,0
DA:155,0
DA:164,0
DA:169,0
DA:173,0
DA:174,0
DA:177,0
DA:178,0
DA:187,0
DA:191,0
DA:192,0
DA:193,0
DA:195,0
DA:204,0
DA:205,0
DA:216,0
DA:217,0
LF:60
LH:0
BRDA:15,0,0,0
BRDA:15,0,1,0
BRDA:18,1,0,0
BRDA:24,2,0,0
BRDA:24,2,1,0
BRDA:24,2,2,0
BRDA:24,2,3,0
BRDA:24,2,4,0
BRDA:24,2,5,0
BRDA:24,2,6,0
BRDA:24,2,7,0
BRDA:26,3,0,0
BRDA:26,3,1,0
BRDA:26,4,0,0
BRDA:26,4,1,0
BRDA:26,5,0,0
BRDA:26,5,1,0
BRDA:26,6,0,0
BRDA:26,6,1,0
BRDA:27,7,0,0
BRDA:27,7,1,0
BRDA:27,8,0,0
BRDA:27,8,1,0
BRDA:30,9,0,0
BRDA:30,9,1,0
BRDA:30,10,0,0
BRDA:30,10,1,0
BRDA:34,11,0,0
BRDA:34,11,1,0
BRDA:34,11,2,0
BRDA:34,11,3,0
BRDA:34,11,4,0
BRDA:34,11,5,0
BRDA:38,12,0,0
BRDA:38,12,1,0
BRDA:38,13,0,0
BRDA:38,13,1,0
BRDA:42,14,0,0
BRDA:42,14,1,0
BRDA:42,14,2,0
BRDA:42,14,3,0
BRDA:42,14,4,0
BRDA:42,14,5,0
BRDA:45,15,0,0
BRDA:45,15,1,0
BRDA:45,16,0,0
BRDA:45,16,1,0
BRDA:55,17,0,0
BRDA:55,17,1,0
BRDA:55,18,0,0
BRDA:55,18,1,0
BRDA:58,19,0,0
BRDA:58,19,1,0
BRDA:58,20,0,0
BRDA:58,20,1,0
BRDA:58,21,0,0
BRDA:58,21,1,0
BRDA:58,22,0,0
BRDA:58,22,1,0
BRDA:63,23,0,0
BRDA:63,23,1,0
BRDA:65,24,0,0
BRDA:65,24,1,0
BRDA:76,25,0,0
BRDA:76,25,1,0
BRDA:76,26,0,0
BRDA:76,26,1,0
BRDA:77,27,0,0
BRDA:77,27,1,0
BRDA:77,28,0,0
BRDA:77,28,1,0
BRDA:77,29,0,0
BRDA:77,29,1,0
BRDA:77,30,0,0
BRDA:77,30,1,0
BRDA:77,31,0,0
BRDA:77,31,1,0
BRDA:78,32,0,0
BRDA:78,32,1,0
BRDA:78,33,0,0
BRDA:78,33,1,0
BRDA:79,34,0,0
BRDA:79,34,1,0
BRDA:79,35,0,0
BRDA:79,35,1,0
BRDA:80,36,0,0
BRDA:80,36,1,0
BRDA:80,37,0,0
BRDA:80,37,1,0
BRDA:80,38,0,0
BRDA:80,38,1,0
BRDA:81,39,0,0
BRDA:81,39,1,0
BRDA:81,40,0,0
BRDA:81,40,1,0
BRDA:82,41,0,0
BRDA:82,41,1,0
BRDA:82,42,0,0
BRDA:82,42,1,0
BRDA:82,43,0,0
BRDA:82,43,1,0
BRDA:82,44,0,0
BRDA:82,44,1,0
BRDA:82,45,0,0
BRDA:82,45,1,0
BRDA:83,46,0,0
BRDA:83,46,1,0
BRDA:83,47,0,0
BRDA:83,47,1,0
BRDA:83,48,0,0
BRDA:83,48,1,0
BRDA:83,49,0,0
BRDA:83,49,1,0
BRDA:83,50,0,0
BRDA:83,50,1,0
BRDA:84,51,0,0
BRDA:84,51,1,0
BRDA:84,52,0,0
BRDA:84,52,1,0
BRDA:85,53,0,0
BRDA:85,53,1,0
BRDA:85,54,0,0
BRDA:85,54,1,0
BRDA:86,55,0,0
BRDA:86,55,1,0
BRDA:86,56,0,0
BRDA:86,56,1,0
BRDA:87,57,0,0
BRDA:87,57,1,0
BRDA:87,58,0,0
BRDA:87,58,1,0
BRDA:87,59,0,0
BRDA:87,59,1,0
BRDA:88,60,0,0
BRDA:88,60,1,0
BRDA:88,61,0,0
BRDA:88,61,1,0
BRDA:88,62,0,0
BRDA:88,62,1,0
BRDA:89,63,0,0
BRDA:89,63,1,0
BRDA:89,64,0,0
BRDA:89,64,1,0
BRDA:89,65,0,0
BRDA:89,65,1,0
BRDA:89,66,0,0
BRDA:89,66,1,0
BRDA:89,67,0,0
BRDA:89,67,1,0
BRDA:92,68,0,0
BRDA:92,68,1,0
BRDA:92,68,2,0
BRDA:92,69,0,0
BRDA:92,69,1,0
BRDA:92,70,0,0
BRDA:92,70,1,0
BRDA:92,71,0,0
BRDA:92,71,1,0
BRDA:92,72,0,0
BRDA:92,72,1,0
BRDA:93,73,0,0
BRDA:93,73,1,0
BRDA:93,73,2,0
BRDA:93,74,0,0
BRDA:93,74,1,0
BRDA:93,75,0,0
BRDA:93,75,1,0
BRDA:93,76,0,0
BRDA:93,76,1,0
BRDA:93,77,0,0
BRDA:93,77,1,0
BRDA:94,78,0,0
BRDA:94,78,1,0
BRDA:94,79,0,0
BRDA:94,79,1,0
BRDA:94,80,0,0
BRDA:94,80,1,0
BRDA:95,81,0,0
BRDA:95,81,1,0
BRDA:95,81,2,0
BRDA:95,82,0,0
BRDA:95,82,1,0
BRDA:95,83,0,0
BRDA:95,83,1,0
BRDA:95,84,0,0
BRDA:95,84,1,0
BRDA:95,85,0,0
BRDA:95,85,1,0
BRDA:96,86,0,0
BRDA:96,86,1,0
BRDA:96,87,0,0
BRDA:96,87,1,0
BRDA:96,88,0,0
BRDA:96,88,1,0
BRDA:97,89,0,0
BRDA:97,89,1,0
BRDA:97,90,0,0
BRDA:97,90,1,0
BRDA:97,91,0,0
BRDA:97,91,1,0
BRDA:98,92,0,0
BRDA:98,92,1,0
BRDA:98,93,0,0
BRDA:98,93,1,0
BRDA:98,94,0,0
BRDA:98,94,1,0
BRDA:99,95,0,0
BRDA:99,95,1,0
BRDA:99,96,0,0
BRDA:99,96,1,0
BRDA:99,97,0,0
BRDA:99,97,1,0
BRDA:100,98,0,0
BRDA:100,98,1,0
BRDA:100,99,0,0
BRDA:100,99,1,0
BRDA:100,100,0,0
BRDA:100,100,1,0
BRDA:104,101,0,0
BRDA:104,101,1,0
BRDA:109,102,0,0
BRDA:109,102,1,0
BRDA:110,103,0,0
BRDA:110,103,1,0
BRDA:118,104,0,0
BRDA:128,105,0,0
BRDA:128,106,0,0
BRDA:128,106,1,0
BRDA:141,107,0,0
BRDA:153,108,0,0
BRDA:153,109,0,0
BRDA:153,109,1,0
BRDA:182,110,0,0
BRDA:182,110,1,0
BRDA:182,111,0,0
BRDA:182,111,1,0
BRDA:182,112,0,0
BRDA:182,112,1,0
BRDA:198,113,0,0
BRDA:198,113,1,0
BRDA:198,114,0,0
BRDA:198,114,1,0
BRDA:199,115,0,0
BRDA:199,115,1,0
BRDA:199,116,0,0
BRDA:199,116,1,0
BRDA:199,117,0,0
BRDA:199,117,1,0
BRDA:200,118,0,0
BRDA:200,118,1,0
BRDA:200,119,0,0
BRDA:200,119,1,0
BRDA:200,120,0,0
BRDA:200,120,1,0
BRDA:209,121,0,0
BRDA:209,121,1,0
BRDA:209,122,0,0
BRDA:209,122,1,0
BRF:258
BRH:0
end_of_record
TN:
SF:app/api/leads/route.ts
FN:20,POST
FNF:1
FNH:1
FNDA:2,POST
DA:1,1
DA:2,1
DA:3,1
DA:4,1
DA:5,1
DA:6,1
DA:7,1
DA:9,1
DA:10,1
DA:12,1
DA:20,1
DA:21,2
DA:22,2
DA:24,2
DA:25,2
DA:26,2
DA:28,2
DA:29,0
DA:35,2
DA:38,2
DA:63,1
DA:73,1
DA:76,1
DA:77,1
DA:78,0
DA:79,0
DA:86,0
DA:90,1
DA:92,1
DA:93,1
LF:30
LH:26
BRDA:22,0,0,0
BRDA:28,1,0,0
BRDA:77,2,0,0
BRDA:82,3,0,0
BRDA:82,3,1,0
BRDA:82,4,0,0
BRDA:82,4,1,0
BRDA:82,5,0,0
BRDA:82,5,1,0
BRDA:82,6,0,0
BRDA:82,6,1,0
BRF:11
BRH:0
end_of_record
TN:
SF:app/api/leads/request-viewing/route.ts
FN:15,POST
FNF:1
FNH:1
FNDA:5,POST
DA:1,1
DA:2,1
DA:3,1
DA:4,1
DA:6,1
DA:7,1
DA:9,1
DA:15,1
DA:16,5
DA:17,5
DA:19,5
DA:20,5
DA:21,5
DA:23,5
DA:24,3
DA:30,2
DA:33,2
DA:43,2
DA:44,2
DA:46,2
DA:47,2
DA:55,2
DA:56,1
DA:57,1
DA:64,2
DA:70,0
DA:71,0
LF:27
LH:25
BRDA:17,0,0,0
BRDA:23,1,0,3
BRDA:36,2,0,2
BRDA:36,2,1,1
BRDA:46,3,0,2
BRDA:55,4,0,1
BRF:6
BRH:5
end_of_record
TN:
SF:app/api/listings/route.ts
FN:32,extractValue
FN:54,queryFirestoreRest
FN:96,transformToListing
FN:122,GET
FNF:4
FNH:0
FNDA:0,extractValue
FNDA:0,queryFirestoreRest
FNDA:0,transformToListing
FNDA:0,GET
DA:1,0
DA:2,0
DA:3,0
DA:4,0
DA:5,0
DA:7,0
DA:17,0
DA:18,0
DA:33,0
DA:34,0
DA:35,0
DA:36,0
DA:37,0
DA:38,0
DA:39,0
DA:41,0
DA:42,0
DA:43,0
DA:44,0
DA:46,0
DA:48,0
DA:59,0
DA:60,0
DA:64,0
DA:65,0
DA:66,0
DA:67,0
DA:69,0
DA:71,0
DA:73,0
DA:74,0
DA:75,0
DA:78,0
DA:80,0
DA:82,0
DA:85,0
DA:88,0
DA:89,0
DA:97,0
DA:99,0
DA:100,0
DA:102,0
DA:122,0
DA:123,0
DA:124,0
DA:129,0
DA:130,0
DA:132,0
DA:133,0
DA:135,0
DA:140,0
DA:141,0
DA:147,0
DA:149,0
DA:150,0
DA:151,0
DA:152,0
DA:154,0
DA:155,0
DA:158,0
DA:159,0
DA:161,0
DA:162,0
DA:168,0
DA:170,0
DA:172,0
DA:173,0
LF:67
LH:0
BRDA:17,0,0,0
BRDA:17,0,1,0
BRDA:17,1,0,0
BRDA:17,1,1,0
BRDA:18,2,0,0
BRDA:18,2,1,0
BRDA:33,3,0,0
BRDA:34,4,0,0
BRDA:35,5,0,0
BRDA:36,6,0,0
BRDA:37,7,0,0
BRDA:38,8,0,0
BRDA:38,9,0,0
BRDA:38,9,1,0
BRDA:38,10,0,0
BRDA:38,10,1,0
BRDA:41,11,0,0
BRDA:41,12,0,0
BRDA:41,12,1,0
BRDA:41,13,0,0
BRDA:41,13,1,0
BRDA:64,14,0,0
BRDA:64,14,1,0
BRDA:66,15,0,0
BRDA:73,16,0,0
BRDA:80,17,0,0
BRDA:80,17,1,0
BRDA:85,18,0,0
BRDA:85,18,1,0
BRDA:88,19,0,0
BRDA:88,19,1,0
BRDA:88,20,0,0
BRDA:88,20,1,0
BRDA:88,21,0,0
BRDA:88,21,1,0
BRDA:97,22,0,0
BRDA:97,23,0,0
BRDA:97,23,1,0
BRDA:100,24,0,0
BRDA:100,24,1,0
BRDA:100,25,0,0
BRDA:100,25,1,0
BRDA:100,26,0,0
BRDA:100,26,1,0
BRDA:104,27,0,0
BRDA:104,27,1,0
BRDA:105,28,0,0
BRDA:105,28,1,0
BRDA:106,29,0,0
BRDA:106,29,1,0
BRDA:107,30,0,0
BRDA:107,30,1,0
BRDA:107,30,2,0
BRDA:107,30,3,0
BRDA:108,31,0,0
BRDA:108,31,1,0
BRDA:109,32,0,0
BRDA:109,32,1,0
BRDA:110,33,0,0
BRDA:110,33,1,0
BRDA:111,34,0,0
BRDA:111,34,1,0
BRDA:111,35,0,0
BRDA:111,35,1,0
BRDA:111,36,0,0
BRDA:111,36,1,0
BRDA:112,37,0,0
BRDA:112,37,1,0
BRDA:113,38,0,0
BRDA:113,38,1,0
BRDA:114,39,0,0
BRDA:114,39,1,0
BRDA:114,39,2,0
BRDA:115,40,0,0
BRDA:115,40,1,0
BRDA:116,41,0,0
BRDA:116,41,1,0
BRDA:117,42,0,0
BRDA:117,42,1,0
BRDA:118,43,0,0
BRDA:118,43,1,0
BRDA:123,44,0,0
BRDA:130,45,0,0
BRDA:136,46,0,0
BRDA:136,46,1,0
BRDA:136,47,0,0
BRDA:136,47,1,0
BRDA:137,48,0,0
BRDA:137,48,1,0
BRDA:137,49,0,0
BRDA:137,49,1,0
BRDA:140,50,0,0
BRDA:149,51,0,0
BRDA:151,52,0,0
BRDA:151,53,0,0
BRDA:151,53,1,0
BRDA:151,54,0,0
BRDA:151,54,1,0
BRDA:158,55,0,0
BRDA:158,55,1,0
BRDA:158,56,0,0
BRDA:158,56,1,0
BRDA:161,57,0,0
BRDA:168,58,0,0
BRDA:168,58,1,0
BRDA:172,59,0,0
BRDA:172,59,1,0
BRDA:172,60,0,0
BRDA:172,60,1,0
BRDA:172,61,0,0
BRDA:172,61,1,0
BRDA:174,62,0,0
BRDA:174,62,1,0
BRDA:174,63,0,0
BRDA:174,63,1,0
BRDA:174,64,0,0
BRDA:174,64,1,0
BRF:117
BRH:0
end_of_record
TN:
SF:app/api/matching/route.ts
FN:8,POST
FNF:1
FNH:0
FNDA:0,POST
DA:1,0
DA:2,0
DA:3,0
DA:4,0
DA:5,0
DA:6,0
DA:8,0
DA:9,0
DA:10,0
DA:12,0
DA:13,0
DA:14,0
DA:15,0
DA:17,0
DA:19,0
DA:23,0
DA:25,0
DA:26,0
DA:27,0
DA:28,0
DA:30,0
DA:34,0
DA:37,0
DA:38,0
DA:41,0
DA:42,0
DA:45,0
DA:46,0
LF:28
LH:0
BRDA:10,0,0,0
BRDA:17,1,0,0
BRDA:37,2,0,0
BRF:3
BRH:0
end_of_record
TN:
SF:app/api/openclaw/route.ts
FN:30,(anonymous_0)
FN:44,(anonymous_1)
FN:48,(anonymous_2)
FN:50,(anonymous_3)
FN:54,(anonymous_4)
FN:63,(anonymous_5)
FN:64,(anonymous_6)
FN:70,(anonymous_7)
FN:76,POST
FNF:9
FNH:0
FNDA:0,(anonymous_0)
FNDA:0,(anonymous_1)
FNDA:0,(anonymous_2)
FNDA:0,(anonymous_3)
FNDA:0,(anonymous_4)
FNDA:0,(anonymous_5)
FNDA:0,(anonymous_6)
FNDA:0,(anonymous_7)
FNDA:0,POST
DA:1,0
DA:2,0
DA:3,0
DA:30,0
DA:31,0
DA:32,0
DA:35,0
DA:37,0
DA:44,0
DA:48,0
DA:49,0
DA:50,0
DA:54,0
DA:55,0
DA:56,0
DA:57,0
DA:58,0
DA:61,0
DA:62,0
DA:63,0
DA:64,0
DA:70,0
DA:72,0
DA:76,0
DA:78,0
DA:79,0
DA:80,0
DA:83,0
DA:84,0
DA:86,0
DA:87,0
DA:88,0
DA:91,0
DA:92,0
DA:93,0
DA:96,0
DA:97,0
DA:99,0
DA:112,0
DA:121,0
DA:139,0
DA:140,0
DA:141,0
DA:142,0
DA:145,0
DA:146,0
DA:149,0
DA:151,0
DA:153,0
DA:154,0
DA:155,0
LF:51
LH:0
BRDA:31,0,0,0
BRDA:31,1,0,0
BRDA:31,1,1,0
BRDA:38,2,0,0
BRDA:38,2,1,0
BRDA:38,2,2,0
BRDA:38,2,3,0
BRDA:38,2,4,0
BRDA:38,2,5,0
BRDA:38,2,6,0
BRDA:57,3,0,0
BRDA:58,4,0,0
BRDA:58,4,1,0
BRDA:63,5,0,0
BRDA:63,5,1,0
BRDA:63,6,0,0
BRDA:63,6,1,0
BRDA:63,7,0,0
BRDA:63,7,1,0
BRDA:63,8,0,0
BRDA:63,8,1,0
BRDA:63,9,0,0
BRDA:63,9,1,0
BRDA:65,10,0,0
BRDA:65,10,1,0
BRDA:65,11,0,0
BRDA:65,11,1,0
BRDA:67,12,0,0
BRDA:67,12,1,0
BRDA:68,13,0,0
BRDA:68,13,1,0
BRDA:68,14,0,0
BRDA:68,14,1,0
BRDA:79,15,0,0
BRDA:86,16,0,0
BRDA:92,17,0,0
BRDA:117,18,0,0
BRDA:117,18,1,0
BRDA:139,19,0,0
BRDA:146,20,0,0
BRDA:146,20,1,0
BRDA:146,21,0,0
BRDA:146,21,1,0
BRDA:146,22,0,0
BRDA:146,22,1,0
BRDA:146,23,0,0
BRDA:146,23,1,0
BRDA:146,24,0,0
BRDA:146,24,1,0
BRDA:146,25,0,0
BRDA:146,25,1,0
BRDA:146,26,0,0
BRDA:146,26,1,0
BRF:53
BRH:0
end_of_record
TN:
SF:app/api/orchestrate/route.ts
FN:10,POST
FN:30,(anonymous_1)
FN:31,(anonymous_2)
FNF:3
FNH:1
FNDA:2,POST
FNDA:0,(anonymous_1)
FNDA:0,(anonymous_2)
DA:1,1
DA:2,1
DA:3,1
DA:10,1
DA:11,2
DA:12,2
DA:13,2
DA:14,2
DA:17,0
DA:19,0
DA:20,0
DA:23,0
DA:24,0
DA:29,0
DA:30,0
DA:31,0
DA:33,0
DA:39,0
LF:18
LH:8
BRDA:13,0,0,2
BRDA:19,1,0,0
BRDA:19,2,0,0
BRDA:19,2,1,0
BRDA:23,3,0,0
BRF:5
BRH:1
end_of_record
TN:
SF:app/api/pages/route.ts
FN:15,GET
FN:32,(anonymous_1)
FNF:2
FNH:0
FNDA:0,GET
FNDA:0,(anonymous_1)
DA:10,0
DA:11,0
DA:12,0
DA:13,0
DA:15,0
DA:16,0
DA:17,0
DA:19,0
DA:20,0
DA:21,0
DA:22,0
DA:24,0
DA:28,0
DA:29,0
DA:31,0
DA:32,0
DA:37,0
DA:39,0
DA:40,0
LF:19
LH:0
BRDA:17,0,0,0
BRDA:28,1,0,0
BRDA:29,2,0,0
BRF:3
BRH:0
end_of_record
TN:
SF:app/api/pages/[slug]/route.ts
FN:15,GET
FNF:1
FNH:0
FNDA:0,GET
DA:10,0
DA:11,0
DA:12,0
DA:13,0
DA:15,0
DA:19,0
DA:20,0
DA:22,0
DA:23,0
DA:24,0
DA:25,0
DA:27,0
DA:35,0
DA:36,0
DA:42,0
DA:43,0
DA:48,0
DA:49,0
LF:18
LH:0
BRDA:20,0,0,0
BRDA:25,1,0,0
BRDA:25,1,1,0
BRDA:35,2,0,0
BRF:4
BRH:0
end_of_record
TN:
SF:app/api/properties/sync/route.ts
FN:13,toNumber
FN:22,toDate
FN:35,getListingId
FN:42,getPriceValue
FN:47,getImages
FN:48,(anonymous_5)
FN:51,(anonymous_6)
FN:54,getRentPeriods
FN:64,mapProperty
FN:98,POST
FN:175,GET
FNF:11
FNH:0
FNDA:0,toNumber
FNDA:0,toDate
FNDA:0,getListingId
FNDA:0,getPriceValue
FNDA:0,getImages
FNDA:0,(anonymous_5)
FNDA:0,(anonymous_6)
FNDA:0,getRentPeriods
FNDA:0,mapProperty
FNDA:0,POST
FNDA:0,GET
DA:1,0
DA:2,0
DA:3,0
DA:4,0
DA:5,0
DA:6,0
DA:11,0
DA:14,0
DA:15,0
DA:16,0
DA:17,0
DA:19,0
DA:23,0
DA:24,0
DA:27,0
DA:28,0
DA:29,0
DA:32,0
DA:36,0
DA:37,0
DA:38,0
DA:39,0
DA:43,0
DA:44,0
DA:48,0
DA:49,0
DA:51,0
DA:55,0
DA:56,0
DA:58,0
DA:59,0
DA:61,0
DA:65,0
DA:66,0
DA:67,0
DA:69,0
DA:98,0
DA:99,0
DA:100,0
DA:102,0
DA:104,0
DA:105,0
DA:107,0
DA:108,0
DA:114,0
DA:115,0
DA:116,0
DA:127,0
DA:128,0
DA:129,0
DA:130,0
DA:132,0
DA:133,0
DA:134,0
DA:135,0
DA:136,0
DA:137,0
DA:139,0
DA:140,0
DA:141,0
DA:142,0
DA:145,0
DA:146,0
DA:150,0
DA:151,0
DA:154,0
DA:164,0
DA:165,0
DA:175,0
DA:176,0
LF:70
LH:0
BRDA:14,0,0,0
BRDA:14,1,0,0
BRDA:14,1,1,0
BRDA:15,2,0,0
BRDA:15,3,0,0
BRDA:15,3,1,0
BRDA:17,4,0,0
BRDA:17,4,1,0
BRDA:23,5,0,0
BRDA:23,6,0,0
BRDA:23,6,1,0
BRDA:28,7,0,0
BRDA:36,8,0,0
BRDA:36,8,1,0
BRDA:36,9,0,0
BRDA:36,9,1,0
BRDA:37,10,0,0
BRDA:37,11,0,0
BRDA:37,11,1,0
BRDA:38,12,0,0
BRDA:43,13,0,0
BRDA:44,14,0,0
BRDA:44,14,1,0
BRDA:44,15,0,0
BRDA:44,15,1,0
BRDA:44,16,0,0
BRDA:44,16,1,0
BRDA:44,17,0,0
BRDA:44,17,1,0
BRDA:48,18,0,0
BRDA:48,18,1,0
BRDA:48,19,0,0
BRDA:48,19,1,0
BRDA:49,20,0,0
BRDA:49,21,0,0
BRDA:49,21,1,0
BRDA:49,22,0,0
BRDA:49,22,1,0
BRDA:51,23,0,0
BRDA:51,23,1,0
BRDA:51,24,0,0
BRDA:51,24,1,0
BRDA:51,25,0,0
BRDA:51,25,1,0
BRDA:55,26,0,0
BRDA:56,27,0,0
BRDA:56,28,0,0
BRDA:56,28,1,0
BRDA:56,29,0,0
BRDA:56,29,1,0
BRDA:59,30,0,0
BRDA:65,31,0,0
BRDA:65,31,1,0
BRDA:65,32,0,0
BRDA:65,32,1,0
BRDA:65,33,0,0
BRDA:65,33,1,0
BRDA:65,34,0,0
BRDA:65,34,1,0
BRDA:65,35,0,0
BRDA:65,35,1,0
BRDA:65,36,0,0
BRDA:65,36,1,0
BRDA:65,37,0,0
BRDA:65,37,1,0
BRDA:65,38,0,0
BRDA:65,38,1,0
BRDA:65,39,0,0
BRDA:65,39,1,0
BRDA:65,40,0,0
BRDA:65,40,1,0
BRDA:66,41,0,0
BRDA:66,41,1,0
BRDA:66,42,0,0
BRDA:66,42,1,0
BRDA:66,43,0,0
BRDA:66,43,1,0
BRDA:66,44,0,0
BRDA:66,44,1,0
BRDA:66,45,0,0
BRDA:66,45,1,0
BRDA:66,46,0,0
BRDA:66,46,1,0
BRDA:66,47,0,0
BRDA:66,47,1,0
BRDA:66,48,0,0
BRDA:66,48,1,0
BRDA:66,49,0,0
BRDA:66,49,1,0
BRDA:66,50,0,0
BRDA:66,50,1,0
BRDA:70,51,0,0
BRDA:70,51,1,0
BRDA:70,51,2,0
BRDA:71,52,0,0
BRDA:71,52,1,0
BRDA:71,52,2,0
BRDA:72,53,0,0
BRDA:72,53,1,0
BRDA:72,54,0,0
BRDA:72,54,1,0
BRDA:72,55,0,0
BRDA:72,55,1,0
BRDA:73,56,0,0
BRDA:73,56,1,0
BRDA:73,57,0,0
BRDA:73,57,1,0
BRDA:73,58,0,0
BRDA:73,58,1,0
BRDA:75,59,0,0
BRDA:75,59,1,0
BRDA:76,60,0,0
BRDA:76,60,1,0
BRDA:79,61,0,0
BRDA:79,61,1,0
BRDA:81,62,0,0
BRDA:81,62,1,0
BRDA:81,62,2,0
BRDA:81,63,0,0
BRDA:81,63,1,0
BRDA:81,64,0,0
BRDA:81,64,1,0
BRDA:81,65,0,0
BRDA:81,65,1,0
BRDA:81,66,0,0
BRDA:81,66,1,0
BRDA:83,67,0,0
BRDA:83,67,1,0
BRDA:83,68,0,0
BRDA:83,68,1,0
BRDA:83,69,0,0
BRDA:83,69,1,0
BRDA:85,70,0,0
BRDA:85,70,1,0
BRDA:85,71,0,0
BRDA:85,71,1,0
BRDA:85,72,0,0
BRDA:85,72,1,0
BRDA:85,73,0,0
BRDA:85,73,1,0
BRDA:86,74,0,0
BRDA:86,74,1,0
BRDA:87,75,0,0
BRDA:87,75,1,0
BRDA:88,76,0,0
BRDA:88,76,1,0
BRDA:88,77,0,0
BRDA:88,77,1,0
BRDA:88,78,0,0
BRDA:88,78,1,0
BRDA:100,79,0,0
BRDA:105,80,0,0
BRDA:105,80,1,0
BRDA:105,81,0,0
BRDA:105,81,1,0
BRDA:107,82,0,0
BRDA:115,83,0,0
BRDA:139,84,0,0
BRDA:146,85,0,0
BRDA:146,85,1,0
BRDA:146,86,0,0
BRDA:146,86,1,0
BRDA:150,87,0,0
BRDA:168,88,0,0
BRDA:168,88,1,0
BRF:165
BRH:0
end_of_record
TN:
SF:app/api/property-finder/route.ts
FN:5,GET
FN:54,POST
FN:91,PUT
FN:109,DELETE
FNF:4
FNH:0
FNDA:0,GET
FNDA:0,POST
FNDA:0,PUT
FNDA:0,DELETE
DA:1,0
DA:2,0
DA:3,0
DA:5,0
DA:6,0
DA:7,0
DA:9,0
DA:10,0
DA:12,0
DA:13,0
DA:15,0
DA:16,0
DA:17,0
DA:18,0
DA:21,0
DA:22,0
DA:23,0
DA:26,0
DA:27,0
DA:28,0
DA:29,0
DA:32,0
DA:33,0
DA:34,0
DA:35,0
DA:38,0
DA:39,0
DA:42,0
DA:43,0
DA:46,0
DA:49,0
DA:50,0
DA:54,0
DA:55,0
DA:56,0
DA:58,0
DA:59,0
DA:60,0
DA:62,0
DA:64,0
DA:65,0
DA:68,0
DA:69,0
DA:70,0
DA:73,0
DA:74,0
DA:75,0
DA:78,0
DA:79,0
DA:80,0
DA:83,0
DA:86,0
DA:87,0
DA:91,0
DA:92,0
DA:93,0
DA:95,0
DA:96,0
DA:97,0
DA:98,0
DA:100,0
DA:101,0
DA:102,0
DA:104,0
DA:105,0
DA:109,0
DA:110,0
DA:111,0
DA:113,0
DA:114,0
DA:115,0
DA:117,0
DA:118,0
DA:120,0
DA:121,0
LF:75
LH:0
BRDA:7,0,0,0
BRDA:13,1,0,0
BRDA:13,1,1,0
BRDA:13,1,2,0
BRDA:13,1,3,0
BRDA:13,1,4,0
BRDA:13,1,5,0
BRDA:13,1,6,0
BRDA:21,2,0,0
BRDA:21,2,1,0
BRDA:56,3,0,0
BRDA:62,4,0,0
BRDA:62,4,1,0
BRDA:62,4,2,0
BRDA:62,4,3,0
BRDA:62,4,4,0
BRDA:68,5,0,0
BRDA:73,6,0,0
BRDA:78,7,0,0
BRDA:78,8,0,0
BRDA:78,8,1,0
BRDA:93,9,0,0
BRDA:98,10,0,0
BRDA:111,11,0,0
BRDA:115,12,0,0
BRF:25
BRH:0
end_of_record
TN:
SF:app/api/proposals/route.ts
FN:5,POST
FNF:1
FNH:0
FNDA:0,POST
DA:1,0
DA:2,0
DA:3,0
DA:5,0
DA:6,0
DA:7,0
DA:9,0
DA:10,0
DA:12,0
DA:13,0
DA:16,0
DA:18,0
DA:25,0
DA:26,0
LF:14
LH:0
BRDA:7,0,0,0
BRDA:12,1,0,0
BRF:2
BRH:0
end_of_record
TN:
SF:app/api/search/semantic/route.ts
FN:37,POST
FN:72,(anonymous_1)
FN:97,GET
FNF:3
FNH:0
FNDA:0,POST
FNDA:0,(anonymous_1)
FNDA:0,GET
DA:30,0
DA:31,0
DA:32,0
DA:33,0
DA:34,0
DA:35,0
DA:37,0
DA:38,0
DA:39,0
DA:41,0
DA:42,0
DA:43,0
DA:45,0
DA:47,0
DA:48,0
DA:49,0
DA:51,0
DA:53,0
DA:62,0
DA:63,0
DA:64,0
DA:79,0
DA:84,0
DA:85,0
DA:97,0
DA:98,0
DA:99,0
DA:101,0
LF:28
LH:0
BRDA:39,0,0,0
BRDA:43,1,0,0
BRDA:47,2,0,0
BRDA:47,2,1,0
BRDA:47,3,0,0
BRDA:47,3,1,0
BRDA:48,4,0,0
BRDA:48,4,1,0
BRDA:48,5,0,0
BRDA:48,5,1,0
BRDA:49,6,0,0
BRDA:49,6,1,0
BRDA:49,7,0,0
BRDA:49,7,1,0
BRDA:63,8,0,0
BRDA:63,8,1,0
BRDA:63,9,0,0
BRDA:63,9,1,0
BRDA:89,10,0,0
BRDA:89,10,1,0
BRDA:99,11,0,0
BRF:21
BRH:0
end_of_record
TN:
SF:app/api/seed/admin-setup/route.ts
FN:9,POST
FNF:1
FNH:0
FNDA:0,POST
DA:1,0
DA:2,0
DA:3,0
DA:9,0
DA:10,0
DA:11,0
DA:12,0
DA:15,0
DA:16,0
DA:19,0
DA:20,0
DA:21,0
DA:23,0
DA:24,0
DA:25,0
DA:26,0
DA:28,0
DA:32,0
DA:39,0
DA:41,0
DA:42,0
LF:21
LH:0
BRDA:11,0,0,0
BRDA:23,1,0,0
BRDA:23,1,1,0
BRDA:41,2,0,0
BRDA:41,2,1,0
BRF:5
BRH:0
end_of_record
TN:
SF:app/api/seed/listings/route.ts
FN:207,POST
FN:221,(anonymous_1)
FNF:2
FNH:0
FNDA:0,POST
FNDA:0,(anonymous_1)
DA:1,0
DA:2,0
DA:3,0
DA:4,0
DA:5,0
DA:7,0
DA:207,0
DA:208,0
DA:209,0
DA:212,0
DA:213,0
DA:214,0
DA:215,0
DA:218,0
DA:219,0
DA:221,0
DA:222,0
DA:223,0
DA:231,0
DA:232,0
DA:238,0
DA:239,0
LF:22
LH:0
BRDA:208,0,0,0
BRDA:214,1,0,0
BRDA:240,2,0,0
BRDA:240,2,1,0
BRF:4
BRH:0
end_of_record
TN:
SF:app/api/seed/test-data/route.ts
FN:179,POST
FNF:1
FNH:0
FNDA:0,POST
DA:1,0
DA:2,0
DA:3,0
DA:4,0
DA:5,0
DA:7,0
DA:179,0
DA:180,0
DA:181,0
DA:184,0
DA:185,0
DA:186,0
DA:187,0
DA:190,0
DA:191,0
DA:193,0
DA:194,0
DA:200,0
DA:203,0
DA:209,0
DA:210,0
LF:21
LH:0
BRDA:180,0,0,0
BRDA:186,1,0,0
BRDA:211,2,0,0
BRDA:211,2,1,0
BRF:4
BRH:0
end_of_record
TN:
SF:app/api/sync/route.ts
FN:14,isAdmin
FN:25,GET
FN:54,POST
FNF:3
FNH:0
FNDA:0,isAdmin
FNDA:0,GET
FNDA:0,POST
DA:1,0
DA:2,0
DA:3,0
DA:4,0
DA:5,0
DA:6,0
DA:7,0
DA:15,0
DA:16,0
DA:17,0
DA:19,0
DA:20,0
DA:25,0
DA:27,0
DA:28,0
DA:30,0
DA:31,0
DA:32,0
DA:35,0
DA:36,0
DA:38,0
DA:39,0
DA:41,0
DA:42,0
DA:45,0
DA:48,0
DA:49,0
DA:54,0
DA:56,0
DA:57,0
DA:59,0
DA:60,0
DA:61,0
DA:64,0
DA:65,0
DA:66,0
DA:68,0
DA:70,0
DA:71,0
DA:72,0
DA:73,0
DA:76,0
DA:77,0
DA:79,0
DA:87,0
DA:88,0
DA:92,0
DA:93,0
DA:97,0
DA:98,0
DA:99,0
DA:101,0
DA:102,0
DA:106,0
DA:109,0
DA:110,0
LF:56
LH:0
BRDA:17,0,0,0
BRDA:17,0,1,0
BRDA:17,1,0,0
BRDA:17,1,1,0
BRDA:17,2,0,0
BRDA:17,2,1,0
BRDA:28,3,0,0
BRDA:30,4,0,0
BRDA:32,5,0,0
BRDA:39,6,0,0
BRDA:39,6,1,0
BRDA:57,7,0,0
BRDA:59,8,0,0
BRDA:61,9,0,0
BRDA:68,10,0,0
BRDA:68,10,1,0
BRDA:68,10,2,0
BRDA:68,10,3,0
BRDA:68,10,4,0
BRDA:70,11,0,0
BRDA:70,11,1,0
BRDA:72,12,0,0
BRDA:72,12,1,0
BRDA:98,13,0,0
BRDA:98,14,0,0
BRDA:98,14,1,0
BRDA:98,14,2,0
BRF:27
BRH:0
end_of_record
TN:
SF:app/api/sync/airtable/route.ts
FN:18,isAdmin
FN:28,GET
FN:42,POST
FNF:3
FNH:0
FNDA:0,isAdmin
FNDA:0,GET
FNDA:0,POST
DA:1,0
DA:2,0
DA:3,0
DA:4,0
DA:5,0
DA:19,0
DA:20,0
DA:21,0
DA:23,0
DA:24,0
DA:28,0
DA:29,0
DA:30,0
DA:31,0
DA:32,0
DA:35,0
DA:36,0
DA:42,0
DA:43,0
DA:44,0
DA:45,0
DA:46,0
DA:49,0
DA:50,0
DA:51,0
DA:53,0
DA:55,0
DA:56,0
LF:28
LH:0
BRDA:21,0,0,0
BRDA:21,0,1,0
BRDA:21,1,0,0
BRDA:21,1,1,0
BRDA:21,2,0,0
BRDA:21,2,1,0
BRDA:30,3,0,0
BRDA:31,4,0,0
BRDA:31,5,0,0
BRDA:31,5,1,0
BRDA:38,6,0,0
BRDA:38,6,1,0
BRDA:38,7,0,0
BRDA:38,7,1,0
BRDA:38,8,0,0
BRDA:38,8,1,0
BRDA:38,9,0,0
BRDA:38,9,1,0
BRDA:44,10,0,0
BRDA:45,11,0,0
BRDA:45,12,0,0
BRDA:45,12,1,0
BRDA:53,13,0,0
BRDA:53,13,1,0
BRDA:55,14,0,0
BRDA:55,14,1,0
BRF:26
BRH:0
end_of_record
TN:
SF:app/api/sync/obsidian/route.ts
FN:5,POST
FNF:1
FNH:0
FNDA:0,POST
DA:1,0
DA:2,0
DA:3,0
DA:4,0
DA:5,0
DA:6,0
DA:9,0
DA:11,0
DA:12,0
DA:18,0
DA:19,0
DA:21,0
DA:22,0
DA:23,0
DA:33,0
DA:36,0
DA:44,0
DA:50,0
DA:51,0
LF:19
LH:0
BRDA:11,0,0,0
BRF:1
BRH:0
end_of_record
TN:
SF:app/api/sync/publish/route.ts
FN:7,POST
FNF:1
FNH:0
FNDA:0,POST
DA:1,0
DA:2,0
DA:3,0
DA:4,0
DA:5,0
DA:7,0
DA:8,0
DA:9,0
DA:11,0
DA:12,0
DA:13,0
DA:14,0
DA:15,0
DA:18,0
DA:22,0
DA:23,0
DA:24,0
DA:25,0
DA:28,0
DA:30,0
DA:36,0
DA:37,0
LF:22
LH:0
BRDA:9,0,0,0
BRDA:11,1,0,0
BRDA:14,2,0,0
BRDA:14,3,0,0
BRDA:14,3,1,0
BRDA:14,4,0,0
BRDA:14,4,1,0
BRDA:14,5,0,0
BRDA:14,5,1,0
BRDA:24,6,0,0
BRDA:33,7,0,0
BRDA:33,7,1,0
BRF:12
BRH:0
end_of_record
TN:
SF:app/api/telegram/setup/route.ts
FN:4,GET
FNF:1
FNH:0
FNDA:0,GET
DA:1,0
DA:2,0
DA:4,0
DA:5,0
DA:6,0
DA:8,0
DA:9,0
DA:10,0
DA:12,0
DA:13,0
DA:15,0
DA:16,0
DA:17,0
DA:18,0
DA:19,0
DA:21,0
LF:16
LH:0
BRDA:6,0,0,0
BRDA:12,1,0,0
BRDA:13,2,0,0
BRF:3
BRH:0
end_of_record
TN:
SF:app/api/telegram/webhook/route.ts
FN:5,POST
FN:25,(anonymous_10)
FN:133,(anonymous_11)
FN:177,(anonymous_12)
FN:194,(anonymous_13)
FNF:5
FNH:0
FNDA:0,POST
FNDA:0,(anonymous_10)
FNDA:0,(anonymous_11)
FNDA:0,(anonymous_12)
FNDA:0,(anonymous_13)
DA:1,0
DA:2,0
DA:3,0
DA:5,0
DA:9,0
DA:10,0
DA:11,0
DA:14,0
DA:15,0
DA:16,0
DA:18,0
DA:20,0
DA:21,0
DA:23,0
DA:25,0
DA:26,0
DA:27,0
DA:37,0
DA:41,0
DA:43,0
DA:45,0
DA:46,0
DA:49,0
DA:50,0
DA:63,0
DA:64,0
DA:72,0
DA:73,0
DA:74,0
DA:80,0
DA:82,0
DA:83,0
DA:84,0
DA:86,0
DA:87,0
DA:89,0
DA:96,0
DA:98,0
DA:99,0
DA:100,0
DA:119,0
DA:121,0
DA:122,0
DA:127,0
DA:128,0
DA:129,0
DA:132,0
DA:133,0
DA:134,0
DA:135,0
DA:136,0
DA:138,0
DA:140,0
DA:142,0
DA:143,0
DA:144,0
DA:163,0
DA:165,0
DA:166,0
DA:171,0
DA:172,0
DA:173,0
DA:176,0
DA:177,0
DA:178,0
DA:179,0
DA:181,0
DA:183,0
DA:185,0
DA:186,0
DA:188,0
DA:194,0
DA:195,0
DA:196,0
DA:199,0
DA:201,0
DA:202,0
LF:77
LH:0
BRDA:10,0,0,0
BRDA:10,1,0,0
BRDA:10,1,1,0
BRDA:18,2,0,0
BRDA:18,3,0,0
BRDA:18,3,1,0
BRDA:43,4,0,0
BRDA:43,4,1,0
BRDA:43,5,0,0
BRDA:43,5,1,0
BRDA:45,6,0,0
BRDA:45,7,0,0
BRDA:45,7,1,0
BRDA:45,7,2,0
BRDA:45,7,3,0
BRDA:49,8,0,0
BRDA:49,8,1,0
BRDA:63,9,0,0
BRDA:63,9,1,0
BRDA:66,10,0,0
BRDA:66,10,1,0
BRDA:67,11,0,0
BRDA:67,11,1,0
BRDA:72,12,0,0
BRDA:72,12,1,0
BRDA:73,13,0,0
BRDA:98,14,0,0
BRDA:98,14,1,0
BRDA:99,15,0,0
BRDA:127,16,0,0
BRDA:135,17,0,0
BRDA:135,17,1,0
BRDA:135,18,0,0
BRDA:135,18,1,0
BRDA:135,19,0,0
BRDA:135,19,1,0
BRDA:136,20,0,0
BRDA:136,20,1,0
BRDA:136,21,0,0
BRDA:136,21,1,0
BRDA:142,22,0,0
BRDA:142,22,1,0
BRDA:143,23,0,0
BRDA:171,24,0,0
BRDA:179,25,0,0
BRDA:179,25,1,0
BRDA:179,26,0,0
BRDA:179,26,1,0
BRDA:179,27,0,0
BRDA:179,27,1,0
BRDA:185,28,0,0
BRDA:185,29,0,0
BRDA:185,29,1,0
BRDA:195,30,0,0
BRDA:195,30,1,0
BRF:55
BRH:0
end_of_record
TN:
SF:app/api/viewing-requests/route.ts
FN:7,POST
FN:85,GET
FN:104,(anonymous_2)
FNF:3
FNH:0
FNDA:0,POST
FNDA:0,GET
FNDA:0,(anonymous_2)
DA:1,0
DA:2,0
DA:3,0
DA:4,0
DA:5,0
DA:7,0
DA:8,0
DA:9,0
DA:11,0
DA:12,0
DA:22,0
DA:25,0
DA:26,0
DA:33,0
DA:34,0
DA:35,0
DA:42,0
DA:43,0
DA:44,0
DA:46,0
DA:47,0
DA:54,0
DA:68,0
DA:77,0
DA:78,0
DA:85,0
DA:86,0
DA:87,0
DA:89,0
DA:90,0
DA:91,0
DA:92,0
DA:94,0
DA:96,0
DA:97,0
DA:99,0
DA:100,0
DA:103,0
DA:104,0
DA:109,0
DA:115,0
DA:116,0
LF:42
LH:0
BRDA:9,0,0,0
BRDA:25,1,0,0
BRDA:25,2,0,0
BRDA:25,2,1,0
BRDA:25,2,2,0
BRDA:25,2,3,0
BRDA:25,2,4,0
BRDA:34,3,0,0
BRDA:46,4,0,0
BRDA:60,5,0,0
BRDA:60,5,1,0
BRDA:61,6,0,0
BRDA:61,6,1,0
BRDA:62,7,0,0
BRDA:62,7,1,0
BRDA:79,8,0,0
BRDA:79,8,1,0
BRDA:87,9,0,0
BRDA:96,10,0,0
BRDA:99,11,0,0
BRF:20
BRH:0
end_of_record
TN:
SF:app/api/wealth/portfolio/route.ts
FN:5,GET
FNF:1
FNH:1
FNDA:3,GET
DA:1,1
DA:2,1
DA:3,1
DA:5,1
DA:6,3
DA:7,3
DA:9,3
DA:10,3
DA:11,3
DA:13,3
DA:14,3
DA:15,2
DA:17,1
DA:18,1
LF:14
LH:14
BRDA:7,0,0,0
BRDA:10,1,0,3
BRDA:10,1,1,1
BRF:3
BRH:2
end_of_record
TN:
SF:app/api/wealth/roi/route.ts
FN:13,POST
FNF:1
FNH:1
FNDA:4,POST
DA:6,1
DA:7,1
DA:8,1
DA:9,1
DA:10,1
DA:11,1
DA:13,1
DA:14,4
DA:15,4
DA:17,4
DA:18,4
DA:20,4
DA:21,1
DA:24,3
DA:25,2
DA:26,1
DA:29,1
DA:30,1
DA:31,1
DA:32,1
DA:35,1
DA:36,3
DA:37,3
DA:38,2
DA:39,2
DA:41,2
DA:49,2
DA:50,2
DA:54,1
DA:55,1
DA:57,1
DA:64,1
DA:70,1
DA:76,1
DA:77,1
LF:35
LH:35
BRDA:15,0,0,0
BRDA:20,1,0,1
BRDA:25,2,0,1
BRDA:37,3,0,2
BRDA:54,4,0,1
BRDA:54,4,1,0
BRDA:55,5,0,1
BRDA:55,5,1,0
BRF:8
BRH:5
end_of_record
TN:
SF:app/api/webhooks/property-finder/route.ts
FN:10,verifySignature
FN:21,POST
FNF:2
FNH:0
FNDA:0,verifySignature
FNDA:0,POST
DA:1,0
DA:2,0
DA:3,0
DA:4,0
DA:5,0
DA:6,0
DA:8,0
DA:11,0
DA:12,0
DA:13,0
DA:15,0
DA:16,0
DA:17,0
DA:18,0
DA:21,0
DA:22,0
DA:23,0
DA:25,0
DA:26,0
DA:29,0
DA:30,0
DA:31,0
DA:33,0
DA:37,0
DA:38,0
DA:42,0
DA:55,0
DA:56,0
DA:62,0
DA:64,0
DA:70,0
DA:71,0
DA:72,0
DA:76,0
DA:77,0
DA:83,0
DA:87,0
DA:90,0
DA:92,0
DA:93,0
LF:40
LH:0
BRDA:8,0,0,0
BRDA:8,0,1,0
BRDA:11,1,0,0
BRDA:15,2,0,0
BRDA:17,3,0,0
BRDA:23,4,0,0
BRDA:23,4,1,0
BRDA:25,5,0,0
BRDA:25,6,0,0
BRDA:25,6,1,0
BRDA:31,7,0,0
BRDA:31,7,1,0
BRDA:33,8,0,0
BRDA:33,8,1,0
BRDA:33,8,2,0
BRDA:33,8,3,0
BRDA:33,8,4,0
BRDA:33,8,5,0
BRDA:33,8,6,0
BRDA:37,9,0,0
BRDA:37,9,1,0
BRDA:43,10,0,0
BRDA:43,10,1,0
BRDA:43,10,2,0
BRDA:43,11,0,0
BRDA:43,11,1,0
BRDA:43,12,0,0
BRDA:43,12,1,0
BRDA:44,13,0,0
BRDA:44,13,1,0
BRDA:44,13,2,0
BRDA:44,14,0,0
BRDA:44,14,1,0
BRDA:44,15,0,0
BRDA:44,15,1,0
BRDA:45,16,0,0
BRDA:45,16,1,0
BRDA:45,16,2,0
BRDA:45,17,0,0
BRDA:45,17,1,0
BRDA:45,18,0,0
BRDA:45,18,1,0
BRDA:49,19,0,0
BRDA:49,19,1,0
BRDA:51,20,0,0
BRDA:51,20,1,0
BRDA:51,21,0,0
BRDA:51,21,1,0
BRDA:51,22,0,0
BRDA:51,22,1,0
BRDA:55,23,0,0
BRDA:55,23,1,0
BRDA:70,24,0,0
BRDA:70,24,1,0
BRDA:71,25,0,0
BRDA:71,25,1,0
BRDA:76,26,0,0
BRDA:79,27,0,0
BRDA:79,27,1,0
BRF:59
BRH:0
end_of_record
TN:
SF:app/api/webhooks/twilio-inbound/route.ts
FN:22,POST
FN:63,GET
FNF:2
FNH:0
FNDA:0,POST
FNDA:0,GET
DA:1,0
DA:2,0
DA:3,0
DA:4,0
DA:22,0
DA:23,0
DA:24,0
DA:25,0
DA:26,0
DA:27,0
DA:30,0
DA:31,0
DA:32,0
DA:33,0
DA:34,0
DA:35,0
DA:38,0
DA:41,0
DA:42,0
DA:43,0
DA:45,0
DA:46,0
DA:49,0
DA:56,0
DA:58,0
DA:59,0
DA:63,0
DA:64,0
LF:28
LH:0
BRDA:30,0,0,0
BRDA:30,0,1,0
BRDA:33,1,0,0
BRDA:33,2,0,0
BRDA:33,2,1,0
BRDA:41,3,0,0
BRDA:41,3,1,0
BRDA:42,4,0,0
BRDA:42,4,1,0
BRDA:43,5,0,0
BRDA:43,5,1,0
BRDA:45,6,0,0
BRDA:45,7,0,0
BRDA:45,7,1,0
BRDA:59,8,0,0
BRDA:59,8,1,0
BRDA:59,9,0,0
BRDA:59,9,1,0
BRDA:59,10,0,0
BRDA:59,10,1,0
BRF:20
BRH:0
end_of_record
TN:
SF:app/api/webhooks/twilio-status/route.ts
FN:29,POST
FNF:1
FNH:0
FNDA:0,POST
DA:1,0
DA:2,0
DA:3,0
DA:4,0
DA:5,0
DA:6,0
DA:19,0
DA:29,0
DA:30,0
DA:31,0
DA:32,0
DA:33,0
DA:34,0
DA:37,0
DA:38,0
DA:39,0
DA:40,0
DA:41,0
DA:42,0
DA:45,0
DA:48,0
DA:49,0
DA:51,0
DA:52,0
DA:55,0
DA:61,0
DA:63,0
DA:64,0
DA:67,0
DA:68,0
DA:70,0
DA:71,0
DA:72,0
DA:73,0
DA:76,0
DA:77,0
DA:79,0
DA:80,0
LF:38
LH:0
BRDA:37,0,0,0
BRDA:37,0,1,0
BRDA:40,1,0,0
BRDA:40,2,0,0
BRDA:40,2,1,0
BRDA:48,3,0,0
BRDA:48,3,1,0
BRDA:48,3,2,0
BRDA:49,4,0,0
BRDA:49,4,1,0
BRDA:49,4,2,0
BRDA:51,5,0,0
BRDA:61,6,0,0
BRDA:72,7,0,0
BRDA:72,8,0,0
BRDA:72,8,1,0
BRDA:72,9,0,0
BRDA:72,9,1,0
BRDA:72,10,0,0
BRDA:72,10,1,0
BRDA:72,11,0,0
BRDA:72,11,1,0
BRDA:72,12,0,0
BRDA:72,12,1,0
BRDA:72,13,0,0
BRDA:72,13,1,0
BRDA:72,14,0,0
BRDA:72,14,1,0
BRDA:80,15,0,0
BRDA:80,15,1,0
BRDA:80,16,0,0
BRDA:80,16,1,0
BRDA:80,17,0,0
BRDA:80,17,1,0
BRF:34
BRH:0
end_of_record
TN:
SF:app/api/webhooks/whatsapp/route.ts
FN:12,POST
FN:60,GET
FNF:2
FNH:0
FNDA:0,POST
FNDA:0,GET
DA:1,0
DA:2,0
DA:3,0
DA:12,0
DA:14,0
DA:15,0
DA:16,0
DA:17,0
DA:18,0
DA:22,0
DA:23,0
DA:26,0
DA:29,0
DA:33,0
DA:34,0
DA:35,0
DA:37,0
DA:38,0
DA:42,0
DA:44,0
DA:52,0
DA:53,0
DA:60,0
DA:61,0
DA:62,0
DA:63,0
DA:64,0
DA:67,0
DA:68,0
DA:71,0
LF:30
LH:0
BRDA:14,0,0,0
BRDA:14,0,1,0
BRDA:15,1,0,0
BRDA:17,2,0,0
BRDA:17,3,0,0
BRDA:17,3,1,0
BRDA:33,4,0,0
BRDA:33,4,1,0
BRDA:33,4,2,0
BRDA:33,5,0,0
BRDA:33,5,1,0
BRDA:33,6,0,0
BRDA:33,6,1,0
BRDA:34,7,0,0
BRDA:34,7,1,0
BRDA:34,7,2,0
BRDA:35,8,0,0
BRDA:35,8,1,0
BRDA:35,8,2,0
BRDA:37,9,0,0
BRDA:67,10,0,0
BRDA:67,11,0,0
BRDA:67,11,1,0
BRF:23
BRH:0
end_of_record
TN:
SF:app/api/whatsapp/heartbeat/route.ts
FN:9,POST
FN:17,GET
FNF:2
FNH:2
FNDA:1,POST
FNDA:1,GET
DA:1,1
DA:2,1
DA:3,1
DA:9,1
DA:10,1
DA:11,1
DA:13,1
DA:14,1
DA:17,1
DA:18,1
DA:19,1
DA:21,1
LF:12
LH:12
BRDA:11,0,0,0
BRDA:19,1,0,0
BRF:2
BRH:0
end_of_record
TN:
SF:app/api/whatsapp/webhook/route.ts
FN:10,verifyWebhookSecret
FN:16,POST
FN:80,GET
FNF:3
FNH:0
FNDA:0,verifyWebhookSecret
FNDA:0,POST
FNDA:0,GET
DA:1,0
DA:2,0
DA:3,0
DA:4,0
DA:5,0
DA:6,0
DA:8,0
DA:11,0
DA:12,0
DA:13,0
DA:16,0
DA:17,0
DA:18,0
DA:21,0
DA:22,0
DA:25,0
DA:26,0
DA:27,0
DA:29,0
DA:30,0
DA:33,0
DA:36,0
DA:39,0
DA:60,0
DA:62,0
DA:70,0
DA:71,0
DA:80,0
DA:81,0
LF:29
LH:0
BRDA:8,0,0,0
BRDA:8,0,1,0
BRDA:11,1,0,0
BRDA:17,2,0,0
BRDA:25,3,0,0
BRDA:25,3,1,0
BRDA:25,3,2,0
BRDA:25,3,3,0
BRDA:25,3,4,0
BRDA:25,4,0,0
BRDA:25,4,1,0
BRDA:25,5,0,0
BRDA:25,5,1,0
BRDA:25,6,0,0
BRDA:25,6,1,0
BRDA:25,7,0,0
BRDA:25,7,1,0
BRDA:26,8,0,0
BRDA:26,8,1,0
BRDA:26,8,2,0
BRDA:26,8,3,0
BRDA:26,8,4,0
BRDA:27,9,0,0
BRDA:27,9,1,0
BRDA:27,9,2,0
BRDA:27,9,3,0
BRDA:29,10,0,0
BRDA:29,11,0,0
BRDA:29,11,1,0
BRDA:45,12,0,0
BRDA:45,12,1,0
BRDA:45,13,0,0
BRDA:45,13,1,0
BRDA:46,14,0,0
BRDA:46,14,1,0
BRDA:46,15,0,0
BRDA:46,15,1,0
BRDA:47,16,0,0
BRDA:47,16,1,0
BRDA:47,17,0,0
BRDA:47,17,1,0
BRDA:48,18,0,0
BRDA:48,18,1,0
BRDA:48,19,0,0
BRDA:48,19,1,0
BRDA:49,20,0,0
BRDA:49,20,1,0
BRDA:49,21,0,0
BRDA:49,21,1,0
BRDA:50,22,0,0
BRDA:50,22,1,0
BRDA:50,23,0,0
BRDA:50,23,1,0
BRDA:51,24,0,0
BRDA:51,24,1,0
BRDA:51,25,0,0
BRDA:51,25,1,0
BRDA:53,26,0,0
BRDA:53,26,1,0
BRDA:53,27,0,0
BRDA:53,27,1,0
BRDA:53,28,0,0
BRDA:53,28,1,0
BRDA:65,29,0,0
BRDA:65,29,1,0
BRDA:65,30,0,0
BRDA:65,30,1,0
BRDA:65,31,0,0
BRDA:65,31,1,0
BRDA:66,32,0,0
BRDA:66,32,1,0
BRDA:66,33,0,0
BRDA:66,33,1,0
BRDA:66,34,0,0
BRDA:66,34,1,0
BRDA:74,35,0,0
BRDA:74,35,1,0
BRDA:74,36,0,0
BRDA:74,36,1,0
BRF:79
BRH:0
end_of_record
TN:
SF:lib/AuthContext.tsx
FN:23,(anonymous_9)
FN:24,(anonymous_10)
FN:30,AuthProvider
FN:37,(anonymous_12)
FN:44,(anonymous_13)
FN:62,(anonymous_14)
FN:69,(anonymous_15)
FN:74,(anonymous_16)
FN:81,(anonymous_17)
FN:87,(anonymous_18)
FN:88,(anonymous_19)
FN:110,(anonymous_20)
FN:116,(anonymous_21)
FN:122,(anonymous_22)
FN:127,(anonymous_23)
FN:128,(anonymous_24)
FN:132,(anonymous_25)
FN:133,(anonymous_26)
FN:155,(anonymous_27)
FNF:19
FNH:0
FNDA:0,(anonymous_9)
FNDA:0,(anonymous_10)
FNDA:0,AuthProvider
FNDA:0,(anonymous_12)
FNDA:0,(anonymous_13)
FNDA:0,(anonymous_14)
FNDA:0,(anonymous_15)
FNDA:0,(anonymous_16)
FNDA:0,(anonymous_17)
FNDA:0,(anonymous_18)
FNDA:0,(anonymous_19)
FNDA:0,(anonymous_20)
FNDA:0,(anonymous_21)
FNDA:0,(anonymous_22)
FNDA:0,(anonymous_23)
FNDA:0,(anonymous_24)
FNDA:0,(anonymous_25)
FNDA:0,(anonymous_26)
FNDA:0,(anonymous_27)
DA:2,0
DA:3,0
DA:4,0
DA:5,0
DA:17,0
DA:27,0
DA:28,0
DA:30,0
DA:31,0
DA:32,0
DA:33,0
DA:34,0
DA:35,0
DA:37,0
DA:38,0
DA:39,0
DA:40,0
DA:44,0
DA:45,0
DA:46,0
DA:47,0
DA:48,0
DA:49,0
DA:52,0
DA:53,0
DA:54,0
DA:55,0
DA:56,0
DA:58,0
DA:62,0
DA:63,0
DA:65,0
DA:66,0
DA:69,0
DA:70,0
DA:74,0
DA:75,0
DA:76,0
DA:77,0
DA:78,0
DA:81,0
DA:82,0
DA:83,0
DA:84,0
DA:86,0
DA:87,0
DA:88,0
DA:89,0
DA:90,0
DA:91,0
DA:92,0
DA:94,0
DA:97,0
DA:98,0
DA:101,0
DA:103,0
DA:105,0
DA:106,0
DA:108,0
DA:111,0
DA:112,0
DA:113,0
DA:116,0
DA:117,0
DA:118,0
DA:122,0
DA:123,0
DA:124,0
DA:127,0
DA:128,0
DA:129,0
DA:132,0
DA:133,0
DA:134,0
DA:140,0
DA:155,0
LF:76
LH:0
BRDA:38,0,0,0
BRDA:45,1,0,0
BRDA:65,2,0,0
BRDA:65,3,0,0
BRDA:65,3,1,0
BRDA:65,3,2,0
BRDA:75,4,0,0
BRDA:83,5,0,0
BRDA:83,5,1,0
BRDA:90,6,0,0
BRDA:90,6,1,0
BRDA:92,7,0,0
BRDA:92,7,1,0
BRDA:105,8,0,0
BRDA:105,8,1,0
BRDA:123,9,0,0
BRDA:123,10,0,0
BRDA:123,10,1,0
BRF:18
BRH:0
end_of_record
TN:
SF:lib/I18nContext.tsx
FN:24,I18nProvider
FN:26,(anonymous_11)
FN:34,(anonymous_12)
FN:44,(anonymous_13)
FN:52,(anonymous_14)
FN:86,(anonymous_15)
FN:93,useI18n
FNF:7
FNH:0
FNDA:0,I18nProvider
FNDA:0,(anonymous_11)
FNDA:0,(anonymous_12)
FNDA:0,(anonymous_13)
FNDA:0,(anonymous_14)
FNDA:0,(anonymous_15)
FNDA:0,useI18n
DA:2,0
DA:4,0
DA:5,0
DA:19,0
DA:20,0
DA:22,0
DA:24,0
DA:26,0
DA:27,0
DA:28,0
DA:29,0
DA:31,0
DA:34,0
DA:35,0
DA:36,0
DA:37,0
DA:38,0
DA:39,0
DA:44,0
DA:45,0
DA:46,0
DA:47,0
DA:51,0
DA:56,0
DA:57,0
DA:58,0
DA:60,0
DA:61,0
DA:62,0
DA:63,0
DA:66,0
DA:67,0
DA:69,0
DA:70,0
DA:71,0
DA:72,0
DA:73,0
DA:75,0
DA:78,0
DA:83,0
DA:85,0
DA:86,0
DA:90,0
DA:93,0
DA:94,0
DA:95,0
DA:96,0
LF:47
LH:0
BRDA:27,0,0,0
BRDA:29,1,0,0
BRDA:29,2,0,0
BRDA:29,2,1,0
BRDA:36,3,0,0
BRDA:39,4,0,0
BRDA:39,4,1,0
BRDA:45,5,0,0
BRDA:47,6,0,0
BRDA:47,6,1,0
BRDA:56,7,0,0
BRDA:56,7,1,0
BRDA:61,8,0,0
BRDA:66,9,0,0
BRDA:66,9,1,0
BRDA:66,10,0,0
BRDA:66,10,1,0
BRDA:67,11,0,0
BRDA:72,12,0,0
BRDA:72,12,1,0
BRDA:72,13,0,0
BRDA:72,13,1,0
BRDA:72,13,2,0
BRDA:78,14,0,0
BRDA:78,14,1,0
BRDA:83,15,0,0
BRDA:83,15,1,0
BRDA:95,16,0,0
BRF:28
BRH:0
end_of_record
TN:
SF:lib/NavigationContext.tsx
FN:17,(anonymous_9)
FN:21,NavigationProvider
FN:25,(anonymous_11)
FN:31,(anonymous_12)
FN:42,(anonymous_13)
FNF:5
FNH:0
FNDA:0,(anonymous_9)
FNDA:0,NavigationProvider
FNDA:0,(anonymous_11)
FNDA:0,(anonymous_12)
FNDA:0,(anonymous_13)
DA:2,0
DA:15,0
DA:21,0
DA:22,0
DA:23,0
DA:25,0
DA:26,0
DA:27,0
DA:30,0
DA:31,0
DA:35,0
DA:42,0
LF:12
LH:0
BRF:0
BRH:0
end_of_record
TN:
SF:lib/animations.ts
FNF:0
FNH:0
DA:9,0
DA:24,0
DA:42,0
DA:56,0
LF:4
LH:0
BRF:0
BRH:0
end_of_record
TN:
SF:lib/arize.ts
FN:7,instrumentAgent
FN:21,getTracer
FN:23,(anonymous_2)
FN:26,(anonymous_3)
FN:27,(anonymous_4)
FN:28,(anonymous_5)
FN:29,(anonymous_6)
FN:36,initializeArize
FN:41,(anonymous_8)
FNF:9
FNH:3
FNDA:4,instrumentAgent
FNDA:4,getTracer
FNDA:0,(anonymous_2)
FNDA:0,(anonymous_3)
FNDA:0,(anonymous_4)
FNDA:0,(anonymous_5)
FNDA:0,(anonymous_6)
FNDA:0,initializeArize
FNDA:5,(anonymous_8)
DA:1,9
DA:2,9
DA:7,9
DA:14,4
DA:15,4
DA:16,3
DA:18,1
DA:21,9
DA:22,4
DA:25,0
DA:31,0
DA:36,9
DA:38,0
DA:41,9
DA:42,5
DA:43,4
LF:16
LH:13
BRDA:15,0,0,3
BRDA:42,1,0,4
BRF:2
BRH:2
end_of_record
TN:
SF:lib/audit.ts
FN:25,(anonymous_0)
FNF:1
FNH:0
FNDA:0,(anonymous_0)
DA:1,0
DA:2,0
DA:25,0
DA:26,0
DA:27,0
DA:32,0
LF:6
LH:0
BRF:0
BRH:0
end_of_record
TN:
SF:lib/auth-guard.ts
FN:27,verifyRequest
FN:70,unauthorizedResponse
FNF:2
FNH:0
FNDA:0,verifyRequest
FNDA:0,unauthorizedResponse
DA:11,0
DA:12,0
DA:15,0
DA:27,0
DA:29,0
DA:30,0
DA:31,0
DA:34,0
DA:35,0
DA:39,0
DA:40,0
DA:41,0
DA:53,0
DA:54,0
DA:55,0
DA:59,0
DA:60,0
DA:61,0
DA:64,0
DA:70,0
DA:71,0
LF:21
LH:0
BRDA:15,0,0,0
BRDA:15,0,1,0
BRDA:15,0,2,0
BRDA:30,1,0,0
BRDA:30,2,0,0
BRDA:30,2,1,0
BRDA:30,3,0,0
BRDA:30,3,1,0
BRDA:34,4,0,0
BRDA:34,5,0,0
BRDA:34,5,1,0
BRDA:54,6,0,0
BRDA:54,7,0,0
BRDA:54,7,1,0
BRDA:60,8,0,0
BRDA:60,9,0,0
BRDA:60,9,1,0
BRDA:70,10,0,0
BRF:18
BRH:0
end_of_record
TN:
SF:lib/business-rules.ts
FN:14,formatPrice
FN:46,generateSBRCode
FN:67,isValueHunterDeal
FN:91,getNextStage
FNF:4
FNH:0
FNDA:0,formatPrice
FNDA:0,generateSBRCode
FNDA:0,isValueHunterDeal
FNDA:0,getNextStage
DA:11,0
DA:12,0
DA:14,0
DA:15,0
DA:16,0
DA:17,0
DA:19,0
DA:27,0
DA:33,0
DA:46,0
DA:52,0
DA:54,0
DA:55,0
DA:57,0
DA:59,0
DA:67,0
DA:68,0
DA:69,0
DA:76,0
DA:91,0
DA:92,0
DA:93,0
DA:94,0
DA:95,0
DA:102,0
LF:25
LH:0
BRDA:15,0,0,0
BRDA:16,1,0,0
BRDA:52,2,0,0
BRDA:52,2,1,0
BRDA:54,3,0,0
BRDA:54,3,1,0
BRDA:68,4,0,0
BRDA:93,5,0,0
BRDA:94,6,0,0
BRF:9
BRH:0
end_of_record
TN:
SF:lib/config.ts
FNF:0
FNH:0
DA:7,0
DA:37,0
LF:2
LH:0
BRF:0
BRH:0
end_of_record
TN:
SF:lib/database-protocol.ts
FN:46,fetchPropertiesFromDB
FN:58,(anonymous_1)
FN:74,fetchAllMapProperties
FN:86,(anonymous_3)
FN:92,(anonymous_4)
FN:102,fetchPropertiesByCompound
FN:113,(anonymous_6)
FNF:7
FNH:0
FNDA:0,fetchPropertiesFromDB
FNDA:0,(anonymous_1)
FNDA:0,fetchAllMapProperties
FNDA:0,(anonymous_3)
FNDA:0,(anonymous_4)
FNDA:0,fetchPropertiesByCompound
FNDA:0,(anonymous_6)
DA:1,0
DA:2,0
DA:3,0
DA:46,0
DA:49,0
DA:50,0
DA:55,0
DA:56,0
DA:58,0
DA:65,0
DA:66,0
DA:74,0
DA:75,0
DA:76,0
DA:82,0
DA:83,0
DA:85,0
DA:86,0
DA:92,0
DA:94,0
DA:95,0
DA:102,0
DA:105,0
DA:106,0
DA:112,0
DA:113,0
DA:120,0
DA:121,0
LF:28
LH:0
BRDA:61,0,0,0
BRDA:61,0,1,0
BRDA:61,1,0,0
BRDA:61,1,1,0
BRDA:61,2,0,0
BRDA:61,2,1,0
BRDA:61,3,0,0
BRDA:61,3,1,0
BRDA:61,4,0,0
BRDA:61,4,1,0
BRDA:62,5,0,0
BRDA:62,5,1,0
BRDA:62,6,0,0
BRDA:62,6,1,0
BRDA:62,7,0,0
BRDA:62,7,1,0
BRDA:62,8,0,0
BRDA:62,8,1,0
BRDA:62,9,0,0
BRDA:62,9,1,0
BRDA:89,10,0,0
BRDA:89,10,1,0
BRDA:89,11,0,0
BRDA:89,11,1,0
BRDA:89,12,0,0
BRDA:89,12,1,0
BRDA:89,13,0,0
BRDA:89,13,1,0
BRDA:89,14,0,0
BRDA:89,14,1,0
BRDA:90,15,0,0
BRDA:90,15,1,0
BRDA:90,16,0,0
BRDA:90,16,1,0
BRDA:90,17,0,0
BRDA:90,17,1,0
BRDA:90,18,0,0
BRDA:90,18,1,0
BRDA:90,19,0,0
BRDA:90,19,1,0
BRDA:92,20,0,0
BRDA:92,20,1,0
BRDA:116,21,0,0
BRDA:116,21,1,0
BRDA:116,22,0,0
BRDA:116,22,1,0
BRDA:116,23,0,0
BRDA:116,23,1,0
BRDA:116,24,0,0
BRDA:116,24,1,0
BRDA:116,25,0,0
BRDA:116,25,1,0
BRDA:117,26,0,0
BRDA:117,26,1,0
BRDA:117,27,0,0
BRDA:117,27,1,0
BRDA:117,28,0,0
BRDA:117,28,1,0
BRDA:117,29,0,0
BRDA:117,29,1,0
BRDA:117,30,0,0
BRDA:117,30,1,0
BRF:62
BRH:0
end_of_record
TN:
SF:lib/design-tokens.ts
FNF:0
FNH:0
DA:8,0
DA:88,0
LF:2
LH:0
BRF:0
BRH:0
end_of_record
TN:
SF:lib/financial-engine.ts
FN:41,calcPricePerSqm
FN:49,calcGrossYield
FN:57,calcNetYield
FN:66,calcCapitalAppreciation
FN:75,calcROI
FN:99,computeFullMetrics
FN:137,calcAppraisedValue
FN:153,calcPaybackPeriod
FN:160,formatEGP
FN:169,formatCompactEGP
FN:179,formatPercent
FNF:11
FNH:0
FNDA:0,calcPricePerSqm
FNDA:0,calcGrossYield
FNDA:0,calcNetYield
FNDA:0,calcCapitalAppreciation
FNDA:0,calcROI
FNDA:0,computeFullMetrics
FNDA:0,calcAppraisedValue
FNDA:0,calcPaybackPeriod
FNDA:0,formatEGP
FNDA:0,formatCompactEGP
FNDA:0,formatPercent
DA:41,0
DA:42,0
DA:43,0
DA:49,0
DA:50,0
DA:51,0
DA:57,0
DA:58,0
DA:59,0
DA:60,0
DA:66,0
DA:67,0
DA:68,0
DA:75,0
DA:83,0
DA:85,0
DA:87,0
DA:88,0
DA:89,0
DA:90,0
DA:91,0
DA:93,0
DA:99,0
DA:104,0
DA:105,0
DA:106,0
DA:109,0
DA:113,0
DA:114,0
DA:115,0
DA:116,0
DA:118,0
DA:137,0
DA:138,0
DA:143,0
DA:144,0
DA:145,0
DA:147,0
DA:153,0
DA:154,0
DA:155,0
DA:160,0
DA:161,0
DA:169,0
DA:170,0
DA:171,0
DA:173,0
DA:174,0
DA:176,0
DA:179,0
DA:180,0
LF:51
LH:0
BRDA:42,0,0,0
BRDA:50,1,0,0
BRDA:58,2,0,0
BRDA:67,3,0,0
BRDA:79,4,0,0
BRDA:80,5,0,0
BRDA:81,6,0,0
BRDA:82,7,0,0
BRDA:85,8,0,0
BRDA:104,9,0,0
BRDA:104,9,1,0
BRDA:105,10,0,0
BRDA:105,10,1,0
BRDA:109,11,0,0
BRDA:109,11,1,0
BRDA:115,12,0,0
BRDA:116,13,0,0
BRDA:143,14,0,0
BRDA:143,14,1,0
BRDA:144,15,0,0
BRDA:144,15,1,0
BRDA:154,16,0,0
BRDA:160,17,0,0
BRDA:161,18,0,0
BRDA:161,18,1,0
BRDA:163,19,0,0
BRDA:163,19,1,0
BRDA:170,20,0,0
BRDA:173,21,0,0
BRDA:180,22,0,0
BRDA:180,22,1,0
BRF:31
BRH:0
end_of_record
TN:
SF:lib/firebase-config.ts
FN:4,(anonymous_0)
FN:28,addLead
FN:38,addViewingRequest
FNF:3
FNH:0
FNDA:0,(anonymous_0)
FNDA:0,addLead
FNDA:0,addViewingRequest
DA:1,0
DA:2,0
DA:4,0
DA:28,0
DA:29,0
DA:35,0
DA:38,0
DA:39,0
DA:45,0
LF:9
LH:0
BRF:0
BRH:0
end_of_record
TN:
SF:lib/firebase.ts
FN:12,(anonymous_9)
FN:59,(anonymous_10)
FN:61,(anonymous_11)
FN:64,(anonymous_12)
FN:69,(anonymous_13)
FN:73,(anonymous_14)
FN:95,getAnalyticsInstance
FN:99,(anonymous_16)
FNF:8
FNH:0
FNDA:0,(anonymous_9)
FNDA:0,(anonymous_10)
FNDA:0,(anonymous_11)
FNDA:0,(anonymous_12)
FNDA:0,(anonymous_13)
FNDA:0,(anonymous_14)
FNDA:0,getAnalyticsInstance
FNDA:0,(anonymous_16)
DA:6,0
DA:7,0
DA:8,0
DA:9,0
DA:10,0
DA:12,0
DA:13,0
DA:14,0
DA:17,0
DA:25,0
DA:27,0
DA:28,0
DA:31,0
DA:50,0
DA:51,0
DA:53,0
DA:54,0
DA:57,0
DA:59,0
DA:60,0
DA:62,0
DA:63,0
DA:64,0
DA:69,0
DA:70,0
DA:74,0
DA:81,0
DA:83,0
DA:87,0
DA:91,0
DA:95,0
DA:96,0
DA:97,0
DA:98,0
DA:99,0
DA:100,0
DA:102,0
DA:106,0
LF:38
LH:0
BRDA:13,0,0,0
BRDA:14,1,0,0
BRDA:14,1,1,0
BRDA:18,2,0,0
BRDA:18,2,1,0
BRDA:18,2,2,0
BRDA:18,2,3,0
BRDA:18,2,4,0
BRDA:25,3,0,0
BRDA:25,3,1,0
BRDA:27,4,0,0
BRDA:27,5,0,0
BRDA:27,5,1,0
BRDA:27,5,2,0
BRDA:31,6,0,0
BRDA:31,6,1,0
BRDA:51,7,0,0
BRDA:51,7,1,0
BRDA:62,8,0,0
BRDA:63,9,0,0
BRDA:81,10,0,0
BRDA:81,10,1,0
BRDA:83,11,0,0
BRDA:83,11,1,0
BRDA:83,12,0,0
BRDA:83,12,1,0
BRDA:87,13,0,0
BRDA:87,13,1,0
BRDA:87,14,0,0
BRDA:87,14,1,0
BRDA:91,15,0,0
BRDA:91,15,1,0
BRDA:91,16,0,0
BRDA:91,16,1,0
BRDA:96,17,0,0
BRDA:97,18,0,0
BRF:36
BRH:0
end_of_record
TN:
SF:lib/gravity-warp.ts
FN:9,(anonymous_0)
FN:12,(anonymous_1)
FN:47,(anonymous_2)
FNF:3
FNH:0
FNDA:0,(anonymous_0)
FNDA:0,(anonymous_1)
FNDA:0,(anonymous_2)
DA:1,0
DA:9,0
DA:10,0
DA:12,0
DA:13,0
DA:15,0
DA:16,0
DA:18,0
DA:19,0
DA:22,0
DA:28,0
DA:36,0
DA:39,0
DA:47,0
DA:48,0
DA:51,0
DA:53,0
DA:54,0
DA:55,0
DA:56,0
DA:57,0
DA:58,0
DA:59,0
DA:60,0
DA:61,0
DA:62,0
DA:63,0
DA:65,0
LF:28
LH:0
BRDA:13,0,0,0
BRDA:16,1,0,0
BRDA:18,2,0,0
BRDA:18,2,1,0
BRDA:48,3,0,0
BRF:5
BRH:0
end_of_record
TN:
SF:lib/i18n.ts
FN:9,(anonymous_9)
FN:15,(anonymous_10)
FNF:2
FNH:0
FNDA:0,(anonymous_9)
FNDA:0,(anonymous_10)
DA:1,0
DA:2,0
DA:4,0
DA:5,0
DA:9,0
DA:10,0
DA:11,0
DA:13,0
DA:15,0
LF:9
LH:0
BRDA:11,0,0,0
BRDA:11,0,1,0
BRF:2
BRH:0
end_of_record
TN:
SF:lib/intelligence.ts
FN:50,(anonymous_0)
FN:22,(anonymous_1)
FN:23,(anonymous_2)
FN:24,(anonymous_3)
FN:25,(anonymous_4)
FN:26,(anonymous_5)
FN:35,bootstrapIntelligence
FNF:7
FNH:0
FNDA:0,(anonymous_0)
FNDA:0,(anonymous_1)
FNDA:0,(anonymous_2)
FNDA:0,(anonymous_3)
FNDA:0,(anonymous_4)
FNDA:0,(anonymous_5)
FNDA:0,bootstrapIntelligence
DA:7,0
DA:10,0
DA:21,0
DA:22,0
DA:23,0
DA:24,0
DA:25,0
DA:26,0
DA:29,0
DA:35,0
DA:36,0
DA:38,0
DA:39,0
DA:42,0
DA:43,0
DA:46,0
DA:50,0
LF:17
LH:0
BRDA:36,0,0,0
BRF:1
BRH:0
end_of_record
TN:
SF:lib/logger.ts
FNF:0
FNH:0
DA:1,17
DA:3,17
DA:5,17
LF:3
LH:3
BRDA:6,0,0,17
BRDA:6,0,1,17
BRDA:7,1,0,17
BRDA:7,1,1,17
BRF:4
BRH:4
end_of_record
TN:
SF:lib/mcp-registry.ts
FN:33,(anonymous_0)
FN:37,(anonymous_1)
FN:50,(anonymous_2)
FN:68,(anonymous_3)
FN:72,(anonymous_4)
FN:80,(anonymous_5)
FN:82,(anonymous_6)
FN:84,(anonymous_7)
FN:85,(anonymous_8)
FN:94,initializeMCPServers
FN:104,(anonymous_10)
FN:108,(anonymous_11)
FN:113,(anonymous_12)
FNF:13
FNH:0
FNDA:0,(anonymous_0)
FNDA:0,(anonymous_1)
FNDA:0,(anonymous_2)
FNDA:0,(anonymous_3)
FNDA:0,(anonymous_4)
FNDA:0,(anonymous_5)
FNDA:0,(anonymous_6)
FNDA:0,(anonymous_7)
FNDA:0,(anonymous_8)
FNDA:0,initializeMCPServers
FNDA:0,(anonymous_10)
FNDA:0,(anonymous_11)
FNDA:0,(anonymous_12)
DA:7,0
DA:8,0
DA:9,0
DA:10,0
DA:11,0
DA:34,0
DA:35,0
DA:38,0
DA:39,0
DA:42,0
DA:43,0
DA:44,0
DA:45,0
DA:47,0
DA:55,0
DA:56,0
DA:57,0
DA:60,0
DA:61,0
DA:62,0
DA:65,0
DA:69,0
DA:73,0
DA:74,0
DA:75,0
DA:77,0
DA:81,0
DA:83,0
DA:84,0
DA:85,0
DA:91,0
DA:94,0
DA:95,0
DA:97,0
DA:104,0
DA:105,0
DA:107,0
DA:108,0
DA:109,0
DA:110,0
DA:113,0
DA:122,0
DA:131,0
DA:133,0
DA:137,0
DA:139,0
LF:46
LH:0
BRDA:38,0,0,0
BRDA:56,1,0,0
BRDA:61,2,0,0
BRDA:74,3,0,0
BRDA:109,4,0,0
BRDA:109,4,1,0
BRDA:109,5,0,0
BRDA:109,5,1,0
BRF:8
BRH:0
end_of_record
TN:
SF:lib/motionTokens.ts
FNF:0
FNH:0
DA:17,0
LF:1
LH:0
BRF:0
BRH:0
end_of_record
TN:
SF:lib/prompts.ts
FNF:0
FNH:0
DA:1,0
LF:1
LH:0
BRF:0
BRH:0
end_of_record
TN:
SF:lib/property-finder-client.ts
FN:28,(anonymous_0)
FN:34,(anonymous_1)
FN:41,(anonymous_2)
FN:64,(anonymous_3)
FN:81,(anonymous_4)
FN:90,(anonymous_5)
FN:99,(anonymous_6)
FN:107,(anonymous_7)
FN:113,(anonymous_8)
FN:117,(anonymous_9)
FN:121,(anonymous_10)
FN:125,(anonymous_11)
FN:129,(anonymous_12)
FN:135,(anonymous_13)
FN:143,(anonymous_14)
FN:149,(anonymous_15)
FN:153,(anonymous_16)
FN:160,(anonymous_17)
FN:167,(anonymous_18)
FN:174,(anonymous_19)
FN:180,(anonymous_20)
FNF:21
FNH:0
FNDA:0,(anonymous_0)
FNDA:0,(anonymous_1)
FNDA:0,(anonymous_2)
FNDA:0,(anonymous_3)
FNDA:0,(anonymous_4)
FNDA:0,(anonymous_5)
FNDA:0,(anonymous_6)
FNDA:0,(anonymous_7)
FNDA:0,(anonymous_8)
FNDA:0,(anonymous_9)
FNDA:0,(anonymous_10)
FNDA:0,(anonymous_11)
FNDA:0,(anonymous_12)
FNDA:0,(anonymous_13)
FNDA:0,(anonymous_14)
FNDA:0,(anonymous_15)
FNDA:0,(anonymous_16)
FNDA:0,(anonymous_17)
FNDA:0,(anonymous_18)
FNDA:0,(anonymous_19)
FNDA:0,(anonymous_20)
DA:15,0
DA:25,0
DA:26,0
DA:29,0
DA:30,0
DA:31,0
DA:35,0
DA:36,0
DA:38,0
DA:42,0
DA:43,0
DA:44,0
DA:47,0
DA:53,0
DA:54,0
DA:55,0
DA:58,0
DA:59,0
DA:60,0
DA:61,0
DA:65,0
DA:66,0
DA:68,0
DA:78,0
DA:80,0
DA:81,0
DA:82,0
DA:85,0
DA:91,0
DA:92,0
DA:93,0
DA:100,0
DA:101,0
DA:102,0
DA:104,0
DA:109,0
DA:114,0
DA:118,0
DA:122,0
DA:126,0
DA:130,0
DA:136,0
DA:137,0
DA:144,0
DA:150,0
DA:154,0
DA:155,0
DA:161,0
DA:162,0
DA:168,0
DA:175,0
DA:181,0
DA:185,0
DA:186,0
LF:54
LH:0
BRDA:29,0,0,0
BRDA:29,0,1,0
BRDA:30,1,0,0
BRDA:30,1,1,0
BRDA:31,2,0,0
BRDA:31,2,1,0
BRDA:35,3,0,0
BRDA:43,4,0,0
BRDA:43,5,0,0
BRDA:43,5,1,0
BRDA:43,5,2,0
BRDA:53,6,0,0
BRDA:64,7,0,0
BRDA:78,8,0,0
BRDA:80,9,0,0
BRDA:82,10,0,0
BRDA:82,10,1,0
BRDA:82,10,2,0
BRDA:90,11,0,0
BRDA:92,12,0,0
BRDA:92,12,1,0
BRDA:94,13,0,0
BRDA:94,13,1,0
BRDA:95,14,0,0
BRDA:95,14,1,0
BRDA:101,15,0,0
BRDA:135,16,0,0
BRDA:137,17,0,0
BRDA:137,17,1,0
BRDA:143,18,0,0
BRDA:153,19,0,0
BRDA:155,20,0,0
BRDA:155,20,1,0
BRDA:160,21,0,0
BRDA:162,22,0,0
BRDA:162,22,1,0
BRDA:170,23,0,0
BRDA:170,23,1,0
BRF:38
BRH:0
end_of_record
TN:
SF:lib/propertyFinder-service.ts
FN:63,(anonymous_0)
FN:75,(anonymous_1)
[...]
FNDA:0,(anonymous_4)
FNDA:0,(anonymous_5)
FNDA:0,(anonymous_6)
FNDA:0,(anonymous_7)
DA:1,0
DA:2,0
DA:3,0
DA:4,0
DA:5,0
DA:6,0
DA:7,0
DA:8,0
DA:9,0
DA:10,0
DA:14,0
DA:15,0
DA:16,0
DA:17,0
DA:18,0
DA:30,0
DA:36,0
DA:38,0
DA:40,0
DA:41,0
DA:43,0
DA:44,0
DA:46,0
DA:48,0
DA:49,0
DA:51,0
DA:52,0
DA:54,0
DA:55,0
DA:56,0
DA:58,0
DA:59,0
DA:63,0
DA:64,0
DA:65,0
DA:67,0
DA:68,0
DA:72,0
DA:74,0
DA:75,0
DA:76,0
DA:77,0
DA:80,0
DA:81,0
DA:83,0
DA:84,0
DA:88,0
DA:89,0
DA:90,0
DA:92,0
DA:93,0
DA:96,0
DA:97,0
DA:100,0
DA:102,0
DA:103,0
DA:104,0
DA:107,0
DA:108,0
DA:112,0
DA:115,0
DA:116,0
DA:119,0
DA:120,0
DA:129,0
DA:130,0
DA:138,0
DA:143,0
DA:145,0
DA:154,0
DA:155,0
DA:156,0
DA:158,0
DA:159,0
DA:160,0
DA:164,0
DA:165,0
DA:175,0
DA:177,0
DA:185,0
DA:187,0
DA:199,0
LF:82
LH:0
BRDA:16,0,0,0
BRDA:16,1,0,0
BRDA:16,1,1,0
BRDA:41,2,0,0
BRDA:43,3,0,0
BRDA:43,3,1,0
BRDA:43,3,2,0
BRDA:43,4,0,0
BRDA:43,4,1,0
BRDA:43,5,0,0
BRDA:43,5,1,0
BRDA:43,6,0,0
BRDA:43,6,1,0
BRDA:43,7,0,0
BRDA:43,7,1,0
BRDA:54,8,0,0
BRDA:54,9,0,0
BRDA:54,9,1,0
BRDA:59,10,0,0
BRDA:59,10,1,0
BRDA:59,11,0,0
BRDA:59,11,1,0
BRDA:59,12,0,0
BRDA:59,12,1,0
BRDA:59,13,0,0
BRDA:59,13,1,0
BRDA:59,14,0,0
BRDA:59,14,1,0
BRDA:63,15,0,0
BRDA:68,16,0,0
BRDA:68,16,1,0
BRDA:68,17,0,0
BRDA:68,17,1,0
BRDA:68,18,0,0
BRDA:68,18,1,0
BRDA:68,19,0,0
BRDA:68,19,1,0
BRDA:68,20,0,0
BRDA:68,20,1,0
BRDA:72,21,0,0
BRDA:75,22,0,0
BRDA:75,23,0,0
BRDA:75,23,1,0
BRDA:75,24,0,0
BRDA:75,24,1,0
BRDA:75,25,0,0
BRDA:75,25,1,0
BRDA:75,26,0,0
BRDA:75,26,1,0
BRDA:75,27,0,0
BRDA:75,27,1,0
BRDA:84,28,0,0
BRDA:84,28,1,0
BRDA:84,29,0,0
BRDA:84,29,1,0
BRDA:84,30,0,0
BRDA:84,30,1,0
BRDA:84,31,0,0
BRDA:84,31,1,0
BRDA:84,32,0,0
BRDA:84,32,1,0
BRDA:88,33,0,0
BRDA:93,34,0,0
BRDA:93,34,1,0
BRDA:93,35,0,0
BRDA:93,35,1,0
BRDA:93,36,0,0
BRDA:93,36,1,0
BRDA:93,37,0,0
BRDA:93,37,1,0
BRDA:93,38,0,0
BRDA:93,38,1,0
BRDA:96,39,0,0
BRDA:104,40,0,0
BRDA:124,41,0,0
BRDA:124,41,1,0
BRDA:156,42,0,0
BRDA:158,43,0,0
BRDA:158,43,1,0
BRDA:158,44,0,0
BRDA:158,44,1,0
BRDA:159,45,0,0
BRDA:159,46,0,0
BRDA:159,46,1,0
BRDA:159,47,0,0
BRDA:159,47,1,0
BRDA:160,48,0,0
BRDA:160,48,1,0
BRDA:160,49,0,0
BRDA:160,49,1,0
BRDA:182,50,0,0
BRDA:182,50,1,0
BRDA:193,51,0,0
BRDA:193,51,1,0
BRF:94
BRH:0
end_of_record
TN:
SF:lib/services/portfolio-engine.ts
FN:55,curateConciergePortfolio
FN:67,(anonymous_1)
FN:154,generateLuxuryDescription
FN:174,generateSierraNoteFromTemplate
FN:175,(anonymous_4)
FN:202,buildPortfolioMessage
FN:210,(anonymous_6)
FN:232,sendPortfolioViaWhatsApp
FN:246,trackPortfolioEngagement
FNF:9
FNH:0
FNDA:0,curateConciergePortfolio
FNDA:0,(anonymous_1)
FNDA:0,generateLuxuryDescription
FNDA:0,generateSierraNoteFromTemplate
FNDA:0,(anonymous_4)
FNDA:0,buildPortfolioMessage
FNDA:0,(anonymous_6)
FNDA:0,sendPortfolioViaWhatsApp
FNDA:0,trackPortfolioEngagement
DA:7,0
DA:8,0
DA:17,0
DA:18,0
DA:19,0
DA:55,0
DA:57,0
DA:58,0
DA:59,0
DA:61,0
DA:62,0
DA:66,0
DA:67,0
DA:71,0
DA:72,0
DA:73,0
DA:75,0
DA:76,0
DA:77,0
DA:79,0
DA:80,0
DA:81,0
DA:83,0
DA:99,0
DA:100,0
DA:104,0
DA:105,0
DA:107,0
DA:108,0
DA:112,0
DA:113,0
DA:114,0
DA:115,0
DA:116,0
DA:119,0
DA:132,0
DA:137,0
DA:155,0
DA:167,0
DA:168,0
DA:175,0
DA:177,0
DA:193,0
DA:194,0
DA:202,0
DA:203,0
DA:210,0
DA:232,0
DA:237,0
DA:246,0
DA:250,0
LF:51
LH:0
BRDA:58,0,0,0
BRDA:61,1,0,0
BRDA:61,2,0,0
BRDA:61,2,1,0
BRDA:61,3,0,0
BRDA:61,3,1,0
BRDA:61,4,0,0
BRDA:61,4,1,0
BRDA:77,5,0,0
BRDA:84,6,0,0
BRDA:84,6,1,0
BRDA:84,7,0,0
BRDA:84,7,1,0
BRDA:90,8,0,0
BRDA:90,8,1,0
BRDA:90,9,0,0
BRDA:90,9,1,0
BRDA:104,10,0,0
BRDA:107,11,0,0
BRDA:115,12,0,0
BRDA:115,12,1,0
BRDA:162,13,0,0
BRDA:162,13,1,0
BRDA:162,14,0,0
BRDA:162,14,1,0
BRDA:163,15,0,0
BRDA:163,15,1,0
BRDA:163,16,0,0
BRDA:163,16,1,0
BRDA:182,17,0,0
BRDA:182,17,1,0
BRF:31
BRH:0
end_of_record
TN:
SF:lib/services/profiling-service.ts
FN:22,extractProfileFromChat
FN:77,calculateSierraScore
FN:102,(anonymous_11)
FN:117,getNextInterviewQuestion
FN:135,extractFeedbackAndSentiment
FN:177,conductPrecisionInterview
FN:181,(anonymous_15)
FN:182,(anonymous_16)
FN:184,(anonymous_17)
FNF:9
FNH:0
FNDA:0,extractProfileFromChat
FNDA:0,calculateSierraScore
FNDA:0,(anonymous_11)
FNDA:0,getNextInterviewQuestion
FNDA:0,extractFeedbackAndSentiment
FNDA:0,conductPrecisionInterview
FNDA:0,(anonymous_15)
FNDA:0,(anonymous_16)
FNDA:0,(anonymous_17)
DA:6,0
DA:22,0
DA:23,0
DA:42,0
DA:43,0
DA:52,0
DA:53,0
DA:54,0
DA:56,0
DA:59,0
DA:60,0
DA:62,0
DA:64,0
DA:65,0
DA:77,0
DA:78,0
DA:82,0
DA:83,0
DA:84,0
DA:88,0
DA:91,0
DA:92,0
DA:93,0
DA:94,0
DA:99,0
DA:102,0
DA:103,0
DA:106,0
DA:107,0
DA:110,0
DA:117,0
DA:119,0
DA:120,0
DA:123,0
DA:124,0
DA:125,0
DA:126,0
DA:128,0
DA:135,0
DA:136,0
DA:153,0
DA:154,0
DA:163,0
DA:164,0
DA:165,0
DA:166,0
DA:168,0
DA:169,0
DA:177,0
DA:178,0
DA:181,0
DA:182,0
DA:184,0
DA:185,0
DA:186,0
DA:203,0
DA:204,0
DA:207,0
LF:58
LH:0
BRDA:54,0,0,0
BRDA:82,1,0,0
BRDA:82,1,1,0
BRDA:82,2,0,0
BRDA:82,2,1,0
BRDA:83,3,0,0
BRDA:83,3,1,0
BRDA:83,4,0,0
BRDA:83,4,1,0
BRDA:84,5,0,0
BRDA:84,6,0,0
BRDA:84,6,1,0
BRDA:91,7,0,0
BRDA:91,7,1,0
BRDA:91,8,0,0
BRDA:91,8,1,0
BRDA:93,9,0,0
BRDA:102,10,0,0
BRDA:102,10,1,0
BRDA:103,11,0,0
BRDA:103,11,1,0
BRDA:103,12,0,0
BRDA:103,12,1,0
BRDA:106,13,0,0
BRDA:119,14,0,0
BRDA:119,15,0,0
BRDA:119,15,1,0
BRDA:119,15,2,0
BRDA:123,16,0,0
BRDA:124,17,0,0
BRDA:125,18,0,0
BRDA:126,19,0,0
BRDA:165,20,0,0
BRDA:197,21,0,0
BRDA:197,21,1,0
BRDA:197,22,0,0
BRDA:197,22,1,0
BRDA:203,23,0,0
BRDA:203,24,0,0
BRDA:203,24,1,0
BRF:40
BRH:0
end_of_record
TN:
SF:lib/services/roi-service.ts
FN:32,analyzeAssetFinancials
FN:76,generateValuationReasoning
FNF:2
FNH:0
FNDA:0,analyzeAssetFinancials
FNDA:0,generateValuationReasoning
DA:7,0
DA:8,0
DA:18,0
DA:32,0
DA:33,0
DA:36,0
DA:37,0
DA:40,0
DA:41,0
DA:44,0
DA:45,0
DA:47,0
DA:48,0
DA:49,0
DA:50,0
DA:53,0
DA:57,0
DA:58,0
DA:59,0
DA:61,0
DA:64,0
DA:66,0
DA:77,0
DA:90,0
DA:91,0
DA:100,0
DA:102,0
LF:27
LH:0
BRDA:33,0,0,0
BRDA:33,0,1,0
BRDA:33,1,0,0
BRDA:33,1,1,0
BRDA:36,2,0,0
BRDA:36,2,1,0
BRDA:36,3,0,0
BRDA:36,3,1,0
BRDA:36,4,0,0
BRDA:36,4,1,0
BRDA:37,5,0,0
BRDA:37,5,1,0
BRDA:37,6,0,0
BRDA:37,6,1,0
BRDA:37,7,0,0
BRDA:37,7,1,0
BRDA:41,8,0,0
BRDA:41,8,1,0
BRDA:45,9,0,0
BRDA:45,9,1,0
BRDA:45,10,0,0
BRDA:45,10,1,0
BRDA:45,11,0,0
BRDA:45,11,1,0
BRDA:47,12,0,0
BRDA:48,13,0,0
BRDA:49,14,0,0
BRDA:50,15,0,0
BRDA:57,16,0,0
BRDA:57,16,1,0
BRDA:58,17,0,0
BRDA:58,18,0,0
BRDA:58,18,1,0
BRDA:58,19,0,0
BRDA:58,19,1,0
BRDA:59,20,0,0
BRDA:100,21,0,0
BRDA:100,21,1,0
BRF:38
BRH:0
end_of_record
TN:
SF:lib/services/sales-engine.ts
FN:24,generateOptionsPackage
FN:74,(anonymous_1)
FN:94,(anonymous_2)
FN:106,generateConciergeSelection
FN:134,generateAIPackageSummary
FN:143,(anonymous_5)
FN:167,triggerIncentive
FNF:7
FNH:0
FNDA:0,generateOptionsPackage
FNDA:0,(anonymous_1)
FNDA:0,(anonymous_2)
FNDA:0,generateConciergeSelection
FNDA:0,generateAIPackageSummary
FNDA:0,(anonymous_5)
FNDA:0,triggerIncentive
DA:6,0
DA:7,0
DA:16,0
DA:17,0
DA:18,0
DA:19,0
DA:24,0
DA:26,0
DA:27,0
DA:28,0
DA:30,0
DA:31,0
DA:35,0
DA:36,0
DA:37,0
DA:39,0
DA:40,0
DA:41,0
DA:42,0
DA:43,0
DA:45,0
DA:57,0
DA:58,0
DA:62,0
DA:63,0
DA:66,0
DA:69,0
DA:71,0
DA:74,0
DA:87,0
DA:90,0
DA:91,0
DA:94,0
DA:95,0
DA:96,0
DA:99,0
DA:106,0
DA:107,0
DA:108,0
DA:109,0
DA:112,0
DA:113,0
DA:117,0
DA:118,0
DA:121,0
DA:128,0
DA:135,0
DA:143,0
DA:147,0
DA:148,0
DA:157,0
DA:159,0
DA:160,0
DA:168,0
DA:170,0
DA:182,0
DA:185,0
LF:57
LH:0
BRDA:27,0,0,0
BRDA:30,1,0,0
BRDA:30,2,0,0
BRDA:30,2,1,0
BRDA:30,3,0,0
BRDA:30,3,1,0
BRDA:30,4,0,0
BRDA:30,4,1,0
BRDA:41,5,0,0
BRDA:62,6,0,0
BRDA:62,6,1,0
BRDA:63,7,0,0
BRDA:63,7,1,0
BRDA:69,8,0,0
BRDA:69,8,1,0
BRDA:95,9,0,0
BRDA:108,10,0,0
BRDA:112,11,0,0
BRDA:112,12,0,0
BRDA:112,12,1,0
BRDA:112,13,0,0
BRDA:112,13,1,0
BRDA:112,14,0,0
BRDA:112,14,1,0
BRDA:117,15,0,0
BRDA:117,15,1,0
BRDA:142,16,0,0
BRDA:142,16,1,0
BRDA:142,17,0,0
BRDA:142,17,1,0
BRDA:142,18,0,0
BRDA:142,18,1,0
BRDA:157,19,0,0
BRDA:157,19,1,0
BRF:34
BRH:0
end_of_record
TN:
SF:lib/services/sheets-sync.ts
FN:10,(anonymous_0)
FNF:1
FNH:0
FNDA:0,(anonymous_0)
DA:1,0
DA:6,0
DA:11,0
DA:13,0
DA:14,0
DA:19,0
DA:20,0
DA:22,0
DA:23,0
DA:26,0
DA:28,0
DA:35,0
DA:40,0
DA:41,0
LF:14
LH:0
BRDA:22,0,0,0
BRF:1
BRH:0
end_of_record
TN:
SF:lib/services/skill-loader.ts
FN:28,(anonymous_0)
FN:32,(anonymous_1)
FN:47,(anonymous_2)
FN:84,(anonymous_3)
FN:92,(anonymous_4)
FN:110,(anonymous_5)
FN:143,(anonymous_6)
FN:174,(anonymous_7)
FN:201,(anonymous_8)
FN:240,(anonymous_9)
FN:271,(anonymous_10)
FN:275,(anonymous_11)
FN:276,(anonymous_12)
FN:279,(anonymous_13)
FNF:14
FNH:0
FNDA:0,(anonymous_0)
FNDA:0,(anonymous_1)
FNDA:0,(anonymous_2)
FNDA:0,(anonymous_3)
FNDA:0,(anonymous_4)
FNDA:0,(anonymous_5)
FNDA:0,(anonymous_6)
FNDA:0,(anonymous_7)
FNDA:0,(anonymous_8)
FNDA:0,(anonymous_9)
FNDA:0,(anonymous_10)
FNDA:0,(anonymous_11)
FNDA:0,(anonymous_12)
FNDA:0,(anonymous_13)
DA:6,0
DA:7,0
DA:8,0
DA:26,0
DA:29,0
DA:35,0
DA:48,0
DA:49,0
DA:53,0
DA:54,0
DA:55,0
DA:64,0
DA:70,0
DA:85,0
DA:86,0
DA:87,0
DA:88,0
DA:89,0
DA:90,0
DA:91,0
DA:92,0
DA:93,0
DA:94,0
DA:96,0
DA:98,0
DA:104,0
DA:111,0
DA:112,0
DA:117,0
DA:124,0
DA:130,0
DA:144,0
DA:145,0
DA:146,0
DA:147,0
DA:152,0
DA:153,0
DA:155,0
DA:161,0
DA:175,0
DA:176,0
DA:181,0
DA:183,0
DA:189,0
DA:202,0
DA:203,0
DA:204,0
DA:205,0
DA:206,0
DA:207,0
DA:208,0
DA:209,0
DA:210,0
DA:211,0
DA:221,0
DA:227,0
DA:241,0
DA:242,0
DA:243,0
DA:244,0
DA:245,0
DA:247,0
DA:260,0
DA:261,0
DA:265,0
DA:272,0
DA:276,0
DA:280,0
DA:281,0
DA:282,0
DA:286,0
LF:71
LH:0
BRDA:53,0,0,0
BRDA:57,1,0,0
BRDA:57,1,1,0
BRDA:58,2,0,0
BRDA:58,2,1,0
BRDA:58,3,0,0
BRDA:58,3,1,0
BRDA:59,4,0,0
BRDA:59,4,1,0
BRDA:59,5,0,0
BRDA:59,5,1,0
BRDA:59,6,0,0
BRDA:59,6,1,0
BRDA:59,7,0,0
BRDA:59,7,1,0
BRDA:59,8,0,0
BRDA:59,8,1,0
BRDA:60,9,0,0
BRDA:60,9,1,0
BRDA:60,10,0,0
BRDA:60,10,1,0
BRDA:60,11,0,0
BRDA:60,11,1,0
BRDA:61,12,0,0
BRDA:61,12,1,0
BRDA:61,13,0,0
BRDA:61,13,1,0
BRDA:61,14,0,0
BRDA:61,14,1,0
BRDA:61,15,0,0
BRDA:61,15,1,0
BRDA:61,16,0,0
BRDA:61,16,1,0
BRDA:87,17,0,0
BRDA:88,18,0,0
BRDA:90,19,0,0
BRDA:94,20,0,0
BRDA:94,20,1,0
BRDA:94,21,0,0
BRDA:94,21,1,0
BRDA:94,22,0,0
BRDA:94,22,1,0
BRDA:94,23,0,0
BRDA:94,23,1,0
BRDA:94,24,0,0
BRDA:94,24,1,0
BRDA:146,25,0,0
BRDA:153,26,0,0
BRDA:153,26,1,0
BRDA:204,27,0,0
BRDA:206,28,0,0
BRDA:206,28,1,0
BRDA:207,29,0,0
BRDA:207,29,1,0
BRDA:208,30,0,0
BRDA:208,30,1,0
BRDA:212,31,0,0
BRDA:212,31,1,0
BRDA:217,32,0,0
BRDA:217,32,1,0
BRDA:217,33,0,0
BRDA:217,33,1,0
BRDA:217,34,0,0
BRDA:217,34,1,0
BRDA:218,35,0,0
BRDA:218,35,1,0
BRDA:218,36,0,0
BRDA:218,36,1,0
BRDA:218,37,0,0
BRDA:218,37,1,0
BRDA:244,38,0,0
BRDA:244,39,0,0
BRDA:244,39,1,0
BRDA:261,40,0,0
BRDA:261,40,1,0
BRDA:261,41,0,0
BRDA:261,41,1,0
BRDA:261,42,0,0
BRDA:261,42,1,0
BRDA:261,43,0,0
BRDA:261,43,1,0
BRDA:261,44,0,0
BRDA:261,44,1,0
BRDA:263,45,0,0
BRDA:263,45,1,0
BRDA:281,46,0,0
BRF:86
BRH:0
end_of_record
TN:
SF:lib/services/sync-engine.ts
FN:65,calculateMatchConfidence
FN:126,getProtectedFields
FN:135,mergeWithProtection
FN:168,addToDedupeQueue
FN:180,getPendingDedupeItems
FN:186,(anonymous_5)
FN:192,resolveDedupeItem
FN:247,normalizePFData
FN:263,(anonymous_8)
FN:277,syncBatch
FNF:10
FNH:0
FNDA:0,calculateMatchConfidence
FNDA:0,getProtectedFields
FNDA:0,mergeWithProtection
FNDA:0,addToDedupeQueue
FNDA:0,getPendingDedupeItems
FNDA:0,(anonymous_5)
FNDA:0,resolveDedupeItem
FNDA:0,normalizePFData
FNDA:0,(anonymous_8)
FNDA:0,syncBatch
DA:9,0
DA:10,0
DA:51,0
DA:52,0
DA:53,0
DA:65,0
DA:69,0
DA:70,0
DA:73,0
DA:74,0
DA:75,0
DA:79,0
DA:80,0
DA:81,0
DA:82,0
DA:83,0
DA:84,0
DA:85,0
DA:86,0
DA:91,0
DA:92,0
DA:93,0
DA:94,0
DA:95,0
DA:96,0
DA:97,0
DA:101,0
DA:102,0
DA:103,0
DA:104,0
DA:105,0
DA:109,0
DA:110,0
DA:111,0
DA:112,0
DA:113,0
DA:114,0
DA:117,0
DA:126,0
DA:127,0
DA:128,0
DA:135,0
DA:140,0
DA:141,0
DA:143,0
DA:144,0
DA:146,0
DA:148,0
DA:149,0
DA:151,0
DA:154,0
DA:157,0
DA:158,0
DA:160,0
DA:168,0
DA:169,0
DA:174,0
DA:180,0
DA:181,0
DA:185,0
DA:186,0
DA:192,0
DA:198,0
DA:199,0
DA:201,0
DA:202,0
DA:205,0
DA:207,0
DA:209,0
DA:210,0
DA:212,0
DA:213,0
DA:214,0
DA:215,0
DA:216,0
DA:221,0
DA:223,0
DA:232,0
DA:247,0
DA:248,0
DA:263,0
DA:268,0
DA:277,0
DA:280,0
DA:289,0
DA:290,0
DA:291,0
DA:292,0
DA:293,0
DA:294,0
DA:297,0
DA:301,0
DA:303,0
DA:305,0
DA:306,0
DA:307,0
DA:308,0
DA:310,0
DA:312,0
DA:321,0
DA:324,0
DA:325,0
DA:327,0
DA:331,0
DA:332,0
DA:334,0
DA:335,0
DA:336,0
DA:337,0
DA:341,0
DA:343,0
DA:344,0
DA:345,0
DA:346,0
DA:347,0
DA:349,0
DA:357,0
DA:360,0
DA:366,0
DA:369,0
DA:374,0
DA:379,0
LF:122
LH:0
BRDA:74,0,0,0
BRDA:74,1,0,0
BRDA:74,1,1,0
BRDA:80,2,0,0
BRDA:80,2,1,0
BRDA:81,3,0,0
BRDA:81,3,1,0
BRDA:82,4,0,0
BRDA:82,5,0,0
BRDA:82,5,1,0
BRDA:83,6,0,0
BRDA:83,6,1,0
BRDA:85,7,0,0
BRDA:85,8,0,0
BRDA:85,8,1,0
BRDA:92,9,0,0
BRDA:92,9,1,0
BRDA:93,10,0,0
BRDA:93,10,1,0
BRDA:94,11,0,0
BRDA:94,12,0,0
BRDA:94,12,1,0
BRDA:96,13,0,0
BRDA:96,13,1,0
BRDA:97,14,0,0
BRDA:102,15,0,0
BRDA:102,15,1,0
BRDA:102,15,2,0
BRDA:103,16,0,0
BRDA:103,16,1,0
BRDA:103,16,2,0
BRDA:104,17,0,0
BRDA:104,18,0,0
BRDA:104,18,1,0
BRDA:104,18,2,0
BRDA:110,19,0,0
BRDA:110,19,1,0
BRDA:111,20,0,0
BRDA:111,20,1,0
BRDA:112,21,0,0
BRDA:112,22,0,0
BRDA:112,22,1,0
BRDA:114,23,0,0
BRDA:117,24,0,0
BRDA:117,24,1,0
BRDA:128,25,0,0
BRDA:128,25,1,0
BRDA:144,26,0,0
BRDA:144,27,0,0
BRDA:144,27,1,0
BRDA:144,27,2,0
BRDA:146,28,0,0
BRDA:148,29,0,0
BRDA:201,30,0,0
BRDA:207,31,0,0
BRDA:207,31,1,0
BRDA:207,32,0,0
BRDA:207,32,1,0
BRDA:212,33,0,0
BRDA:221,34,0,0
BRDA:233,35,0,0
BRDA:233,35,1,0
BRDA:234,36,0,0
BRDA:234,36,1,0
BRDA:234,36,2,0
BRDA:249,37,0,0
BRDA:249,37,1,0
BRDA:249,37,2,0
BRDA:250,38,0,0
BRDA:250,38,1,0
BRDA:251,39,0,0
BRDA:251,39,1,0
BRDA:252,40,0,0
BRDA:252,40,1,0
BRDA:253,41,0,0
BRDA:253,41,1,0
BRDA:254,42,0,0
BRDA:254,42,1,0
BRDA:255,43,0,0
BRDA:255,43,1,0
BRDA:255,44,0,0
BRDA:255,44,1,0
BRDA:256,45,0,0
BRDA:256,45,1,0
BRDA:257,46,0,0
BRDA:257,46,1,0
BRDA:257,46,2,0
BRDA:258,47,0,0
BRDA:258,47,1,0
BRDA:259,48,0,0
BRDA:259,48,1,0
BRDA:260,49,0,0
BRDA:260,49,1,0
BRDA:260,50,0,0
BRDA:260,50,1,0
BRDA:261,51,0,0
BRDA:261,51,1,0
BRDA:261,52,0,0
BRDA:261,52,1,0
BRDA:262,53,0,0
BRDA:262,53,1,0
BRDA:263,54,0,0
BRDA:263,54,1,0
BRDA:263,55,0,0
BRDA:263,55,1,0
BRDA:264,56,0,0
BRDA:264,56,1,0
BRDA:265,57,0,0
BRDA:265,57,1,0
BRDA:265,57,2,0
BRDA:303,58,0,0
BRDA:310,59,0,0
BRDA:310,59,1,0
BRDA:336,60,0,0
BRDA:336,61,0,0
BRDA:336,61,1,0
BRDA:341,62,0,0
BRDA:341,62,1,0
BRDA:341,63,0,0
BRDA:341,63,1,0
BRDA:347,64,0,0
BRDA:347,64,1,0
BRDA:347,65,0,0
BRDA:347,65,1,0
BRF:124
BRH:0
end_of_record
TN:
SF:lib/services/telegram-alert-service.ts
FN:14,(anonymous_1)
FN:59,(anonymous_2)
FNF:2
FNH:0
FNDA:0,(anonymous_1)
FNDA:0,(anonymous_2)
DA:1,0
DA:7,0
DA:8,0
DA:9,0
DA:22,0
DA:23,0
DA:24,0
DA:27,0
DA:28,0
DA:42,0
DA:43,0
DA:49,0
DA:51,0
DA:52,0
DA:60,0
DA:61,0
DA:62,0
DA:67,0
DA:69,0
LF:19
LH:0
BRDA:22,0,0,0
BRDA:22,1,0,0
BRDA:22,1,1,0
BRDA:27,2,0,0
BRDA:27,2,1,0
BRF:5
BRH:0
end_of_record
TN:
SF:lib/services/telegram-controller.ts
FN:21,sendTelegramMessage
FN:45,handleTelegramCommand
FN:62,cmdMaintenance
FN:72,cmdScore
FN:92,cmdMatches
FN:106,(anonymous_5)
FN:107,(anonymous_6)
FN:107,(anonymous_7)
FN:114,(anonymous_8)
FN:115,(anonymous_9)
FN:122,cmdApprove
FNF:11
FNH:0
FNDA:0,sendTelegramMessage
FNDA:0,handleTelegramCommand
FNDA:0,cmdMaintenance
FNDA:0,cmdScore
FNDA:0,cmdMatches
FNDA:0,(anonymous_5)
FNDA:0,(anonymous_6)
FNDA:0,(anonymous_7)
FNDA:0,(anonymous_8)
FNDA:0,(anonymous_9)
FNDA:0,cmdApprove
DA:6,0
DA:7,0
DA:8,0
DA:9,0
DA:10,0
DA:12,0
DA:13,0
DA:15,0
DA:16,0
DA:21,0
DA:22,0
DA:24,0
DA:25,0
DA:27,0
DA:28,0
DA:38,0
DA:45,0
DA:46,0
DA:48,0
DA:50,0
DA:52,0
DA:54,0
DA:56,0
DA:58,0
DA:63,0
DA:64,0
DA:65,0
DA:66,0
DA:68,0
DA:73,0
DA:75,0
DA:76,0
DA:78,0
DA:79,0
DA:80,0
DA:82,0
DA:89,0
DA:93,0
DA:96,0
DA:104,0
DA:105,0
DA:106,0
DA:107,0
DA:109,0
DA:110,0
DA:113,0
DA:114,0
DA:115,0
DA:116,0
DA:119,0
DA:123,0
DA:125,0
DA:126,0
DA:127,0
DA:130,0
DA:133,0
DA:137,0
DA:139,0
LF:58
LH:0
BRDA:22,0,0,0
BRDA:24,1,0,0
BRDA:24,1,1,0
BRDA:25,2,0,0
BRDA:46,3,0,0
BRDA:46,3,1,0
BRDA:46,3,2,0
BRDA:46,3,3,0
BRDA:46,3,4,0
BRDA:46,3,5,0
BRDA:73,4,0,0
BRDA:76,5,0,0
BRDA:84,6,0,0
BRDA:84,6,1,0
BRDA:84,7,0,0
BRDA:84,7,1,0
BRDA:84,8,0,0
BRDA:84,8,1,0
BRDA:93,9,0,0
BRDA:107,10,0,0
BRDA:107,10,1,0
BRDA:107,11,0,0
BRDA:107,11,1,0
BRDA:107,12,0,0
BRDA:107,12,1,0
BRDA:107,13,0,0
BRDA:107,13,1,0
BRDA:109,14,0,0
BRDA:115,15,0,0
BRDA:115,15,1,0
BRDA:115,16,0,0
BRDA:115,16,1,0
BRDA:115,17,0,0
BRDA:115,17,1,0
BRDA:115,18,0,0
BRDA:115,18,1,0
BRDA:116,19,0,0
BRDA:116,19,1,0
BRDA:116,20,0,0
BRDA:116,20,1,0
BRDA:123,21,0,0
BRDA:127,22,0,0
BRF:42
BRH:0
end_of_record
TN:
SF:lib/services/vector-service.ts
FN:15,generateEmbedding
FN:34,createSemanticString
FN:37,(anonymous_2)
FN:38,(anonymous_3)
FNF:4
FNH:0
FNDA:0,generateEmbedding
FNDA:0,createSemanticString
FNDA:0,(anonymous_2)
FNDA:0,(anonymous_3)
DA:6,0
DA:8,0
DA:9,0
DA:15,0
DA:16,0
DA:17,0
DA:18,0
DA:21,0
DA:22,0
DA:23,0
DA:24,0
DA:26,0
DA:27,0
DA:34,0
DA:36,0
DA:37,0
DA:38,0
LF:17
LH:0
BRDA:8,0,0,0
BRDA:8,0,1,0
BRDA:16,1,0,0
BRDA:37,2,0,0
BRDA:37,2,1,0
BRDA:37,2,2,0
BRF:6
BRH:0
end_of_record
TN:
SF:lib/services/viewing-engine.ts
FN:14,scheduleViewing
FN:50,completeViewing
FNF:2
FNH:0
FNDA:0,scheduleViewing
FNDA:0,completeViewing
DA:6,0
DA:7,0
DA:8,0
DA:9,0
DA:14,0
DA:20,0
DA:31,0
DA:34,0
DA:40,0
DA:44,0
DA:50,0
DA:51,0
DA:52,0
DA:54,0
DA:55,0
DA:57,0
DA:64,0
DA:68,0
LF:18
LH:0
BRDA:54,0,0,0
BRDA:59,1,0,0
BRDA:59,1,1,0
BRF:3
BRH:0
end_of_record
TN:
SF:lib/services/voice-service.ts
FN:16,(anonymous_0)
FNF:1
FNH:0
FNDA:0,(anonymous_0)
DA:1,0
DA:2,0
DA:9,0
DA:10,0
DA:11,0
DA:17,0
DA:18,0
DA:19,0
DA:22,0
DA:23,0
DA:25,0
DA:45,0
DA:46,0
DA:51,0
DA:53,0
DA:61,0
DA:64,0
DA:65,0
LF:18
LH:0
BRDA:17,0,0,0
BRDA:45,1,0,0
BRDA:11,2,0,0
BRDA:11,2,1,0
BRF:4
BRH:0
end_of_record
TN:
SF:lib/types/result.ts
FN:12,(anonymous_0)
FN:14,(anonymous_1)
FN:18,(anonymous_2)
FN:24,(anonymous_3)
FN:26,(anonymous_4)
FN:30,(anonymous_5)
FN:36,ok
FN:40,err
FN:45,map
FN:52,flatMap
FN:60,tryCatch
FN:71,match
FNF:12
FNH:0
FNDA:0,(anonymous_0)
FNDA:0,(anonymous_1)
FNDA:0,(anonymous_2)
FNDA:0,(anonymous_3)
FNDA:0,(anonymous_4)
FNDA:0,(anonymous_5)
FNDA:0,ok
FNDA:0,err
FNDA:0,map
FNDA:0,flatMap
FNDA:0,tryCatch
FNDA:0,match
DA:11,0
DA:12,0
DA:15,0
DA:19,0
DA:23,0
DA:24,0
DA:27,0
DA:31,0
DA:36,0
DA:37,0
DA:40,0
DA:41,0
DA:45,0
DA:49,0
DA:52,0
DA:56,0
DA:60,0
DA:63,0
DA:64,0
DA:66,0
DA:71,0
DA:78,0
LF:22
LH:0
BRDA:49,0,0,0
BRDA:49,0,1,0
BRDA:56,1,0,0
BRDA:56,1,1,0
BRDA:66,2,0,0
BRDA:66,2,1,0
BRDA:78,3,0,0
BRDA:78,3,1,0
BRF:8
BRH:0
end_of_record
TN:
SF:lib/validation/matching-engine.test.ts
FN:163,runMatchingValidationSuite
FN:196,(anonymous_1)
FN:237,generateSBRCode
FNF:3
FNH:0
FNDA:0,runMatchingValidationSuite
FNDA:0,(anonymous_1)
FNDA:0,generateSBRCode
DA:8,0
DA:9,0
DA:10,0
DA:16,0
DA:72,0
DA:163,0
DA:164,0
DA:166,0
DA:167,0
DA:169,0
DA:171,0
DA:172,0
DA:173,0
DA:179,0
DA:181,0
DA:184,0
DA:185,0
DA:186,0
DA:191,0
DA:193,0
DA:194,0
DA:195,0
DA:196,0
DA:199,0
DA:200,0
DA:201,0
DA:202,0
DA:204,0
DA:209,0
DA:210,0
DA:211,0
DA:212,0
DA:213,0
DA:214,0
DA:216,0
DA:218,0
DA:221,0
DA:223,0
DA:224,0
DA:226,0
DA:227,0
DA:230,0
DA:238,0
DA:246,0
DA:247,0
DA:251,0
LF:46
LH:0
BRDA:195,0,0,0
BRDA:195,0,1,0
BRDA:246,1,0,0
BRDA:246,1,1,0
BRDA:246,2,0,0
BRDA:246,2,1,0
BRDA:247,3,0,0
BRDA:247,3,1,0
BRF:8
BRH:0
end_of_record
TN:
SF:lib/validation/roi-projections.test.ts
FN:134,(anonymous_0)
FN:19,validateROIProjections
FN:31,(anonymous_2)
FN:120,(anonymous_3)
FNF:4
FNH:0
FNDA:0,(anonymous_0)
FNDA:0,validateROIProjections
FNDA:0,(anonymous_2)
FNDA:0,(anonymous_3)
DA:11,0
DA:12,0
DA:13,0
DA:19,0
DA:20,0
DA:22,0
DA:24,0
DA:30,0
DA:31,0
DA:33,0
DA:34,0
DA:35,0
DA:38,0
DA:40,0
DA:51,0
DA:52,0
DA:54,0
DA:55,0
DA:57,0
DA:65,0
DA:66,0
DA:68,0
DA:69,0
DA:71,0
DA:72,0
DA:75,0
DA:76,0
DA:79,0
DA:80,0
DA:90,0
DA:91,0
DA:92,0
DA:93,0
DA:97,0
DA:98,0
DA:99,0
DA:100,0
DA:102,0
DA:103,0
DA:104,0
DA:106,0
DA:107,0
DA:108,0
DA:111,0
DA:112,0
DA:113,0
DA:115,0
DA:116,0
DA:119,0
DA:120,0
DA:121,0
DA:122,0
DA:124,0
DA:128,0
DA:130,0
DA:134,0
LF:56
LH:0
BRDA:33,0,0,0
BRDA:75,1,0,0
BRDA:83,2,0,0
BRDA:83,2,1,0
BRDA:91,3,0,0
BRDA:112,4,0,0
BRDA:112,4,1,0
BRDA:113,5,0,0
BRDA:113,5,1,0
BRDA:115,6,0,0
BRDA:115,6,1,0
BRDA:116,7,0,0
BRDA:116,7,1,0
BRDA:121,8,0,0
BRDA:121,8,1,0
BRF:15
BRH:0
end_of_record
